[ 2017-05-22T17:18:59+08:00 ] 127.0.0.1 /xiaowu/index.php/Compose/cart?id=6&num=0&nums=0
INFO: [ app_init ] --START--
INFO: Run Behavior\BuildLiteBehavior [ RunTime:0.000010s ]
INFO: [ app_init ] --END-- [ RunTime:0.000298s ]
INFO: [ app_begin ] --START--
INFO: Run Behavior\ReadHtmlCacheBehavior [ RunTime:0.000624s ]
INFO: [ app_begin ] --END-- [ RunTime:0.000661s ]
SQL: SHOW COLUMNS FROM `book` [ RunTime:0.003541s ]
SQL: SELECT * FROM `book` WHERE ( id=6 ) LIMIT 1   [ RunTime:0.000205s ]
SQL: SHOW COLUMNS FROM `cart` [ RunTime:0.003005s ]
SQL: SELECT * FROM `cart` WHERE ( uid='6' ) LIMIT 1   [ RunTime:0.000278s ]
SQL: 	update cart set num='0' where uid=6 [ RunTime:0.069114s ]
SQL: DELETE FROM `cart` WHERE ( uid=6 ) [ RunTime:0.054142s ]
SQL: SELECT * FROM `cart`  [ RunTime:0.000241s ]
NOTIC: [2] Invalid argument supplied for foreach() D:\www\xiaowu\application\Home\Controller\ComposeController.class.php 第 76 行.
INFO: [ app_end ] --START--
INFO: Run Behavior\ShowPageTraceBehavior [ RunTime:0.000777s ]
INFO: [ app_end ] --END-- [ RunTime:0.000810s ]

[ 2017-05-22T17:22:08+08:00 ] 127.0.0.1 /xiaowu/index.php/Compose/cart?id=6&num=1
INFO: [ app_init ] --START--
INFO: Run Behavior\BuildLiteBehavior [ RunTime:0.000014s ]
INFO: [ app_init ] --END-- [ RunTime:0.000405s ]
INFO: [ app_begin ] --START--
INFO: Run Behavior\ReadHtmlCacheBehavior [ RunTime:0.000690s ]
INFO: [ app_begin ] --END-- [ RunTime:0.000733s ]
NOTIC: [8] Undefined index: nums D:\www\xiaowu\application\Home\Controller\ComposeController.class.php 第 56 行.
SQL: SHOW COLUMNS FROM `book` [ RunTime:0.003332s ]
SQL: SELECT * FROM `book` WHERE ( id=6 ) LIMIT 1   [ RunTime:0.000195s ]
SQL: SHOW COLUMNS FROM `cart` [ RunTime:0.003875s ]
SQL: SELECT * FROM `cart` WHERE ( uid='6' ) LIMIT 1   [ RunTime:0.000229s ]
SQL: insert cart (uid,name,num,ip,userid) value ('6','喝点水','1','127.0.0.1','2') [ RunTime:0.057100s ]
SQL: SELECT * FROM `cart`  [ RunTime:0.000507s ]
NOTIC: [8] Use of undefined constant name - assumed 'name' D:\www\xiaowu\application\Home\Controller\ComposeController.class.php 第 79 行.
NOTIC: [8] Use of undefined constant uid - assumed 'uid' D:\www\xiaowu\application\Home\Controller\ComposeController.class.php 第 81 行.
NOTIC: [8] Use of undefined constant uid - assumed 'uid' D:\www\xiaowu\application\Home\Controller\ComposeController.class.php 第 82 行.
NOTIC: [8] Use of undefined constant uid - assumed 'uid' D:\www\xiaowu\application\Home\Controller\ComposeController.class.php 第 84 行.
NOTIC: [8] Use of undefined constant num - assumed 'num' D:\www\xiaowu\application\Home\Controller\ComposeController.class.php 第 84 行.
NOTIC: [8] Use of undefined constant uid - assumed 'uid' D:\www\xiaowu\application\Home\Controller\ComposeController.class.php 第 85 行.
INFO: [ app_end ] --START--
INFO: Run Behavior\ShowPageTraceBehavior [ RunTime:0.000920s ]
INFO: [ app_end ] --END-- [ RunTime:0.000986s ]

[ 2017-05-22T17:22:08+08:00 ] 127.0.0.1 /xiaowu/index.php/Compose/cart?id=6&num=2
INFO: [ app_init ] --START--
INFO: Run Behavior\BuildLiteBehavior [ RunTime:0.000011s ]
INFO: [ app_init ] --END-- [ RunTime:0.000275s ]
INFO: [ app_begin ] --START--
INFO: Run Behavior\ReadHtmlCacheBehavior [ RunTime:0.000409s ]
INFO: [ app_begin ] --END-- [ RunTime:0.000444s ]
NOTIC: [8] Undefined index: nums D:\www\xiaowu\application\Home\Controller\ComposeController.class.php 第 56 行.
SQL: SHOW COLUMNS FROM `book` [ RunTime:0.004589s ]
SQL: SELECT * FROM `book` WHERE ( id=6 ) LIMIT 1   [ RunTime:0.000140s ]
SQL: SHOW COLUMNS FROM `cart` [ RunTime:0.003536s ]
SQL: SELECT * FROM `cart` WHERE ( uid='6' ) LIMIT 1   [ RunTime:0.000283s ]
SQL: 	update cart set num='2' where uid=6 [ RunTime:0.085067s ]
SQL: SELECT * FROM `cart`  [ RunTime:0.000415s ]
NOTIC: [8] Use of undefined constant name - assumed 'name' D:\www\xiaowu\application\Home\Controller\ComposeController.class.php 第 79 行.
NOTIC: [8] Use of undefined constant uid - assumed 'uid' D:\www\xiaowu\application\Home\Controller\ComposeController.class.php 第 81 行.
NOTIC: [8] Use of undefined constant uid - assumed 'uid' D:\www\xiaowu\application\Home\Controller\ComposeController.class.php 第 82 行.
NOTIC: [8] Use of undefined constant uid - assumed 'uid' D:\www\xiaowu\application\Home\Controller\ComposeController.class.php 第 84 行.
NOTIC: [8] Use of undefined constant num - assumed 'num' D:\www\xiaowu\application\Home\Controller\ComposeController.class.php 第 84 行.
NOTIC: [8] Use of undefined constant uid - assumed 'uid' D:\www\xiaowu\application\Home\Controller\ComposeController.class.php 第 85 行.
INFO: [ app_end ] --START--
INFO: Run Behavior\ShowPageTraceBehavior [ RunTime:0.000608s ]
INFO: [ app_end ] --END-- [ RunTime:0.000659s ]

[ 2017-05-22T17:22:09+08:00 ] 127.0.0.1 /xiaowu/index.php/Compose/cart?id=6&num=3
INFO: [ app_init ] --START--
INFO: Run Behavior\BuildLiteBehavior [ RunTime:0.000030s ]
INFO: [ app_init ] --END-- [ RunTime:0.000382s ]
INFO: [ app_begin ] --START--
INFO: Run Behavior\ReadHtmlCacheBehavior [ RunTime:0.000626s ]
INFO: [ app_begin ] --END-- [ RunTime:0.000675s ]
NOTIC: [8] Undefined index: nums D:\www\xiaowu\application\Home\Controller\ComposeController.class.php 第 56 行.
SQL: SHOW COLUMNS FROM `book` [ RunTime:0.003599s ]
SQL: SELECT * FROM `book` WHERE ( id=6 ) LIMIT 1   [ RunTime:0.000102s ]
SQL: SHOW COLUMNS FROM `cart` [ RunTime:0.004025s ]
SQL: SELECT * FROM `cart` WHERE ( uid='6' ) LIMIT 1   [ RunTime:0.000299s ]
SQL: 	update cart set num='3' where uid=6 [ RunTime:0.098326s ]
SQL: SELECT * FROM `cart`  [ RunTime:0.000492s ]
NOTIC: [8] Use of undefined constant name - assumed 'name' D:\www\xiaowu\application\Home\Controller\ComposeController.class.php 第 79 行.
NOTIC: [8] Use of undefined constant uid - assumed 'uid' D:\www\xiaowu\application\Home\Controller\ComposeController.class.php 第 81 行.
NOTIC: [8] Use of undefined constant uid - assumed 'uid' D:\www\xiaowu\application\Home\Controller\ComposeController.class.php 第 82 行.
NOTIC: [8] Use of undefined constant uid - assumed 'uid' D:\www\xiaowu\application\Home\Controller\ComposeController.class.php 第 84 行.
NOTIC: [8] Use of undefined constant num - assumed 'num' D:\www\xiaowu\application\Home\Controller\ComposeController.class.php 第 84 行.
NOTIC: [8] Use of undefined constant uid - assumed 'uid' D:\www\xiaowu\application\Home\Controller\ComposeController.class.php 第 85 行.
INFO: [ app_end ] --START--
INFO: Run Behavior\ShowPageTraceBehavior [ RunTime:0.001306s ]
INFO: [ app_end ] --END-- [ RunTime:0.001402s ]

[ 2017-05-22T17:22:09+08:00 ] 127.0.0.1 /xiaowu/index.php/Compose/cart?id=6&num=4
INFO: [ app_init ] --START--
INFO: Run Behavior\BuildLiteBehavior [ RunTime:0.000014s ]
INFO: [ app_init ] --END-- [ RunTime:0.000372s ]
INFO: [ app_begin ] --START--
INFO: Run Behavior\ReadHtmlCacheBehavior [ RunTime:0.000920s ]
INFO: [ app_begin ] --END-- [ RunTime:0.000980s ]
NOTIC: [8] Undefined index: nums D:\www\xiaowu\application\Home\Controller\ComposeController.class.php 第 56 行.
SQL: SHOW COLUMNS FROM `book` [ RunTime:0.004539s ]
SQL: SELECT * FROM `book` WHERE ( id=6 ) LIMIT 1   [ RunTime:0.000178s ]
SQL: SHOW COLUMNS FROM `cart` [ RunTime:0.004423s ]
SQL: SELECT * FROM `cart` WHERE ( uid='6' ) LIMIT 1   [ RunTime:0.000582s ]
SQL: 	update cart set num='4' where uid=6 [ RunTime:0.072763s ]
SQL: SELECT * FROM `cart`  [ RunTime:0.000191s ]
NOTIC: [8] Use of undefined constant name - assumed 'name' D:\www\xiaowu\application\Home\Controller\ComposeController.class.php 第 79 行.
NOTIC: [8] Use of undefined constant uid - assumed 'uid' D:\www\xiaowu\application\Home\Controller\ComposeController.class.php 第 81 行.
NOTIC: [8] Use of undefined constant uid - assumed 'uid' D:\www\xiaowu\application\Home\Controller\ComposeController.class.php 第 82 行.
NOTIC: [8] Use of undefined constant uid - assumed 'uid' D:\www\xiaowu\application\Home\Controller\ComposeController.class.php 第 84 行.
NOTIC: [8] Use of undefined constant num - assumed 'num' D:\www\xiaowu\application\Home\Controller\ComposeController.class.php 第 84 行.
NOTIC: [8] Use of undefined constant uid - assumed 'uid' D:\www\xiaowu\application\Home\Controller\ComposeController.class.php 第 85 行.
INFO: [ app_end ] --START--
INFO: Run Behavior\ShowPageTraceBehavior [ RunTime:0.000539s ]
INFO: [ app_end ] --END-- [ RunTime:0.000569s ]

[ 2017-05-22T17:22:09+08:00 ] 127.0.0.1 /xiaowu/index.php/Compose/cart?id=6&num=5
INFO: [ app_init ] --START--
INFO: Run Behavior\BuildLiteBehavior [ RunTime:0.000014s ]
INFO: [ app_init ] --END-- [ RunTime:0.000391s ]
INFO: [ app_begin ] --START--
INFO: Run Behavior\ReadHtmlCacheBehavior [ RunTime:0.000816s ]
INFO: [ app_begin ] --END-- [ RunTime:0.000877s ]
NOTIC: [8] Undefined index: nums D:\www\xiaowu\application\Home\Controller\ComposeController.class.php 第 56 行.
SQL: SHOW COLUMNS FROM `book` [ RunTime:0.003828s ]
SQL: SELECT * FROM `book` WHERE ( id=6 ) LIMIT 1   [ RunTime:0.000219s ]
SQL: SHOW COLUMNS FROM `cart` [ RunTime:0.003104s ]
SQL: SELECT * FROM `cart` WHERE ( uid='6' ) LIMIT 1   [ RunTime:0.000271s ]
SQL: 	update cart set num='5' where uid=6 [ RunTime:0.065001s ]
SQL: SELECT * FROM `cart`  [ RunTime:0.000595s ]
NOTIC: [8] Use of undefined constant name - assumed 'name' D:\www\xiaowu\application\Home\Controller\ComposeController.class.php 第 79 行.
NOTIC: [8] Use of undefined constant uid - assumed 'uid' D:\www\xiaowu\application\Home\Controller\ComposeController.class.php 第 81 行.
NOTIC: [8] Use of undefined constant uid - assumed 'uid' D:\www\xiaowu\application\Home\Controller\ComposeController.class.php 第 82 行.
NOTIC: [8] Use of undefined constant uid - assumed 'uid' D:\www\xiaowu\application\Home\Controller\ComposeController.class.php 第 84 行.
NOTIC: [8] Use of undefined constant num - assumed 'num' D:\www\xiaowu\application\Home\Controller\ComposeController.class.php 第 84 行.
NOTIC: [8] Use of undefined constant uid - assumed 'uid' D:\www\xiaowu\application\Home\Controller\ComposeController.class.php 第 85 行.
INFO: [ app_end ] --START--
INFO: Run Behavior\ShowPageTraceBehavior [ RunTime:0.001593s ]
INFO: [ app_end ] --END-- [ RunTime:0.001693s ]

[ 2017-05-22T17:22:09+08:00 ] 127.0.0.1 /xiaowu/index.php/Compose/cart?id=6&num=6
INFO: [ app_init ] --START--
INFO: Run Behavior\BuildLiteBehavior [ RunTime:0.000011s ]
INFO: [ app_init ] --END-- [ RunTime:0.000282s ]
INFO: [ app_begin ] --START--
INFO: Run Behavior\ReadHtmlCacheBehavior [ RunTime:0.000507s ]
INFO: [ app_begin ] --END-- [ RunTime:0.000557s ]
NOTIC: [8] Undefined index: nums D:\www\xiaowu\application\Home\Controller\ComposeController.class.php 第 56 行.
SQL: SHOW COLUMNS FROM `book` [ RunTime:0.004077s ]
SQL: SELECT * FROM `book` WHERE ( id=6 ) LIMIT 1   [ RunTime:0.000166s ]
SQL: SHOW COLUMNS FROM `cart` [ RunTime:0.003632s ]
SQL: SELECT * FROM `cart` WHERE ( uid='6' ) LIMIT 1   [ RunTime:0.000428s ]
SQL: 	update cart set num='6' where uid=6 [ RunTime:0.064626s ]
SQL: SELECT * FROM `cart`  [ RunTime:0.000366s ]
NOTIC: [8] Use of undefined constant name - assumed 'name' D:\www\xiaowu\application\Home\Controller\ComposeController.class.php 第 79 行.
NOTIC: [8] Use of undefined constant uid - assumed 'uid' D:\www\xiaowu\application\Home\Controller\ComposeController.class.php 第 81 行.
NOTIC: [8] Use of undefined constant uid - assumed 'uid' D:\www\xiaowu\application\Home\Controller\ComposeController.class.php 第 82 行.
NOTIC: [8] Use of undefined constant uid - assumed 'uid' D:\www\xiaowu\application\Home\Controller\ComposeController.class.php 第 84 行.
NOTIC: [8] Use of undefined constant num - assumed 'num' D:\www\xiaowu\application\Home\Controller\ComposeController.class.php 第 84 行.
NOTIC: [8] Use of undefined constant uid - assumed 'uid' D:\www\xiaowu\application\Home\Controller\ComposeController.class.php 第 85 行.
INFO: [ app_end ] --START--
INFO: Run Behavior\ShowPageTraceBehavior [ RunTime:0.000656s ]
INFO: [ app_end ] --END-- [ RunTime:0.000716s ]

[ 2017-05-22T17:22:10+08:00 ] 127.0.0.1 /xiaowu/index.php/Compose/cart?id=6&num=7
INFO: [ app_init ] --START--
INFO: Run Behavior\BuildLiteBehavior [ RunTime:0.000010s ]
INFO: [ app_init ] --END-- [ RunTime:0.000269s ]
INFO: [ app_begin ] --START--
INFO: Run Behavior\ReadHtmlCacheBehavior [ RunTime:0.000416s ]
INFO: [ app_begin ] --END-- [ RunTime:0.000448s ]
NOTIC: [8] Undefined index: nums D:\www\xiaowu\application\Home\Controller\ComposeController.class.php 第 56 行.
SQL: SHOW COLUMNS FROM `book` [ RunTime:0.003512s ]
SQL: SELECT * FROM `book` WHERE ( id=6 ) LIMIT 1   [ RunTime:0.000180s ]
SQL: SHOW COLUMNS FROM `cart` [ RunTime:0.003402s ]
SQL: SELECT * FROM `cart` WHERE ( uid='6' ) LIMIT 1   [ RunTime:0.000230s ]
SQL: 	update cart set num='7' where uid=6 [ RunTime:0.072136s ]
SQL: SELECT * FROM `cart`  [ RunTime:0.000287s ]
NOTIC: [8] Use of undefined constant name - assumed 'name' D:\www\xiaowu\application\Home\Controller\ComposeController.class.php 第 79 行.
NOTIC: [8] Use of undefined constant uid - assumed 'uid' D:\www\xiaowu\application\Home\Controller\ComposeController.class.php 第 81 行.
NOTIC: [8] Use of undefined constant uid - assumed 'uid' D:\www\xiaowu\application\Home\Controller\ComposeController.class.php 第 82 行.
NOTIC: [8] Use of undefined constant uid - assumed 'uid' D:\www\xiaowu\application\Home\Controller\ComposeController.class.php 第 84 行.
NOTIC: [8] Use of undefined constant num - assumed 'num' D:\www\xiaowu\application\Home\Controller\ComposeController.class.php 第 84 行.
NOTIC: [8] Use of undefined constant uid - assumed 'uid' D:\www\xiaowu\application\Home\Controller\ComposeController.class.php 第 85 行.
INFO: [ app_end ] --START--
INFO: Run Behavior\ShowPageTraceBehavior [ RunTime:0.000666s ]
INFO: [ app_end ] --END-- [ RunTime:0.000707s ]

[ 2017-05-22T17:22:10+08:00 ] 127.0.0.1 /xiaowu/index.php/Compose/cart?id=6&num=8
INFO: [ app_init ] --START--
INFO: Run Behavior\BuildLiteBehavior [ RunTime:0.000013s ]
INFO: [ app_init ] --END-- [ RunTime:0.000349s ]
INFO: [ app_begin ] --START--
INFO: Run Behavior\ReadHtmlCacheBehavior [ RunTime:0.000710s ]
INFO: [ app_begin ] --END-- [ RunTime:0.000766s ]
NOTIC: [8] Undefined index: nums D:\www\xiaowu\application\Home\Controller\ComposeController.class.php 第 56 行.
SQL: SHOW COLUMNS FROM `book` [ RunTime:0.003631s ]
SQL: SELECT * FROM `book` WHERE ( id=6 ) LIMIT 1   [ RunTime:0.000229s ]
SQL: SHOW COLUMNS FROM `cart` [ RunTime:0.002777s ]
SQL: SELECT * FROM `cart` WHERE ( uid='6' ) LIMIT 1   [ RunTime:0.000188s ]
SQL: 	update cart set num='8' where uid=6 [ RunTime:0.057074s ]
SQL: SELECT * FROM `cart`  [ RunTime:0.000298s ]
NOTIC: [8] Use of undefined constant name - assumed 'name' D:\www\xiaowu\application\Home\Controller\ComposeController.class.php 第 79 行.
NOTIC: [8] Use of undefined constant uid - assumed 'uid' D:\www\xiaowu\application\Home\Controller\ComposeController.class.php 第 81 行.
NOTIC: [8] Use of undefined constant uid - assumed 'uid' D:\www\xiaowu\application\Home\Controller\ComposeController.class.php 第 82 行.
NOTIC: [8] Use of undefined constant uid - assumed 'uid' D:\www\xiaowu\application\Home\Controller\ComposeController.class.php 第 84 行.
NOTIC: [8] Use of undefined constant num - assumed 'num' D:\www\xiaowu\application\Home\Controller\ComposeController.class.php 第 84 行.
NOTIC: [8] Use of undefined constant uid - assumed 'uid' D:\www\xiaowu\application\Home\Controller\ComposeController.class.php 第 85 行.
INFO: [ app_end ] --START--
INFO: Run Behavior\ShowPageTraceBehavior [ RunTime:0.000563s ]
INFO: [ app_end ] --END-- [ RunTime:0.000593s ]

[ 2017-05-22T17:22:13+08:00 ] 127.0.0.1 /xiaowu/index.php/Compose/cart?id=6&num=9
INFO: [ app_init ] --START--
INFO: Run Behavior\BuildLiteBehavior [ RunTime:0.000011s ]
INFO: [ app_init ] --END-- [ RunTime:0.000270s ]
INFO: [ app_begin ] --START--
INFO: Run Behavior\ReadHtmlCacheBehavior [ RunTime:0.000399s ]
INFO: [ app_begin ] --END-- [ RunTime:0.000428s ]
NOTIC: [8] Undefined index: nums D:\www\xiaowu\application\Home\Controller\ComposeController.class.php 第 56 行.
SQL: SHOW COLUMNS FROM `book` [ RunTime:0.003346s ]
SQL: SELECT * FROM `book` WHERE ( id=6 ) LIMIT 1   [ RunTime:0.000186s ]
SQL: SHOW COLUMNS FROM `cart` [ RunTime:0.003088s ]
SQL: SELECT * FROM `cart` WHERE ( uid='6' ) LIMIT 1   [ RunTime:0.000321s ]
SQL: 	update cart set num='9' where uid=6 [ RunTime:0.046313s ]
SQL: SELECT * FROM `cart`  [ RunTime:0.000305s ]
NOTIC: [8] Use of undefined constant name - assumed 'name' D:\www\xiaowu\application\Home\Controller\ComposeController.class.php 第 79 行.
NOTIC: [8] Use of undefined constant uid - assumed 'uid' D:\www\xiaowu\application\Home\Controller\ComposeController.class.php 第 81 行.
NOTIC: [8] Use of undefined constant uid - assumed 'uid' D:\www\xiaowu\application\Home\Controller\ComposeController.class.php 第 82 行.
NOTIC: [8] Use of undefined constant uid - assumed 'uid' D:\www\xiaowu\application\Home\Controller\ComposeController.class.php 第 84 行.
NOTIC: [8] Use of undefined constant num - assumed 'num' D:\www\xiaowu\application\Home\Controller\ComposeController.class.php 第 84 行.
NOTIC: [8] Use of undefined constant uid - assumed 'uid' D:\www\xiaowu\application\Home\Controller\ComposeController.class.php 第 85 行.
INFO: [ app_end ] --START--
INFO: Run Behavior\ShowPageTraceBehavior [ RunTime:0.000534s ]
INFO: [ app_end ] --END-- [ RunTime:0.000561s ]

[ 2017-05-22T17:22:14+08:00 ] 127.0.0.1 /xiaowu/index.php/Compose/cart?id=6&num=10
INFO: [ app_init ] --START--
INFO: Run Behavior\BuildLiteBehavior [ RunTime:0.000012s ]
INFO: [ app_init ] --END-- [ RunTime:0.000302s ]
INFO: [ app_begin ] --START--
INFO: Run Behavior\ReadHtmlCacheBehavior [ RunTime:0.000433s ]
INFO: [ app_begin ] --END-- [ RunTime:0.000467s ]
NOTIC: [8] Undefined index: nums D:\www\xiaowu\application\Home\Controller\ComposeController.class.php 第 56 行.
SQL: SHOW COLUMNS FROM `book` [ RunTime:0.003531s ]
SQL: SELECT * FROM `book` WHERE ( id=6 ) LIMIT 1   [ RunTime:0.000148s ]
SQL: SHOW COLUMNS FROM `cart` [ RunTime:0.003295s ]
SQL: SELECT * FROM `cart` WHERE ( uid='6' ) LIMIT 1   [ RunTime:0.000330s ]
SQL: 	update cart set num='10' where uid=6 [ RunTime:0.077516s ]
SQL: SELECT * FROM `cart`  [ RunTime:0.000850s ]
NOTIC: [8] Use of undefined constant name - assumed 'name' D:\www\xiaowu\application\Home\Controller\ComposeController.class.php 第 79 行.
NOTIC: [8] Use of undefined constant uid - assumed 'uid' D:\www\xiaowu\application\Home\Controller\ComposeController.class.php 第 81 行.
NOTIC: [8] Use of undefined constant uid - assumed 'uid' D:\www\xiaowu\application\Home\Controller\ComposeController.class.php 第 82 行.
NOTIC: [8] Use of undefined constant uid - assumed 'uid' D:\www\xiaowu\application\Home\Controller\ComposeController.class.php 第 84 行.
NOTIC: [8] Use of undefined constant num - assumed 'num' D:\www\xiaowu\application\Home\Controller\ComposeController.class.php 第 84 行.
NOTIC: [8] Use of undefined constant uid - assumed 'uid' D:\www\xiaowu\application\Home\Controller\ComposeController.class.php 第 85 行.
INFO: [ app_end ] --START--
INFO: Run Behavior\ShowPageTraceBehavior [ RunTime:0.003418s ]
INFO: [ app_end ] --END-- [ RunTime:0.003622s ]

[ 2017-05-22T17:22:14+08:00 ] 127.0.0.1 /xiaowu/index.php/Compose/cart?id=6&num=11
INFO: [ app_init ] --START--
INFO: Run Behavior\BuildLiteBehavior [ RunTime:0.000010s ]
INFO: [ app_init ] --END-- [ RunTime:0.000274s ]
INFO: [ app_begin ] --START--
INFO: Run Behavior\ReadHtmlCacheBehavior [ RunTime:0.000401s ]
INFO: [ app_begin ] --END-- [ RunTime:0.000430s ]
NOTIC: [8] Undefined index: nums D:\www\xiaowu\application\Home\Controller\ComposeController.class.php 第 56 行.
SQL: SHOW COLUMNS FROM `book` [ RunTime:0.003182s ]
SQL: SELECT * FROM `book` WHERE ( id=6 ) LIMIT 1   [ RunTime:0.000250s ]
SQL: SHOW COLUMNS FROM `cart` [ RunTime:0.003189s ]
SQL: SELECT * FROM `cart` WHERE ( uid='6' ) LIMIT 1   [ RunTime:0.000305s ]
SQL: 	update cart set num='11' where uid=6 [ RunTime:0.061603s ]
SQL: SELECT * FROM `cart`  [ RunTime:0.000854s ]
NOTIC: [8] Use of undefined constant name - assumed 'name' D:\www\xiaowu\application\Home\Controller\ComposeController.class.php 第 79 行.
NOTIC: [8] Use of undefined constant uid - assumed 'uid' D:\www\xiaowu\application\Home\Controller\ComposeController.class.php 第 81 行.
NOTIC: [8] Use of undefined constant uid - assumed 'uid' D:\www\xiaowu\application\Home\Controller\ComposeController.class.php 第 82 行.
NOTIC: [8] Use of undefined constant uid - assumed 'uid' D:\www\xiaowu\application\Home\Controller\ComposeController.class.php 第 84 行.
NOTIC: [8] Use of undefined constant num - assumed 'num' D:\www\xiaowu\application\Home\Controller\ComposeController.class.php 第 84 行.
NOTIC: [8] Use of undefined constant uid - assumed 'uid' D:\www\xiaowu\application\Home\Controller\ComposeController.class.php 第 85 行.
INFO: [ app_end ] --START--
INFO: Run Behavior\ShowPageTraceBehavior [ RunTime:0.003272s ]
INFO: [ app_end ] --END-- [ RunTime:0.003504s ]

[ 2017-05-22T17:22:15+08:00 ] 127.0.0.1 /xiaowu/index.php/Compose/cart?id=6&num=12
INFO: [ app_init ] --START--
INFO: Run Behavior\BuildLiteBehavior [ RunTime:0.000013s ]
INFO: [ app_init ] --END-- [ RunTime:0.000355s ]
INFO: [ app_begin ] --START--
INFO: Run Behavior\ReadHtmlCacheBehavior [ RunTime:0.000404s ]
INFO: [ app_begin ] --END-- [ RunTime:0.000435s ]
NOTIC: [8] Undefined index: nums D:\www\xiaowu\application\Home\Controller\ComposeController.class.php 第 56 行.
SQL: SHOW COLUMNS FROM `book` [ RunTime:0.003215s ]
SQL: SELECT * FROM `book` WHERE ( id=6 ) LIMIT 1   [ RunTime:0.000151s ]
SQL: SHOW COLUMNS FROM `cart` [ RunTime:0.003483s ]
SQL: SELECT * FROM `cart` WHERE ( uid='6' ) LIMIT 1   [ RunTime:0.000222s ]
SQL: 	update cart set num='12' where uid=6 [ RunTime:0.065642s ]
SQL: SELECT * FROM `cart`  [ RunTime:0.000304s ]
NOTIC: [8] Use of undefined constant name - assumed 'name' D:\www\xiaowu\application\Home\Controller\ComposeController.class.php 第 79 行.
NOTIC: [8] Use of undefined constant uid - assumed 'uid' D:\www\xiaowu\application\Home\Controller\ComposeController.class.php 第 81 行.
NOTIC: [8] Use of undefined constant uid - assumed 'uid' D:\www\xiaowu\application\Home\Controller\ComposeController.class.php 第 82 行.
NOTIC: [8] Use of undefined constant uid - assumed 'uid' D:\www\xiaowu\application\Home\Controller\ComposeController.class.php 第 84 行.
NOTIC: [8] Use of undefined constant num - assumed 'num' D:\www\xiaowu\application\Home\Controller\ComposeController.class.php 第 84 行.
NOTIC: [8] Use of undefined constant uid - assumed 'uid' D:\www\xiaowu\application\Home\Controller\ComposeController.class.php 第 85 行.
INFO: [ app_end ] --START--
INFO: Run Behavior\ShowPageTraceBehavior [ RunTime:0.000509s ]
INFO: [ app_end ] --END-- [ RunTime:0.000542s ]

[ 2017-05-22T17:22:18+08:00 ] 127.0.0.1 /xiaowu/index.php/Compose/search.html
INFO: [ app_init ] --START--
INFO: Run Behavior\BuildLiteBehavior [ RunTime:0.000011s ]
INFO: [ app_init ] --END-- [ RunTime:0.000286s ]
INFO: [ app_begin ] --START--
INFO: Run Behavior\ReadHtmlCacheBehavior [ RunTime:0.000421s ]
INFO: [ app_begin ] --END-- [ RunTime:0.000456s ]
SQL: SHOW COLUMNS FROM `book_type` [ RunTime:0.003402s ]
SQL: SELECT * FROM `book_type`  [ RunTime:0.000203s ]
SQL: SHOW COLUMNS FROM `book` [ RunTime:0.003424s ]
SQL: SELECT * FROM `book` WHERE ( name like '%点%' )  [ RunTime:0.000190s ]
SQL: SHOW COLUMNS FROM `cart` [ RunTime:0.003365s ]
SQL: SELECT SUM(num) AS tp_sum FROM `cart` WHERE ( ip='127.0.0.1' ) LIMIT 1   [ RunTime:0.000262s ]
SQL: SELECT * FROM `cart` WHERE ( ip='127.0.0.1' )  [ RunTime:0.000176s ]
INFO: [ view_parse ] --START--
INFO: [ template_filter ] --START--
INFO: Run Behavior\ContentReplaceBehavior [ RunTime:0.000064s ]
INFO: [ template_filter ] --END-- [ RunTime:0.000102s ]
NOTIC: [2] Illegal string offset '' D:\www\xiaowu\application\Runtime\Cache\Home\e2a93b8feec5db26f04714ce90710a40.php 第 191 行.
INFO: Run Behavior\ParseTemplateBehavior [ RunTime:0.010445s ]
INFO: [ view_parse ] --END-- [ RunTime:0.010510s ]
INFO: [ view_filter ] --START--
INFO: Run Behavior\WriteHtmlCacheBehavior [ RunTime:0.000390s ]
INFO: [ view_filter ] --END-- [ RunTime:0.000429s ]
INFO: [ app_end ] --START--
INFO: Run Behavior\ShowPageTraceBehavior [ RunTime:0.000663s ]
INFO: [ app_end ] --END-- [ RunTime:0.000799s ]

[ 2017-05-22T17:25:01+08:00 ] 127.0.0.1 /xiaowu/index.php/Compose/search.html
INFO: [ app_init ] --START--
INFO: Run Behavior\BuildLiteBehavior [ RunTime:0.000011s ]
INFO: [ app_init ] --END-- [ RunTime:0.000335s ]
INFO: [ app_begin ] --START--
INFO: Run Behavior\ReadHtmlCacheBehavior [ RunTime:0.000862s ]
INFO: [ app_begin ] --END-- [ RunTime:0.000898s ]
SQL: SHOW COLUMNS FROM `book_type` [ RunTime:0.007182s ]
SQL: SELECT * FROM `book_type`  [ RunTime:0.000249s ]
SQL: SHOW COLUMNS FROM `book` [ RunTime:0.003461s ]
SQL: SELECT * FROM `book` WHERE ( name like '%点%' )  [ RunTime:0.000121s ]
SQL: SHOW COLUMNS FROM `cart` [ RunTime:0.003764s ]
SQL: SELECT SUM(num) AS tp_sum FROM `cart` WHERE ( ip='127.0.0.1' ) LIMIT 1   [ RunTime:0.000111s ]
SQL: SELECT * FROM `cart` WHERE ( ip='127.0.0.1' )  [ RunTime:0.000079s ]
INFO: [ view_parse ] --START--
INFO: [ template_filter ] --START--
INFO: Run Behavior\ContentReplaceBehavior [ RunTime:0.000076s ]
INFO: [ template_filter ] --END-- [ RunTime:0.000117s ]
NOTIC: [8] Undefined index: num D:\www\xiaowu\application\Runtime\Cache\Home\e2a93b8feec5db26f04714ce90710a40.php 第 164 行.
NOTIC: [2] Illegal string offset '' D:\www\xiaowu\application\Runtime\Cache\Home\e2a93b8feec5db26f04714ce90710a40.php 第 191 行.
INFO: Run Behavior\ParseTemplateBehavior [ RunTime:0.011712s ]
INFO: [ view_parse ] --END-- [ RunTime:0.011755s ]
INFO: [ view_filter ] --START--
INFO: Run Behavior\WriteHtmlCacheBehavior [ RunTime:0.000569s ]
INFO: [ view_filter ] --END-- [ RunTime:0.000610s ]
INFO: [ app_end ] --START--
INFO: Run Behavior\ShowPageTraceBehavior [ RunTime:0.001189s ]
INFO: [ app_end ] --END-- [ RunTime:0.001244s ]

[ 2017-05-22T17:25:02+08:00 ] 127.0.0.1 /xiaowu/index.php/Compose/search.html
INFO: [ app_init ] --START--
INFO: Run Behavior\BuildLiteBehavior [ RunTime:0.000014s ]
INFO: [ app_init ] --END-- [ RunTime:0.000465s ]
INFO: [ app_begin ] --START--
INFO: Run Behavior\ReadHtmlCacheBehavior [ RunTime:0.000700s ]
INFO: [ app_begin ] --END-- [ RunTime:0.000749s ]
SQL: SHOW COLUMNS FROM `book_type` [ RunTime:0.003210s ]
SQL: SELECT * FROM `book_type`  [ RunTime:0.000198s ]
SQL: SHOW COLUMNS FROM `book` [ RunTime:0.003648s ]
SQL: SELECT * FROM `book` WHERE ( name like '%点%' )  [ RunTime:0.000113s ]
SQL: SHOW COLUMNS FROM `cart` [ RunTime:0.003736s ]
SQL: SELECT SUM(num) AS tp_sum FROM `cart` WHERE ( ip='127.0.0.1' ) LIMIT 1   [ RunTime:0.000150s ]
SQL: SELECT * FROM `cart` WHERE ( ip='127.0.0.1' )  [ RunTime:0.000109s ]
INFO: [ view_parse ] --START--
INFO: [ template_filter ] --START--
INFO: Run Behavior\ContentReplaceBehavior [ RunTime:0.000093s ]
INFO: [ template_filter ] --END-- [ RunTime:0.000143s ]
NOTIC: [8] Undefined index: num D:\www\xiaowu\application\Runtime\Cache\Home\e2a93b8feec5db26f04714ce90710a40.php 第 164 行.
NOTIC: [2] Illegal string offset '' D:\www\xiaowu\application\Runtime\Cache\Home\e2a93b8feec5db26f04714ce90710a40.php 第 191 行.
INFO: Run Behavior\ParseTemplateBehavior [ RunTime:0.012938s ]
INFO: [ view_parse ] --END-- [ RunTime:0.012981s ]
INFO: [ view_filter ] --START--
INFO: Run Behavior\WriteHtmlCacheBehavior [ RunTime:0.000302s ]
INFO: [ view_filter ] --END-- [ RunTime:0.000327s ]
INFO: [ app_end ] --START--
INFO: Run Behavior\ShowPageTraceBehavior [ RunTime:0.000700s ]
INFO: [ app_end ] --END-- [ RunTime:0.000743s ]

[ 2017-05-22T17:26:15+08:00 ] 127.0.0.1 /xiaowu/index.php/Compose/search.html
INFO: [ app_init ] --START--
INFO: Run Behavior\BuildLiteBehavior [ RunTime:0.000010s ]
INFO: [ app_init ] --END-- [ RunTime:0.000307s ]
INFO: [ app_begin ] --START--
INFO: Run Behavior\ReadHtmlCacheBehavior [ RunTime:0.000616s ]
INFO: [ app_begin ] --END-- [ RunTime:0.000652s ]
SQL: SHOW COLUMNS FROM `book_type` [ RunTime:0.007101s ]
SQL: SELECT * FROM `book_type`  [ RunTime:0.000215s ]
SQL: SHOW COLUMNS FROM `book` [ RunTime:0.003288s ]
SQL: SELECT * FROM `book` WHERE ( name like '%点%' )  [ RunTime:0.000224s ]
SQL: SHOW COLUMNS FROM `cart` [ RunTime:0.004736s ]
SQL: SELECT SUM(num) AS tp_sum FROM `cart` WHERE ( ip='127.0.0.1' ) LIMIT 1   [ RunTime:0.000205s ]
SQL: SELECT * FROM `cart` WHERE ( ip='127.0.0.1' )  [ RunTime:0.000101s ]
INFO: [ view_parse ] --START--
INFO: [ template_filter ] --START--
INFO: Run Behavior\ContentReplaceBehavior [ RunTime:0.000139s ]
INFO: [ template_filter ] --END-- [ RunTime:0.000208s ]
NOTIC: [8] Undefined variable: ip D:\www\xiaowu\application\Runtime\Cache\Home\e2a93b8feec5db26f04714ce90710a40.php 第 163 行.
NOTIC: [8] Undefined index: num D:\www\xiaowu\application\Runtime\Cache\Home\e2a93b8feec5db26f04714ce90710a40.php 第 169 行.
NOTIC: [2] Illegal string offset '' D:\www\xiaowu\application\Runtime\Cache\Home\e2a93b8feec5db26f04714ce90710a40.php 第 195 行.
INFO: Run Behavior\ParseTemplateBehavior [ RunTime:0.014248s ]
INFO: [ view_parse ] --END-- [ RunTime:0.014290s ]
INFO: [ view_filter ] --START--
INFO: Run Behavior\WriteHtmlCacheBehavior [ RunTime:0.000383s ]
INFO: [ view_filter ] --END-- [ RunTime:0.000411s ]
INFO: [ app_end ] --START--
INFO: Run Behavior\ShowPageTraceBehavior [ RunTime:0.000763s ]
INFO: [ app_end ] --END-- [ RunTime:0.000816s ]

[ 2017-05-22T17:26:16+08:00 ] 127.0.0.1 /xiaowu/index.php/Compose/search.html
INFO: [ app_init ] --START--
INFO: Run Behavior\BuildLiteBehavior [ RunTime:0.000011s ]
INFO: [ app_init ] --END-- [ RunTime:0.000313s ]
INFO: [ app_begin ] --START--
INFO: Run Behavior\ReadHtmlCacheBehavior [ RunTime:0.000724s ]
INFO: [ app_begin ] --END-- [ RunTime:0.000774s ]
SQL: SHOW COLUMNS FROM `book_type` [ RunTime:0.003942s ]
SQL: SELECT * FROM `book_type`  [ RunTime:0.000152s ]
SQL: SHOW COLUMNS FROM `book` [ RunTime:0.003795s ]
SQL: SELECT * FROM `book` WHERE ( name like '%点%' )  [ RunTime:0.000229s ]
SQL: SHOW COLUMNS FROM `cart` [ RunTime:0.003438s ]
SQL: SELECT SUM(num) AS tp_sum FROM `cart` WHERE ( ip='127.0.0.1' ) LIMIT 1   [ RunTime:0.000109s ]
SQL: SELECT * FROM `cart` WHERE ( ip='127.0.0.1' )  [ RunTime:0.000105s ]
INFO: [ view_parse ] --START--
INFO: [ template_filter ] --START--
INFO: Run Behavior\ContentReplaceBehavior [ RunTime:0.000072s ]
INFO: [ template_filter ] --END-- [ RunTime:0.000109s ]
NOTIC: [8] Undefined variable: ip D:\www\xiaowu\application\Runtime\Cache\Home\e2a93b8feec5db26f04714ce90710a40.php 第 163 行.
NOTIC: [8] Undefined index: num D:\www\xiaowu\application\Runtime\Cache\Home\e2a93b8feec5db26f04714ce90710a40.php 第 169 行.
NOTIC: [2] Illegal string offset '' D:\www\xiaowu\application\Runtime\Cache\Home\e2a93b8feec5db26f04714ce90710a40.php 第 195 行.
INFO: Run Behavior\ParseTemplateBehavior [ RunTime:0.011631s ]
INFO: [ view_parse ] --END-- [ RunTime:0.011671s ]
INFO: [ view_filter ] --START--
INFO: Run Behavior\WriteHtmlCacheBehavior [ RunTime:0.000387s ]
INFO: [ view_filter ] --END-- [ RunTime:0.000426s ]
INFO: [ app_end ] --START--
INFO: Run Behavior\ShowPageTraceBehavior [ RunTime:0.000835s ]
INFO: [ app_end ] --END-- [ RunTime:0.000879s ]

[ 2017-05-22T17:26:57+08:00 ] 127.0.0.1 /xiaowu/index.php/Compose/search.html
INFO: [ app_init ] --START--
INFO: Run Behavior\BuildLiteBehavior [ RunTime:0.000012s ]
INFO: [ app_init ] --END-- [ RunTime:0.000475s ]
INFO: [ app_begin ] --START--
INFO: Run Behavior\ReadHtmlCacheBehavior [ RunTime:0.000673s ]
INFO: [ app_begin ] --END-- [ RunTime:0.000706s ]
SQL: SHOW COLUMNS FROM `book_type` [ RunTime:0.007290s ]
SQL: SELECT * FROM `book_type`  [ RunTime:0.000140s ]
SQL: SHOW COLUMNS FROM `book` [ RunTime:0.004327s ]
SQL: SELECT * FROM `book` WHERE ( name like '%点%' )  [ RunTime:0.000213s ]
SQL: SHOW COLUMNS FROM `cart` [ RunTime:0.003066s ]
SQL: SELECT SUM(num) AS tp_sum FROM `cart` WHERE ( ip='127.0.0.1' ) LIMIT 1   [ RunTime:0.000211s ]
SQL: SELECT * FROM `cart` WHERE ( ip='127.0.0.1' )  [ RunTime:0.000180s ]
INFO: [ view_parse ] --START--
INFO: [ template_filter ] --START--
INFO: Run Behavior\ContentReplaceBehavior [ RunTime:0.000096s ]
INFO: [ template_filter ] --END-- [ RunTime:0.000157s ]
NOTIC: [8] Undefined variable: ip D:\www\xiaowu\application\Runtime\Cache\Home\e2a93b8feec5db26f04714ce90710a40.php 第 163 行.
NOTIC: [8] Undefined index: num D:\www\xiaowu\application\Runtime\Cache\Home\e2a93b8feec5db26f04714ce90710a40.php 第 169 行.
NOTIC: [2] Illegal string offset '' D:\www\xiaowu\application\Runtime\Cache\Home\e2a93b8feec5db26f04714ce90710a40.php 第 196 行.
INFO: Run Behavior\ParseTemplateBehavior [ RunTime:0.012855s ]
INFO: [ view_parse ] --END-- [ RunTime:0.012907s ]
INFO: [ view_filter ] --START--
INFO: Run Behavior\WriteHtmlCacheBehavior [ RunTime:0.000386s ]
INFO: [ view_filter ] --END-- [ RunTime:0.000413s ]
INFO: [ app_end ] --START--
INFO: Run Behavior\ShowPageTraceBehavior [ RunTime:0.000955s ]
INFO: [ app_end ] --END-- [ RunTime:0.001006s ]

[ 2017-05-22T17:27:01+08:00 ] 127.0.0.1 /xiaowu/index.php/Compose/cart?id=6&num=1
INFO: [ app_init ] --START--
INFO: Run Behavior\BuildLiteBehavior [ RunTime:0.000009s ]
INFO: [ app_init ] --END-- [ RunTime:0.000307s ]
INFO: [ app_begin ] --START--
INFO: Run Behavior\ReadHtmlCacheBehavior [ RunTime:0.000533s ]
INFO: [ app_begin ] --END-- [ RunTime:0.000566s ]
NOTIC: [8] Undefined index: nums D:\www\xiaowu\application\Home\Controller\ComposeController.class.php 第 57 行.
SQL: SHOW COLUMNS FROM `book` [ RunTime:0.006832s ]
SQL: SELECT * FROM `book` WHERE ( id=6 ) LIMIT 1   [ RunTime:0.000254s ]
SQL: SHOW COLUMNS FROM `cart` [ RunTime:0.003167s ]
SQL: SELECT * FROM `cart` WHERE ( uid='6' ) LIMIT 1   [ RunTime:0.000347s ]
SQL: 	update cart set num='1' where uid=6 [ RunTime:0.114007s ]
SQL: SELECT * FROM `cart`  [ RunTime:0.000234s ]
NOTIC: [8] Use of undefined constant name - assumed 'name' D:\www\xiaowu\application\Home\Controller\ComposeController.class.php 第 80 行.
NOTIC: [8] Use of undefined constant uid - assumed 'uid' D:\www\xiaowu\application\Home\Controller\ComposeController.class.php 第 82 行.
NOTIC: [8] Use of undefined constant uid - assumed 'uid' D:\www\xiaowu\application\Home\Controller\ComposeController.class.php 第 83 行.
NOTIC: [8] Use of undefined constant uid - assumed 'uid' D:\www\xiaowu\application\Home\Controller\ComposeController.class.php 第 85 行.
NOTIC: [8] Use of undefined constant num - assumed 'num' D:\www\xiaowu\application\Home\Controller\ComposeController.class.php 第 85 行.
NOTIC: [8] Use of undefined constant uid - assumed 'uid' D:\www\xiaowu\application\Home\Controller\ComposeController.class.php 第 86 行.
INFO: [ app_end ] --START--
INFO: Run Behavior\ShowPageTraceBehavior [ RunTime:0.000828s ]
INFO: [ app_end ] --END-- [ RunTime:0.000878s ]

[ 2017-05-22T17:27:04+08:00 ] 127.0.0.1 /xiaowu/index.php/Compose/search.html
INFO: [ app_init ] --START--
INFO: Run Behavior\BuildLiteBehavior [ RunTime:0.000010s ]
INFO: [ app_init ] --END-- [ RunTime:0.000299s ]
INFO: [ app_begin ] --START--
INFO: Run Behavior\ReadHtmlCacheBehavior [ RunTime:0.000895s ]
INFO: [ app_begin ] --END-- [ RunTime:0.000950s ]
SQL: SHOW COLUMNS FROM `book_type` [ RunTime:0.003322s ]
SQL: SELECT * FROM `book_type`  [ RunTime:0.000124s ]
SQL: SHOW COLUMNS FROM `book` [ RunTime:0.004126s ]
SQL: SELECT * FROM `book` WHERE ( name like '%点%' )  [ RunTime:0.000110s ]
SQL: SHOW COLUMNS FROM `cart` [ RunTime:0.004117s ]
SQL: SELECT SUM(num) AS tp_sum FROM `cart` WHERE ( ip='127.0.0.1' ) LIMIT 1   [ RunTime:0.000314s ]
SQL: SELECT * FROM `cart` WHERE ( ip='127.0.0.1' )  [ RunTime:0.000232s ]
INFO: [ view_parse ] --START--
INFO: [ template_filter ] --START--
INFO: Run Behavior\ContentReplaceBehavior [ RunTime:0.000062s ]
INFO: [ template_filter ] --END-- [ RunTime:0.000112s ]
NOTIC: [8] Undefined variable: ip D:\www\xiaowu\application\Runtime\Cache\Home\e2a93b8feec5db26f04714ce90710a40.php 第 163 行.
NOTIC: [8] Undefined index: num D:\www\xiaowu\application\Runtime\Cache\Home\e2a93b8feec5db26f04714ce90710a40.php 第 169 行.
NOTIC: [2] Illegal string offset '' D:\www\xiaowu\application\Runtime\Cache\Home\e2a93b8feec5db26f04714ce90710a40.php 第 196 行.
INFO: Run Behavior\ParseTemplateBehavior [ RunTime:0.012991s ]
INFO: [ view_parse ] --END-- [ RunTime:0.013034s ]
INFO: [ view_filter ] --START--
INFO: Run Behavior\WriteHtmlCacheBehavior [ RunTime:0.000337s ]
INFO: [ view_filter ] --END-- [ RunTime:0.000379s ]
INFO: [ app_end ] --START--
INFO: Run Behavior\ShowPageTraceBehavior [ RunTime:0.000805s ]
INFO: [ app_end ] --END-- [ RunTime:0.000848s ]

[ 2017-05-22T17:27:07+08:00 ] 127.0.0.1 /xiaowu/index.php/Compose/search.html
INFO: [ app_init ] --START--
INFO: Run Behavior\BuildLiteBehavior [ RunTime:0.000015s ]
INFO: [ app_init ] --END-- [ RunTime:0.000425s ]
INFO: [ app_begin ] --START--
INFO: Run Behavior\ReadHtmlCacheBehavior [ RunTime:0.000933s ]
INFO: [ app_begin ] --END-- [ RunTime:0.000982s ]
SQL: SHOW COLUMNS FROM `book_type` [ RunTime:0.006966s ]
SQL: SELECT * FROM `book_type`  [ RunTime:0.000247s ]
SQL: SHOW COLUMNS FROM `book` [ RunTime:0.003352s ]
SQL: SELECT * FROM `book` WHERE ( name like '%点%' )  [ RunTime:0.000174s ]
SQL: SHOW COLUMNS FROM `cart` [ RunTime:0.003408s ]
SQL: SELECT SUM(num) AS tp_sum FROM `cart` WHERE ( ip='127.0.0.1' ) LIMIT 1   [ RunTime:0.000208s ]
SQL: SELECT * FROM `cart` WHERE ( ip='127.0.0.1' )  [ RunTime:0.000242s ]
INFO: [ view_parse ] --START--
INFO: [ template_filter ] --START--
INFO: Run Behavior\ContentReplaceBehavior [ RunTime:0.000061s ]
INFO: [ template_filter ] --END-- [ RunTime:0.000113s ]
NOTIC: [8] Undefined variable: ip D:\www\xiaowu\application\Runtime\Cache\Home\e2a93b8feec5db26f04714ce90710a40.php 第 163 行.
NOTIC: [8] Undefined index: num D:\www\xiaowu\application\Runtime\Cache\Home\e2a93b8feec5db26f04714ce90710a40.php 第 169 行.
NOTIC: [2] Illegal string offset '' D:\www\xiaowu\application\Runtime\Cache\Home\e2a93b8feec5db26f04714ce90710a40.php 第 196 行.
INFO: Run Behavior\ParseTemplateBehavior [ RunTime:0.011894s ]
INFO: [ view_parse ] --END-- [ RunTime:0.011946s ]
INFO: [ view_filter ] --START--
INFO: Run Behavior\WriteHtmlCacheBehavior [ RunTime:0.000435s ]
INFO: [ view_filter ] --END-- [ RunTime:0.000463s ]
INFO: [ app_end ] --START--
INFO: Run Behavior\ShowPageTraceBehavior [ RunTime:0.000809s ]
INFO: [ app_end ] --END-- [ RunTime:0.000870s ]

[ 2017-05-22T17:27:09+08:00 ] 127.0.0.1 /xiaowu/index.php/Compose/cart?id=6&num=0&nums=0
INFO: [ app_init ] --START--
INFO: Run Behavior\BuildLiteBehavior [ RunTime:0.000011s ]
INFO: [ app_init ] --END-- [ RunTime:0.000311s ]
INFO: [ app_begin ] --START--
INFO: Run Behavior\ReadHtmlCacheBehavior [ RunTime:0.000693s ]
INFO: [ app_begin ] --END-- [ RunTime:0.000731s ]
SQL: SHOW COLUMNS FROM `book` [ RunTime:0.003466s ]
SQL: SELECT * FROM `book` WHERE ( id=6 ) LIMIT 1   [ RunTime:0.000153s ]
SQL: SHOW COLUMNS FROM `cart` [ RunTime:0.003451s ]
SQL: SELECT * FROM `cart` WHERE ( uid='6' ) LIMIT 1   [ RunTime:0.000342s ]
SQL: 	update cart set num='0' where uid=6 [ RunTime:0.054438s ]
SQL: DELETE FROM `cart` WHERE ( uid=6 ) [ RunTime:0.028895s ]
SQL: SELECT * FROM `cart`  [ RunTime:0.000242s ]
NOTIC: [2] Invalid argument supplied for foreach() D:\www\xiaowu\application\Home\Controller\ComposeController.class.php 第 77 行.
INFO: [ app_end ] --START--
INFO: Run Behavior\ShowPageTraceBehavior [ RunTime:0.000796s ]
INFO: [ app_end ] --END-- [ RunTime:0.000844s ]

[ 2017-05-22T17:27:11+08:00 ] 127.0.0.1 /xiaowu/index.php/Compose/search.html
INFO: [ app_init ] --START--
INFO: Run Behavior\BuildLiteBehavior [ RunTime:0.000011s ]
INFO: [ app_init ] --END-- [ RunTime:0.000303s ]
INFO: [ app_begin ] --START--
INFO: Run Behavior\ReadHtmlCacheBehavior [ RunTime:0.000592s ]
INFO: [ app_begin ] --END-- [ RunTime:0.000628s ]
SQL: SHOW COLUMNS FROM `book_type` [ RunTime:0.006798s ]
SQL: SELECT * FROM `book_type`  [ RunTime:0.000216s ]
SQL: SHOW COLUMNS FROM `book` [ RunTime:0.003071s ]
SQL: SELECT * FROM `book` WHERE ( name like '%点%' )  [ RunTime:0.000179s ]
SQL: SHOW COLUMNS FROM `cart` [ RunTime:0.003483s ]
SQL: SELECT SUM(num) AS tp_sum FROM `cart` WHERE ( ip='127.0.0.1' ) LIMIT 1   [ RunTime:0.000293s ]
SQL: SELECT * FROM `cart` WHERE ( ip='127.0.0.1' )  [ RunTime:0.000146s ]
INFO: [ view_parse ] --START--
INFO: [ template_filter ] --START--
INFO: Run Behavior\ContentReplaceBehavior [ RunTime:0.000064s ]
INFO: [ template_filter ] --END-- [ RunTime:0.000102s ]
NOTIC: [8] Undefined variable: ip D:\www\xiaowu\application\Runtime\Cache\Home\e2a93b8feec5db26f04714ce90710a40.php 第 163 行.
NOTIC: [8] Undefined index: num D:\www\xiaowu\application\Runtime\Cache\Home\e2a93b8feec5db26f04714ce90710a40.php 第 169 行.
INFO: Run Behavior\ParseTemplateBehavior [ RunTime:0.012525s ]
INFO: [ view_parse ] --END-- [ RunTime:0.012579s ]
INFO: [ view_filter ] --START--
INFO: Run Behavior\WriteHtmlCacheBehavior [ RunTime:0.000562s ]
INFO: [ view_filter ] --END-- [ RunTime:0.000599s ]
INFO: [ app_end ] --START--
INFO: Run Behavior\ShowPageTraceBehavior [ RunTime:0.000940s ]
INFO: [ app_end ] --END-- [ RunTime:0.000983s ]

[ 2017-05-22T17:29:43+08:00 ] 127.0.0.1 /xiaowu/index.php/Compose/search.html
INFO: [ app_init ] --START--
INFO: Run Behavior\BuildLiteBehavior [ RunTime:0.000015s ]
INFO: [ app_init ] --END-- [ RunTime:0.000556s ]
INFO: [ app_begin ] --START--
INFO: Run Behavior\ReadHtmlCacheBehavior [ RunTime:0.002322s ]
INFO: [ app_begin ] --END-- [ RunTime:0.002416s ]
SQL: SHOW COLUMNS FROM `book_type` [ RunTime:0.006931s ]
SQL: SELECT * FROM `book_type`  [ RunTime:0.000167s ]
SQL: SHOW COLUMNS FROM `book` [ RunTime:0.004201s ]
SQL: SELECT * FROM `book` WHERE ( name like '%点%' )  [ RunTime:0.000175s ]
SQL: SHOW COLUMNS FROM `cart` [ RunTime:0.003476s ]
SQL: SELECT SUM(num) AS tp_sum FROM `cart` WHERE ( ip='127.0.0.1' ) LIMIT 1   [ RunTime:0.000168s ]
SQL: SELECT * FROM `cart` WHERE ( ip='127.0.0.1' )  [ RunTime:0.000097s ]
INFO: [ view_parse ] --START--
INFO: [ template_filter ] --START--
INFO: Run Behavior\ContentReplaceBehavior [ RunTime:0.000088s ]
INFO: [ template_filter ] --END-- [ RunTime:0.000139s ]
NOTIC: [8] Undefined variable: ip D:\www\xiaowu\application\Runtime\Cache\Home\e2a93b8feec5db26f04714ce90710a40.php 第 163 行.
INFO: Run Behavior\ParseTemplateBehavior [ RunTime:0.012327s ]
INFO: [ view_parse ] --END-- [ RunTime:0.012368s ]
INFO: [ view_filter ] --START--
INFO: Run Behavior\WriteHtmlCacheBehavior [ RunTime:0.000512s ]
INFO: [ view_filter ] --END-- [ RunTime:0.000560s ]
INFO: [ app_end ] --START--
INFO: Run Behavior\ShowPageTraceBehavior [ RunTime:0.001092s ]
INFO: [ app_end ] --END-- [ RunTime:0.001157s ]

[ 2017-05-22T17:29:45+08:00 ] 127.0.0.1 /xiaowu/index.php/Compose/search.html
INFO: [ app_init ] --START--
INFO: Run Behavior\BuildLiteBehavior [ RunTime:0.000015s ]
INFO: [ app_init ] --END-- [ RunTime:0.000444s ]
INFO: [ app_begin ] --START--
INFO: Run Behavior\ReadHtmlCacheBehavior [ RunTime:0.000627s ]
INFO: [ app_begin ] --END-- [ RunTime:0.000661s ]
SQL: SHOW COLUMNS FROM `book_type` [ RunTime:0.008172s ]
SQL: SELECT * FROM `book_type`  [ RunTime:0.000143s ]
SQL: SHOW COLUMNS FROM `book` [ RunTime:0.003774s ]
SQL: SELECT * FROM `book` WHERE ( name like '%点%' )  [ RunTime:0.000201s ]
SQL: SHOW COLUMNS FROM `cart` [ RunTime:0.003403s ]
SQL: SELECT SUM(num) AS tp_sum FROM `cart` WHERE ( ip='127.0.0.1' ) LIMIT 1   [ RunTime:0.000118s ]
SQL: SELECT * FROM `cart` WHERE ( ip='127.0.0.1' )  [ RunTime:0.000083s ]
INFO: [ view_parse ] --START--
INFO: [ template_filter ] --START--
INFO: Run Behavior\ContentReplaceBehavior [ RunTime:0.000066s ]
INFO: [ template_filter ] --END-- [ RunTime:0.000121s ]
NOTIC: [8] Undefined variable: ip D:\www\xiaowu\application\Runtime\Cache\Home\e2a93b8feec5db26f04714ce90710a40.php 第 163 行.
INFO: Run Behavior\ParseTemplateBehavior [ RunTime:0.011975s ]
INFO: [ view_parse ] --END-- [ RunTime:0.012016s ]
INFO: [ view_filter ] --START--
INFO: Run Behavior\WriteHtmlCacheBehavior [ RunTime:0.000386s ]
INFO: [ view_filter ] --END-- [ RunTime:0.000413s ]
INFO: [ app_end ] --START--
INFO: Run Behavior\ShowPageTraceBehavior [ RunTime:0.000739s ]
INFO: [ app_end ] --END-- [ RunTime:0.000774s ]

