[ 2017-05-14T13:29:49+08:00 ] 127.0.0.1 /xiaowu/
INFO: [ app_init ] --START--
INFO: Run Behavior\BuildLiteBehavior [ RunTime:0.000014s ]
INFO: [ app_init ] --END-- [ RunTime:0.008267s ]
INFO: [ app_begin ] --START--
INFO: Run Behavior\ReadHtmlCacheBehavior [ RunTime:0.000886s ]
INFO: [ app_begin ] --END-- [ RunTime:0.000925s ]
INFO: [ view_parse ] --START--
INFO: [ template_filter ] --START--
INFO: Run Behavior\ContentReplaceBehavior [ RunTime:0.000076s ]
INFO: [ template_filter ] --END-- [ RunTime:0.000115s ]
INFO: Run Behavior\ParseTemplateBehavior [ RunTime:0.074828s ]
INFO: [ view_parse ] --END-- [ RunTime:0.074877s ]
INFO: [ view_filter ] --START--
INFO: Run Behavior\WriteHtmlCacheBehavior [ RunTime:0.014756s ]
INFO: [ view_filter ] --END-- [ RunTime:0.014806s ]
INFO: [ app_end ] --START--
INFO: Run Behavior\ShowPageTraceBehavior [ RunTime:0.001205s ]
INFO: [ app_end ] --END-- [ RunTime:0.001263s ]

[ 2017-05-14T13:29:55+08:00 ] 127.0.0.1 /xiaowu/index.php/Compose/index.html
INFO: [ app_init ] --START--
INFO: Run Behavior\BuildLiteBehavior [ RunTime:0.000015s ]
INFO: [ app_init ] --END-- [ RunTime:0.000505s ]
INFO: [ app_begin ] --START--
INFO: Run Behavior\ReadHtmlCacheBehavior [ RunTime:0.000966s ]
INFO: [ app_begin ] --END-- [ RunTime:0.001120s ]
SQL: SELECT bk.id AS bid,bk.name AS bname,b.*,c.uid,c.num,c.ip FROM book_type AS bk INNER JOIN book AS b ON b.tid=bk.id LEFT JOIN cart AS c ON c.uid=b.id  [ RunTime:0.017387s ]
SQL: SHOW COLUMNS FROM `cart` [ RunTime:0.096909s ]
SQL: SELECT * FROM `cart` WHERE ( ip='127.0.0.1' )  [ RunTime:0.000285s ]
INFO: [ view_parse ] --START--
INFO: [ template_filter ] --START--
INFO: Run Behavior\ContentReplaceBehavior [ RunTime:0.000129s ]
INFO: [ template_filter ] --END-- [ RunTime:0.000196s ]
INFO: Run Behavior\ParseTemplateBehavior [ RunTime:0.035902s ]
INFO: [ view_parse ] --END-- [ RunTime:0.036047s ]
INFO: [ view_filter ] --START--
INFO: Run Behavior\WriteHtmlCacheBehavior [ RunTime:0.000630s ]
INFO: [ view_filter ] --END-- [ RunTime:0.000681s ]
INFO: [ app_end ] --START--
INFO: Run Behavior\ShowPageTraceBehavior [ RunTime:0.000867s ]
INFO: [ app_end ] --END-- [ RunTime:0.000925s ]

[ 2017-05-14T13:29:59+08:00 ] 127.0.0.1 /xiaowu/index.php/Compose/cart?id=10&num=
INFO: [ app_init ] --START--
INFO: Run Behavior\BuildLiteBehavior [ RunTime:0.000010s ]
INFO: [ app_init ] --END-- [ RunTime:0.000271s ]
INFO: [ app_begin ] --START--
INFO: Run Behavior\ReadHtmlCacheBehavior [ RunTime:0.000445s ]
INFO: [ app_begin ] --END-- [ RunTime:0.000473s ]
SQL: SHOW COLUMNS FROM `book` [ RunTime:0.003704s ]
SQL: SELECT * FROM `book` WHERE ( id=10 ) LIMIT 1   [ RunTime:0.000165s ]
SQL: SHOW COLUMNS FROM `cart` [ RunTime:0.092915s ]
SQL: SELECT * FROM `cart` WHERE ( uid='10' ) LIMIT 1   [ RunTime:0.288321s ]
SQL: insert cart (uid,name,num,ip) value ('10','电视剧','','127.0.0.1') [ RunTime:0.208698s ]
SQL: DELETE FROM `cart` WHERE ( uid=10 ) [ RunTime:0.177688s ]
SQL: SELECT * FROM `cart`  [ RunTime:0.000232s ]
NOTIC: [2] Invalid argument supplied for foreach() D:\www\xiaowu\application\Home\Controller\ComposeController.class.php 第 61 行.
INFO: [ app_end ] --START--
INFO: Run Behavior\ShowPageTraceBehavior [ RunTime:0.000589s ]
INFO: [ app_end ] --END-- [ RunTime:0.000620s ]

[ 2017-05-14T13:30:01+08:00 ] 127.0.0.1 /xiaowu/index.php/Compose/cart?id=10&num=1
INFO: [ app_init ] --START--
INFO: Run Behavior\BuildLiteBehavior [ RunTime:0.000011s ]
INFO: [ app_init ] --END-- [ RunTime:0.000283s ]
INFO: [ app_begin ] --START--
INFO: Run Behavior\ReadHtmlCacheBehavior [ RunTime:0.000522s ]
INFO: [ app_begin ] --END-- [ RunTime:0.000565s ]
SQL: SHOW COLUMNS FROM `book` [ RunTime:0.004765s ]
SQL: SELECT * FROM `book` WHERE ( id=10 ) LIMIT 1   [ RunTime:0.000142s ]
SQL: SHOW COLUMNS FROM `cart` [ RunTime:0.004355s ]
SQL: SELECT * FROM `cart` WHERE ( uid='10' ) LIMIT 1   [ RunTime:0.000258s ]
SQL: insert cart (uid,name,num,ip) value ('10','电视剧','1','127.0.0.1') [ RunTime:0.095076s ]
SQL: SELECT * FROM `cart`  [ RunTime:0.000466s ]
NOTIC: [8] Use of undefined constant name - assumed 'name' D:\www\xiaowu\application\Home\Controller\ComposeController.class.php 第 65 行.
NOTIC: [8] Use of undefined constant uid - assumed 'uid' D:\www\xiaowu\application\Home\Controller\ComposeController.class.php 第 67 行.
NOTIC: [8] Use of undefined constant uid - assumed 'uid' D:\www\xiaowu\application\Home\Controller\ComposeController.class.php 第 68 行.
NOTIC: [8] Use of undefined constant uid - assumed 'uid' D:\www\xiaowu\application\Home\Controller\ComposeController.class.php 第 70 行.
NOTIC: [8] Use of undefined constant num - assumed 'num' D:\www\xiaowu\application\Home\Controller\ComposeController.class.php 第 70 行.
NOTIC: [8] Use of undefined constant uid - assumed 'uid' D:\www\xiaowu\application\Home\Controller\ComposeController.class.php 第 71 行.
INFO: [ app_end ] --START--
INFO: Run Behavior\ShowPageTraceBehavior [ RunTime:0.001374s ]
INFO: [ app_end ] --END-- [ RunTime:0.001451s ]

[ 2017-05-14T13:30:04+08:00 ] 127.0.0.1 /xiaowu/index.php/Compose/cart?id=10&num=2
INFO: [ app_init ] --START--
INFO: Run Behavior\BuildLiteBehavior [ RunTime:0.000015s ]
INFO: [ app_init ] --END-- [ RunTime:0.000412s ]
INFO: [ app_begin ] --START--
INFO: Run Behavior\ReadHtmlCacheBehavior [ RunTime:0.000631s ]
INFO: [ app_begin ] --END-- [ RunTime:0.000680s ]
SQL: SHOW COLUMNS FROM `book` [ RunTime:0.004647s ]
SQL: SELECT * FROM `book` WHERE ( id=10 ) LIMIT 1   [ RunTime:0.000130s ]
SQL: SHOW COLUMNS FROM `cart` [ RunTime:0.003376s ]
SQL: SELECT * FROM `cart` WHERE ( uid='10' ) LIMIT 1   [ RunTime:0.015887s ]
SQL: update cart set num='2' where uid=10 [ RunTime:0.128870s ]
SQL: SELECT * FROM `cart`  [ RunTime:0.000337s ]
NOTIC: [8] Use of undefined constant name - assumed 'name' D:\www\xiaowu\application\Home\Controller\ComposeController.class.php 第 65 行.
NOTIC: [8] Use of undefined constant uid - assumed 'uid' D:\www\xiaowu\application\Home\Controller\ComposeController.class.php 第 67 行.
NOTIC: [8] Use of undefined constant uid - assumed 'uid' D:\www\xiaowu\application\Home\Controller\ComposeController.class.php 第 68 行.
NOTIC: [8] Use of undefined constant uid - assumed 'uid' D:\www\xiaowu\application\Home\Controller\ComposeController.class.php 第 70 行.
NOTIC: [8] Use of undefined constant num - assumed 'num' D:\www\xiaowu\application\Home\Controller\ComposeController.class.php 第 70 行.
NOTIC: [8] Use of undefined constant uid - assumed 'uid' D:\www\xiaowu\application\Home\Controller\ComposeController.class.php 第 71 行.
INFO: [ app_end ] --START--
INFO: Run Behavior\ShowPageTraceBehavior [ RunTime:0.000784s ]
INFO: [ app_end ] --END-- [ RunTime:0.000825s ]

[ 2017-05-14T13:30:04+08:00 ] 127.0.0.1 /xiaowu/index.php/Compose/cart?id=10&num=3
INFO: [ app_init ] --START--
INFO: Run Behavior\BuildLiteBehavior [ RunTime:0.000010s ]
INFO: [ app_init ] --END-- [ RunTime:0.000294s ]
INFO: [ app_begin ] --START--
INFO: Run Behavior\ReadHtmlCacheBehavior [ RunTime:0.000432s ]
INFO: [ app_begin ] --END-- [ RunTime:0.000461s ]
SQL: SHOW COLUMNS FROM `book` [ RunTime:0.003923s ]
SQL: SELECT * FROM `book` WHERE ( id=10 ) LIMIT 1   [ RunTime:0.000152s ]
SQL: SHOW COLUMNS FROM `cart` [ RunTime:0.003324s ]
SQL: SELECT * FROM `cart` WHERE ( uid='10' ) LIMIT 1   [ RunTime:0.000285s ]
SQL: update cart set num='3' where uid=10 [ RunTime:0.069677s ]
SQL: SELECT * FROM `cart`  [ RunTime:0.000232s ]
NOTIC: [8] Use of undefined constant name - assumed 'name' D:\www\xiaowu\application\Home\Controller\ComposeController.class.php 第 65 行.
NOTIC: [8] Use of undefined constant uid - assumed 'uid' D:\www\xiaowu\application\Home\Controller\ComposeController.class.php 第 67 行.
NOTIC: [8] Use of undefined constant uid - assumed 'uid' D:\www\xiaowu\application\Home\Controller\ComposeController.class.php 第 68 行.
NOTIC: [8] Use of undefined constant uid - assumed 'uid' D:\www\xiaowu\application\Home\Controller\ComposeController.class.php 第 70 行.
NOTIC: [8] Use of undefined constant num - assumed 'num' D:\www\xiaowu\application\Home\Controller\ComposeController.class.php 第 70 行.
NOTIC: [8] Use of undefined constant uid - assumed 'uid' D:\www\xiaowu\application\Home\Controller\ComposeController.class.php 第 71 行.
INFO: [ app_end ] --START--
INFO: Run Behavior\ShowPageTraceBehavior [ RunTime:0.000504s ]
INFO: [ app_end ] --END-- [ RunTime:0.000531s ]

[ 2017-05-14T13:30:05+08:00 ] 127.0.0.1 /xiaowu/index.php/Compose/cart?id=10&num=4
INFO: [ app_init ] --START--
INFO: Run Behavior\BuildLiteBehavior [ RunTime:0.000010s ]
INFO: [ app_init ] --END-- [ RunTime:0.000299s ]
INFO: [ app_begin ] --START--
INFO: Run Behavior\ReadHtmlCacheBehavior [ RunTime:0.000388s ]
INFO: [ app_begin ] --END-- [ RunTime:0.000418s ]
SQL: SHOW COLUMNS FROM `book` [ RunTime:0.003680s ]
SQL: SELECT * FROM `book` WHERE ( id=10 ) LIMIT 1   [ RunTime:0.000208s ]
SQL: SHOW COLUMNS FROM `cart` [ RunTime:0.003491s ]
SQL: SELECT * FROM `cart` WHERE ( uid='10' ) LIMIT 1   [ RunTime:0.000291s ]
SQL: update cart set num='4' where uid=10 [ RunTime:0.066285s ]
SQL: SELECT * FROM `cart`  [ RunTime:0.000269s ]
NOTIC: [8] Use of undefined constant name - assumed 'name' D:\www\xiaowu\application\Home\Controller\ComposeController.class.php 第 65 行.
NOTIC: [8] Use of undefined constant uid - assumed 'uid' D:\www\xiaowu\application\Home\Controller\ComposeController.class.php 第 67 行.
NOTIC: [8] Use of undefined constant uid - assumed 'uid' D:\www\xiaowu\application\Home\Controller\ComposeController.class.php 第 68 行.
NOTIC: [8] Use of undefined constant uid - assumed 'uid' D:\www\xiaowu\application\Home\Controller\ComposeController.class.php 第 70 行.
NOTIC: [8] Use of undefined constant num - assumed 'num' D:\www\xiaowu\application\Home\Controller\ComposeController.class.php 第 70 行.
NOTIC: [8] Use of undefined constant uid - assumed 'uid' D:\www\xiaowu\application\Home\Controller\ComposeController.class.php 第 71 行.
INFO: [ app_end ] --START--
INFO: Run Behavior\ShowPageTraceBehavior [ RunTime:0.000573s ]
INFO: [ app_end ] --END-- [ RunTime:0.000602s ]

[ 2017-05-14T13:30:08+08:00 ] 127.0.0.1 /xiaowu/index.php/Compose/index.html
INFO: [ app_init ] --START--
INFO: Run Behavior\BuildLiteBehavior [ RunTime:0.000016s ]
INFO: [ app_init ] --END-- [ RunTime:0.000397s ]
INFO: [ app_begin ] --START--
INFO: Run Behavior\ReadHtmlCacheBehavior [ RunTime:0.000530s ]
INFO: [ app_begin ] --END-- [ RunTime:0.000570s ]
SQL: SELECT bk.id AS bid,bk.name AS bname,b.*,c.uid,c.num,c.ip FROM book_type AS bk INNER JOIN book AS b ON b.tid=bk.id LEFT JOIN cart AS c ON c.uid=b.id  [ RunTime:0.035838s ]
SQL: SHOW COLUMNS FROM `cart` [ RunTime:0.021520s ]
SQL: SELECT * FROM `cart` WHERE ( ip='127.0.0.1' )  [ RunTime:0.000260s ]
INFO: [ view_parse ] --START--
INFO: [ template_filter ] --START--
INFO: Run Behavior\ContentReplaceBehavior [ RunTime:0.000067s ]
INFO: [ template_filter ] --END-- [ RunTime:0.000106s ]
NOTIC: [2] Illegal string offset '' D:\www\xiaowu\application\Runtime\Cache\Home\eb18aac141bca66bd6a4fde7b3536eba.php 第 207 行.
INFO: Run Behavior\ParseTemplateBehavior [ RunTime:0.009696s ]
INFO: [ view_parse ] --END-- [ RunTime:0.009729s ]
INFO: [ view_filter ] --START--
INFO: Run Behavior\WriteHtmlCacheBehavior [ RunTime:0.000179s ]
INFO: [ view_filter ] --END-- [ RunTime:0.000206s ]
INFO: [ app_end ] --START--
INFO: Run Behavior\ShowPageTraceBehavior [ RunTime:0.000446s ]
INFO: [ app_end ] --END-- [ RunTime:0.000485s ]

[ 2017-05-14T16:03:22+08:00 ] 127.0.0.1 /xiaowu/index.php/Compose/cart?id=13&num=
INFO: [ app_init ] --START--
INFO: Run Behavior\BuildLiteBehavior [ RunTime:0.015162s ]
INFO: [ app_init ] --END-- [ RunTime:0.063322s ]
INFO: [ app_begin ] --START--
INFO: Run Behavior\ReadHtmlCacheBehavior [ RunTime:0.008584s ]
INFO: [ app_begin ] --END-- [ RunTime:0.008695s ]
SQL: SHOW COLUMNS FROM `book` [ RunTime:0.117895s ]
SQL: SELECT * FROM `book` WHERE ( id=13 ) LIMIT 1   [ RunTime:0.000296s ]
SQL: SHOW COLUMNS FROM `cart` [ RunTime:0.003016s ]
SQL: SELECT * FROM `cart` WHERE ( uid='13' ) LIMIT 1   [ RunTime:0.020023s ]
SQL: insert cart (uid,name,num,ip) value ('13','上善若水','','127.0.0.1') [ RunTime:0.159691s ]
SQL: DELETE FROM `cart` WHERE ( uid=13 ) [ RunTime:0.085096s ]
SQL: SELECT * FROM `cart`  [ RunTime:0.000433s ]
NOTIC: [8] Use of undefined constant name - assumed 'name' D:\www\xiaowu\application\Home\Controller\ComposeController.class.php 第 65 行.
NOTIC: [8] Use of undefined constant uid - assumed 'uid' D:\www\xiaowu\application\Home\Controller\ComposeController.class.php 第 67 行.
NOTIC: [8] Use of undefined constant uid - assumed 'uid' D:\www\xiaowu\application\Home\Controller\ComposeController.class.php 第 68 行.
NOTIC: [8] Use of undefined constant uid - assumed 'uid' D:\www\xiaowu\application\Home\Controller\ComposeController.class.php 第 70 行.
NOTIC: [8] Use of undefined constant num - assumed 'num' D:\www\xiaowu\application\Home\Controller\ComposeController.class.php 第 70 行.
NOTIC: [8] Use of undefined constant uid - assumed 'uid' D:\www\xiaowu\application\Home\Controller\ComposeController.class.php 第 71 行.
INFO: [ app_end ] --START--
INFO: Run Behavior\ShowPageTraceBehavior [ RunTime:0.013940s ]
INFO: [ app_end ] --END-- [ RunTime:0.013982s ]

[ 2017-05-14T16:03:22+08:00 ] 127.0.0.1 /xiaowu/index.php/Compose/cart?id=14&num=
INFO: [ app_init ] --START--
INFO: Run Behavior\BuildLiteBehavior [ RunTime:0.000012s ]
INFO: [ app_init ] --END-- [ RunTime:0.000533s ]
INFO: [ app_begin ] --START--
INFO: Run Behavior\ReadHtmlCacheBehavior [ RunTime:0.000538s ]
INFO: [ app_begin ] --END-- [ RunTime:0.000570s ]
SQL: SHOW COLUMNS FROM `book` [ RunTime:0.005734s ]
SQL: SELECT * FROM `book` WHERE ( id=14 ) LIMIT 1   [ RunTime:0.000181s ]
SQL: SHOW COLUMNS FROM `cart` [ RunTime:0.004978s ]
SQL: SELECT * FROM `cart` WHERE ( uid='14' ) LIMIT 1   [ RunTime:0.000360s ]
SQL: insert cart (uid,name,num,ip) value ('14','电弧焊','','127.0.0.1') [ RunTime:0.167595s ]
SQL: DELETE FROM `cart` WHERE ( uid=14 ) [ RunTime:0.038217s ]
SQL: SELECT * FROM `cart`  [ RunTime:0.000403s ]
NOTIC: [8] Use of undefined constant name - assumed 'name' D:\www\xiaowu\application\Home\Controller\ComposeController.class.php 第 65 行.
NOTIC: [8] Use of undefined constant uid - assumed 'uid' D:\www\xiaowu\application\Home\Controller\ComposeController.class.php 第 67 行.
NOTIC: [8] Use of undefined constant uid - assumed 'uid' D:\www\xiaowu\application\Home\Controller\ComposeController.class.php 第 68 行.
NOTIC: [8] Use of undefined constant uid - assumed 'uid' D:\www\xiaowu\application\Home\Controller\ComposeController.class.php 第 70 行.
NOTIC: [8] Use of undefined constant num - assumed 'num' D:\www\xiaowu\application\Home\Controller\ComposeController.class.php 第 70 行.
NOTIC: [8] Use of undefined constant uid - assumed 'uid' D:\www\xiaowu\application\Home\Controller\ComposeController.class.php 第 71 行.
INFO: [ app_end ] --START--
INFO: Run Behavior\ShowPageTraceBehavior [ RunTime:0.000762s ]
INFO: [ app_end ] --END-- [ RunTime:0.000813s ]

[ 2017-05-14T16:03:25+08:00 ] 127.0.0.1 /xiaowu/index.php/Compose/cart?id=8&num=
INFO: [ app_init ] --START--
INFO: Run Behavior\BuildLiteBehavior [ RunTime:0.000010s ]
INFO: [ app_init ] --END-- [ RunTime:0.000269s ]
INFO: [ app_begin ] --START--
INFO: Run Behavior\ReadHtmlCacheBehavior [ RunTime:0.000410s ]
INFO: [ app_begin ] --END-- [ RunTime:0.000441s ]
SQL: SHOW COLUMNS FROM `book` [ RunTime:0.003511s ]
SQL: SELECT * FROM `book` WHERE ( id=8 ) LIMIT 1   [ RunTime:0.000227s ]
SQL: SHOW COLUMNS FROM `cart` [ RunTime:0.003211s ]
SQL: SELECT * FROM `cart` WHERE ( uid='8' ) LIMIT 1   [ RunTime:0.000312s ]
SQL: insert cart (uid,name,num,ip) value ('8','力抗老化 ','','127.0.0.1') [ RunTime:0.047226s ]
SQL: DELETE FROM `cart` WHERE ( uid=8 ) [ RunTime:0.030257s ]
SQL: SELECT * FROM `cart`  [ RunTime:0.000233s ]
NOTIC: [8] Use of undefined constant name - assumed 'name' D:\www\xiaowu\application\Home\Controller\ComposeController.class.php 第 65 行.
NOTIC: [8] Use of undefined constant uid - assumed 'uid' D:\www\xiaowu\application\Home\Controller\ComposeController.class.php 第 67 行.
NOTIC: [8] Use of undefined constant uid - assumed 'uid' D:\www\xiaowu\application\Home\Controller\ComposeController.class.php 第 68 行.
NOTIC: [8] Use of undefined constant uid - assumed 'uid' D:\www\xiaowu\application\Home\Controller\ComposeController.class.php 第 70 行.
NOTIC: [8] Use of undefined constant num - assumed 'num' D:\www\xiaowu\application\Home\Controller\ComposeController.class.php 第 70 行.
NOTIC: [8] Use of undefined constant uid - assumed 'uid' D:\www\xiaowu\application\Home\Controller\ComposeController.class.php 第 71 行.
INFO: [ app_end ] --START--
INFO: Run Behavior\ShowPageTraceBehavior [ RunTime:0.001115s ]
INFO: [ app_end ] --END-- [ RunTime:0.001141s ]

[ 2017-05-14T16:03:25+08:00 ] 127.0.0.1 /xiaowu/index.php/Compose/cart?id=15&num=
INFO: [ app_init ] --START--
INFO: Run Behavior\BuildLiteBehavior [ RunTime:0.000010s ]
INFO: [ app_init ] --END-- [ RunTime:0.000302s ]
INFO: [ app_begin ] --START--
INFO: Run Behavior\ReadHtmlCacheBehavior [ RunTime:0.000420s ]
INFO: [ app_begin ] --END-- [ RunTime:0.000451s ]
SQL: SHOW COLUMNS FROM `book` [ RunTime:0.003716s ]
SQL: SELECT * FROM `book` WHERE ( id=15 ) LIMIT 1   [ RunTime:0.000222s ]
SQL: SHOW COLUMNS FROM `cart` [ RunTime:0.003446s ]
SQL: SELECT * FROM `cart` WHERE ( uid='15' ) LIMIT 1   [ RunTime:0.000293s ]
SQL: insert cart (uid,name,num,ip) value ('15','本草纲目','','127.0.0.1') [ RunTime:0.067490s ]
SQL: DELETE FROM `cart` WHERE ( uid=15 ) [ RunTime:0.029056s ]
SQL: SELECT * FROM `cart`  [ RunTime:0.000278s ]
NOTIC: [8] Use of undefined constant name - assumed 'name' D:\www\xiaowu\application\Home\Controller\ComposeController.class.php 第 65 行.
NOTIC: [8] Use of undefined constant uid - assumed 'uid' D:\www\xiaowu\application\Home\Controller\ComposeController.class.php 第 67 行.
NOTIC: [8] Use of undefined constant uid - assumed 'uid' D:\www\xiaowu\application\Home\Controller\ComposeController.class.php 第 68 行.
NOTIC: [8] Use of undefined constant uid - assumed 'uid' D:\www\xiaowu\application\Home\Controller\ComposeController.class.php 第 70 行.
NOTIC: [8] Use of undefined constant num - assumed 'num' D:\www\xiaowu\application\Home\Controller\ComposeController.class.php 第 70 行.
NOTIC: [8] Use of undefined constant uid - assumed 'uid' D:\www\xiaowu\application\Home\Controller\ComposeController.class.php 第 71 行.
INFO: [ app_end ] --START--
INFO: Run Behavior\ShowPageTraceBehavior [ RunTime:0.000546s ]
INFO: [ app_end ] --END-- [ RunTime:0.000579s ]

[ 2017-05-14T16:03:27+08:00 ] 127.0.0.1 /xiaowu/index.php/Compose/cart?id=4&num=
INFO: [ app_init ] --START--
INFO: Run Behavior\BuildLiteBehavior [ RunTime:0.000015s ]
INFO: [ app_init ] --END-- [ RunTime:0.000338s ]
INFO: [ app_begin ] --START--
INFO: Run Behavior\ReadHtmlCacheBehavior [ RunTime:0.000439s ]
INFO: [ app_begin ] --END-- [ RunTime:0.000470s ]
SQL: SHOW COLUMNS FROM `book` [ RunTime:0.003546s ]
SQL: SELECT * FROM `book` WHERE ( id=4 ) LIMIT 1   [ RunTime:0.000267s ]
SQL: SHOW COLUMNS FROM `cart` [ RunTime:0.003246s ]
SQL: SELECT * FROM `cart` WHERE ( uid='4' ) LIMIT 1   [ RunTime:0.000307s ]
SQL: insert cart (uid,name,num,ip) value ('4','本草干么','','127.0.0.1') [ RunTime:0.053689s ]
SQL: DELETE FROM `cart` WHERE ( uid=4 ) [ RunTime:0.033283s ]
SQL: SELECT * FROM `cart`  [ RunTime:0.000284s ]
NOTIC: [8] Use of undefined constant name - assumed 'name' D:\www\xiaowu\application\Home\Controller\ComposeController.class.php 第 65 行.
NOTIC: [8] Use of undefined constant uid - assumed 'uid' D:\www\xiaowu\application\Home\Controller\ComposeController.class.php 第 67 行.
NOTIC: [8] Use of undefined constant uid - assumed 'uid' D:\www\xiaowu\application\Home\Controller\ComposeController.class.php 第 68 行.
NOTIC: [8] Use of undefined constant uid - assumed 'uid' D:\www\xiaowu\application\Home\Controller\ComposeController.class.php 第 70 行.
NOTIC: [8] Use of undefined constant num - assumed 'num' D:\www\xiaowu\application\Home\Controller\ComposeController.class.php 第 70 行.
NOTIC: [8] Use of undefined constant uid - assumed 'uid' D:\www\xiaowu\application\Home\Controller\ComposeController.class.php 第 71 行.
INFO: [ app_end ] --START--
INFO: Run Behavior\ShowPageTraceBehavior [ RunTime:0.000512s ]
INFO: [ app_end ] --END-- [ RunTime:0.000540s ]

[ 2017-05-14T16:03:28+08:00 ] 127.0.0.1 /xiaowu/index.php/Compose/cart?id=6&num=
INFO: [ app_init ] --START--
INFO: Run Behavior\BuildLiteBehavior [ RunTime:0.000011s ]
INFO: [ app_init ] --END-- [ RunTime:0.000342s ]
INFO: [ app_begin ] --START--
INFO: Run Behavior\ReadHtmlCacheBehavior [ RunTime:0.000436s ]
INFO: [ app_begin ] --END-- [ RunTime:0.000465s ]
SQL: SHOW COLUMNS FROM `book` [ RunTime:0.003496s ]
SQL: SELECT * FROM `book` WHERE ( id=6 ) LIMIT 1   [ RunTime:0.000206s ]
SQL: SHOW COLUMNS FROM `cart` [ RunTime:0.003258s ]
SQL: SELECT * FROM `cart` WHERE ( uid='6' ) LIMIT 1   [ RunTime:0.000315s ]
SQL: insert cart (uid,name,num,ip) value ('6','喝点水','','127.0.0.1') [ RunTime:0.049734s ]
SQL: DELETE FROM `cart` WHERE ( uid=6 ) [ RunTime:0.040205s ]
SQL: SELECT * FROM `cart`  [ RunTime:0.000583s ]
NOTIC: [8] Use of undefined constant name - assumed 'name' D:\www\xiaowu\application\Home\Controller\ComposeController.class.php 第 65 行.
NOTIC: [8] Use of undefined constant uid - assumed 'uid' D:\www\xiaowu\application\Home\Controller\ComposeController.class.php 第 67 行.
NOTIC: [8] Use of undefined constant uid - assumed 'uid' D:\www\xiaowu\application\Home\Controller\ComposeController.class.php 第 68 行.
NOTIC: [8] Use of undefined constant uid - assumed 'uid' D:\www\xiaowu\application\Home\Controller\ComposeController.class.php 第 70 行.
NOTIC: [8] Use of undefined constant num - assumed 'num' D:\www\xiaowu\application\Home\Controller\ComposeController.class.php 第 70 行.
NOTIC: [8] Use of undefined constant uid - assumed 'uid' D:\www\xiaowu\application\Home\Controller\ComposeController.class.php 第 71 行.
INFO: [ app_end ] --START--
INFO: Run Behavior\ShowPageTraceBehavior [ RunTime:0.001230s ]
INFO: [ app_end ] --END-- [ RunTime:0.001317s ]

[ 2017-05-14T16:03:29+08:00 ] 127.0.0.1 /xiaowu/index.php/Compose/cart?id=7&num=
INFO: [ app_init ] --START--
INFO: Run Behavior\BuildLiteBehavior [ RunTime:0.000011s ]
INFO: [ app_init ] --END-- [ RunTime:0.000271s ]
INFO: [ app_begin ] --START--
INFO: Run Behavior\ReadHtmlCacheBehavior [ RunTime:0.000399s ]
INFO: [ app_begin ] --END-- [ RunTime:0.000428s ]
SQL: SHOW COLUMNS FROM `book` [ RunTime:0.006803s ]
SQL: SELECT * FROM `book` WHERE ( id=7 ) LIMIT 1   [ RunTime:0.000231s ]
SQL: SHOW COLUMNS FROM `cart` [ RunTime:0.003217s ]
SQL: SELECT * FROM `cart` WHERE ( uid='7' ) LIMIT 1   [ RunTime:0.000341s ]
SQL: insert cart (uid,name,num,ip) value ('7','通电话','','127.0.0.1') [ RunTime:0.121823s ]
SQL: DELETE FROM `cart` WHERE ( uid=7 ) [ RunTime:0.030209s ]
SQL: SELECT * FROM `cart`  [ RunTime:0.000303s ]
NOTIC: [8] Use of undefined constant name - assumed 'name' D:\www\xiaowu\application\Home\Controller\ComposeController.class.php 第 65 行.
NOTIC: [8] Use of undefined constant uid - assumed 'uid' D:\www\xiaowu\application\Home\Controller\ComposeController.class.php 第 67 行.
NOTIC: [8] Use of undefined constant uid - assumed 'uid' D:\www\xiaowu\application\Home\Controller\ComposeController.class.php 第 68 行.
NOTIC: [8] Use of undefined constant uid - assumed 'uid' D:\www\xiaowu\application\Home\Controller\ComposeController.class.php 第 70 行.
NOTIC: [8] Use of undefined constant num - assumed 'num' D:\www\xiaowu\application\Home\Controller\ComposeController.class.php 第 70 行.
NOTIC: [8] Use of undefined constant uid - assumed 'uid' D:\www\xiaowu\application\Home\Controller\ComposeController.class.php 第 71 行.
INFO: [ app_end ] --START--
INFO: Run Behavior\ShowPageTraceBehavior [ RunTime:0.000644s ]
INFO: [ app_end ] --END-- [ RunTime:0.000680s ]

[ 2017-05-14T16:03:30+08:00 ] 127.0.0.1 /xiaowu/index.php/Compose/cart?id=11&num=
INFO: [ app_init ] --START--
INFO: Run Behavior\BuildLiteBehavior [ RunTime:0.000011s ]
INFO: [ app_init ] --END-- [ RunTime:0.000282s ]
INFO: [ app_begin ] --START--
INFO: Run Behavior\ReadHtmlCacheBehavior [ RunTime:0.000422s ]
INFO: [ app_begin ] --END-- [ RunTime:0.000453s ]
SQL: SHOW COLUMNS FROM `book` [ RunTime:0.004522s ]
SQL: SELECT * FROM `book` WHERE ( id=11 ) LIMIT 1   [ RunTime:0.000212s ]
SQL: SHOW COLUMNS FROM `cart` [ RunTime:0.003253s ]
SQL: SELECT * FROM `cart` WHERE ( uid='11' ) LIMIT 1   [ RunTime:0.000350s ]
SQL: insert cart (uid,name,num,ip) value ('11','的方式风水地','','127.0.0.1') [ RunTime:0.050711s ]
SQL: DELETE FROM `cart` WHERE ( uid=11 ) [ RunTime:0.060232s ]
SQL: SELECT * FROM `cart`  [ RunTime:0.000347s ]
NOTIC: [8] Use of undefined constant name - assumed 'name' D:\www\xiaowu\application\Home\Controller\ComposeController.class.php 第 65 行.
NOTIC: [8] Use of undefined constant uid - assumed 'uid' D:\www\xiaowu\application\Home\Controller\ComposeController.class.php 第 67 行.
NOTIC: [8] Use of undefined constant uid - assumed 'uid' D:\www\xiaowu\application\Home\Controller\ComposeController.class.php 第 68 行.
NOTIC: [8] Use of undefined constant uid - assumed 'uid' D:\www\xiaowu\application\Home\Controller\ComposeController.class.php 第 70 行.
NOTIC: [8] Use of undefined constant num - assumed 'num' D:\www\xiaowu\application\Home\Controller\ComposeController.class.php 第 70 行.
NOTIC: [8] Use of undefined constant uid - assumed 'uid' D:\www\xiaowu\application\Home\Controller\ComposeController.class.php 第 71 行.
INFO: [ app_end ] --START--
INFO: Run Behavior\ShowPageTraceBehavior [ RunTime:0.000952s ]
INFO: [ app_end ] --END-- [ RunTime:0.001006s ]

[ 2017-05-14T16:03:32+08:00 ] 127.0.0.1 /xiaowu/index.php/Compose/cart?id=12&num=
INFO: [ app_init ] --START--
INFO: Run Behavior\BuildLiteBehavior [ RunTime:0.000013s ]
INFO: [ app_init ] --END-- [ RunTime:0.000395s ]
INFO: [ app_begin ] --START--
INFO: Run Behavior\ReadHtmlCacheBehavior [ RunTime:0.000408s ]
INFO: [ app_begin ] --END-- [ RunTime:0.000441s ]
SQL: SHOW COLUMNS FROM `book` [ RunTime:0.066602s ]
SQL: SELECT * FROM `book` WHERE ( id=12 ) LIMIT 1   [ RunTime:0.000220s ]
SQL: SHOW COLUMNS FROM `cart` [ RunTime:0.006399s ]
SQL: SELECT * FROM `cart` WHERE ( uid='12' ) LIMIT 1   [ RunTime:0.000332s ]
SQL: insert cart (uid,name,num,ip) value ('12','成本','','127.0.0.1') [ RunTime:0.190934s ]
SQL: DELETE FROM `cart` WHERE ( uid=12 ) [ RunTime:0.246854s ]
SQL: SELECT * FROM `cart`  [ RunTime:0.000482s ]
NOTIC: [8] Use of undefined constant name - assumed 'name' D:\www\xiaowu\application\Home\Controller\ComposeController.class.php 第 65 行.
NOTIC: [8] Use of undefined constant uid - assumed 'uid' D:\www\xiaowu\application\Home\Controller\ComposeController.class.php 第 67 行.
NOTIC: [8] Use of undefined constant uid - assumed 'uid' D:\www\xiaowu\application\Home\Controller\ComposeController.class.php 第 68 行.
NOTIC: [8] Use of undefined constant uid - assumed 'uid' D:\www\xiaowu\application\Home\Controller\ComposeController.class.php 第 70 行.
NOTIC: [8] Use of undefined constant num - assumed 'num' D:\www\xiaowu\application\Home\Controller\ComposeController.class.php 第 70 行.
NOTIC: [8] Use of undefined constant uid - assumed 'uid' D:\www\xiaowu\application\Home\Controller\ComposeController.class.php 第 71 行.
INFO: [ app_end ] --START--
INFO: Run Behavior\ShowPageTraceBehavior [ RunTime:0.000806s ]
INFO: [ app_end ] --END-- [ RunTime:0.000872s ]

[ 2017-05-14T16:03:38+08:00 ] 127.0.0.1 /xiaowu/index.php/Compose/cart?id=10&num=5
INFO: [ app_init ] --START--
INFO: Run Behavior\BuildLiteBehavior [ RunTime:0.000023s ]
INFO: [ app_init ] --END-- [ RunTime:0.000629s ]
INFO: [ app_begin ] --START--
INFO: Run Behavior\ReadHtmlCacheBehavior [ RunTime:0.000553s ]
INFO: [ app_begin ] --END-- [ RunTime:0.000594s ]
SQL: SHOW COLUMNS FROM `book` [ RunTime:0.008117s ]
SQL: SELECT * FROM `book` WHERE ( id=10 ) LIMIT 1   [ RunTime:0.000229s ]
SQL: SHOW COLUMNS FROM `cart` [ RunTime:0.003225s ]
SQL: SELECT * FROM `cart` WHERE ( uid='10' ) LIMIT 1   [ RunTime:0.000268s ]
SQL: update cart set num='5' where uid=10 [ RunTime:0.111196s ]
SQL: SELECT * FROM `cart`  [ RunTime:0.000384s ]
NOTIC: [8] Use of undefined constant name - assumed 'name' D:\www\xiaowu\application\Home\Controller\ComposeController.class.php 第 65 行.
NOTIC: [8] Use of undefined constant uid - assumed 'uid' D:\www\xiaowu\application\Home\Controller\ComposeController.class.php 第 67 行.
NOTIC: [8] Use of undefined constant uid - assumed 'uid' D:\www\xiaowu\application\Home\Controller\ComposeController.class.php 第 68 行.
NOTIC: [8] Use of undefined constant uid - assumed 'uid' D:\www\xiaowu\application\Home\Controller\ComposeController.class.php 第 70 行.
NOTIC: [8] Use of undefined constant num - assumed 'num' D:\www\xiaowu\application\Home\Controller\ComposeController.class.php 第 70 行.
NOTIC: [8] Use of undefined constant uid - assumed 'uid' D:\www\xiaowu\application\Home\Controller\ComposeController.class.php 第 71 行.
INFO: [ app_end ] --START--
INFO: Run Behavior\ShowPageTraceBehavior [ RunTime:0.000557s ]
INFO: [ app_end ] --END-- [ RunTime:0.000591s ]

[ 2017-05-14T16:03:39+08:00 ] 127.0.0.1 /xiaowu/index.php/Compose/cart?id=10&num=6
INFO: [ app_init ] --START--
INFO: Run Behavior\BuildLiteBehavior [ RunTime:0.000017s ]
INFO: [ app_init ] --END-- [ RunTime:0.000629s ]
INFO: [ app_begin ] --START--
INFO: Run Behavior\ReadHtmlCacheBehavior [ RunTime:0.000693s ]
INFO: [ app_begin ] --END-- [ RunTime:0.000759s ]
SQL: SHOW COLUMNS FROM `book` [ RunTime:0.003783s ]
SQL: SELECT * FROM `book` WHERE ( id=10 ) LIMIT 1   [ RunTime:0.000121s ]
SQL: SHOW COLUMNS FROM `cart` [ RunTime:0.004406s ]
SQL: SELECT * FROM `cart` WHERE ( uid='10' ) LIMIT 1   [ RunTime:0.000272s ]
SQL: update cart set num='6' where uid=10 [ RunTime:0.117805s ]
SQL: SELECT * FROM `cart`  [ RunTime:0.000267s ]
NOTIC: [8] Use of undefined constant name - assumed 'name' D:\www\xiaowu\application\Home\Controller\ComposeController.class.php 第 65 行.
NOTIC: [8] Use of undefined constant uid - assumed 'uid' D:\www\xiaowu\application\Home\Controller\ComposeController.class.php 第 67 行.
NOTIC: [8] Use of undefined constant uid - assumed 'uid' D:\www\xiaowu\application\Home\Controller\ComposeController.class.php 第 68 行.
NOTIC: [8] Use of undefined constant uid - assumed 'uid' D:\www\xiaowu\application\Home\Controller\ComposeController.class.php 第 70 行.
NOTIC: [8] Use of undefined constant num - assumed 'num' D:\www\xiaowu\application\Home\Controller\ComposeController.class.php 第 70 行.
NOTIC: [8] Use of undefined constant uid - assumed 'uid' D:\www\xiaowu\application\Home\Controller\ComposeController.class.php 第 71 行.
INFO: [ app_end ] --START--
INFO: Run Behavior\ShowPageTraceBehavior [ RunTime:0.000538s ]
INFO: [ app_end ] --END-- [ RunTime:0.000568s ]

[ 2017-05-14T16:03:39+08:00 ] 127.0.0.1 /xiaowu/index.php/Compose/cart?id=10&num=7
INFO: [ app_init ] --START--
INFO: Run Behavior\BuildLiteBehavior [ RunTime:0.000011s ]
INFO: [ app_init ] --END-- [ RunTime:0.000279s ]
INFO: [ app_begin ] --START--
INFO: Run Behavior\ReadHtmlCacheBehavior [ RunTime:0.000637s ]
INFO: [ app_begin ] --END-- [ RunTime:0.000691s ]
SQL: SHOW COLUMNS FROM `book` [ RunTime:0.004019s ]
SQL: SELECT * FROM `book` WHERE ( id=10 ) LIMIT 1   [ RunTime:0.000174s ]
SQL: SHOW COLUMNS FROM `cart` [ RunTime:0.003365s ]
SQL: SELECT * FROM `cart` WHERE ( uid='10' ) LIMIT 1   [ RunTime:0.000294s ]
SQL: update cart set num='7' where uid=10 [ RunTime:0.048184s ]
SQL: SELECT * FROM `cart`  [ RunTime:0.000328s ]
NOTIC: [8] Use of undefined constant name - assumed 'name' D:\www\xiaowu\application\Home\Controller\ComposeController.class.php 第 65 行.
NOTIC: [8] Use of undefined constant uid - assumed 'uid' D:\www\xiaowu\application\Home\Controller\ComposeController.class.php 第 67 行.
NOTIC: [8] Use of undefined constant uid - assumed 'uid' D:\www\xiaowu\application\Home\Controller\ComposeController.class.php 第 68 行.
NOTIC: [8] Use of undefined constant uid - assumed 'uid' D:\www\xiaowu\application\Home\Controller\ComposeController.class.php 第 70 行.
NOTIC: [8] Use of undefined constant num - assumed 'num' D:\www\xiaowu\application\Home\Controller\ComposeController.class.php 第 70 行.
NOTIC: [8] Use of undefined constant uid - assumed 'uid' D:\www\xiaowu\application\Home\Controller\ComposeController.class.php 第 71 行.
INFO: [ app_end ] --START--
INFO: Run Behavior\ShowPageTraceBehavior [ RunTime:0.000624s ]
INFO: [ app_end ] --END-- [ RunTime:0.000665s ]

[ 2017-05-14T16:03:40+08:00 ] 127.0.0.1 /xiaowu/index.php/Compose/cart?id=10&num=6
INFO: [ app_init ] --START--
INFO: Run Behavior\BuildLiteBehavior [ RunTime:0.000011s ]
INFO: [ app_init ] --END-- [ RunTime:0.000278s ]
INFO: [ app_begin ] --START--
INFO: Run Behavior\ReadHtmlCacheBehavior [ RunTime:0.000414s ]
INFO: [ app_begin ] --END-- [ RunTime:0.000445s ]
SQL: SHOW COLUMNS FROM `book` [ RunTime:0.003516s ]
SQL: SELECT * FROM `book` WHERE ( id=10 ) LIMIT 1   [ RunTime:0.000170s ]
SQL: SHOW COLUMNS FROM `cart` [ RunTime:0.003120s ]
SQL: SELECT * FROM `cart` WHERE ( uid='10' ) LIMIT 1   [ RunTime:0.000300s ]
SQL: update cart set num='6' where uid=10 [ RunTime:0.055988s ]
SQL: SELECT * FROM `cart`  [ RunTime:0.000311s ]
NOTIC: [8] Use of undefined constant name - assumed 'name' D:\www\xiaowu\application\Home\Controller\ComposeController.class.php 第 65 行.
NOTIC: [8] Use of undefined constant uid - assumed 'uid' D:\www\xiaowu\application\Home\Controller\ComposeController.class.php 第 67 行.
NOTIC: [8] Use of undefined constant uid - assumed 'uid' D:\www\xiaowu\application\Home\Controller\ComposeController.class.php 第 68 行.
NOTIC: [8] Use of undefined constant uid - assumed 'uid' D:\www\xiaowu\application\Home\Controller\ComposeController.class.php 第 70 行.
NOTIC: [8] Use of undefined constant num - assumed 'num' D:\www\xiaowu\application\Home\Controller\ComposeController.class.php 第 70 行.
NOTIC: [8] Use of undefined constant uid - assumed 'uid' D:\www\xiaowu\application\Home\Controller\ComposeController.class.php 第 71 行.
INFO: [ app_end ] --START--
INFO: Run Behavior\ShowPageTraceBehavior [ RunTime:0.000518s ]
INFO: [ app_end ] --END-- [ RunTime:0.000545s ]

[ 2017-05-14T16:03:41+08:00 ] 127.0.0.1 /xiaowu/index.php/Compose/cart?id=10&num=5
INFO: [ app_init ] --START--
INFO: Run Behavior\BuildLiteBehavior [ RunTime:0.000009s ]
INFO: [ app_init ] --END-- [ RunTime:0.000308s ]
INFO: [ app_begin ] --START--
INFO: Run Behavior\ReadHtmlCacheBehavior [ RunTime:0.000669s ]
INFO: [ app_begin ] --END-- [ RunTime:0.000714s ]
SQL: SHOW COLUMNS FROM `book` [ RunTime:0.003837s ]
SQL: SELECT * FROM `book` WHERE ( id=10 ) LIMIT 1   [ RunTime:0.000136s ]
SQL: SHOW COLUMNS FROM `cart` [ RunTime:0.003308s ]
SQL: SELECT * FROM `cart` WHERE ( uid='10' ) LIMIT 1   [ RunTime:0.000303s ]
SQL: update cart set num='5' where uid=10 [ RunTime:0.059641s ]
SQL: SELECT * FROM `cart`  [ RunTime:0.000270s ]
NOTIC: [8] Use of undefined constant name - assumed 'name' D:\www\xiaowu\application\Home\Controller\ComposeController.class.php 第 65 行.
NOTIC: [8] Use of undefined constant uid - assumed 'uid' D:\www\xiaowu\application\Home\Controller\ComposeController.class.php 第 67 行.
NOTIC: [8] Use of undefined constant uid - assumed 'uid' D:\www\xiaowu\application\Home\Controller\ComposeController.class.php 第 68 行.
NOTIC: [8] Use of undefined constant uid - assumed 'uid' D:\www\xiaowu\application\Home\Controller\ComposeController.class.php 第 70 行.
NOTIC: [8] Use of undefined constant num - assumed 'num' D:\www\xiaowu\application\Home\Controller\ComposeController.class.php 第 70 行.
NOTIC: [8] Use of undefined constant uid - assumed 'uid' D:\www\xiaowu\application\Home\Controller\ComposeController.class.php 第 71 行.
INFO: [ app_end ] --START--
INFO: Run Behavior\ShowPageTraceBehavior [ RunTime:0.000528s ]
INFO: [ app_end ] --END-- [ RunTime:0.000554s ]

[ 2017-05-14T16:03:41+08:00 ] 127.0.0.1 /xiaowu/index.php/Compose/cart?id=10&num=4
INFO: [ app_init ] --START--
INFO: Run Behavior\BuildLiteBehavior [ RunTime:0.000012s ]
INFO: [ app_init ] --END-- [ RunTime:0.000341s ]
INFO: [ app_begin ] --START--
INFO: Run Behavior\ReadHtmlCacheBehavior [ RunTime:0.000435s ]
INFO: [ app_begin ] --END-- [ RunTime:0.000470s ]
SQL: SHOW COLUMNS FROM `book` [ RunTime:0.003644s ]
SQL: SELECT * FROM `book` WHERE ( id=10 ) LIMIT 1   [ RunTime:0.000142s ]
SQL: SHOW COLUMNS FROM `cart` [ RunTime:0.003576s ]
SQL: SELECT * FROM `cart` WHERE ( uid='10' ) LIMIT 1   [ RunTime:0.000251s ]
SQL: update cart set num='4' where uid=10 [ RunTime:0.051910s ]
SQL: SELECT * FROM `cart`  [ RunTime:0.000346s ]
NOTIC: [8] Use of undefined constant name - assumed 'name' D:\www\xiaowu\application\Home\Controller\ComposeController.class.php 第 65 行.
NOTIC: [8] Use of undefined constant uid - assumed 'uid' D:\www\xiaowu\application\Home\Controller\ComposeController.class.php 第 67 行.
NOTIC: [8] Use of undefined constant uid - assumed 'uid' D:\www\xiaowu\application\Home\Controller\ComposeController.class.php 第 68 行.
NOTIC: [8] Use of undefined constant uid - assumed 'uid' D:\www\xiaowu\application\Home\Controller\ComposeController.class.php 第 70 行.
NOTIC: [8] Use of undefined constant num - assumed 'num' D:\www\xiaowu\application\Home\Controller\ComposeController.class.php 第 70 行.
NOTIC: [8] Use of undefined constant uid - assumed 'uid' D:\www\xiaowu\application\Home\Controller\ComposeController.class.php 第 71 行.
INFO: [ app_end ] --START--
INFO: Run Behavior\ShowPageTraceBehavior [ RunTime:0.000559s ]
INFO: [ app_end ] --END-- [ RunTime:0.000587s ]

[ 2017-05-14T16:03:41+08:00 ] 127.0.0.1 /xiaowu/index.php/Compose/cart?id=10&num=3
INFO: [ app_init ] --START--
INFO: Run Behavior\BuildLiteBehavior [ RunTime:0.000010s ]
INFO: [ app_init ] --END-- [ RunTime:0.000261s ]
INFO: [ app_begin ] --START--
INFO: Run Behavior\ReadHtmlCacheBehavior [ RunTime:0.000428s ]
INFO: [ app_begin ] --END-- [ RunTime:0.000457s ]
SQL: SHOW COLUMNS FROM `book` [ RunTime:0.003191s ]
SQL: SELECT * FROM `book` WHERE ( id=10 ) LIMIT 1   [ RunTime:0.000203s ]
SQL: SHOW COLUMNS FROM `cart` [ RunTime:0.002955s ]
SQL: SELECT * FROM `cart` WHERE ( uid='10' ) LIMIT 1   [ RunTime:0.000228s ]
SQL: update cart set num='3' where uid=10 [ RunTime:0.055224s ]
SQL: SELECT * FROM `cart`  [ RunTime:0.000373s ]
NOTIC: [8] Use of undefined constant name - assumed 'name' D:\www\xiaowu\application\Home\Controller\ComposeController.class.php 第 65 行.
NOTIC: [8] Use of undefined constant uid - assumed 'uid' D:\www\xiaowu\application\Home\Controller\ComposeController.class.php 第 67 行.
NOTIC: [8] Use of undefined constant uid - assumed 'uid' D:\www\xiaowu\application\Home\Controller\ComposeController.class.php 第 68 行.
NOTIC: [8] Use of undefined constant uid - assumed 'uid' D:\www\xiaowu\application\Home\Controller\ComposeController.class.php 第 70 行.
NOTIC: [8] Use of undefined constant num - assumed 'num' D:\www\xiaowu\application\Home\Controller\ComposeController.class.php 第 70 行.
NOTIC: [8] Use of undefined constant uid - assumed 'uid' D:\www\xiaowu\application\Home\Controller\ComposeController.class.php 第 71 行.
INFO: [ app_end ] --START--
INFO: Run Behavior\ShowPageTraceBehavior [ RunTime:0.000516s ]
INFO: [ app_end ] --END-- [ RunTime:0.000547s ]

[ 2017-05-14T16:03:42+08:00 ] 127.0.0.1 /xiaowu/index.php/Compose/cart?id=10&num=2
INFO: [ app_init ] --START--
INFO: Run Behavior\BuildLiteBehavior [ RunTime:0.000011s ]
INFO: [ app_init ] --END-- [ RunTime:0.000304s ]
INFO: [ app_begin ] --START--
INFO: Run Behavior\ReadHtmlCacheBehavior [ RunTime:0.000485s ]
INFO: [ app_begin ] --END-- [ RunTime:0.000533s ]
SQL: SHOW COLUMNS FROM `book` [ RunTime:0.003701s ]
SQL: SELECT * FROM `book` WHERE ( id=10 ) LIMIT 1   [ RunTime:0.000213s ]
SQL: SHOW COLUMNS FROM `cart` [ RunTime:0.003455s ]
SQL: SELECT * FROM `cart` WHERE ( uid='10' ) LIMIT 1   [ RunTime:0.000368s ]
SQL: update cart set num='2' where uid=10 [ RunTime:0.034022s ]
SQL: SELECT * FROM `cart`  [ RunTime:0.000207s ]
NOTIC: [8] Use of undefined constant name - assumed 'name' D:\www\xiaowu\application\Home\Controller\ComposeController.class.php 第 65 行.
NOTIC: [8] Use of undefined constant uid - assumed 'uid' D:\www\xiaowu\application\Home\Controller\ComposeController.class.php 第 67 行.
NOTIC: [8] Use of undefined constant uid - assumed 'uid' D:\www\xiaowu\application\Home\Controller\ComposeController.class.php 第 68 行.
NOTIC: [8] Use of undefined constant uid - assumed 'uid' D:\www\xiaowu\application\Home\Controller\ComposeController.class.php 第 70 行.
NOTIC: [8] Use of undefined constant num - assumed 'num' D:\www\xiaowu\application\Home\Controller\ComposeController.class.php 第 70 行.
NOTIC: [8] Use of undefined constant uid - assumed 'uid' D:\www\xiaowu\application\Home\Controller\ComposeController.class.php 第 71 行.
INFO: [ app_end ] --START--
INFO: Run Behavior\ShowPageTraceBehavior [ RunTime:0.000567s ]
INFO: [ app_end ] --END-- [ RunTime:0.000608s ]

[ 2017-05-14T16:03:42+08:00 ] 127.0.0.1 /xiaowu/index.php/Compose/cart?id=10&num=1
INFO: [ app_init ] --START--
INFO: Run Behavior\BuildLiteBehavior [ RunTime:0.000010s ]
INFO: [ app_init ] --END-- [ RunTime:0.000267s ]
INFO: [ app_begin ] --START--
INFO: Run Behavior\ReadHtmlCacheBehavior [ RunTime:0.000441s ]
INFO: [ app_begin ] --END-- [ RunTime:0.000469s ]
SQL: SHOW COLUMNS FROM `book` [ RunTime:0.003923s ]
SQL: SELECT * FROM `book` WHERE ( id=10 ) LIMIT 1   [ RunTime:0.000202s ]
SQL: SHOW COLUMNS FROM `cart` [ RunTime:0.003100s ]
SQL: SELECT * FROM `cart` WHERE ( uid='10' ) LIMIT 1   [ RunTime:0.000338s ]
SQL: update cart set num='1' where uid=10 [ RunTime:0.041236s ]
SQL: SELECT * FROM `cart`  [ RunTime:0.000243s ]
NOTIC: [8] Use of undefined constant name - assumed 'name' D:\www\xiaowu\application\Home\Controller\ComposeController.class.php 第 65 行.
NOTIC: [8] Use of undefined constant uid - assumed 'uid' D:\www\xiaowu\application\Home\Controller\ComposeController.class.php 第 67 行.
NOTIC: [8] Use of undefined constant uid - assumed 'uid' D:\www\xiaowu\application\Home\Controller\ComposeController.class.php 第 68 行.
NOTIC: [8] Use of undefined constant uid - assumed 'uid' D:\www\xiaowu\application\Home\Controller\ComposeController.class.php 第 70 行.
NOTIC: [8] Use of undefined constant num - assumed 'num' D:\www\xiaowu\application\Home\Controller\ComposeController.class.php 第 70 行.
NOTIC: [8] Use of undefined constant uid - assumed 'uid' D:\www\xiaowu\application\Home\Controller\ComposeController.class.php 第 71 行.
INFO: [ app_end ] --START--
INFO: Run Behavior\ShowPageTraceBehavior [ RunTime:0.000620s ]
INFO: [ app_end ] --END-- [ RunTime:0.000647s ]

[ 2017-05-14T16:03:42+08:00 ] 127.0.0.1 /xiaowu/index.php/Compose/cart?id=10&num=0
INFO: [ app_init ] --START--
INFO: Run Behavior\BuildLiteBehavior [ RunTime:0.000009s ]
INFO: [ app_init ] --END-- [ RunTime:0.000276s ]
INFO: [ app_begin ] --START--
INFO: Run Behavior\ReadHtmlCacheBehavior [ RunTime:0.000425s ]
INFO: [ app_begin ] --END-- [ RunTime:0.000456s ]
SQL: SHOW COLUMNS FROM `book` [ RunTime:0.003873s ]
SQL: SELECT * FROM `book` WHERE ( id=10 ) LIMIT 1   [ RunTime:0.000246s ]
SQL: SHOW COLUMNS FROM `cart` [ RunTime:0.003106s ]
SQL: SELECT * FROM `cart` WHERE ( uid='10' ) LIMIT 1   [ RunTime:0.000260s ]
SQL: update cart set num='0' where uid=10 [ RunTime:0.076925s ]
SQL: DELETE FROM `cart` WHERE ( uid=10 ) [ RunTime:0.040385s ]
SQL: SELECT * FROM `cart`  [ RunTime:0.000346s ]
NOTIC: [2] Invalid argument supplied for foreach() D:\www\xiaowu\application\Home\Controller\ComposeController.class.php 第 61 行.
INFO: [ app_end ] --START--
INFO: Run Behavior\ShowPageTraceBehavior [ RunTime:0.000738s ]
INFO: [ app_end ] --END-- [ RunTime:0.000793s ]

