[ 2017-05-05T13:10:19+08:00 ] 127.0.0.1 /xiaowu/index.php/Compose/index
INFO: [ app_init ] --START--
INFO: Run Behavior\BuildLiteBehavior [ RunTime:0.000021s ]
INFO: [ app_init ] --END-- [ RunTime:0.011212s ]
INFO: [ app_begin ] --START--
INFO: Run Behavior\ReadHtmlCacheBehavior [ RunTime:0.032501s ]
INFO: [ app_begin ] --END-- [ RunTime:0.032552s ]
SQL: SHOW COLUMNS FROM `book_type` [ RunTime:0.347078s ]
SQL: SELECT * FROM `book_type`  [ RunTime:0.000231s ]
SQL: SHOW COLUMNS FROM `book` [ RunTime:0.019903s ]
SQL: SELECT * FROM `book` WHERE ( tid=1 )  [ RunTime:0.000252s ]
SQL: SELECT * FROM `book` WHERE ( tid=2 )  [ RunTime:0.000188s ]
SQL: SELECT * FROM `book` WHERE ( tid=3 )  [ RunTime:0.000259s ]
SQL: SELECT * FROM `book` WHERE ( tid=4 )  [ RunTime:0.000253s ]
INFO: [ view_parse ] --START--
INFO: [ template_filter ] --START--
INFO: Run Behavior\ContentReplaceBehavior [ RunTime:0.000114s ]
INFO: [ template_filter ] --END-- [ RunTime:0.000208s ]
INFO: Run Behavior\ParseTemplateBehavior [ RunTime:0.194397s ]
INFO: [ view_parse ] --END-- [ RunTime:0.194463s ]
INFO: [ view_filter ] --START--
INFO: Run Behavior\WriteHtmlCacheBehavior [ RunTime:0.028430s ]
INFO: [ view_filter ] --END-- [ RunTime:0.028508s ]
INFO: [ app_end ] --START--
INFO: Run Behavior\ShowPageTraceBehavior [ RunTime:0.023445s ]
INFO: [ app_end ] --END-- [ RunTime:0.023503s ]

[ 2017-05-05T13:10:19+08:00 ] 127.0.0.1 /xiaowu/index.php/Compose/index
INFO: [ app_init ] --START--
INFO: Run Behavior\BuildLiteBehavior [ RunTime:0.000011s ]
INFO: [ app_init ] --END-- [ RunTime:0.000396s ]
INFO: [ app_begin ] --START--
INFO: Run Behavior\ReadHtmlCacheBehavior [ RunTime:0.000674s ]
INFO: [ app_begin ] --END-- [ RunTime:0.000721s ]
SQL: SHOW COLUMNS FROM `book_type` [ RunTime:0.023725s ]
SQL: SELECT * FROM `book_type`  [ RunTime:0.000180s ]
SQL: SHOW COLUMNS FROM `book` [ RunTime:0.004312s ]
SQL: SELECT * FROM `book` WHERE ( tid=1 )  [ RunTime:0.000192s ]
SQL: SELECT * FROM `book` WHERE ( tid=2 )  [ RunTime:0.000143s ]
SQL: SELECT * FROM `book` WHERE ( tid=3 )  [ RunTime:0.000154s ]
SQL: SELECT * FROM `book` WHERE ( tid=4 )  [ RunTime:0.000146s ]
INFO: [ view_parse ] --START--
INFO: [ template_filter ] --START--
INFO: Run Behavior\ContentReplaceBehavior [ RunTime:0.000116s ]
INFO: [ template_filter ] --END-- [ RunTime:0.000171s ]
INFO: Run Behavior\ParseTemplateBehavior [ RunTime:0.014784s ]
INFO: [ view_parse ] --END-- [ RunTime:0.014855s ]
INFO: [ view_filter ] --START--
INFO: Run Behavior\WriteHtmlCacheBehavior [ RunTime:0.001070s ]
INFO: [ view_filter ] --END-- [ RunTime:0.001124s ]
INFO: [ app_end ] --START--
INFO: Run Behavior\ShowPageTraceBehavior [ RunTime:0.001294s ]
INFO: [ app_end ] --END-- [ RunTime:0.001376s ]

[ 2017-05-05T15:02:25+08:00 ] 127.0.0.1 /xiaowu/index.php/Compose/index
INFO: [ app_init ] --START--
INFO: Run Behavior\BuildLiteBehavior [ RunTime:0.000014s ]
INFO: [ app_init ] --END-- [ RunTime:0.011199s ]
INFO: [ app_begin ] --START--
INFO: Run Behavior\ReadHtmlCacheBehavior [ RunTime:0.025253s ]
INFO: [ app_begin ] --END-- [ RunTime:0.025307s ]
SQL: SHOW COLUMNS FROM `book_type` [ RunTime:0.098665s ]
SQL: SELECT * FROM `book_type`  [ RunTime:0.000569s ]
SQL: SHOW COLUMNS FROM `book` [ RunTime:0.009583s ]
SQL: SELECT * FROM `book` WHERE ( tid=1 )  [ RunTime:0.000522s ]
SQL: SELECT * FROM `book` WHERE ( tid=2 )  [ RunTime:0.000375s ]
SQL: SELECT * FROM `book` WHERE ( tid=3 )  [ RunTime:0.000358s ]
SQL: SELECT * FROM `book` WHERE ( tid=4 )  [ RunTime:0.000347s ]
INFO: [ view_parse ] --START--
INFO: [ template_filter ] --START--
INFO: Run Behavior\ContentReplaceBehavior [ RunTime:0.000083s ]
INFO: [ template_filter ] --END-- [ RunTime:0.000129s ]
INFO: Run Behavior\ParseTemplateBehavior [ RunTime:0.705933s ]
INFO: [ view_parse ] --END-- [ RunTime:0.706022s ]
INFO: [ view_filter ] --START--
INFO: Run Behavior\WriteHtmlCacheBehavior [ RunTime:0.113304s ]
INFO: [ view_filter ] --END-- [ RunTime:0.113352s ]
INFO: [ app_end ] --START--
INFO: Run Behavior\ShowPageTraceBehavior [ RunTime:0.023025s ]
INFO: [ app_end ] --END-- [ RunTime:0.023098s ]

[ 2017-05-05T15:07:44+08:00 ] 127.0.0.1 /xiaowu/index.php/Compose/index
INFO: [ app_init ] --START--
INFO: Run Behavior\BuildLiteBehavior [ RunTime:0.000011s ]
INFO: [ app_init ] --END-- [ RunTime:0.000367s ]
INFO: [ app_begin ] --START--
INFO: Run Behavior\ReadHtmlCacheBehavior [ RunTime:0.001369s ]
INFO: [ app_begin ] --END-- [ RunTime:0.001549s ]
SQL: SHOW COLUMNS FROM `book_type` [ RunTime:0.015006s ]
SQL: SELECT * FROM `book_type`  [ RunTime:0.000317s ]
SQL: SHOW COLUMNS FROM `book` [ RunTime:0.003791s ]
SQL: SELECT * FROM `book` WHERE ( tid=1 )  [ RunTime:0.000249s ]
SQL: SELECT * FROM `book` WHERE ( tid=2 )  [ RunTime:0.000407s ]
SQL: SELECT * FROM `book` WHERE ( tid=3 )  [ RunTime:0.000197s ]
SQL: SELECT * FROM `book` WHERE ( tid=4 )  [ RunTime:0.000111s ]
INFO: [ view_parse ] --START--
INFO: [ template_filter ] --START--
INFO: Run Behavior\ContentReplaceBehavior [ RunTime:0.000076s ]
INFO: [ template_filter ] --END-- [ RunTime:0.000116s ]
INFO: Run Behavior\ParseTemplateBehavior [ RunTime:0.031498s ]
INFO: [ view_parse ] --END-- [ RunTime:0.031593s ]
INFO: [ view_filter ] --START--
INFO: Run Behavior\WriteHtmlCacheBehavior [ RunTime:0.000976s ]
INFO: [ view_filter ] --END-- [ RunTime:0.001046s ]
INFO: [ app_end ] --START--
INFO: Run Behavior\ShowPageTraceBehavior [ RunTime:0.006919s ]
INFO: [ app_end ] --END-- [ RunTime:0.006988s ]

[ 2017-05-05T15:20:16+08:00 ] 127.0.0.1 /xiaowu/index.php/Compose/index
INFO: [ app_init ] --START--
INFO: Run Behavior\BuildLiteBehavior [ RunTime:0.000013s ]
INFO: [ app_init ] --END-- [ RunTime:0.008765s ]
INFO: [ app_begin ] --START--
INFO: Run Behavior\ReadHtmlCacheBehavior [ RunTime:0.004505s ]
INFO: [ app_begin ] --END-- [ RunTime:0.004561s ]
SQL: SHOW COLUMNS FROM `book_type` [ RunTime:0.019212s ]
SQL: SELECT * FROM `book_type`  [ RunTime:0.000189s ]
SQL: SHOW COLUMNS FROM `book` [ RunTime:0.012300s ]
SQL: SELECT * FROM `book` WHERE ( tid=1 )  [ RunTime:0.000160s ]
SQL: SELECT * FROM `book` WHERE ( tid=2 )  [ RunTime:0.000140s ]
SQL: SELECT * FROM `book` WHERE ( tid=3 )  [ RunTime:0.000130s ]
SQL: SELECT * FROM `book` WHERE ( tid=4 )  [ RunTime:0.000121s ]
INFO: [ view_parse ] --START--
INFO: [ template_filter ] --START--
INFO: Run Behavior\ContentReplaceBehavior [ RunTime:0.000079s ]
INFO: [ template_filter ] --END-- [ RunTime:0.000119s ]
INFO: Run Behavior\ParseTemplateBehavior [ RunTime:0.093562s ]
INFO: [ view_parse ] --END-- [ RunTime:0.093603s ]
INFO: [ view_filter ] --START--
INFO: Run Behavior\WriteHtmlCacheBehavior [ RunTime:0.016661s ]
INFO: [ view_filter ] --END-- [ RunTime:0.016713s ]
INFO: [ app_end ] --START--
INFO: Run Behavior\ShowPageTraceBehavior [ RunTime:0.033800s ]
INFO: [ app_end ] --END-- [ RunTime:0.033900s ]

[ 2017-05-05T15:28:29+08:00 ] 127.0.0.1 /xiaowu/index.php/Compose/index
INFO: [ app_init ] --START--
INFO: Run Behavior\BuildLiteBehavior [ RunTime:0.000011s ]
INFO: [ app_init ] --END-- [ RunTime:0.000362s ]
INFO: [ app_begin ] --START--
INFO: Run Behavior\ReadHtmlCacheBehavior [ RunTime:0.000607s ]
INFO: [ app_begin ] --END-- [ RunTime:0.000645s ]
SQL: SHOW COLUMNS FROM `book_type` [ RunTime:0.028455s ]
SQL: SELECT * FROM `book_type`  [ RunTime:0.000270s ]
SQL: SHOW COLUMNS FROM `book` [ RunTime:0.003696s ]
SQL: SELECT * FROM `book` WHERE ( tid=1 )  [ RunTime:0.000222s ]
SQL: SELECT * FROM `book` WHERE ( tid=2 )  [ RunTime:0.000241s ]
SQL: SELECT * FROM `book` WHERE ( tid=3 )  [ RunTime:0.000234s ]
SQL: SELECT * FROM `book` WHERE ( tid=4 )  [ RunTime:0.000201s ]
INFO: [ view_parse ] --START--
INFO: [ template_filter ] --START--
INFO: Run Behavior\ContentReplaceBehavior [ RunTime:0.000083s ]
INFO: [ template_filter ] --END-- [ RunTime:0.000123s ]
INFO: Run Behavior\ParseTemplateBehavior [ RunTime:0.011913s ]
INFO: [ view_parse ] --END-- [ RunTime:0.011953s ]
INFO: [ view_filter ] --START--
INFO: Run Behavior\WriteHtmlCacheBehavior [ RunTime:0.000372s ]
INFO: [ view_filter ] --END-- [ RunTime:0.000399s ]
INFO: [ app_end ] --START--
INFO: Run Behavior\ShowPageTraceBehavior [ RunTime:0.000708s ]
INFO: [ app_end ] --END-- [ RunTime:0.000755s ]

[ 2017-05-05T15:47:27+08:00 ] 127.0.0.1 /xiaowu/index.php/Compose/index
INFO: [ app_init ] --START--
INFO: Run Behavior\BuildLiteBehavior [ RunTime:0.000010s ]
INFO: [ app_init ] --END-- [ RunTime:0.000371s ]
INFO: [ app_begin ] --START--
INFO: Run Behavior\ReadHtmlCacheBehavior [ RunTime:0.000531s ]
INFO: [ app_begin ] --END-- [ RunTime:0.000567s ]
SQL: SHOW COLUMNS FROM `book_type` [ RunTime:0.004404s ]
SQL: SELECT * FROM `book_type`  [ RunTime:0.000175s ]
SQL: SHOW COLUMNS FROM `book` [ RunTime:0.005295s ]
SQL: SELECT * FROM `book` WHERE ( tid=1 )  [ RunTime:0.000209s ]
SQL: SELECT * FROM `book` WHERE ( tid=2 )  [ RunTime:0.000155s ]
SQL: SELECT * FROM `book` WHERE ( tid=3 )  [ RunTime:0.000671s ]
SQL: SELECT * FROM `book` WHERE ( tid=4 )  [ RunTime:0.000253s ]
INFO: [ view_parse ] --START--
INFO: [ template_filter ] --START--
INFO: Run Behavior\ContentReplaceBehavior [ RunTime:0.000094s ]
INFO: [ template_filter ] --END-- [ RunTime:0.000150s ]
INFO: Run Behavior\ParseTemplateBehavior [ RunTime:0.013181s ]
INFO: [ view_parse ] --END-- [ RunTime:0.013267s ]
INFO: [ view_filter ] --START--
INFO: Run Behavior\WriteHtmlCacheBehavior [ RunTime:0.000557s ]
INFO: [ view_filter ] --END-- [ RunTime:0.000602s ]
INFO: [ app_end ] --START--
INFO: Run Behavior\ShowPageTraceBehavior [ RunTime:0.000774s ]
INFO: [ app_end ] --END-- [ RunTime:0.000833s ]

[ 2017-05-05T15:53:17+08:00 ] 127.0.0.1 /xiaowu/index.php/Compose/index
INFO: [ app_init ] --START--
INFO: Run Behavior\BuildLiteBehavior [ RunTime:0.000016s ]
INFO: [ app_init ] --END-- [ RunTime:0.000388s ]
INFO: [ app_begin ] --START--
INFO: Run Behavior\ReadHtmlCacheBehavior [ RunTime:0.000577s ]
INFO: [ app_begin ] --END-- [ RunTime:0.000618s ]
SQL: SHOW COLUMNS FROM `book_type` [ RunTime:0.017327s ]
SQL: SELECT * FROM `book_type`  [ RunTime:0.000172s ]
SQL: SHOW COLUMNS FROM `book` [ RunTime:0.004708s ]
SQL: SELECT * FROM `book` WHERE ( tid=1 )  [ RunTime:0.001324s ]
SQL: SELECT * FROM `book` WHERE ( tid=2 )  [ RunTime:0.000193s ]
SQL: SELECT * FROM `book` WHERE ( tid=3 )  [ RunTime:0.000155s ]
SQL: SELECT * FROM `book` WHERE ( tid=4 )  [ RunTime:0.001717s ]
INFO: [ view_parse ] --START--
INFO: [ template_filter ] --START--
INFO: Run Behavior\ContentReplaceBehavior [ RunTime:0.000079s ]
INFO: [ template_filter ] --END-- [ RunTime:0.000121s ]
INFO: Run Behavior\ParseTemplateBehavior [ RunTime:0.023022s ]
INFO: [ view_parse ] --END-- [ RunTime:0.023106s ]
INFO: [ view_filter ] --START--
INFO: Run Behavior\WriteHtmlCacheBehavior [ RunTime:0.000512s ]
INFO: [ view_filter ] --END-- [ RunTime:0.000553s ]
INFO: [ app_end ] --START--
INFO: Run Behavior\ShowPageTraceBehavior [ RunTime:0.004208s ]
INFO: [ app_end ] --END-- [ RunTime:0.004286s ]

[ 2017-05-05T15:54:59+08:00 ] 127.0.0.1 /xiaowu/index.php/Compose/index
INFO: [ app_init ] --START--
INFO: Run Behavior\BuildLiteBehavior [ RunTime:0.000011s ]
INFO: [ app_init ] --END-- [ RunTime:0.000346s ]
INFO: [ app_begin ] --START--
INFO: Run Behavior\ReadHtmlCacheBehavior [ RunTime:0.000556s ]
INFO: [ app_begin ] --END-- [ RunTime:0.000590s ]
SQL: SHOW COLUMNS FROM `book_type` [ RunTime:0.007267s ]
SQL: SELECT * FROM `book_type`  [ RunTime:0.000226s ]
SQL: SHOW COLUMNS FROM `book` [ RunTime:0.003792s ]
SQL: SELECT * FROM `book` WHERE ( tid=1 )  [ RunTime:0.000272s ]
SQL: SELECT * FROM `book` WHERE ( tid=2 )  [ RunTime:0.000174s ]
SQL: SELECT * FROM `book` WHERE ( tid=3 )  [ RunTime:0.000153s ]
SQL: SELECT * FROM `book` WHERE ( tid=4 )  [ RunTime:0.000217s ]
INFO: [ view_parse ] --START--
INFO: [ template_filter ] --START--
INFO: Run Behavior\ContentReplaceBehavior [ RunTime:0.000092s ]
INFO: [ template_filter ] --END-- [ RunTime:0.000151s ]
INFO: Run Behavior\ParseTemplateBehavior [ RunTime:0.014242s ]
INFO: [ view_parse ] --END-- [ RunTime:0.014304s ]
INFO: [ view_filter ] --START--
INFO: Run Behavior\WriteHtmlCacheBehavior [ RunTime:0.000480s ]
INFO: [ view_filter ] --END-- [ RunTime:0.000523s ]
INFO: [ app_end ] --START--
INFO: Run Behavior\ShowPageTraceBehavior [ RunTime:0.001307s ]
INFO: [ app_end ] --END-- [ RunTime:0.001366s ]

