[ 2018-03-24T11:16:41+08:00 ] 127.0.0.1 /Farmers/
INFO: [ app_init ] --START--
INFO: Run Behavior\BuildLiteBehavior [ RunTime:0.000000s ]
INFO: [ app_init ] --END-- [ RunTime:0.000000s ]
INFO: [ app_begin ] --START--
INFO: Run Behavior\ReadHtmlCacheBehavior [ RunTime:0.001000s ]
INFO: [ app_begin ] --END-- [ RunTime:0.001000s ]
NOTIC: [8192] mysql_connect(): The mysql extension is deprecated and will be removed in the future: use mysqli or PDO instead D:\phpStudy\WWW\Farmers\library\ThinkPHP\Library\Think\Db\Driver\Mysql.class.php 第 52 行.
SQL: SHOW COLUMNS FROM `type` [ RunTime:0.036002s ]
SQL: SELECT * FROM `type` WHERE ( fid=0 and state< 9 )  [ RunTime:0.021001s ]
SQL: SELECT * FROM `type` WHERE ( fid=1 and state< 9 )  [ RunTime:0.001000s ]
SQL: SELECT * FROM `type` WHERE ( fid=9 and state< 9 )  [ RunTime:0.000000s ]
SQL: SELECT * FROM `type` WHERE ( fid=16 and state< 9 )  [ RunTime:0.000000s ]
SQL: SELECT * FROM `type` WHERE ( fid=20 and state< 9 )  [ RunTime:0.000000s ]
SQL: SELECT * FROM `type` WHERE ( fid=24 and state< 9 )  [ RunTime:0.000000s ]
SQL: SELECT * FROM `type` WHERE ( fid=27 and state< 9 )  [ RunTime:0.001000s ]
SQL: SELECT * FROM `type` WHERE ( fid=32 and state< 9 )  [ RunTime:0.000000s ]
SQL: SELECT * FROM `type` WHERE ( fid=35 and state< 9 )  [ RunTime:0.001000s ]
SQL: SELECT * FROM `type` WHERE ( fid=39 and state< 9 )  [ RunTime:0.000000s ]
SQL: SELECT * FROM `type` WHERE ( fid=2 and state< 9 )  [ RunTime:0.001000s ]
SQL: SELECT * FROM `type` WHERE ( fid=42 and state< 9 )  [ RunTime:0.000000s ]
SQL: SELECT * FROM `type` WHERE ( fid=48 and state< 9 )  [ RunTime:0.000000s ]
SQL: SELECT * FROM `type` WHERE ( fid=50 and state< 9 )  [ RunTime:0.000000s ]
SQL: SELECT * FROM `type` WHERE ( fid=55 and state< 9 )  [ RunTime:0.000000s ]
SQL: SELECT * FROM `type` WHERE ( fid=62 and state< 9 )  [ RunTime:0.001000s ]
SQL: SELECT * FROM `type` WHERE ( fid=3 and state< 9 )  [ RunTime:0.000000s ]
SQL: SELECT * FROM `type` WHERE ( fid=65 and state< 9 )  [ RunTime:0.001001s ]
SQL: SELECT * FROM `type` WHERE ( fid=4 and state< 9 )  [ RunTime:0.000000s ]
SQL: SELECT * FROM `type` WHERE ( fid=70 and state< 9 )  [ RunTime:0.001000s ]
SQL: SELECT * FROM `type` WHERE ( fid=74 and state< 9 )  [ RunTime:0.000000s ]
SQL: SELECT * FROM `type` WHERE ( fid=79 and state< 9 )  [ RunTime:0.000000s ]
SQL: SELECT * FROM `type` WHERE ( fid=84 and state< 9 )  [ RunTime:0.000000s ]
SQL: SELECT * FROM `type` WHERE ( fid=5 and state< 9 )  [ RunTime:0.000000s ]
SQL: SELECT * FROM `type` WHERE ( fid=87 and state< 9 )  [ RunTime:0.001000s ]
SQL: SELECT * FROM `type` WHERE ( fid=93 and state< 9 )  [ RunTime:0.000000s ]
SQL: SELECT * FROM `type` WHERE ( fid=95 and state< 9 )  [ RunTime:0.000000s ]
SQL: SELECT * FROM `type` WHERE ( fid=100 and state< 9 )  [ RunTime:0.001000s ]
SQL: SELECT * FROM `type` WHERE ( fid=6 and state< 9 )  [ RunTime:0.000000s ]
SQL: SELECT * FROM `type` WHERE ( fid=104 and state< 9 )  [ RunTime:0.000000s ]
SQL: SELECT * FROM `type` WHERE ( fid=109 and state< 9 )  [ RunTime:0.000000s ]
SQL: SELECT * FROM `type` WHERE ( fid=114 and state< 9 )  [ RunTime:0.000000s ]
SQL: SELECT * FROM `type` WHERE ( fid=117 and state< 9 )  [ RunTime:0.001000s ]
SQL: SELECT * FROM `type` WHERE ( fid=7 and state< 9 )  [ RunTime:0.000000s ]
SQL: SELECT * FROM `type` WHERE ( fid=139 and state< 9 )  [ RunTime:0.000000s ]
SQL: SELECT * FROM `type` WHERE ( fid=8 and state< 9 )  [ RunTime:0.001000s ]
SQL: SELECT * FROM `type` WHERE ( fid=123 and state< 9 )  [ RunTime:0.000000s ]
SQL: SELECT * FROM `type` WHERE ( fid=128 and state< 9 )  [ RunTime:0.000000s ]
SQL: SELECT * FROM `type` WHERE ( fid=132 and state< 9 )  [ RunTime:0.001000s ]
SQL: SELECT * FROM `type` WHERE ( fid=0 and state< 9 )  [ RunTime:0.000000s ]
SQL: SELECT * FROM `type` WHERE ( fid=1 and state< 9 )  [ RunTime:0.000000s ]
SQL: SELECT * FROM `type` WHERE ( fid=9 and state< 9 )  [ RunTime:0.000000s ]
SQL: SELECT * FROM `type` WHERE ( fid=16 and state< 9 )  [ RunTime:0.000000s ]
SQL: SELECT * FROM `type` WHERE ( fid=20 and state< 9 )  [ RunTime:0.001000s ]
SQL: SELECT * FROM `type` WHERE ( fid=24 and state< 9 )  [ RunTime:0.000000s ]
SQL: SELECT * FROM `type` WHERE ( fid=27 and state< 9 )  [ RunTime:0.000000s ]
SQL: SELECT * FROM `type` WHERE ( fid=32 and state< 9 )  [ RunTime:0.001000s ]
SQL: SELECT * FROM `type` WHERE ( fid=35 and state< 9 )  [ RunTime:0.000000s ]
SQL: SELECT * FROM `type` WHERE ( fid=39 and state< 9 )  [ RunTime:0.000000s ]
SQL: SELECT * FROM `type` WHERE ( fid=2 and state< 9 )  [ RunTime:0.001000s ]
SQL: SELECT * FROM `type` WHERE ( fid=42 and state< 9 )  [ RunTime:0.000000s ]
SQL: SELECT * FROM `type` WHERE ( fid=48 and state< 9 )  [ RunTime:0.001000s ]
SQL: SELECT * FROM `type` WHERE ( fid=50 and state< 9 )  [ RunTime:0.000000s ]
SQL: SELECT * FROM `type` WHERE ( fid=55 and state< 9 )  [ RunTime:0.000000s ]
SQL: SELECT * FROM `type` WHERE ( fid=62 and state< 9 )  [ RunTime:0.001000s ]
SQL: SELECT * FROM `type` WHERE ( fid=3 and state< 9 )  [ RunTime:0.000000s ]
SQL: SELECT * FROM `type` WHERE ( fid=65 and state< 9 )  [ RunTime:0.001000s ]
SQL: SELECT * FROM `type` WHERE ( fid=4 and state< 9 )  [ RunTime:0.000000s ]
SQL: SELECT * FROM `type` WHERE ( fid=70 and state< 9 )  [ RunTime:0.000000s ]
SQL: SELECT * FROM `type` WHERE ( fid=74 and state< 9 )  [ RunTime:0.001000s ]
SQL: SELECT * FROM `type` WHERE ( fid=79 and state< 9 )  [ RunTime:0.000000s ]
SQL: SELECT * FROM `type` WHERE ( fid=84 and state< 9 )  [ RunTime:0.000000s ]
SQL: SELECT * FROM `type` WHERE ( fid=5 and state< 9 )  [ RunTime:0.001000s ]
SQL: SELECT * FROM `type` WHERE ( fid=87 and state< 9 )  [ RunTime:0.000000s ]
SQL: SELECT * FROM `type` WHERE ( fid=93 and state< 9 )  [ RunTime:0.000000s ]
SQL: SELECT * FROM `type` WHERE ( fid=95 and state< 9 )  [ RunTime:0.000000s ]
SQL: SELECT * FROM `type` WHERE ( fid=100 and state< 9 )  [ RunTime:0.000000s ]
SQL: SELECT * FROM `type` WHERE ( fid=6 and state< 9 )  [ RunTime:0.000000s ]
SQL: SELECT * FROM `type` WHERE ( fid=104 and state< 9 )  [ RunTime:0.000000s ]
SQL: SELECT * FROM `type` WHERE ( fid=109 and state< 9 )  [ RunTime:0.001000s ]
SQL: SELECT * FROM `type` WHERE ( fid=114 and state< 9 )  [ RunTime:0.000000s ]
SQL: SELECT * FROM `type` WHERE ( fid=117 and state< 9 )  [ RunTime:0.001000s ]
SQL: SELECT * FROM `type` WHERE ( fid=7 and state< 9 )  [ RunTime:0.000000s ]
SQL: SELECT * FROM `type` WHERE ( fid=139 and state< 9 )  [ RunTime:0.001000s ]
SQL: SELECT * FROM `type` WHERE ( fid=8 and state< 9 )  [ RunTime:0.000000s ]
SQL: SELECT * FROM `type` WHERE ( fid=123 and state< 9 )  [ RunTime:0.000000s ]
SQL: SELECT * FROM `type` WHERE ( fid=128 and state< 9 )  [ RunTime:0.001000s ]
SQL: SELECT * FROM `type` WHERE ( fid=132 and state< 9 )  [ RunTime:0.000000s ]
SQL: SHOW COLUMNS FROM `imgpath` [ RunTime:0.041002s ]
SQL: SELECT * FROM `imgpath` WHERE ( state<9 ) ORDER BY id desc LIMIT 0,4   [ RunTime:0.001000s ]
SQL: SHOW COLUMNS FROM `articles` [ RunTime:0.036002s ]
SQL: SELECT * FROM `articles` WHERE ( typeId = 116 ) ORDER BY articleId desc LIMIT 0,3   [ RunTime:0.023002s ]
SQL: SELECT * FROM `articles` WHERE ( typeId = 130 ) ORDER BY articleId desc LIMIT 0,3   [ RunTime:0.000000s ]
SQL: SELECT * FROM `articles` WHERE ( typeId = 131 ) ORDER BY articleId desc LIMIT 0,3   [ RunTime:0.001000s ]
SQL: SELECT * FROM `type` WHERE ( fid = 132 ) ORDER BY typeId desc LIMIT 0,8   [ RunTime:0.000000s ]
INFO: [ view_parse ] --START--
INFO: [ template_filter ] --START--
INFO: Run Behavior\ContentReplaceBehavior [ RunTime:0.000000s ]
INFO: [ template_filter ] --END-- [ RunTime:0.000000s ]
INFO: Run Behavior\ParseTemplateBehavior [ RunTime:0.077004s ]
INFO: [ view_parse ] --END-- [ RunTime:0.077004s ]
INFO: [ view_filter ] --START--
INFO: Run Behavior\WriteHtmlCacheBehavior [ RunTime:0.010001s ]
INFO: [ view_filter ] --END-- [ RunTime:0.010001s ]
INFO: [ app_end ] --START--
INFO: Run Behavior\ShowPageTraceBehavior [ RunTime:0.009000s ]
INFO: [ app_end ] --END-- [ RunTime:0.009000s ]

[ 2018-03-24T11:16:52+08:00 ] 127.0.0.1 /Farmers/admin.php
INFO: [ app_init ] --START--
INFO: Run Behavior\BuildLiteBehavior [ RunTime:0.000000s ]
INFO: [ app_init ] --END-- [ RunTime:0.001000s ]
INFO: [ app_begin ] --START--
INFO: Run Behavior\ReadHtmlCacheBehavior [ RunTime:0.001000s ]
INFO: [ app_begin ] --END-- [ RunTime:0.001000s ]

[ 2018-03-24T11:16:52+08:00 ] 127.0.0.1 /Farmers/admin.php/Login/login.html
INFO: [ app_init ] --START--
INFO: Run Behavior\BuildLiteBehavior [ RunTime:0.000000s ]
INFO: [ app_init ] --END-- [ RunTime:0.000000s ]
INFO: [ app_begin ] --START--
INFO: Run Behavior\ReadHtmlCacheBehavior [ RunTime:0.000000s ]
INFO: [ app_begin ] --END-- [ RunTime:0.001001s ]
INFO: [ view_parse ] --START--
INFO: [ template_filter ] --START--
INFO: Run Behavior\ContentReplaceBehavior [ RunTime:0.000000s ]
INFO: [ template_filter ] --END-- [ RunTime:0.000000s ]
INFO: Run Behavior\ParseTemplateBehavior [ RunTime:0.011001s ]
INFO: [ view_parse ] --END-- [ RunTime:0.012001s ]
INFO: [ view_filter ] --START--
INFO: Run Behavior\WriteHtmlCacheBehavior [ RunTime:0.000000s ]
INFO: [ view_filter ] --END-- [ RunTime:0.000000s ]
INFO: [ app_end ] --START--
INFO: Run Behavior\ShowPageTraceBehavior [ RunTime:0.001000s ]
INFO: [ app_end ] --END-- [ RunTime:0.001000s ]

[ 2018-03-24T11:16:57+08:00 ] 127.0.0.1 /Farmers/admin.php/Login/check.html
INFO: [ app_init ] --START--
INFO: Run Behavior\BuildLiteBehavior [ RunTime:0.000000s ]
INFO: [ app_init ] --END-- [ RunTime:0.000000s ]
INFO: [ app_begin ] --START--
INFO: Run Behavior\ReadHtmlCacheBehavior [ RunTime:0.001000s ]
INFO: [ app_begin ] --END-- [ RunTime:0.001000s ]
NOTIC: [8192] mysql_connect(): The mysql extension is deprecated and will be removed in the future: use mysqli or PDO instead D:\phpStudy\WWW\Farmers\library\ThinkPHP\Library\Think\Db\Driver\Mysql.class.php 第 52 行.
SQL: SHOW COLUMNS FROM `admin` [ RunTime:0.084005s ]
SQL: SELECT * FROM `admin` WHERE ( username='admin' and password='21232f297a57a5a743894a0e4a801fc3' ) LIMIT 1   [ RunTime:0.002000s ]

[ 2018-03-24T11:16:57+08:00 ] 127.0.0.1 /Farmers/admin.php/Index/main.html
INFO: [ app_init ] --START--
INFO: Run Behavior\BuildLiteBehavior [ RunTime:0.000000s ]
INFO: [ app_init ] --END-- [ RunTime:0.001000s ]
INFO: [ app_begin ] --START--
INFO: Run Behavior\ReadHtmlCacheBehavior [ RunTime:0.000000s ]
INFO: [ app_begin ] --END-- [ RunTime:0.000000s ]
INFO: [ view_parse ] --START--
INFO: [ template_filter ] --START--
INFO: Run Behavior\ContentReplaceBehavior [ RunTime:0.000000s ]
INFO: [ template_filter ] --END-- [ RunTime:0.000000s ]
INFO: Run Behavior\ParseTemplateBehavior [ RunTime:0.014000s ]
INFO: [ view_parse ] --END-- [ RunTime:0.014000s ]
INFO: [ view_filter ] --START--
INFO: Run Behavior\WriteHtmlCacheBehavior [ RunTime:0.000000s ]
INFO: [ view_filter ] --END-- [ RunTime:0.000000s ]
INFO: [ app_end ] --START--
INFO: Run Behavior\ShowPageTraceBehavior [ RunTime:0.001000s ]
INFO: [ app_end ] --END-- [ RunTime:0.001000s ]

[ 2018-03-24T11:16:57+08:00 ] 127.0.0.1 /Farmers/admin.php/Index/top.html
INFO: [ app_init ] --START--
INFO: Run Behavior\BuildLiteBehavior [ RunTime:0.000000s ]
INFO: [ app_init ] --END-- [ RunTime:0.001000s ]
INFO: [ app_begin ] --START--
INFO: Run Behavior\ReadHtmlCacheBehavior [ RunTime:0.000000s ]
INFO: [ app_begin ] --END-- [ RunTime:0.001001s ]
INFO: [ view_parse ] --START--
INFO: [ template_filter ] --START--
INFO: Run Behavior\ContentReplaceBehavior [ RunTime:0.000000s ]
INFO: [ template_filter ] --END-- [ RunTime:0.000000s ]
INFO: Run Behavior\ParseTemplateBehavior [ RunTime:0.009000s ]
INFO: [ view_parse ] --END-- [ RunTime:0.009000s ]
INFO: [ view_filter ] --START--
INFO: Run Behavior\WriteHtmlCacheBehavior [ RunTime:0.001000s ]
INFO: [ view_filter ] --END-- [ RunTime:0.001000s ]
INFO: [ app_end ] --START--
INFO: Run Behavior\ShowPageTraceBehavior [ RunTime:0.001000s ]
INFO: [ app_end ] --END-- [ RunTime:0.001000s ]

[ 2018-03-24T11:16:58+08:00 ] 127.0.0.1 /Farmers/admin.php/Index/left.html
INFO: [ app_init ] --START--
INFO: Run Behavior\BuildLiteBehavior [ RunTime:0.000000s ]
INFO: [ app_init ] --END-- [ RunTime:0.001000s ]
INFO: [ app_begin ] --START--
INFO: Run Behavior\ReadHtmlCacheBehavior [ RunTime:0.001000s ]
INFO: [ app_begin ] --END-- [ RunTime:0.001000s ]
INFO: [ view_parse ] --START--
INFO: [ template_filter ] --START--
INFO: Run Behavior\ContentReplaceBehavior [ RunTime:0.000000s ]
INFO: [ template_filter ] --END-- [ RunTime:0.000000s ]
INFO: Run Behavior\ParseTemplateBehavior [ RunTime:0.010001s ]
INFO: [ view_parse ] --END-- [ RunTime:0.010001s ]
INFO: [ view_filter ] --START--
INFO: Run Behavior\WriteHtmlCacheBehavior [ RunTime:0.001000s ]
INFO: [ view_filter ] --END-- [ RunTime:0.001000s ]
INFO: [ app_end ] --START--
INFO: Run Behavior\ShowPageTraceBehavior [ RunTime:0.001000s ]
INFO: [ app_end ] --END-- [ RunTime:0.001000s ]

[ 2018-03-24T11:16:58+08:00 ] 127.0.0.1 /Farmers/admin.php/Index/index.html
INFO: [ app_init ] --START--
INFO: Run Behavior\BuildLiteBehavior [ RunTime:0.000000s ]
INFO: [ app_init ] --END-- [ RunTime:0.000000s ]
INFO: [ app_begin ] --START--
INFO: Run Behavior\ReadHtmlCacheBehavior [ RunTime:0.000000s ]
INFO: [ app_begin ] --END-- [ RunTime:0.001000s ]
INFO: [ view_parse ] --START--
INFO: [ template_filter ] --START--
INFO: Run Behavior\ContentReplaceBehavior [ RunTime:0.000000s ]
INFO: [ template_filter ] --END-- [ RunTime:0.000000s ]
INFO: Run Behavior\ParseTemplateBehavior [ RunTime:0.013001s ]
INFO: [ view_parse ] --END-- [ RunTime:0.013001s ]
INFO: [ view_filter ] --START--
INFO: Run Behavior\WriteHtmlCacheBehavior [ RunTime:0.000000s ]
INFO: [ view_filter ] --END-- [ RunTime:0.000000s ]
INFO: [ app_end ] --START--
INFO: Run Behavior\ShowPageTraceBehavior [ RunTime:0.001000s ]
INFO: [ app_end ] --END-- [ RunTime:0.001000s ]

[ 2018-03-24T11:17:02+08:00 ] 127.0.0.1 /Farmers/admin.php/User/index.html
INFO: [ app_init ] --START--
INFO: Run Behavior\BuildLiteBehavior [ RunTime:0.000000s ]
INFO: [ app_init ] --END-- [ RunTime:0.000000s ]
INFO: [ app_begin ] --START--
INFO: Run Behavior\ReadHtmlCacheBehavior [ RunTime:0.001000s ]
INFO: [ app_begin ] --END-- [ RunTime:0.001000s ]
NOTIC: [8192] mysql_connect(): The mysql extension is deprecated and will be removed in the future: use mysqli or PDO instead D:\phpStudy\WWW\Farmers\library\ThinkPHP\Library\Think\Db\Driver\Mysql.class.php 第 52 行.
SQL: SHOW COLUMNS FROM `type` [ RunTime:0.007000s ]
SQL: SELECT * FROM `type` WHERE ( fid=0 and state< 9 )  [ RunTime:0.000000s ]
SQL: SELECT * FROM `type` WHERE ( fid=1 and state< 9 )  [ RunTime:0.000000s ]
SQL: SELECT * FROM `type` WHERE ( fid=2 and state< 9 )  [ RunTime:0.000000s ]
SQL: SELECT * FROM `type` WHERE ( fid=3 and state< 9 )  [ RunTime:0.001000s ]
SQL: SELECT * FROM `type` WHERE ( fid=4 and state< 9 )  [ RunTime:0.000000s ]
SQL: SELECT * FROM `type` WHERE ( fid=5 and state< 9 )  [ RunTime:0.000000s ]
SQL: SELECT * FROM `type` WHERE ( fid=6 and state< 9 )  [ RunTime:0.001000s ]
SQL: SELECT * FROM `type` WHERE ( fid=7 and state< 9 )  [ RunTime:0.000000s ]
SQL: SELECT * FROM `type` WHERE ( fid=8 and state< 9 )  [ RunTime:0.000000s ]
INFO: [ view_parse ] --START--
INFO: [ template_filter ] --START--
INFO: Run Behavior\ContentReplaceBehavior [ RunTime:0.000000s ]
INFO: [ template_filter ] --END-- [ RunTime:0.000000s ]
NOTIC: [8] Undefined index: id D:\phpStudy\WWW\Farmers\application\Runtime\Cache\Admin\1fa1f30d2cc8cc05a09dcad731cffc60.php 第 41 行.
NOTIC: [8] Undefined index: id D:\phpStudy\WWW\Farmers\application\Runtime\Cache\Admin\1fa1f30d2cc8cc05a09dcad731cffc60.php 第 41 行.
NOTIC: [8] Undefined index: id D:\phpStudy\WWW\Farmers\application\Runtime\Cache\Admin\1fa1f30d2cc8cc05a09dcad731cffc60.php 第 41 行.
NOTIC: [8] Undefined index: id D:\phpStudy\WWW\Farmers\application\Runtime\Cache\Admin\1fa1f30d2cc8cc05a09dcad731cffc60.php 第 41 行.
NOTIC: [8] Undefined index: id D:\phpStudy\WWW\Farmers\application\Runtime\Cache\Admin\1fa1f30d2cc8cc05a09dcad731cffc60.php 第 41 行.
NOTIC: [8] Undefined index: id D:\phpStudy\WWW\Farmers\application\Runtime\Cache\Admin\1fa1f30d2cc8cc05a09dcad731cffc60.php 第 41 行.
NOTIC: [8] Undefined index: id D:\phpStudy\WWW\Farmers\application\Runtime\Cache\Admin\1fa1f30d2cc8cc05a09dcad731cffc60.php 第 41 行.
NOTIC: [8] Undefined index: id D:\phpStudy\WWW\Farmers\application\Runtime\Cache\Admin\1fa1f30d2cc8cc05a09dcad731cffc60.php 第 41 行.
NOTIC: [8] Undefined index: id D:\phpStudy\WWW\Farmers\application\Runtime\Cache\Admin\1fa1f30d2cc8cc05a09dcad731cffc60.php 第 41 行.
NOTIC: [8] Undefined index: id D:\phpStudy\WWW\Farmers\application\Runtime\Cache\Admin\1fa1f30d2cc8cc05a09dcad731cffc60.php 第 41 行.
NOTIC: [8] Undefined index: id D:\phpStudy\WWW\Farmers\application\Runtime\Cache\Admin\1fa1f30d2cc8cc05a09dcad731cffc60.php 第 41 行.
NOTIC: [8] Undefined index: id D:\phpStudy\WWW\Farmers\application\Runtime\Cache\Admin\1fa1f30d2cc8cc05a09dcad731cffc60.php 第 41 行.
NOTIC: [8] Undefined index: id D:\phpStudy\WWW\Farmers\application\Runtime\Cache\Admin\1fa1f30d2cc8cc05a09dcad731cffc60.php 第 41 行.
NOTIC: [8] Undefined index: id D:\phpStudy\WWW\Farmers\application\Runtime\Cache\Admin\1fa1f30d2cc8cc05a09dcad731cffc60.php 第 41 行.
NOTIC: [8] Undefined index: id D:\phpStudy\WWW\Farmers\application\Runtime\Cache\Admin\1fa1f30d2cc8cc05a09dcad731cffc60.php 第 41 行.
NOTIC: [8] Undefined index: id D:\phpStudy\WWW\Farmers\application\Runtime\Cache\Admin\1fa1f30d2cc8cc05a09dcad731cffc60.php 第 41 行.
NOTIC: [8] Undefined index: id D:\phpStudy\WWW\Farmers\application\Runtime\Cache\Admin\1fa1f30d2cc8cc05a09dcad731cffc60.php 第 41 行.
NOTIC: [8] Undefined index: id D:\phpStudy\WWW\Farmers\application\Runtime\Cache\Admin\1fa1f30d2cc8cc05a09dcad731cffc60.php 第 41 行.
NOTIC: [8] Undefined index: id D:\phpStudy\WWW\Farmers\application\Runtime\Cache\Admin\1fa1f30d2cc8cc05a09dcad731cffc60.php 第 41 行.
NOTIC: [8] Undefined index: id D:\phpStudy\WWW\Farmers\application\Runtime\Cache\Admin\1fa1f30d2cc8cc05a09dcad731cffc60.php 第 41 行.
NOTIC: [8] Undefined index: id D:\phpStudy\WWW\Farmers\application\Runtime\Cache\Admin\1fa1f30d2cc8cc05a09dcad731cffc60.php 第 41 行.
NOTIC: [8] Undefined index: id D:\phpStudy\WWW\Farmers\application\Runtime\Cache\Admin\1fa1f30d2cc8cc05a09dcad731cffc60.php 第 41 行.
NOTIC: [8] Undefined index: id D:\phpStudy\WWW\Farmers\application\Runtime\Cache\Admin\1fa1f30d2cc8cc05a09dcad731cffc60.php 第 41 行.
NOTIC: [8] Undefined index: id D:\phpStudy\WWW\Farmers\application\Runtime\Cache\Admin\1fa1f30d2cc8cc05a09dcad731cffc60.php 第 41 行.
NOTIC: [8] Undefined index: id D:\phpStudy\WWW\Farmers\application\Runtime\Cache\Admin\1fa1f30d2cc8cc05a09dcad731cffc60.php 第 41 行.
NOTIC: [8] Undefined index: id D:\phpStudy\WWW\Farmers\application\Runtime\Cache\Admin\1fa1f30d2cc8cc05a09dcad731cffc60.php 第 41 行.
NOTIC: [8] Undefined index: id D:\phpStudy\WWW\Farmers\application\Runtime\Cache\Admin\1fa1f30d2cc8cc05a09dcad731cffc60.php 第 41 行.
NOTIC: [8] Undefined index: id D:\phpStudy\WWW\Farmers\application\Runtime\Cache\Admin\1fa1f30d2cc8cc05a09dcad731cffc60.php 第 41 行.
NOTIC: [8] Undefined index: id D:\phpStudy\WWW\Farmers\application\Runtime\Cache\Admin\1fa1f30d2cc8cc05a09dcad731cffc60.php 第 41 行.
NOTIC: [8] Undefined index: id D:\phpStudy\WWW\Farmers\application\Runtime\Cache\Admin\1fa1f30d2cc8cc05a09dcad731cffc60.php 第 41 行.
INFO: Run Behavior\ParseTemplateBehavior [ RunTime:0.007001s ]
INFO: [ view_parse ] --END-- [ RunTime:0.007001s ]
INFO: [ view_filter ] --START--
INFO: Run Behavior\WriteHtmlCacheBehavior [ RunTime:0.000000s ]
INFO: [ view_filter ] --END-- [ RunTime:0.000000s ]
INFO: [ app_end ] --START--
INFO: Run Behavior\ShowPageTraceBehavior [ RunTime:0.000000s ]
INFO: [ app_end ] --END-- [ RunTime:0.001000s ]

[ 2018-03-24T11:17:10+08:00 ] 127.0.0.1 /Farmers/admin.php/User/lister.html
INFO: [ app_init ] --START--
INFO: Run Behavior\BuildLiteBehavior [ RunTime:0.000000s ]
INFO: [ app_init ] --END-- [ RunTime:0.000000s ]
INFO: [ app_begin ] --START--
INFO: Run Behavior\ReadHtmlCacheBehavior [ RunTime:0.001000s ]
INFO: [ app_begin ] --END-- [ RunTime:0.001000s ]
NOTIC: [8192] mysql_connect(): The mysql extension is deprecated and will be removed in the future: use mysqli or PDO instead D:\phpStudy\WWW\Farmers\library\ThinkPHP\Library\Think\Db\Driver\Mysql.class.php 第 52 行.
SQL: SHOW COLUMNS FROM `admin` [ RunTime:0.007000s ]
SQL: SELECT * FROM `admin` WHERE ( state < 9 )  [ RunTime:0.001000s ]
INFO: [ view_parse ] --START--
INFO: [ template_filter ] --START--
INFO: Run Behavior\ContentReplaceBehavior [ RunTime:0.000000s ]
INFO: [ template_filter ] --END-- [ RunTime:0.000000s ]
NOTIC: [8] Undefined variable: pageList D:\phpStudy\WWW\Farmers\application\Runtime\Cache\Admin\1dfb01db268756e0fdfbb57e11f2087f.php 第 45 行.
INFO: Run Behavior\ParseTemplateBehavior [ RunTime:0.006001s ]
INFO: [ view_parse ] --END-- [ RunTime:0.006001s ]
INFO: [ view_filter ] --START--
INFO: Run Behavior\WriteHtmlCacheBehavior [ RunTime:0.000000s ]
INFO: [ view_filter ] --END-- [ RunTime:0.000000s ]
INFO: [ app_end ] --START--
INFO: Run Behavior\ShowPageTraceBehavior [ RunTime:0.001000s ]
INFO: [ app_end ] --END-- [ RunTime:0.001000s ]

[ 2018-03-24T11:17:11+08:00 ] 127.0.0.1 /Farmers/admin.php/User/index.html
INFO: [ app_init ] --START--
INFO: Run Behavior\BuildLiteBehavior [ RunTime:0.000000s ]
INFO: [ app_init ] --END-- [ RunTime:0.001000s ]
INFO: [ app_begin ] --START--
INFO: Run Behavior\ReadHtmlCacheBehavior [ RunTime:0.001000s ]
INFO: [ app_begin ] --END-- [ RunTime:0.001000s ]
NOTIC: [8192] mysql_connect(): The mysql extension is deprecated and will be removed in the future: use mysqli or PDO instead D:\phpStudy\WWW\Farmers\library\ThinkPHP\Library\Think\Db\Driver\Mysql.class.php 第 52 行.
SQL: SHOW COLUMNS FROM `type` [ RunTime:0.005000s ]
SQL: SELECT * FROM `type` WHERE ( fid=0 and state< 9 )  [ RunTime:0.000000s ]
SQL: SELECT * FROM `type` WHERE ( fid=1 and state< 9 )  [ RunTime:0.000000s ]
SQL: SELECT * FROM `type` WHERE ( fid=2 and state< 9 )  [ RunTime:0.000000s ]
SQL: SELECT * FROM `type` WHERE ( fid=3 and state< 9 )  [ RunTime:0.001000s ]
SQL: SELECT * FROM `type` WHERE ( fid=4 and state< 9 )  [ RunTime:0.000000s ]
SQL: SELECT * FROM `type` WHERE ( fid=5 and state< 9 )  [ RunTime:0.000000s ]
SQL: SELECT * FROM `type` WHERE ( fid=6 and state< 9 )  [ RunTime:0.001000s ]
SQL: SELECT * FROM `type` WHERE ( fid=7 and state< 9 )  [ RunTime:0.000000s ]
SQL: SELECT * FROM `type` WHERE ( fid=8 and state< 9 )  [ RunTime:0.000000s ]
INFO: [ view_parse ] --START--
INFO: [ template_filter ] --START--
INFO: Run Behavior\ContentReplaceBehavior [ RunTime:0.000000s ]
INFO: [ template_filter ] --END-- [ RunTime:0.000000s ]
NOTIC: [8] Undefined index: id D:\phpStudy\WWW\Farmers\application\Runtime\Cache\Admin\1fa1f30d2cc8cc05a09dcad731cffc60.php 第 41 行.
NOTIC: [8] Undefined index: id D:\phpStudy\WWW\Farmers\application\Runtime\Cache\Admin\1fa1f30d2cc8cc05a09dcad731cffc60.php 第 41 行.
NOTIC: [8] Undefined index: id D:\phpStudy\WWW\Farmers\application\Runtime\Cache\Admin\1fa1f30d2cc8cc05a09dcad731cffc60.php 第 41 行.
NOTIC: [8] Undefined index: id D:\phpStudy\WWW\Farmers\application\Runtime\Cache\Admin\1fa1f30d2cc8cc05a09dcad731cffc60.php 第 41 行.
NOTIC: [8] Undefined index: id D:\phpStudy\WWW\Farmers\application\Runtime\Cache\Admin\1fa1f30d2cc8cc05a09dcad731cffc60.php 第 41 行.
NOTIC: [8] Undefined index: id D:\phpStudy\WWW\Farmers\application\Runtime\Cache\Admin\1fa1f30d2cc8cc05a09dcad731cffc60.php 第 41 行.
NOTIC: [8] Undefined index: id D:\phpStudy\WWW\Farmers\application\Runtime\Cache\Admin\1fa1f30d2cc8cc05a09dcad731cffc60.php 第 41 行.
NOTIC: [8] Undefined index: id D:\phpStudy\WWW\Farmers\application\Runtime\Cache\Admin\1fa1f30d2cc8cc05a09dcad731cffc60.php 第 41 行.
NOTIC: [8] Undefined index: id D:\phpStudy\WWW\Farmers\application\Runtime\Cache\Admin\1fa1f30d2cc8cc05a09dcad731cffc60.php 第 41 行.
NOTIC: [8] Undefined index: id D:\phpStudy\WWW\Farmers\application\Runtime\Cache\Admin\1fa1f30d2cc8cc05a09dcad731cffc60.php 第 41 行.
NOTIC: [8] Undefined index: id D:\phpStudy\WWW\Farmers\application\Runtime\Cache\Admin\1fa1f30d2cc8cc05a09dcad731cffc60.php 第 41 行.
NOTIC: [8] Undefined index: id D:\phpStudy\WWW\Farmers\application\Runtime\Cache\Admin\1fa1f30d2cc8cc05a09dcad731cffc60.php 第 41 行.
NOTIC: [8] Undefined index: id D:\phpStudy\WWW\Farmers\application\Runtime\Cache\Admin\1fa1f30d2cc8cc05a09dcad731cffc60.php 第 41 行.
NOTIC: [8] Undefined index: id D:\phpStudy\WWW\Farmers\application\Runtime\Cache\Admin\1fa1f30d2cc8cc05a09dcad731cffc60.php 第 41 行.
NOTIC: [8] Undefined index: id D:\phpStudy\WWW\Farmers\application\Runtime\Cache\Admin\1fa1f30d2cc8cc05a09dcad731cffc60.php 第 41 行.
NOTIC: [8] Undefined index: id D:\phpStudy\WWW\Farmers\application\Runtime\Cache\Admin\1fa1f30d2cc8cc05a09dcad731cffc60.php 第 41 行.
NOTIC: [8] Undefined index: id D:\phpStudy\WWW\Farmers\application\Runtime\Cache\Admin\1fa1f30d2cc8cc05a09dcad731cffc60.php 第 41 行.
NOTIC: [8] Undefined index: id D:\phpStudy\WWW\Farmers\application\Runtime\Cache\Admin\1fa1f30d2cc8cc05a09dcad731cffc60.php 第 41 行.
NOTIC: [8] Undefined index: id D:\phpStudy\WWW\Farmers\application\Runtime\Cache\Admin\1fa1f30d2cc8cc05a09dcad731cffc60.php 第 41 行.
NOTIC: [8] Undefined index: id D:\phpStudy\WWW\Farmers\application\Runtime\Cache\Admin\1fa1f30d2cc8cc05a09dcad731cffc60.php 第 41 行.
NOTIC: [8] Undefined index: id D:\phpStudy\WWW\Farmers\application\Runtime\Cache\Admin\1fa1f30d2cc8cc05a09dcad731cffc60.php 第 41 行.
NOTIC: [8] Undefined index: id D:\phpStudy\WWW\Farmers\application\Runtime\Cache\Admin\1fa1f30d2cc8cc05a09dcad731cffc60.php 第 41 行.
NOTIC: [8] Undefined index: id D:\phpStudy\WWW\Farmers\application\Runtime\Cache\Admin\1fa1f30d2cc8cc05a09dcad731cffc60.php 第 41 行.
NOTIC: [8] Undefined index: id D:\phpStudy\WWW\Farmers\application\Runtime\Cache\Admin\1fa1f30d2cc8cc05a09dcad731cffc60.php 第 41 行.
NOTIC: [8] Undefined index: id D:\phpStudy\WWW\Farmers\application\Runtime\Cache\Admin\1fa1f30d2cc8cc05a09dcad731cffc60.php 第 41 行.
NOTIC: [8] Undefined index: id D:\phpStudy\WWW\Farmers\application\Runtime\Cache\Admin\1fa1f30d2cc8cc05a09dcad731cffc60.php 第 41 行.
NOTIC: [8] Undefined index: id D:\phpStudy\WWW\Farmers\application\Runtime\Cache\Admin\1fa1f30d2cc8cc05a09dcad731cffc60.php 第 41 行.
NOTIC: [8] Undefined index: id D:\phpStudy\WWW\Farmers\application\Runtime\Cache\Admin\1fa1f30d2cc8cc05a09dcad731cffc60.php 第 41 行.
NOTIC: [8] Undefined index: id D:\phpStudy\WWW\Farmers\application\Runtime\Cache\Admin\1fa1f30d2cc8cc05a09dcad731cffc60.php 第 41 行.
NOTIC: [8] Undefined index: id D:\phpStudy\WWW\Farmers\application\Runtime\Cache\Admin\1fa1f30d2cc8cc05a09dcad731cffc60.php 第 41 行.
INFO: Run Behavior\ParseTemplateBehavior [ RunTime:0.007001s ]
INFO: [ view_parse ] --END-- [ RunTime:0.007001s ]
INFO: [ view_filter ] --START--
INFO: Run Behavior\WriteHtmlCacheBehavior [ RunTime:0.000000s ]
INFO: [ view_filter ] --END-- [ RunTime:0.000000s ]
INFO: [ app_end ] --START--
INFO: Run Behavior\ShowPageTraceBehavior [ RunTime:0.001000s ]
INFO: [ app_end ] --END-- [ RunTime:0.001000s ]

[ 2018-03-24T11:20:05+08:00 ] 127.0.0.1 /Farmers/admin.php/Index/main.html
INFO: [ app_init ] --START--
INFO: Run Behavior\BuildLiteBehavior [ RunTime:0.000000s ]
INFO: [ app_init ] --END-- [ RunTime:0.000000s ]
INFO: [ app_begin ] --START--
INFO: Run Behavior\ReadHtmlCacheBehavior [ RunTime:0.001000s ]
INFO: [ app_begin ] --END-- [ RunTime:0.001000s ]
INFO: [ view_parse ] --START--
INFO: [ template_filter ] --START--
INFO: Run Behavior\ContentReplaceBehavior [ RunTime:0.000000s ]
INFO: [ template_filter ] --END-- [ RunTime:0.000000s ]
INFO: Run Behavior\ParseTemplateBehavior [ RunTime:0.004000s ]
INFO: [ view_parse ] --END-- [ RunTime:0.005000s ]
INFO: [ view_filter ] --START--
INFO: Run Behavior\WriteHtmlCacheBehavior [ RunTime:0.000000s ]
INFO: [ view_filter ] --END-- [ RunTime:0.000000s ]
INFO: [ app_end ] --START--
INFO: Run Behavior\ShowPageTraceBehavior [ RunTime:0.000000s ]
INFO: [ app_end ] --END-- [ RunTime:0.000000s ]

[ 2018-03-24T11:20:05+08:00 ] 127.0.0.1 /Farmers/admin.php/Index/left.html
INFO: [ app_init ] --START--
INFO: Run Behavior\BuildLiteBehavior [ RunTime:0.000000s ]
INFO: [ app_init ] --END-- [ RunTime:0.001000s ]
INFO: [ app_begin ] --START--
INFO: Run Behavior\ReadHtmlCacheBehavior [ RunTime:0.001000s ]
INFO: [ app_begin ] --END-- [ RunTime:0.001000s ]
INFO: [ view_parse ] --START--
INFO: [ template_filter ] --START--
INFO: Run Behavior\ContentReplaceBehavior [ RunTime:0.000000s ]
INFO: [ template_filter ] --END-- [ RunTime:0.000000s ]
INFO: Run Behavior\ParseTemplateBehavior [ RunTime:0.006001s ]
INFO: [ view_parse ] --END-- [ RunTime:0.006001s ]
INFO: [ view_filter ] --START--
INFO: Run Behavior\WriteHtmlCacheBehavior [ RunTime:0.001000s ]
INFO: [ view_filter ] --END-- [ RunTime:0.001000s ]
INFO: [ app_end ] --START--
INFO: Run Behavior\ShowPageTraceBehavior [ RunTime:0.001000s ]
INFO: [ app_end ] --END-- [ RunTime:0.001000s ]

[ 2018-03-24T11:20:05+08:00 ] 127.0.0.1 /Farmers/admin.php/Index/top.html
INFO: [ app_init ] --START--
INFO: Run Behavior\BuildLiteBehavior [ RunTime:0.000000s ]
INFO: [ app_init ] --END-- [ RunTime:0.001000s ]
INFO: [ app_begin ] --START--
INFO: Run Behavior\ReadHtmlCacheBehavior [ RunTime:0.001000s ]
INFO: [ app_begin ] --END-- [ RunTime:0.001000s ]
INFO: [ view_parse ] --START--
INFO: [ template_filter ] --START--
INFO: Run Behavior\ContentReplaceBehavior [ RunTime:0.000000s ]
INFO: [ template_filter ] --END-- [ RunTime:0.000000s ]
INFO: Run Behavior\ParseTemplateBehavior [ RunTime:0.010001s ]
INFO: [ view_parse ] --END-- [ RunTime:0.010001s ]
INFO: [ view_filter ] --START--
INFO: Run Behavior\WriteHtmlCacheBehavior [ RunTime:0.001000s ]
INFO: [ view_filter ] --END-- [ RunTime:0.001000s ]
INFO: [ app_end ] --START--
INFO: Run Behavior\ShowPageTraceBehavior [ RunTime:0.001000s ]
INFO: [ app_end ] --END-- [ RunTime:0.001000s ]

[ 2018-03-24T11:20:06+08:00 ] 127.0.0.1 /Farmers/admin.php/Index/index.html
INFO: [ app_init ] --START--
INFO: Run Behavior\BuildLiteBehavior [ RunTime:0.000000s ]
INFO: [ app_init ] --END-- [ RunTime:0.000000s ]
INFO: [ app_begin ] --START--
INFO: Run Behavior\ReadHtmlCacheBehavior [ RunTime:0.000000s ]
INFO: [ app_begin ] --END-- [ RunTime:0.001000s ]
INFO: [ view_parse ] --START--
INFO: [ template_filter ] --START--
INFO: Run Behavior\ContentReplaceBehavior [ RunTime:0.000000s ]
INFO: [ template_filter ] --END-- [ RunTime:0.000000s ]
INFO: Run Behavior\ParseTemplateBehavior [ RunTime:0.007001s ]
INFO: [ view_parse ] --END-- [ RunTime:0.007001s ]
INFO: [ view_filter ] --START--
INFO: Run Behavior\WriteHtmlCacheBehavior [ RunTime:0.001000s ]
INFO: [ view_filter ] --END-- [ RunTime:0.001000s ]
INFO: [ app_end ] --START--
INFO: Run Behavior\ShowPageTraceBehavior [ RunTime:0.001000s ]
INFO: [ app_end ] --END-- [ RunTime:0.001000s ]

[ 2018-03-24T11:20:09+08:00 ] 127.0.0.1 /Farmers/admin.php/User/index.html
INFO: [ app_init ] --START--
INFO: Run Behavior\BuildLiteBehavior [ RunTime:0.000000s ]
INFO: [ app_init ] --END-- [ RunTime:0.001001s ]
INFO: [ app_begin ] --START--
INFO: Run Behavior\ReadHtmlCacheBehavior [ RunTime:0.001000s ]
INFO: [ app_begin ] --END-- [ RunTime:0.001000s ]
NOTIC: [8192] mysql_connect(): The mysql extension is deprecated and will be removed in the future: use mysqli or PDO instead D:\phpStudy\WWW\Farmers\library\ThinkPHP\Library\Think\Db\Driver\Mysql.class.php 第 52 行.
SQL: SHOW COLUMNS FROM `type` [ RunTime:0.005001s ]
SQL: SELECT * FROM `type` WHERE ( fid=0 and state< 9 )  [ RunTime:0.001000s ]
SQL: SELECT * FROM `type` WHERE ( fid=1 and state< 9 )  [ RunTime:0.000000s ]
SQL: SELECT * FROM `type` WHERE ( fid=2 and state< 9 )  [ RunTime:0.000000s ]
SQL: SELECT * FROM `type` WHERE ( fid=3 and state< 9 )  [ RunTime:0.000000s ]
SQL: SELECT * FROM `type` WHERE ( fid=4 and state< 9 )  [ RunTime:0.000000s ]
SQL: SELECT * FROM `type` WHERE ( fid=5 and state< 9 )  [ RunTime:0.001000s ]
SQL: SELECT * FROM `type` WHERE ( fid=6 and state< 9 )  [ RunTime:0.000000s ]
SQL: SELECT * FROM `type` WHERE ( fid=7 and state< 9 )  [ RunTime:0.001000s ]
SQL: SELECT * FROM `type` WHERE ( fid=8 and state< 9 )  [ RunTime:0.000000s ]
INFO: [ view_parse ] --START--
INFO: [ template_filter ] --START--
INFO: Run Behavior\ContentReplaceBehavior [ RunTime:0.000000s ]
INFO: [ template_filter ] --END-- [ RunTime:0.001000s ]
NOTIC: [8] Undefined index: id D:\phpStudy\WWW\Farmers\application\Runtime\Cache\Admin\1fa1f30d2cc8cc05a09dcad731cffc60.php 第 41 行.
NOTIC: [8] Undefined index: id D:\phpStudy\WWW\Farmers\application\Runtime\Cache\Admin\1fa1f30d2cc8cc05a09dcad731cffc60.php 第 41 行.
NOTIC: [8] Undefined index: id D:\phpStudy\WWW\Farmers\application\Runtime\Cache\Admin\1fa1f30d2cc8cc05a09dcad731cffc60.php 第 41 行.
NOTIC: [8] Undefined index: id D:\phpStudy\WWW\Farmers\application\Runtime\Cache\Admin\1fa1f30d2cc8cc05a09dcad731cffc60.php 第 41 行.
NOTIC: [8] Undefined index: id D:\phpStudy\WWW\Farmers\application\Runtime\Cache\Admin\1fa1f30d2cc8cc05a09dcad731cffc60.php 第 41 行.
NOTIC: [8] Undefined index: id D:\phpStudy\WWW\Farmers\application\Runtime\Cache\Admin\1fa1f30d2cc8cc05a09dcad731cffc60.php 第 41 行.
NOTIC: [8] Undefined index: id D:\phpStudy\WWW\Farmers\application\Runtime\Cache\Admin\1fa1f30d2cc8cc05a09dcad731cffc60.php 第 41 行.
NOTIC: [8] Undefined index: id D:\phpStudy\WWW\Farmers\application\Runtime\Cache\Admin\1fa1f30d2cc8cc05a09dcad731cffc60.php 第 41 行.
NOTIC: [8] Undefined index: id D:\phpStudy\WWW\Farmers\application\Runtime\Cache\Admin\1fa1f30d2cc8cc05a09dcad731cffc60.php 第 41 行.
NOTIC: [8] Undefined index: id D:\phpStudy\WWW\Farmers\application\Runtime\Cache\Admin\1fa1f30d2cc8cc05a09dcad731cffc60.php 第 41 行.
NOTIC: [8] Undefined index: id D:\phpStudy\WWW\Farmers\application\Runtime\Cache\Admin\1fa1f30d2cc8cc05a09dcad731cffc60.php 第 41 行.
NOTIC: [8] Undefined index: id D:\phpStudy\WWW\Farmers\application\Runtime\Cache\Admin\1fa1f30d2cc8cc05a09dcad731cffc60.php 第 41 行.
NOTIC: [8] Undefined index: id D:\phpStudy\WWW\Farmers\application\Runtime\Cache\Admin\1fa1f30d2cc8cc05a09dcad731cffc60.php 第 41 行.
NOTIC: [8] Undefined index: id D:\phpStudy\WWW\Farmers\application\Runtime\Cache\Admin\1fa1f30d2cc8cc05a09dcad731cffc60.php 第 41 行.
NOTIC: [8] Undefined index: id D:\phpStudy\WWW\Farmers\application\Runtime\Cache\Admin\1fa1f30d2cc8cc05a09dcad731cffc60.php 第 41 行.
NOTIC: [8] Undefined index: id D:\phpStudy\WWW\Farmers\application\Runtime\Cache\Admin\1fa1f30d2cc8cc05a09dcad731cffc60.php 第 41 行.
NOTIC: [8] Undefined index: id D:\phpStudy\WWW\Farmers\application\Runtime\Cache\Admin\1fa1f30d2cc8cc05a09dcad731cffc60.php 第 41 行.
NOTIC: [8] Undefined index: id D:\phpStudy\WWW\Farmers\application\Runtime\Cache\Admin\1fa1f30d2cc8cc05a09dcad731cffc60.php 第 41 行.
NOTIC: [8] Undefined index: id D:\phpStudy\WWW\Farmers\application\Runtime\Cache\Admin\1fa1f30d2cc8cc05a09dcad731cffc60.php 第 41 行.
NOTIC: [8] Undefined index: id D:\phpStudy\WWW\Farmers\application\Runtime\Cache\Admin\1fa1f30d2cc8cc05a09dcad731cffc60.php 第 41 行.
NOTIC: [8] Undefined index: id D:\phpStudy\WWW\Farmers\application\Runtime\Cache\Admin\1fa1f30d2cc8cc05a09dcad731cffc60.php 第 41 行.
NOTIC: [8] Undefined index: id D:\phpStudy\WWW\Farmers\application\Runtime\Cache\Admin\1fa1f30d2cc8cc05a09dcad731cffc60.php 第 41 行.
NOTIC: [8] Undefined index: id D:\phpStudy\WWW\Farmers\application\Runtime\Cache\Admin\1fa1f30d2cc8cc05a09dcad731cffc60.php 第 41 行.
NOTIC: [8] Undefined index: id D:\phpStudy\WWW\Farmers\application\Runtime\Cache\Admin\1fa1f30d2cc8cc05a09dcad731cffc60.php 第 41 行.
NOTIC: [8] Undefined index: id D:\phpStudy\WWW\Farmers\application\Runtime\Cache\Admin\1fa1f30d2cc8cc05a09dcad731cffc60.php 第 41 行.
NOTIC: [8] Undefined index: id D:\phpStudy\WWW\Farmers\application\Runtime\Cache\Admin\1fa1f30d2cc8cc05a09dcad731cffc60.php 第 41 行.
NOTIC: [8] Undefined index: id D:\phpStudy\WWW\Farmers\application\Runtime\Cache\Admin\1fa1f30d2cc8cc05a09dcad731cffc60.php 第 41 行.
NOTIC: [8] Undefined index: id D:\phpStudy\WWW\Farmers\application\Runtime\Cache\Admin\1fa1f30d2cc8cc05a09dcad731cffc60.php 第 41 行.
NOTIC: [8] Undefined index: id D:\phpStudy\WWW\Farmers\application\Runtime\Cache\Admin\1fa1f30d2cc8cc05a09dcad731cffc60.php 第 41 行.
NOTIC: [8] Undefined index: id D:\phpStudy\WWW\Farmers\application\Runtime\Cache\Admin\1fa1f30d2cc8cc05a09dcad731cffc60.php 第 41 行.
INFO: Run Behavior\ParseTemplateBehavior [ RunTime:0.008000s ]
INFO: [ view_parse ] --END-- [ RunTime:0.008000s ]
INFO: [ view_filter ] --START--
INFO: Run Behavior\WriteHtmlCacheBehavior [ RunTime:0.001000s ]
INFO: [ view_filter ] --END-- [ RunTime:0.001000s ]
INFO: [ app_end ] --START--
INFO: Run Behavior\ShowPageTraceBehavior [ RunTime:0.001000s ]
INFO: [ app_end ] --END-- [ RunTime:0.001000s ]

[ 2018-03-24T13:46:17+08:00 ] 127.0.0.1 /Farmers/admin.php/User/lister.html
INFO: [ app_init ] --START--
INFO: Run Behavior\BuildLiteBehavior [ RunTime:0.000000s ]
INFO: [ app_init ] --END-- [ RunTime:0.001000s ]
INFO: [ app_begin ] --START--
INFO: Run Behavior\ReadHtmlCacheBehavior [ RunTime:0.001000s ]
INFO: [ app_begin ] --END-- [ RunTime:0.001000s ]
NOTIC: [8192] mysql_connect(): The mysql extension is deprecated and will be removed in the future: use mysqli or PDO instead D:\phpStudy\WWW\Farmers\library\ThinkPHP\Library\Think\Db\Driver\Mysql.class.php 第 52 行.
SQL: SHOW COLUMNS FROM `admin` [ RunTime:0.005000s ]
SQL: SELECT * FROM `admin` WHERE ( state < 9 )  [ RunTime:0.000000s ]
INFO: [ view_parse ] --START--
INFO: [ template_filter ] --START--
INFO: Run Behavior\ContentReplaceBehavior [ RunTime:0.000000s ]
INFO: [ template_filter ] --END-- [ RunTime:0.000000s ]
NOTIC: [8] Undefined variable: pageList D:\phpStudy\WWW\Farmers\application\Runtime\Cache\Admin\1dfb01db268756e0fdfbb57e11f2087f.php 第 45 行.
INFO: Run Behavior\ParseTemplateBehavior [ RunTime:0.006001s ]
INFO: [ view_parse ] --END-- [ RunTime:0.006001s ]
INFO: [ view_filter ] --START--
INFO: Run Behavior\WriteHtmlCacheBehavior [ RunTime:0.000000s ]
INFO: [ view_filter ] --END-- [ RunTime:0.000000s ]
INFO: [ app_end ] --START--
INFO: Run Behavior\ShowPageTraceBehavior [ RunTime:0.000000s ]
INFO: [ app_end ] --END-- [ RunTime:0.000000s ]

[ 2018-03-24T14:15:08+08:00 ] 127.0.0.1 /Farmers/admin.php/User/update/userId/1
INFO: [ app_init ] --START--
INFO: Run Behavior\BuildLiteBehavior [ RunTime:0.000000s ]
INFO: [ app_init ] --END-- [ RunTime:0.000000s ]
INFO: [ app_begin ] --START--
INFO: Run Behavior\ReadHtmlCacheBehavior [ RunTime:0.000000s ]
INFO: [ app_begin ] --END-- [ RunTime:0.000000s ]
NOTIC: [8192] mysql_connect(): The mysql extension is deprecated and will be removed in the future: use mysqli or PDO instead D:\phpStudy\WWW\Farmers\library\ThinkPHP\Library\Think\Db\Driver\Mysql.class.php 第 52 行.
SQL: SHOW COLUMNS FROM `admin` [ RunTime:0.006001s ]
SQL: SELECT * FROM `admin` WHERE ( userId = 1 ) LIMIT 1   [ RunTime:0.001000s ]
INFO: [ view_parse ] --START--
INFO: [ template_filter ] --START--
INFO: Run Behavior\ContentReplaceBehavior [ RunTime:0.000000s ]
INFO: [ template_filter ] --END-- [ RunTime:0.000000s ]
INFO: Run Behavior\ParseTemplateBehavior [ RunTime:0.064003s ]
INFO: [ view_parse ] --END-- [ RunTime:0.065003s ]
INFO: [ view_filter ] --START--
INFO: Run Behavior\WriteHtmlCacheBehavior [ RunTime:0.000000s ]
INFO: [ view_filter ] --END-- [ RunTime:0.000000s ]
INFO: [ app_end ] --START--
INFO: Run Behavior\ShowPageTraceBehavior [ RunTime:0.000000s ]
INFO: [ app_end ] --END-- [ RunTime:0.000000s ]

[ 2018-03-24T15:41:33+08:00 ] 127.0.0.1 /Farmers/admin.php/User/reseter.html
INFO: [ app_init ] --START--
INFO: Run Behavior\BuildLiteBehavior [ RunTime:0.000000s ]
INFO: [ app_init ] --END-- [ RunTime:0.001000s ]
INFO: [ app_begin ] --START--
INFO: Run Behavior\ReadHtmlCacheBehavior [ RunTime:0.001000s ]
INFO: [ app_begin ] --END-- [ RunTime:0.001000s ]
INFO: [ view_parse ] --START--
INFO: [ template_filter ] --START--
INFO: Run Behavior\ContentReplaceBehavior [ RunTime:0.000000s ]
INFO: [ template_filter ] --END-- [ RunTime:0.000000s ]
INFO: Run Behavior\ParseTemplateBehavior [ RunTime:0.006000s ]
INFO: [ view_parse ] --END-- [ RunTime:0.006000s ]
INFO: [ view_filter ] --START--
INFO: Run Behavior\WriteHtmlCacheBehavior [ RunTime:0.000000s ]
INFO: [ view_filter ] --END-- [ RunTime:0.000000s ]
INFO: [ app_end ] --START--
INFO: Run Behavior\ShowPageTraceBehavior [ RunTime:0.001001s ]
INFO: [ app_end ] --END-- [ RunTime:0.001001s ]

[ 2018-03-24T15:41:36+08:00 ] 127.0.0.1 /Farmers/admin.php/User/reseter.html
INFO: [ app_init ] --START--
INFO: Run Behavior\BuildLiteBehavior [ RunTime:0.000000s ]
INFO: [ app_init ] --END-- [ RunTime:0.001000s ]
INFO: [ app_begin ] --START--
INFO: Run Behavior\ReadHtmlCacheBehavior [ RunTime:0.001000s ]
INFO: [ app_begin ] --END-- [ RunTime:0.001000s ]
INFO: [ view_parse ] --START--
INFO: [ template_filter ] --START--
INFO: Run Behavior\ContentReplaceBehavior [ RunTime:0.000000s ]
INFO: [ template_filter ] --END-- [ RunTime:0.001000s ]
INFO: Run Behavior\ParseTemplateBehavior [ RunTime:0.006001s ]
INFO: [ view_parse ] --END-- [ RunTime:0.006001s ]
INFO: [ view_filter ] --START--
INFO: Run Behavior\WriteHtmlCacheBehavior [ RunTime:0.000000s ]
INFO: [ view_filter ] --END-- [ RunTime:0.000000s ]
INFO: [ app_end ] --START--
INFO: Run Behavior\ShowPageTraceBehavior [ RunTime:0.001000s ]
INFO: [ app_end ] --END-- [ RunTime:0.001000s ]

