[ 2018-03-15T09:01:47+08:00 ] 101.226.33.226 /
INFO: [ app_init ] --START--
INFO: Run Behavior\BuildLiteBehavior [ RunTime:0.000000s ]
INFO: [ app_init ] --END-- [ RunTime:0.000000s ]
INFO: [ app_begin ] --START--
INFO: Run Behavior\ReadHtmlCacheBehavior [ RunTime:0.001000s ]
INFO: [ app_begin ] --END-- [ RunTime:0.001000s ]
NOTIC: [8192] mysql_connect(): The mysql extension is deprecated and will be removed in the future: use mysqli or PDO instead D:\phpStudy\WWW\Farmers\library\ThinkPHP\Library\Think\Db\Driver\Mysql.class.php ç¬¬ 52 è¡Œ.
SQL: SHOW COLUMNS FROM `type` [ RunTime:0.006000s ]
SQL: SELECT * FROM `type` WHERE ( fid=0 and state< 9 )  [ RunTime:0.000000s ]
SQL: SELECT * FROM `type` WHERE ( fid=1 and state< 9 )  [ RunTime:0.001000s ]
SQL: SELECT * FROM `type` WHERE ( fid=9 and state< 9 )  [ RunTime:0.000000s ]
SQL: SELECT * FROM `type` WHERE ( fid=16 and state< 9 )  [ RunTime:0.000000s ]
SQL: SELECT * FROM `type` WHERE ( fid=20 and state< 9 )  [ RunTime:0.000000s ]
SQL: SELECT * FROM `type` WHERE ( fid=24 and state< 9 )  [ RunTime:0.000000s ]
SQL: SELECT * FROM `type` WHERE ( fid=27 and state< 9 )  [ RunTime:0.000000s ]
SQL: SELECT * FROM `type` WHERE ( fid=32 and state< 9 )  [ RunTime:0.001000s ]
SQL: SELECT * FROM `type` WHERE ( fid=35 and state< 9 )  [ RunTime:0.000000s ]
SQL: SELECT * FROM `type` WHERE ( fid=39 and state< 9 )  [ RunTime:0.000000s ]
SQL: SELECT * FROM `type` WHERE ( fid=2 and state< 9 )  [ RunTime:0.001000s ]
SQL: SELECT * FROM `type` WHERE ( fid=42 and state< 9 )  [ RunTime:0.000000s ]
SQL: SELECT * FROM `type` WHERE ( fid=48 and state< 9 )  [ RunTime:0.000000s ]
SQL: SELECT * FROM `type` WHERE ( fid=50 and state< 9 )  [ RunTime:0.000000s ]
SQL: SELECT * FROM `type` WHERE ( fid=55 and state< 9 )  [ RunTime:0.000000s ]
SQL: SELECT * FROM `type` WHERE ( fid=62 and state< 9 )  [ RunTime:0.000000s ]
SQL: SELECT * FROM `type` WHERE ( fid=3 and state< 9 )  [ RunTime:0.000000s ]
SQL: SELECT * FROM `type` WHERE ( fid=65 and state< 9 )  [ RunTime:0.001001s ]
SQL: SELECT * FROM `type` WHERE ( fid=4 and state< 9 )  [ RunTime:0.000000s ]
SQL: SELECT * FROM `type` WHERE ( fid=70 and state< 9 )  [ RunTime:0.000000s ]
SQL: SELECT * FROM `type` WHERE ( fid=74 and state< 9 )  [ RunTime:0.001000s ]
SQL: SELECT * FROM `type` WHERE ( fid=79 and state< 9 )  [ RunTime:0.000000s ]
SQL: SELECT * FROM `type` WHERE ( fid=84 and state< 9 )  [ RunTime:0.000000s ]
SQL: SELECT * FROM `type` WHERE ( fid=5 and state< 9 )  [ RunTime:0.000000s ]
SQL: SELECT * FROM `type` WHERE ( fid=87 and state< 9 )  [ RunTime:0.001000s ]
SQL: SELECT * FROM `type` WHERE ( fid=93 and state< 9 )  [ RunTime:0.000000s ]
SQL: SELECT * FROM `type` WHERE ( fid=95 and state< 9 )  [ RunTime:0.000000s ]
SQL: SELECT * FROM `type` WHERE ( fid=100 and state< 9 )  [ RunTime:0.001000s ]
SQL: SELECT * FROM `type` WHERE ( fid=6 and state< 9 )  [ RunTime:0.000000s ]
SQL: SELECT * FROM `type` WHERE ( fid=104 and state< 9 )  [ RunTime:0.000000s ]
SQL: SELECT * FROM `type` WHERE ( fid=109 and state< 9 )  [ RunTime:0.000000s ]
SQL: SELECT * FROM `type` WHERE ( fid=114 and state< 9 )  [ RunTime:0.000000s ]
SQL: SELECT * FROM `type` WHERE ( fid=117 and state< 9 )  [ RunTime:0.000000s ]
SQL: SELECT * FROM `type` WHERE ( fid=7 and state< 9 )  [ RunTime:0.000000s ]
SQL: SELECT * FROM `type` WHERE ( fid=139 and state< 9 )  [ RunTime:0.001000s ]
SQL: SELECT * FROM `type` WHERE ( fid=8 and state< 9 )  [ RunTime:0.000000s ]
SQL: SELECT * FROM `type` WHERE ( fid=123 and state< 9 )  [ RunTime:0.000000s ]
SQL: SELECT * FROM `type` WHERE ( fid=128 and state< 9 )  [ RunTime:0.001000s ]
SQL: SELECT * FROM `type` WHERE ( fid=132 and state< 9 )  [ RunTime:0.000000s ]
SQL: SELECT * FROM `type` WHERE ( fid=0 and state< 9 )  [ RunTime:0.000000s ]
SQL: SELECT * FROM `type` WHERE ( fid=1 and state< 9 )  [ RunTime:0.001000s ]
SQL: SELECT * FROM `type` WHERE ( fid=9 and state< 9 )  [ RunTime:0.000000s ]
SQL: SELECT * FROM `type` WHERE ( fid=16 and state< 9 )  [ RunTime:0.000000s ]
SQL: SELECT * FROM `type` WHERE ( fid=20 and state< 9 )  [ RunTime:0.000000s ]
SQL: SELECT * FROM `type` WHERE ( fid=24 and state< 9 )  [ RunTime:0.000000s ]
SQL: SELECT * FROM `type` WHERE ( fid=27 and state< 9 )  [ RunTime:0.000000s ]
SQL: SELECT * FROM `type` WHERE ( fid=32 and state< 9 )  [ RunTime:0.000000s ]
SQL: SELECT * FROM `type` WHERE ( fid=35 and state< 9 )  [ RunTime:0.001000s ]
SQL: SELECT * FROM `type` WHERE ( fid=39 and state< 9 )  [ RunTime:0.000000s ]
SQL: SELECT * FROM `type` WHERE ( fid=2 and state< 9 )  [ RunTime:0.000000s ]
SQL: SELECT * FROM `type` WHERE ( fid=42 and state< 9 )  [ RunTime:0.000000s ]
SQL: SELECT * FROM `type` WHERE ( fid=48 and state< 9 )  [ RunTime:0.000000s ]
SQL: SELECT * FROM `type` WHERE ( fid=50 and state< 9 )  [ RunTime:0.000000s ]
SQL: SELECT * FROM `type` WHERE ( fid=55 and state< 9 )  [ RunTime:0.001000s ]
SQL: SELECT * FROM `type` WHERE ( fid=62 and state< 9 )  [ RunTime:0.000000s ]
SQL: SELECT * FROM `type` WHERE ( fid=3 and state< 9 )  [ RunTime:0.000000s ]
SQL: SELECT * FROM `type` WHERE ( fid=65 and state< 9 )  [ RunTime:0.000000s ]
SQL: SELECT * FROM `type` WHERE ( fid=4 and state< 9 )  [ RunTime:0.000000s ]
SQL: SELECT * FROM `type` WHERE ( fid=70 and state< 9 )  [ RunTime:0.000000s ]
SQL: SELECT * FROM `type` WHERE ( fid=74 and state< 9 )  [ RunTime:0.000000s ]
SQL: SELECT * FROM `type` WHERE ( fid=79 and state< 9 )  [ RunTime:0.001000s ]
SQL: SELECT * FROM `type` WHERE ( fid=84 and state< 9 )  [ RunTime:0.000000s ]
SQL: SELECT * FROM `type` WHERE ( fid=5 and state< 9 )  [ RunTime:0.000000s ]
SQL: SELECT * FROM `type` WHERE ( fid=87 and state< 9 )  [ RunTime:0.001000s ]
SQL: SELECT * FROM `type` WHERE ( fid=93 and state< 9 )  [ RunTime:0.000000s ]
SQL: SELECT * FROM `type` WHERE ( fid=95 and state< 9 )  [ RunTime:0.000000s ]
SQL: SELECT * FROM `type` WHERE ( fid=100 and state< 9 )  [ RunTime:0.000000s ]
SQL: SELECT * FROM `type` WHERE ( fid=6 and state< 9 )  [ RunTime:0.001000s ]
SQL: SELECT * FROM `type` WHERE ( fid=104 and state< 9 )  [ RunTime:0.000000s ]
SQL: SELECT * FROM `type` WHERE ( fid=109 and state< 9 )  [ RunTime:0.000000s ]
SQL: SELECT * FROM `type` WHERE ( fid=114 and state< 9 )  [ RunTime:0.001000s ]
SQL: SELECT * FROM `type` WHERE ( fid=117 and state< 9 )  [ RunTime:0.000000s ]
SQL: SELECT * FROM `type` WHERE ( fid=7 and state< 9 )  [ RunTime:0.000000s ]
SQL: SELECT * FROM `type` WHERE ( fid=139 and state< 9 )  [ RunTime:0.000000s ]
SQL: SELECT * FROM `type` WHERE ( fid=8 and state< 9 )  [ RunTime:0.001000s ]
SQL: SELECT * FROM `type` WHERE ( fid=123 and state< 9 )  [ RunTime:0.000000s ]
SQL: SELECT * FROM `type` WHERE ( fid=128 and state< 9 )  [ RunTime:0.000000s ]
SQL: SELECT * FROM `type` WHERE ( fid=132 and state< 9 )  [ RunTime:0.001001s ]
SQL: SHOW COLUMNS FROM `imgpath` [ RunTime:0.005000s ]
SQL: SELECT * FROM `imgpath` WHERE ( state<9 ) ORDER BY id desc LIMIT 0,4   [ RunTime:0.000000s ]
SQL: SHOW COLUMNS FROM `articles` [ RunTime:0.005000s ]
SQL: SELECT * FROM `articles` WHERE ( typeId = 116 ) ORDER BY articleId desc LIMIT 0,3   [ RunTime:0.000000s ]
SQL: SELECT * FROM `articles` WHERE ( typeId = 130 ) ORDER BY articleId desc LIMIT 0,3   [ RunTime:0.001000s ]
SQL: SELECT * FROM `articles` WHERE ( typeId = 131 ) ORDER BY articleId desc LIMIT 0,3   [ RunTime:0.000000s ]
SQL: SELECT * FROM `type` WHERE ( fid = 132 ) ORDER BY typeId desc LIMIT 0,8   [ RunTime:0.000000s ]
INFO: [ view_parse ] --START--
INFO: [ template_filter ] --START--
INFO: Run Behavior\ContentReplaceBehavior [ RunTime:0.000000s ]
INFO: [ template_filter ] --END-- [ RunTime:0.000000s ]
INFO: Run Behavior\ParseTemplateBehavior [ RunTime:0.020001s ]
INFO: [ view_parse ] --END-- [ RunTime:0.020001s ]
INFO: [ view_filter ] --START--
INFO: Run Behavior\WriteHtmlCacheBehavior [ RunTime:0.000000s ]
INFO: [ view_filter ] --END-- [ RunTime:0.000000s ]
INFO: [ app_end ] --START--
INFO: Run Behavior\ShowPageTraceBehavior [ RunTime:0.000000s ]
INFO: [ app_end ] --END-- [ RunTime:0.001001s ]

[ 2018-03-15T10:24:29+08:00 ] 192.168.8.1 /
INFO: [ app_init ] --START--
INFO: Run Behavior\BuildLiteBehavior [ RunTime:0.000000s ]
INFO: [ app_init ] --END-- [ RunTime:0.001000s ]
INFO: [ app_begin ] --START--
INFO: Run Behavior\ReadHtmlCacheBehavior [ RunTime:0.001000s ]
INFO: [ app_begin ] --END-- [ RunTime:0.001000s ]
NOTIC: [8192] mysql_connect(): The mysql extension is deprecated and will be removed in the future: use mysqli or PDO instead D:\phpStudy\WWW\Farmers\library\ThinkPHP\Library\Think\Db\Driver\Mysql.class.php ç¬¬ 52 è¡Œ.
SQL: SHOW COLUMNS FROM `type` [ RunTime:0.006000s ]
SQL: SELECT * FROM `type` WHERE ( fid=0 and state< 9 )  [ RunTime:0.001000s ]
SQL: SELECT * FROM `type` WHERE ( fid=1 and state< 9 )  [ RunTime:0.001000s ]
SQL: SELECT * FROM `type` WHERE ( fid=9 and state< 9 )  [ RunTime:0.000000s ]
SQL: SELECT * FROM `type` WHERE ( fid=16 and state< 9 )  [ RunTime:0.001000s ]
SQL: SELECT * FROM `type` WHERE ( fid=20 and state< 9 )  [ RunTime:0.000000s ]
SQL: SELECT * FROM `type` WHERE ( fid=24 and state< 9 )  [ RunTime:0.001000s ]
SQL: SELECT * FROM `type` WHERE ( fid=27 and state< 9 )  [ RunTime:0.000000s ]
SQL: SELECT * FROM `type` WHERE ( fid=32 and state< 9 )  [ RunTime:0.000000s ]
SQL: SELECT * FROM `type` WHERE ( fid=35 and state< 9 )  [ RunTime:0.001000s ]
SQL: SELECT * FROM `type` WHERE ( fid=39 and state< 9 )  [ RunTime:0.000000s ]
SQL: SELECT * FROM `type` WHERE ( fid=2 and state< 9 )  [ RunTime:0.000000s ]
SQL: SELECT * FROM `type` WHERE ( fid=42 and state< 9 )  [ RunTime:0.001000s ]
SQL: SELECT * FROM `type` WHERE ( fid=48 and state< 9 )  [ RunTime:0.000000s ]
SQL: SELECT * FROM `type` WHERE ( fid=50 and state< 9 )  [ RunTime:0.000000s ]
SQL: SELECT * FROM `type` WHERE ( fid=55 and state< 9 )  [ RunTime:0.001000s ]
SQL: SELECT * FROM `type` WHERE ( fid=62 and state< 9 )  [ RunTime:0.000000s ]
SQL: SELECT * FROM `type` WHERE ( fid=3 and state< 9 )  [ RunTime:0.000000s ]
SQL: SELECT * FROM `type` WHERE ( fid=65 and state< 9 )  [ RunTime:0.001000s ]
SQL: SELECT * FROM `type` WHERE ( fid=4 and state< 9 )  [ RunTime:0.000000s ]
SQL: SELECT * FROM `type` WHERE ( fid=70 and state< 9 )  [ RunTime:0.000000s ]
SQL: SELECT * FROM `type` WHERE ( fid=74 and state< 9 )  [ RunTime:0.001000s ]
SQL: SELECT * FROM `type` WHERE ( fid=79 and state< 9 )  [ RunTime:0.000000s ]
SQL: SELECT * FROM `type` WHERE ( fid=84 and state< 9 )  [ RunTime:0.000000s ]
SQL: SELECT * FROM `type` WHERE ( fid=5 and state< 9 )  [ RunTime:0.001000s ]
SQL: SELECT * FROM `type` WHERE ( fid=87 and state< 9 )  [ RunTime:0.000000s ]
SQL: SELECT * FROM `type` WHERE ( fid=93 and state< 9 )  [ RunTime:0.000000s ]
SQL: SELECT * FROM `type` WHERE ( fid=95 and state< 9 )  [ RunTime:0.001000s ]
SQL: SELECT * FROM `type` WHERE ( fid=100 and state< 9 )  [ RunTime:0.000000s ]
SQL: SELECT * FROM `type` WHERE ( fid=6 and state< 9 )  [ RunTime:0.000000s ]
SQL: SELECT * FROM `type` WHERE ( fid=104 and state< 9 )  [ RunTime:0.001001s ]
SQL: SELECT * FROM `type` WHERE ( fid=109 and state< 9 )  [ RunTime:0.000000s ]
SQL: SELECT * FROM `type` WHERE ( fid=114 and state< 9 )  [ RunTime:0.000000s ]
SQL: SELECT * FROM `type` WHERE ( fid=117 and state< 9 )  [ RunTime:0.000000s ]
SQL: SELECT * FROM `type` WHERE ( fid=7 and state< 9 )  [ RunTime:0.000000s ]
SQL: SELECT * FROM `type` WHERE ( fid=139 and state< 9 )  [ RunTime:0.000000s ]
SQL: SELECT * FROM `type` WHERE ( fid=8 and state< 9 )  [ RunTime:0.000000s ]
SQL: SELECT * FROM `type` WHERE ( fid=123 and state< 9 )  [ RunTime:0.001000s ]
SQL: SELECT * FROM `type` WHERE ( fid=128 and state< 9 )  [ RunTime:0.000000s ]
SQL: SELECT * FROM `type` WHERE ( fid=132 and state< 9 )  [ RunTime:0.000000s ]
SQL: SELECT * FROM `type` WHERE ( fid=0 and state< 9 )  [ RunTime:0.000000s ]
SQL: SELECT * FROM `type` WHERE ( fid=1 and state< 9 )  [ RunTime:0.000000s ]
SQL: SELECT * FROM `type` WHERE ( fid=9 and state< 9 )  [ RunTime:0.001000s ]
SQL: SELECT * FROM `type` WHERE ( fid=16 and state< 9 )  [ RunTime:0.000000s ]
SQL: SELECT * FROM `type` WHERE ( fid=20 and state< 9 )  [ RunTime:0.001000s ]
SQL: SELECT * FROM `type` WHERE ( fid=24 and state< 9 )  [ RunTime:0.000000s ]
SQL: SELECT * FROM `type` WHERE ( fid=27 and state< 9 )  [ RunTime:0.001000s ]
SQL: SELECT * FROM `type` WHERE ( fid=32 and state< 9 )  [ RunTime:0.000000s ]
SQL: SELECT * FROM `type` WHERE ( fid=35 and state< 9 )  [ RunTime:0.001000s ]
SQL: SELECT * FROM `type` WHERE ( fid=39 and state< 9 )  [ RunTime:0.000000s ]
SQL: SELECT * FROM `type` WHERE ( fid=2 and state< 9 )  [ RunTime:0.000000s ]
SQL: SELECT * FROM `type` WHERE ( fid=42 and state< 9 )  [ RunTime:0.000000s ]
SQL: SELECT * FROM `type` WHERE ( fid=48 and state< 9 )  [ RunTime:0.000000s ]
SQL: SELECT * FROM `type` WHERE ( fid=50 and state< 9 )  [ RunTime:0.001000s ]
SQL: SELECT * FROM `type` WHERE ( fid=55 and state< 9 )  [ RunTime:0.000000s ]
SQL: SELECT * FROM `type` WHERE ( fid=62 and state< 9 )  [ RunTime:0.000000s ]
SQL: SELECT * FROM `type` WHERE ( fid=3 and state< 9 )  [ RunTime:0.001000s ]
SQL: SELECT * FROM `type` WHERE ( fid=65 and state< 9 )  [ RunTime:0.000000s ]
SQL: SELECT * FROM `type` WHERE ( fid=4 and state< 9 )  [ RunTime:0.000000s ]
SQL: SELECT * FROM `type` WHERE ( fid=70 and state< 9 )  [ RunTime:0.000000s ]
SQL: SELECT * FROM `type` WHERE ( fid=74 and state< 9 )  [ RunTime:0.000000s ]
SQL: SELECT * FROM `type` WHERE ( fid=79 and state< 9 )  [ RunTime:0.001000s ]
SQL: SELECT * FROM `type` WHERE ( fid=84 and state< 9 )  [ RunTime:0.000000s ]
SQL: SELECT * FROM `type` WHERE ( fid=5 and state< 9 )  [ RunTime:0.000000s ]
SQL: SELECT * FROM `type` WHERE ( fid=87 and state< 9 )  [ RunTime:0.000000s ]
SQL: SELECT * FROM `type` WHERE ( fid=93 and state< 9 )  [ RunTime:0.000000s ]
SQL: SELECT * FROM `type` WHERE ( fid=95 and state< 9 )  [ RunTime:0.001000s ]
SQL: SELECT * FROM `type` WHERE ( fid=100 and state< 9 )  [ RunTime:0.000000s ]
SQL: SELECT * FROM `type` WHERE ( fid=6 and state< 9 )  [ RunTime:0.000000s ]
SQL: SELECT * FROM `type` WHERE ( fid=104 and state< 9 )  [ RunTime:0.001000s ]
SQL: SELECT * FROM `type` WHERE ( fid=109 and state< 9 )  [ RunTime:0.000000s ]
SQL: SELECT * FROM `type` WHERE ( fid=114 and state< 9 )  [ RunTime:0.000000s ]
SQL: SELECT * FROM `type` WHERE ( fid=117 and state< 9 )  [ RunTime:0.001001s ]
SQL: SELECT * FROM `type` WHERE ( fid=7 and state< 9 )  [ RunTime:0.000000s ]
SQL: SELECT * FROM `type` WHERE ( fid=139 and state< 9 )  [ RunTime:0.000000s ]
SQL: SELECT * FROM `type` WHERE ( fid=8 and state< 9 )  [ RunTime:0.001000s ]
SQL: SELECT * FROM `type` WHERE ( fid=123 and state< 9 )  [ RunTime:0.000000s ]
SQL: SELECT * FROM `type` WHERE ( fid=128 and state< 9 )  [ RunTime:0.000000s ]
SQL: SELECT * FROM `type` WHERE ( fid=132 and state< 9 )  [ RunTime:0.000000s ]
SQL: SHOW COLUMNS FROM `imgpath` [ RunTime:0.006000s ]
SQL: SELECT * FROM `imgpath` WHERE ( state<9 ) ORDER BY id desc LIMIT 0,4   [ RunTime:0.001000s ]
SQL: SHOW COLUMNS FROM `articles` [ RunTime:0.006000s ]
SQL: SELECT * FROM `articles` WHERE ( typeId = 116 ) ORDER BY articleId desc LIMIT 0,3   [ RunTime:0.001000s ]
SQL: SELECT * FROM `articles` WHERE ( typeId = 130 ) ORDER BY articleId desc LIMIT 0,3   [ RunTime:0.000000s ]
SQL: SELECT * FROM `articles` WHERE ( typeId = 131 ) ORDER BY articleId desc LIMIT 0,3   [ RunTime:0.000000s ]
SQL: SELECT * FROM `type` WHERE ( fid = 132 ) ORDER BY typeId desc LIMIT 0,8   [ RunTime:0.000000s ]
INFO: [ view_parse ] --START--
INFO: [ template_filter ] --START--
INFO: Run Behavior\ContentReplaceBehavior [ RunTime:0.000000s ]
INFO: [ template_filter ] --END-- [ RunTime:0.000000s ]
INFO: Run Behavior\ParseTemplateBehavior [ RunTime:0.021002s ]
INFO: [ view_parse ] --END-- [ RunTime:0.021002s ]
INFO: [ view_filter ] --START--
INFO: Run Behavior\WriteHtmlCacheBehavior [ RunTime:0.000000s ]
INFO: [ view_filter ] --END-- [ RunTime:0.000000s ]
INFO: [ app_end ] --START--
INFO: Run Behavior\ShowPageTraceBehavior [ RunTime:0.000000s ]
INFO: [ app_end ] --END-- [ RunTime:0.001000s ]

[ 2018-03-15T10:24:33+08:00 ] 192.168.8.1 /admin.php
INFO: [ app_init ] --START--
INFO: Run Behavior\BuildLiteBehavior [ RunTime:0.000000s ]
INFO: [ app_init ] --END-- [ RunTime:0.001000s ]
INFO: [ app_begin ] --START--
INFO: Run Behavior\ReadHtmlCacheBehavior [ RunTime:0.000000s ]
INFO: [ app_begin ] --END-- [ RunTime:0.000000s ]

[ 2018-03-15T10:24:33+08:00 ] 192.168.8.1 /admin.php/Login/login.html
INFO: [ app_init ] --START--
INFO: Run Behavior\BuildLiteBehavior [ RunTime:0.000000s ]
INFO: [ app_init ] --END-- [ RunTime:0.000000s ]
INFO: [ app_begin ] --START--
INFO: Run Behavior\ReadHtmlCacheBehavior [ RunTime:0.001000s ]
INFO: [ app_begin ] --END-- [ RunTime:0.001000s ]
INFO: [ view_parse ] --START--
INFO: [ template_filter ] --START--
INFO: Run Behavior\ContentReplaceBehavior [ RunTime:0.000000s ]
INFO: [ template_filter ] --END-- [ RunTime:0.000000s ]
INFO: Run Behavior\ParseTemplateBehavior [ RunTime:0.011001s ]
INFO: [ view_parse ] --END-- [ RunTime:0.011001s ]
INFO: [ view_filter ] --START--
INFO: Run Behavior\WriteHtmlCacheBehavior [ RunTime:0.001000s ]
INFO: [ view_filter ] --END-- [ RunTime:0.001000s ]
INFO: [ app_end ] --START--
INFO: Run Behavior\ShowPageTraceBehavior [ RunTime:0.000000s ]
INFO: [ app_end ] --END-- [ RunTime:0.000000s ]

[ 2018-03-15T10:24:38+08:00 ] 192.168.8.1 /admin.php/Login/check.html
INFO: [ app_init ] --START--
INFO: Run Behavior\BuildLiteBehavior [ RunTime:0.000000s ]
INFO: [ app_init ] --END-- [ RunTime:0.001000s ]
INFO: [ app_begin ] --START--
INFO: Run Behavior\ReadHtmlCacheBehavior [ RunTime:0.001000s ]
INFO: [ app_begin ] --END-- [ RunTime:0.001000s ]
NOTIC: [8192] mysql_connect(): The mysql extension is deprecated and will be removed in the future: use mysqli or PDO instead D:\phpStudy\WWW\Farmers\library\ThinkPHP\Library\Think\Db\Driver\Mysql.class.php ç¬¬ 52 è¡Œ.
SQL: SHOW COLUMNS FROM `admin` [ RunTime:0.010001s ]
SQL: SELECT * FROM `admin` WHERE ( username='admin' and password='21232f297a57a5a743894a0e4a801fc3' ) LIMIT 1   [ RunTime:0.038002s ]

[ 2018-03-15T10:24:38+08:00 ] 192.168.8.1 /admin.php/Index/main.html
INFO: [ app_init ] --START--
INFO: Run Behavior\BuildLiteBehavior [ RunTime:0.000000s ]
INFO: [ app_init ] --END-- [ RunTime:0.000000s ]
INFO: [ app_begin ] --START--
INFO: Run Behavior\ReadHtmlCacheBehavior [ RunTime:0.000000s ]
INFO: [ app_begin ] --END-- [ RunTime:0.000000s ]
INFO: [ view_parse ] --START--
INFO: [ template_filter ] --START--
INFO: Run Behavior\ContentReplaceBehavior [ RunTime:0.000000s ]
INFO: [ template_filter ] --END-- [ RunTime:0.000000s ]
INFO: Run Behavior\ParseTemplateBehavior [ RunTime:0.013001s ]
INFO: [ view_parse ] --END-- [ RunTime:0.013001s ]
INFO: [ view_filter ] --START--
INFO: Run Behavior\WriteHtmlCacheBehavior [ RunTime:0.000000s ]
INFO: [ view_filter ] --END-- [ RunTime:0.000000s ]
INFO: [ app_end ] --START--
INFO: Run Behavior\ShowPageTraceBehavior [ RunTime:0.001000s ]
INFO: [ app_end ] --END-- [ RunTime:0.001000s ]

[ 2018-03-15T10:24:38+08:00 ] 192.168.8.1 /admin.php/Index/top.html
INFO: [ app_init ] --START--
INFO: Run Behavior\BuildLiteBehavior [ RunTime:0.000000s ]
INFO: [ app_init ] --END-- [ RunTime:0.000000s ]
INFO: [ app_begin ] --START--
INFO: Run Behavior\ReadHtmlCacheBehavior [ RunTime:0.001000s ]
INFO: [ app_begin ] --END-- [ RunTime:0.001000s ]
INFO: [ view_parse ] --START--
INFO: [ template_filter ] --START--
INFO: Run Behavior\ContentReplaceBehavior [ RunTime:0.000000s ]
INFO: [ template_filter ] --END-- [ RunTime:0.000000s ]
INFO: Run Behavior\ParseTemplateBehavior [ RunTime:0.006000s ]
INFO: [ view_parse ] --END-- [ RunTime:0.006000s ]
INFO: [ view_filter ] --START--
INFO: Run Behavior\WriteHtmlCacheBehavior [ RunTime:0.001001s ]
INFO: [ view_filter ] --END-- [ RunTime:0.001001s ]
INFO: [ app_end ] --START--
INFO: Run Behavior\ShowPageTraceBehavior [ RunTime:0.001000s ]
INFO: [ app_end ] --END-- [ RunTime:0.001000s ]

[ 2018-03-15T10:24:38+08:00 ] 192.168.8.1 /admin.php/Index/index.html
INFO: [ app_init ] --START--
INFO: Run Behavior\BuildLiteBehavior [ RunTime:0.000000s ]
INFO: [ app_init ] --END-- [ RunTime:0.000000s ]
INFO: [ app_begin ] --START--
INFO: Run Behavior\ReadHtmlCacheBehavior [ RunTime:0.001000s ]
INFO: [ app_begin ] --END-- [ RunTime:0.001000s ]
INFO: [ view_parse ] --START--
INFO: [ template_filter ] --START--
INFO: Run Behavior\ContentReplaceBehavior [ RunTime:0.000000s ]
INFO: [ template_filter ] --END-- [ RunTime:0.000000s ]
INFO: Run Behavior\ParseTemplateBehavior [ RunTime:0.021001s ]
INFO: [ view_parse ] --END-- [ RunTime:0.021001s ]
INFO: [ view_filter ] --START--
INFO: Run Behavior\WriteHtmlCacheBehavior [ RunTime:0.001000s ]
INFO: [ view_filter ] --END-- [ RunTime:0.001000s ]
INFO: [ app_end ] --START--
INFO: Run Behavior\ShowPageTraceBehavior [ RunTime:0.001000s ]
INFO: [ app_end ] --END-- [ RunTime:0.001000s ]

[ 2018-03-15T10:24:38+08:00 ] 192.168.8.1 /admin.php/Index/left.html
INFO: [ app_init ] --START--
INFO: Run Behavior\BuildLiteBehavior [ RunTime:0.000000s ]
INFO: [ app_init ] --END-- [ RunTime:0.001000s ]
INFO: [ app_begin ] --START--
INFO: Run Behavior\ReadHtmlCacheBehavior [ RunTime:0.002000s ]
INFO: [ app_begin ] --END-- [ RunTime:0.002000s ]
INFO: [ view_parse ] --START--
INFO: [ template_filter ] --START--
INFO: Run Behavior\ContentReplaceBehavior [ RunTime:0.000000s ]
INFO: [ template_filter ] --END-- [ RunTime:0.000000s ]
INFO: Run Behavior\ParseTemplateBehavior [ RunTime:0.021002s ]
INFO: [ view_parse ] --END-- [ RunTime:0.021002s ]
INFO: [ view_filter ] --START--
INFO: Run Behavior\WriteHtmlCacheBehavior [ RunTime:0.001000s ]
INFO: [ view_filter ] --END-- [ RunTime:0.001000s ]
INFO: [ app_end ] --START--
INFO: Run Behavior\ShowPageTraceBehavior [ RunTime:0.001000s ]
INFO: [ app_end ] --END-- [ RunTime:0.001000s ]

[ 2018-03-15T10:25:08+08:00 ] 61.151.178.177 /admin.php
INFO: [ app_init ] --START--
INFO: Run Behavior\BuildLiteBehavior [ RunTime:0.000000s ]
INFO: [ app_init ] --END-- [ RunTime:0.000000s ]
INFO: [ app_begin ] --START--
INFO: Run Behavior\ReadHtmlCacheBehavior [ RunTime:0.000000s ]
INFO: [ app_begin ] --END-- [ RunTime:0.000000s ]

[ 2018-03-15T10:25:08+08:00 ] 61.151.178.177 /admin.php/Login/login.html
INFO: [ app_init ] --START--
INFO: Run Behavior\BuildLiteBehavior [ RunTime:0.000000s ]
INFO: [ app_init ] --END-- [ RunTime:0.000000s ]
INFO: [ app_begin ] --START--
INFO: Run Behavior\ReadHtmlCacheBehavior [ RunTime:0.000000s ]
INFO: [ app_begin ] --END-- [ RunTime:0.001000s ]
INFO: [ view_parse ] --START--
INFO: [ template_filter ] --START--
INFO: Run Behavior\ContentReplaceBehavior [ RunTime:0.000000s ]
INFO: [ template_filter ] --END-- [ RunTime:0.000000s ]
INFO: Run Behavior\ParseTemplateBehavior [ RunTime:0.004001s ]
INFO: [ view_parse ] --END-- [ RunTime:0.004001s ]
INFO: [ view_filter ] --START--
INFO: Run Behavior\WriteHtmlCacheBehavior [ RunTime:0.000000s ]
INFO: [ view_filter ] --END-- [ RunTime:0.000000s ]
INFO: [ app_end ] --START--
INFO: Run Behavior\ShowPageTraceBehavior [ RunTime:0.000000s ]
INFO: [ app_end ] --END-- [ RunTime:0.000000s ]

[ 2018-03-15T10:25:14+08:00 ] 101.226.65.107 /index.php
INFO: [ app_init ] --START--
INFO: Run Behavior\BuildLiteBehavior [ RunTime:0.000000s ]
INFO: [ app_init ] --END-- [ RunTime:0.000000s ]
INFO: [ app_begin ] --START--
INFO: Run Behavior\ReadHtmlCacheBehavior [ RunTime:0.000000s ]
INFO: [ app_begin ] --END-- [ RunTime:0.001000s ]
NOTIC: [8192] mysql_connect(): The mysql extension is deprecated and will be removed in the future: use mysqli or PDO instead D:\phpStudy\WWW\Farmers\library\ThinkPHP\Library\Think\Db\Driver\Mysql.class.php ç¬¬ 52 è¡Œ.
SQL: SHOW COLUMNS FROM `type` [ RunTime:0.006000s ]
SQL: SELECT * FROM `type` WHERE ( fid=0 and state< 9 )  [ RunTime:0.001000s ]
SQL: SELECT * FROM `type` WHERE ( fid=1 and state< 9 )  [ RunTime:0.000000s ]
SQL: SELECT * FROM `type` WHERE ( fid=9 and state< 9 )  [ RunTime:0.000000s ]
SQL: SELECT * FROM `type` WHERE ( fid=16 and state< 9 )  [ RunTime:0.000000s ]
SQL: SELECT * FROM `type` WHERE ( fid=20 and state< 9 )  [ RunTime:0.000000s ]
SQL: SELECT * FROM `type` WHERE ( fid=24 and state< 9 )  [ RunTime:0.000000s ]
SQL: SELECT * FROM `type` WHERE ( fid=27 and state< 9 )  [ RunTime:0.000000s ]
SQL: SELECT * FROM `type` WHERE ( fid=32 and state< 9 )  [ RunTime:0.000000s ]
SQL: SELECT * FROM `type` WHERE ( fid=35 and state< 9 )  [ RunTime:0.000000s ]
SQL: SELECT * FROM `type` WHERE ( fid=39 and state< 9 )  [ RunTime:0.001000s ]
SQL: SELECT * FROM `type` WHERE ( fid=2 and state< 9 )  [ RunTime:0.000000s ]
SQL: SELECT * FROM `type` WHERE ( fid=42 and state< 9 )  [ RunTime:0.001000s ]
SQL: SELECT * FROM `type` WHERE ( fid=48 and state< 9 )  [ RunTime:0.000000s ]
SQL: SELECT * FROM `type` WHERE ( fid=50 and state< 9 )  [ RunTime:0.000000s ]
SQL: SELECT * FROM `type` WHERE ( fid=55 and state< 9 )  [ RunTime:0.000000s ]
SQL: SELECT * FROM `type` WHERE ( fid=62 and state< 9 )  [ RunTime:0.000000s ]
SQL: SELECT * FROM `type` WHERE ( fid=3 and state< 9 )  [ RunTime:0.001000s ]
SQL: SELECT * FROM `type` WHERE ( fid=65 and state< 9 )  [ RunTime:0.000000s ]
SQL: SELECT * FROM `type` WHERE ( fid=4 and state< 9 )  [ RunTime:0.000000s ]
SQL: SELECT * FROM `type` WHERE ( fid=70 and state< 9 )  [ RunTime:0.000000s ]
SQL: SELECT * FROM `type` WHERE ( fid=74 and state< 9 )  [ RunTime:0.001000s ]
SQL: SELECT * FROM `type` WHERE ( fid=79 and state< 9 )  [ RunTime:0.000000s ]
SQL: SELECT * FROM `type` WHERE ( fid=84 and state< 9 )  [ RunTime:0.001001s ]
SQL: SELECT * FROM `type` WHERE ( fid=5 and state< 9 )  [ RunTime:0.000000s ]
SQL: SELECT * FROM `type` WHERE ( fid=87 and state< 9 )  [ RunTime:0.000000s ]
SQL: SELECT * FROM `type` WHERE ( fid=93 and state< 9 )  [ RunTime:0.001000s ]
SQL: SELECT * FROM `type` WHERE ( fid=95 and state< 9 )  [ RunTime:0.000000s ]
SQL: SELECT * FROM `type` WHERE ( fid=100 and state< 9 )  [ RunTime:0.000000s ]
SQL: SELECT * FROM `type` WHERE ( fid=6 and state< 9 )  [ RunTime:0.000000s ]
SQL: SELECT * FROM `type` WHERE ( fid=104 and state< 9 )  [ RunTime:0.000000s ]
SQL: SELECT * FROM `type` WHERE ( fid=109 and state< 9 )  [ RunTime:0.001000s ]
SQL: SELECT * FROM `type` WHERE ( fid=114 and state< 9 )  [ RunTime:0.000000s ]
SQL: SELECT * FROM `type` WHERE ( fid=117 and state< 9 )  [ RunTime:0.000000s ]
SQL: SELECT * FROM `type` WHERE ( fid=7 and state< 9 )  [ RunTime:0.001000s ]
SQL: SELECT * FROM `type` WHERE ( fid=139 and state< 9 )  [ RunTime:0.000000s ]
SQL: SELECT * FROM `type` WHERE ( fid=8 and state< 9 )  [ RunTime:0.000000s ]
SQL: SELECT * FROM `type` WHERE ( fid=123 and state< 9 )  [ RunTime:0.000000s ]
SQL: SELECT * FROM `type` WHERE ( fid=128 and state< 9 )  [ RunTime:0.000000s ]
SQL: SELECT * FROM `type` WHERE ( fid=132 and state< 9 )  [ RunTime:0.000000s ]
SQL: SELECT * FROM `type` WHERE ( fid=0 and state< 9 )  [ RunTime:0.000000s ]
SQL: SELECT * FROM `type` WHERE ( fid=1 and state< 9 )  [ RunTime:0.000000s ]
SQL: SELECT * FROM `type` WHERE ( fid=9 and state< 9 )  [ RunTime:0.000000s ]
SQL: SELECT * FROM `type` WHERE ( fid=16 and state< 9 )  [ RunTime:0.000000s ]
SQL: SELECT * FROM `type` WHERE ( fid=20 and state< 9 )  [ RunTime:0.000000s ]
SQL: SELECT * FROM `type` WHERE ( fid=24 and state< 9 )  [ RunTime:0.000000s ]
SQL: SELECT * FROM `type` WHERE ( fid=27 and state< 9 )  [ RunTime:0.001000s ]
SQL: SELECT * FROM `type` WHERE ( fid=32 and state< 9 )  [ RunTime:0.000000s ]
SQL: SELECT * FROM `type` WHERE ( fid=35 and state< 9 )  [ RunTime:0.000000s ]
SQL: SELECT * FROM `type` WHERE ( fid=39 and state< 9 )  [ RunTime:0.001000s ]
SQL: SELECT * FROM `type` WHERE ( fid=2 and state< 9 )  [ RunTime:0.000000s ]
SQL: SELECT * FROM `type` WHERE ( fid=42 and state< 9 )  [ RunTime:0.000000s ]
SQL: SELECT * FROM `type` WHERE ( fid=48 and state< 9 )  [ RunTime:0.001000s ]
SQL: SELECT * FROM `type` WHERE ( fid=50 and state< 9 )  [ RunTime:0.000000s ]
SQL: SELECT * FROM `type` WHERE ( fid=55 and state< 9 )  [ RunTime:0.001000s ]
SQL: SELECT * FROM `type` WHERE ( fid=62 and state< 9 )  [ RunTime:0.000000s ]
SQL: SELECT * FROM `type` WHERE ( fid=3 and state< 9 )  [ RunTime:0.000000s ]
SQL: SELECT * FROM `type` WHERE ( fid=65 and state< 9 )  [ RunTime:0.001000s ]
SQL: SELECT * FROM `type` WHERE ( fid=4 and state< 9 )  [ RunTime:0.000000s ]
SQL: SELECT * FROM `type` WHERE ( fid=70 and state< 9 )  [ RunTime:0.000000s ]
SQL: SELECT * FROM `type` WHERE ( fid=74 and state< 9 )  [ RunTime:0.001000s ]
SQL: SELECT * FROM `type` WHERE ( fid=79 and state< 9 )  [ RunTime:0.000000s ]
SQL: SELECT * FROM `type` WHERE ( fid=84 and state< 9 )  [ RunTime:0.000000s ]
SQL: SELECT * FROM `type` WHERE ( fid=5 and state< 9 )  [ RunTime:0.001000s ]
SQL: SELECT * FROM `type` WHERE ( fid=87 and state< 9 )  [ RunTime:0.000000s ]
SQL: SELECT * FROM `type` WHERE ( fid=93 and state< 9 )  [ RunTime:0.000000s ]
SQL: SELECT * FROM `type` WHERE ( fid=95 and state< 9 )  [ RunTime:0.001000s ]
SQL: SELECT * FROM `type` WHERE ( fid=100 and state< 9 )  [ RunTime:0.000000s ]
SQL: SELECT * FROM `type` WHERE ( fid=6 and state< 9 )  [ RunTime:0.000000s ]
SQL: SELECT * FROM `type` WHERE ( fid=104 and state< 9 )  [ RunTime:0.001000s ]
SQL: SELECT * FROM `type` WHERE ( fid=109 and state< 9 )  [ RunTime:0.000000s ]
SQL: SELECT * FROM `type` WHERE ( fid=114 and state< 9 )  [ RunTime:0.000000s ]
SQL: SELECT * FROM `type` WHERE ( fid=117 and state< 9 )  [ RunTime:0.000000s ]
SQL: SELECT * FROM `type` WHERE ( fid=7 and state< 9 )  [ RunTime:0.000000s ]
SQL: SELECT * FROM `type` WHERE ( fid=139 and state< 9 )  [ RunTime:0.000000s ]
SQL: SELECT * FROM `type` WHERE ( fid=8 and state< 9 )  [ RunTime:0.000000s ]
SQL: SELECT * FROM `type` WHERE ( fid=123 and state< 9 )  [ RunTime:0.001000s ]
SQL: SELECT * FROM `type` WHERE ( fid=128 and state< 9 )  [ RunTime:0.000000s ]
SQL: SELECT * FROM `type` WHERE ( fid=132 and state< 9 )  [ RunTime:0.000000s ]
SQL: SHOW COLUMNS FROM `imgpath` [ RunTime:0.005000s ]
SQL: SELECT * FROM `imgpath` WHERE ( state<9 ) ORDER BY id desc LIMIT 0,4   [ RunTime:0.001000s ]
SQL: SHOW COLUMNS FROM `articles` [ RunTime:0.004000s ]
SQL: SELECT * FROM `articles` WHERE ( typeId = 116 ) ORDER BY articleId desc LIMIT 0,3   [ RunTime:0.001000s ]
SQL: SELECT * FROM `articles` WHERE ( typeId = 130 ) ORDER BY articleId desc LIMIT 0,3   [ RunTime:0.000000s ]
SQL: SELECT * FROM `articles` WHERE ( typeId = 131 ) ORDER BY articleId desc LIMIT 0,3   [ RunTime:0.001000s ]
SQL: SELECT * FROM `type` WHERE ( fid = 132 ) ORDER BY typeId desc LIMIT 0,8   [ RunTime:0.001000s ]
INFO: [ view_parse ] --START--
INFO: [ template_filter ] --START--
INFO: Run Behavior\ContentReplaceBehavior [ RunTime:0.000000s ]
INFO: [ template_filter ] --END-- [ RunTime:0.000000s ]
INFO: Run Behavior\ParseTemplateBehavior [ RunTime:0.014001s ]
INFO: [ view_parse ] --END-- [ RunTime:0.014001s ]
INFO: [ view_filter ] --START--
INFO: Run Behavior\WriteHtmlCacheBehavior [ RunTime:0.001000s ]
INFO: [ view_filter ] --END-- [ RunTime:0.001000s ]
INFO: [ app_end ] --START--
INFO: Run Behavior\ShowPageTraceBehavior [ RunTime:0.000000s ]
INFO: [ app_end ] --END-- [ RunTime:0.000000s ]

[ 2018-03-15T10:25:32+08:00 ] 61.151.178.170 /admin.php/login/login.html
INFO: [ app_init ] --START--
INFO: Run Behavior\BuildLiteBehavior [ RunTime:0.000000s ]
INFO: [ app_init ] --END-- [ RunTime:0.001001s ]
INFO: [ app_begin ] --START--
INFO: Run Behavior\ReadHtmlCacheBehavior [ RunTime:0.001000s ]
INFO: [ app_begin ] --END-- [ RunTime:0.001000s ]
INFO: [ view_parse ] --START--
INFO: [ template_filter ] --START--
INFO: Run Behavior\ContentReplaceBehavior [ RunTime:0.000000s ]
INFO: [ template_filter ] --END-- [ RunTime:0.000000s ]
INFO: Run Behavior\ParseTemplateBehavior [ RunTime:0.008000s ]
INFO: [ view_parse ] --END-- [ RunTime:0.009000s ]
INFO: [ view_filter ] --START--
INFO: Run Behavior\WriteHtmlCacheBehavior [ RunTime:0.000000s ]
INFO: [ view_filter ] --END-- [ RunTime:0.000000s ]
INFO: [ app_end ] --START--
INFO: Run Behavior\ShowPageTraceBehavior [ RunTime:0.001000s ]
INFO: [ app_end ] --END-- [ RunTime:0.001000s ]

[ 2018-03-15T10:25:37+08:00 ] 101.226.33.200 /admin.php/login/check.html
INFO: [ app_init ] --START--
INFO: Run Behavior\BuildLiteBehavior [ RunTime:0.000000s ]
INFO: [ app_init ] --END-- [ RunTime:0.001000s ]
INFO: [ app_begin ] --START--
INFO: Run Behavior\ReadHtmlCacheBehavior [ RunTime:0.001000s ]
INFO: [ app_begin ] --END-- [ RunTime:0.001000s ]
NOTIC: [8192] mysql_connect(): The mysql extension is deprecated and will be removed in the future: use mysqli or PDO instead D:\phpStudy\WWW\Farmers\library\ThinkPHP\Library\Think\Db\Driver\Mysql.class.php ç¬¬ 52 è¡Œ.
SQL: SHOW COLUMNS FROM `admin` [ RunTime:0.005000s ]
NOTIC: [8] Undefined index: username D:\phpStudy\WWW\Farmers\application\Admin\Controller\LoginController.class.php ç¬¬ 11 è¡Œ.
NOTIC: [8] Undefined index: password D:\phpStudy\WWW\Farmers\application\Admin\Controller\LoginController.class.php ç¬¬ 11 è¡Œ.
SQL: SELECT * FROM `admin` WHERE ( username='' and password='d41d8cd98f00b204e9800998ecf8427e' ) LIMIT 1   [ RunTime:0.000000s ]

[ 2018-03-15T10:25:37+08:00 ] 101.226.33.200 /admin.php/Login/login.html
INFO: [ app_init ] --START--
INFO: Run Behavior\BuildLiteBehavior [ RunTime:0.000000s ]
INFO: [ app_init ] --END-- [ RunTime:0.001000s ]
INFO: [ app_begin ] --START--
INFO: Run Behavior\ReadHtmlCacheBehavior [ RunTime:0.000000s ]
INFO: [ app_begin ] --END-- [ RunTime:0.000000s ]
INFO: [ view_parse ] --START--
INFO: [ template_filter ] --START--
INFO: Run Behavior\ContentReplaceBehavior [ RunTime:0.000000s ]
INFO: [ template_filter ] --END-- [ RunTime:0.000000s ]
INFO: Run Behavior\ParseTemplateBehavior [ RunTime:0.005000s ]
INFO: [ view_parse ] --END-- [ RunTime:0.006000s ]
INFO: [ view_filter ] --START--
INFO: Run Behavior\WriteHtmlCacheBehavior [ RunTime:0.000000s ]
INFO: [ view_filter ] --END-- [ RunTime:0.000000s ]
INFO: [ app_end ] --START--
INFO: Run Behavior\ShowPageTraceBehavior [ RunTime:0.001000s ]
INFO: [ app_end ] --END-- [ RunTime:0.001000s ]

[ 2018-03-15T10:25:38+08:00 ] 101.226.225.59 /admin.php/index/main.html
INFO: [ app_init ] --START--
INFO: Run Behavior\BuildLiteBehavior [ RunTime:0.000000s ]
INFO: [ app_init ] --END-- [ RunTime:0.001000s ]
INFO: [ app_begin ] --START--
INFO: Run Behavior\ReadHtmlCacheBehavior [ RunTime:0.001000s ]
INFO: [ app_begin ] --END-- [ RunTime:0.001000s ]

[ 2018-03-15T10:25:38+08:00 ] 101.226.225.59 /admin.php/Login/login.html
INFO: [ app_init ] --START--
INFO: Run Behavior\BuildLiteBehavior [ RunTime:0.000000s ]
INFO: [ app_init ] --END-- [ RunTime:0.001000s ]
INFO: [ app_begin ] --START--
INFO: Run Behavior\ReadHtmlCacheBehavior [ RunTime:0.001001s ]
INFO: [ app_begin ] --END-- [ RunTime:0.001001s ]
INFO: [ view_parse ] --START--
INFO: [ template_filter ] --START--
INFO: Run Behavior\ContentReplaceBehavior [ RunTime:0.000000s ]
INFO: [ template_filter ] --END-- [ RunTime:0.000000s ]
INFO: Run Behavior\ParseTemplateBehavior [ RunTime:0.009000s ]
INFO: [ view_parse ] --END-- [ RunTime:0.009000s ]
INFO: [ view_filter ] --START--
INFO: Run Behavior\WriteHtmlCacheBehavior [ RunTime:0.001000s ]
INFO: [ view_filter ] --END-- [ RunTime:0.001000s ]
INFO: [ app_end ] --START--
INFO: Run Behavior\ShowPageTraceBehavior [ RunTime:0.002000s ]
INFO: [ app_end ] --END-- [ RunTime:0.002000s ]

[ 2018-03-15T10:26:04+08:00 ] 192.168.8.1 /index.php/Search/index.html?keyword=%E5%A5%BD
INFO: [ app_init ] --START--
INFO: Run Behavior\BuildLiteBehavior [ RunTime:0.000000s ]
INFO: [ app_init ] --END-- [ RunTime:0.000000s ]
INFO: [ app_begin ] --START--
INFO: Run Behavior\ReadHtmlCacheBehavior [ RunTime:0.000000s ]
INFO: [ app_begin ] --END-- [ RunTime:0.001001s ]
NOTIC: [8192] mysql_connect(): The mysql extension is deprecated and will be removed in the future: use mysqli or PDO instead D:\phpStudy\WWW\Farmers\library\ThinkPHP\Library\Think\Db\Driver\Mysql.class.php ç¬¬ 52 è¡Œ.
SQL: SHOW COLUMNS FROM `type` [ RunTime:0.005001s ]
SQL: SELECT * FROM `type` WHERE ( fid=0 and state< 9 )  [ RunTime:0.000000s ]
SQL: SELECT * FROM `type` WHERE ( fid=1 and state< 9 )  [ RunTime:0.000000s ]
SQL: SELECT * FROM `type` WHERE ( fid=9 and state< 9 )  [ RunTime:0.000000s ]
SQL: SELECT * FROM `type` WHERE ( fid=16 and state< 9 )  [ RunTime:0.000000s ]
SQL: SELECT * FROM `type` WHERE ( fid=20 and state< 9 )  [ RunTime:0.001000s ]
SQL: SELECT * FROM `type` WHERE ( fid=24 and state< 9 )  [ RunTime:0.000000s ]
SQL: SELECT * FROM `type` WHERE ( fid=27 and state< 9 )  [ RunTime:0.000000s ]
SQL: SELECT * FROM `type` WHERE ( fid=32 and state< 9 )  [ RunTime:0.001000s ]
SQL: SELECT * FROM `type` WHERE ( fid=35 and state< 9 )  [ RunTime:0.000000s ]
SQL: SELECT * FROM `type` WHERE ( fid=39 and state< 9 )  [ RunTime:0.000000s ]
SQL: SELECT * FROM `type` WHERE ( fid=2 and state< 9 )  [ RunTime:0.001000s ]
SQL: SELECT * FROM `type` WHERE ( fid=42 and state< 9 )  [ RunTime:0.000000s ]
SQL: SELECT * FROM `type` WHERE ( fid=48 and state< 9 )  [ RunTime:0.000000s ]
SQL: SELECT * FROM `type` WHERE ( fid=50 and state< 9 )  [ RunTime:0.001000s ]
SQL: SELECT * FROM `type` WHERE ( fid=55 and state< 9 )  [ RunTime:0.000000s ]
SQL: SELECT * FROM `type` WHERE ( fid=62 and state< 9 )  [ RunTime:0.000000s ]
SQL: SELECT * FROM `type` WHERE ( fid=3 and state< 9 )  [ RunTime:0.001000s ]
SQL: SELECT * FROM `type` WHERE ( fid=65 and state< 9 )  [ RunTime:0.000000s ]
SQL: SELECT * FROM `type` WHERE ( fid=4 and state< 9 )  [ RunTime:0.000000s ]
SQL: SELECT * FROM `type` WHERE ( fid=70 and state< 9 )  [ RunTime:0.001000s ]
SQL: SELECT * FROM `type` WHERE ( fid=74 and state< 9 )  [ RunTime:0.000000s ]
SQL: SELECT * FROM `type` WHERE ( fid=79 and state< 9 )  [ RunTime:0.000000s ]
SQL: SELECT * FROM `type` WHERE ( fid=84 and state< 9 )  [ RunTime:0.000000s ]
SQL: SELECT * FROM `type` WHERE ( fid=5 and state< 9 )  [ RunTime:0.000000s ]
SQL: SELECT * FROM `type` WHERE ( fid=87 and state< 9 )  [ RunTime:0.001000s ]
SQL: SELECT * FROM `type` WHERE ( fid=93 and state< 9 )  [ RunTime:0.000000s ]
SQL: SELECT * FROM `type` WHERE ( fid=95 and state< 9 )  [ RunTime:0.000000s ]
SQL: SELECT * FROM `type` WHERE ( fid=100 and state< 9 )  [ RunTime:0.001000s ]
SQL: SELECT * FROM `type` WHERE ( fid=6 and state< 9 )  [ RunTime:0.000000s ]
SQL: SELECT * FROM `type` WHERE ( fid=104 and state< 9 )  [ RunTime:0.000000s ]
SQL: SELECT * FROM `type` WHERE ( fid=109 and state< 9 )  [ RunTime:0.001000s ]
SQL: SELECT * FROM `type` WHERE ( fid=114 and state< 9 )  [ RunTime:0.000000s ]
SQL: SELECT * FROM `type` WHERE ( fid=117 and state< 9 )  [ RunTime:0.000000s ]
SQL: SELECT * FROM `type` WHERE ( fid=7 and state< 9 )  [ RunTime:0.001000s ]
SQL: SELECT * FROM `type` WHERE ( fid=139 and state< 9 )  [ RunTime:0.000000s ]
SQL: SELECT * FROM `type` WHERE ( fid=8 and state< 9 )  [ RunTime:0.000000s ]
SQL: SELECT * FROM `type` WHERE ( fid=123 and state< 9 )  [ RunTime:0.000000s ]
SQL: SELECT * FROM `type` WHERE ( fid=128 and state< 9 )  [ RunTime:0.000000s ]
SQL: SELECT * FROM `type` WHERE ( fid=132 and state< 9 )  [ RunTime:0.000000s ]
SQL: SHOW COLUMNS FROM `imgpath` [ RunTime:0.005000s ]
SQL: SELECT * FROM `imgpath` WHERE ( state<9 ) ORDER BY id desc LIMIT 0,4   [ RunTime:0.000000s ]
SQL: select * from articles where content like '%å¥½%' [ RunTime:0.002000s ]
SQL: SHOW COLUMNS FROM `articles` [ RunTime:0.005000s ]
SQL: SELECT * FROM `articles` WHERE ( content like '%å¥½%' ) ORDER BY articles.articleId desc LIMIT 0,10   [ RunTime:0.002000s ]
SQL: SELECT * FROM `type` WHERE ( fid=0 and state< 9 )  [ RunTime:0.001000s ]
SQL: SELECT * FROM `type` WHERE ( fid=1 and state< 9 )  [ RunTime:0.000000s ]
SQL: SELECT * FROM `type` WHERE ( fid=9 and state< 9 )  [ RunTime:0.001000s ]
SQL: SELECT * FROM `type` WHERE ( fid=16 and state< 9 )  [ RunTime:0.000000s ]
SQL: SELECT * FROM `type` WHERE ( fid=20 and state< 9 )  [ RunTime:0.001000s ]
SQL: SELECT * FROM `type` WHERE ( fid=24 and state< 9 )  [ RunTime:0.000000s ]
SQL: SELECT * FROM `type` WHERE ( fid=27 and state< 9 )  [ RunTime:0.000000s ]
SQL: SELECT * FROM `type` WHERE ( fid=32 and state< 9 )  [ RunTime:0.001000s ]
SQL: SELECT * FROM `type` WHERE ( fid=35 and state< 9 )  [ RunTime:0.000000s ]
SQL: SELECT * FROM `type` WHERE ( fid=39 and state< 9 )  [ RunTime:0.000000s ]
SQL: SELECT * FROM `type` WHERE ( fid=2 and state< 9 )  [ RunTime:0.001000s ]
SQL: SELECT * FROM `type` WHERE ( fid=42 and state< 9 )  [ RunTime:0.000000s ]
SQL: SELECT * FROM `type` WHERE ( fid=48 and state< 9 )  [ RunTime:0.000000s ]
SQL: SELECT * FROM `type` WHERE ( fid=50 and state< 9 )  [ RunTime:0.001000s ]
SQL: SELECT * FROM `type` WHERE ( fid=55 and state< 9 )  [ RunTime:0.000000s ]
SQL: SELECT * FROM `type` WHERE ( fid=62 and state< 9 )  [ RunTime:0.000000s ]
SQL: SELECT * FROM `type` WHERE ( fid=3 and state< 9 )  [ RunTime:0.001000s ]
SQL: SELECT * FROM `type` WHERE ( fid=65 and state< 9 )  [ RunTime:0.000000s ]
SQL: SELECT * FROM `type` WHERE ( fid=4 and state< 9 )  [ RunTime:0.000000s ]
SQL: SELECT * FROM `type` WHERE ( fid=70 and state< 9 )  [ RunTime:0.001001s ]
SQL: SELECT * FROM `type` WHERE ( fid=74 and state< 9 )  [ RunTime:0.000000s ]
SQL: SELECT * FROM `type` WHERE ( fid=79 and state< 9 )  [ RunTime:0.000000s ]
SQL: SELECT * FROM `type` WHERE ( fid=84 and state< 9 )  [ RunTime:0.000000s ]
SQL: SELECT * FROM `type` WHERE ( fid=5 and state< 9 )  [ RunTime:0.000000s ]
SQL: SELECT * FROM `type` WHERE ( fid=87 and state< 9 )  [ RunTime:0.000000s ]
SQL: SELECT * FROM `type` WHERE ( fid=93 and state< 9 )  [ RunTime:0.000000s ]
SQL: SELECT * FROM `type` WHERE ( fid=95 and state< 9 )  [ RunTime:0.000000s ]
SQL: SELECT * FROM `type` WHERE ( fid=100 and state< 9 )  [ RunTime:0.000000s ]
SQL: SELECT * FROM `type` WHERE ( fid=6 and state< 9 )  [ RunTime:0.000000s ]
SQL: SELECT * FROM `type` WHERE ( fid=104 and state< 9 )  [ RunTime:0.000000s ]
SQL: SELECT * FROM `type` WHERE ( fid=109 and state< 9 )  [ RunTime:0.000000s ]
SQL: SELECT * FROM `type` WHERE ( fid=114 and state< 9 )  [ RunTime:0.000000s ]
SQL: SELECT * FROM `type` WHERE ( fid=117 and state< 9 )  [ RunTime:0.001000s ]
SQL: SELECT * FROM `type` WHERE ( fid=7 and state< 9 )  [ RunTime:0.000000s ]
SQL: SELECT * FROM `type` WHERE ( fid=139 and state< 9 )  [ RunTime:0.000000s ]
SQL: SELECT * FROM `type` WHERE ( fid=8 and state< 9 )  [ RunTime:0.001000s ]
SQL: SELECT * FROM `type` WHERE ( fid=123 and state< 9 )  [ RunTime:0.000000s ]
SQL: SELECT * FROM `type` WHERE ( fid=128 and state< 9 )  [ RunTime:0.000000s ]
SQL: SELECT * FROM `type` WHERE ( fid=132 and state< 9 )  [ RunTime:0.000000s ]
INFO: [ view_parse ] --START--
INFO: [ template_filter ] --START--
INFO: Run Behavior\ContentReplaceBehavior [ RunTime:0.000000s ]
INFO: [ template_filter ] --END-- [ RunTime:0.000000s ]
INFO: Run Behavior\ParseTemplateBehavior [ RunTime:0.012001s ]
INFO: [ view_parse ] --END-- [ RunTime:0.012001s ]
INFO: [ view_filter ] --START--
INFO: Run Behavior\WriteHtmlCacheBehavior [ RunTime:0.001000s ]
INFO: [ view_filter ] --END-- [ RunTime:0.001000s ]
INFO: [ app_end ] --START--
INFO: Run Behavior\ShowPageTraceBehavior [ RunTime:0.000000s ]
INFO: [ app_end ] --END-- [ RunTime:0.000000s ]

[ 2018-03-15T10:26:07+08:00 ] 192.168.8.1 /index.php/Search/index/keyword/ºÃ/p/2.html
INFO: [ app_init ] --START--
INFO: Run Behavior\BuildLiteBehavior [ RunTime:0.000000s ]
INFO: [ app_init ] --END-- [ RunTime:0.000000s ]
INFO: [ app_begin ] --START--
INFO: Run Behavior\ReadHtmlCacheBehavior [ RunTime:0.001000s ]
INFO: [ app_begin ] --END-- [ RunTime:0.001000s ]
NOTIC: [8192] mysql_connect(): The mysql extension is deprecated and will be removed in the future: use mysqli or PDO instead D:\phpStudy\WWW\Farmers\library\ThinkPHP\Library\Think\Db\Driver\Mysql.class.php ç¬¬ 52 è¡Œ.
SQL: SHOW COLUMNS FROM `type` [ RunTime:0.006000s ]
SQL: SELECT * FROM `type` WHERE ( fid=0 and state< 9 )  [ RunTime:0.001000s ]
SQL: SELECT * FROM `type` WHERE ( fid=1 and state< 9 )  [ RunTime:0.000000s ]
SQL: SELECT * FROM `type` WHERE ( fid=9 and state< 9 )  [ RunTime:0.000000s ]
SQL: SELECT * FROM `type` WHERE ( fid=16 and state< 9 )  [ RunTime:0.000000s ]
SQL: SELECT * FROM `type` WHERE ( fid=20 and state< 9 )  [ RunTime:0.001000s ]
SQL: SELECT * FROM `type` WHERE ( fid=24 and state< 9 )  [ RunTime:0.000000s ]
SQL: SELECT * FROM `type` WHERE ( fid=27 and state< 9 )  [ RunTime:0.001000s ]
SQL: SELECT * FROM `type` WHERE ( fid=32 and state< 9 )  [ RunTime:0.000000s ]
SQL: SELECT * FROM `type` WHERE ( fid=35 and state< 9 )  [ RunTime:0.000000s ]
SQL: SELECT * FROM `type` WHERE ( fid=39 and state< 9 )  [ RunTime:0.000000s ]
SQL: SELECT * FROM `type` WHERE ( fid=2 and state< 9 )  [ RunTime:0.000000s ]
SQL: SELECT * FROM `type` WHERE ( fid=42 and state< 9 )  [ RunTime:0.001000s ]
SQL: SELECT * FROM `type` WHERE ( fid=48 and state< 9 )  [ RunTime:0.000000s ]
SQL: SELECT * FROM `type` WHERE ( fid=50 and state< 9 )  [ RunTime:0.000000s ]
SQL: SELECT * FROM `type` WHERE ( fid=55 and state< 9 )  [ RunTime:0.000000s ]
SQL: SELECT * FROM `type` WHERE ( fid=62 and state< 9 )  [ RunTime:0.000000s ]
SQL: SELECT * FROM `type` WHERE ( fid=3 and state< 9 )  [ RunTime:0.001000s ]
SQL: SELECT * FROM `type` WHERE ( fid=65 and state< 9 )  [ RunTime:0.000000s ]
SQL: SELECT * FROM `type` WHERE ( fid=4 and state< 9 )  [ RunTime:0.000000s ]
SQL: SELECT * FROM `type` WHERE ( fid=70 and state< 9 )  [ RunTime:0.000000s ]
SQL: SELECT * FROM `type` WHERE ( fid=74 and state< 9 )  [ RunTime:0.001000s ]
SQL: SELECT * FROM `type` WHERE ( fid=79 and state< 9 )  [ RunTime:0.000000s ]
SQL: SELECT * FROM `type` WHERE ( fid=84 and state< 9 )  [ RunTime:0.001001s ]
SQL: SELECT * FROM `type` WHERE ( fid=5 and state< 9 )  [ RunTime:0.000000s ]
SQL: SELECT * FROM `type` WHERE ( fid=87 and state< 9 )  [ RunTime:0.000000s ]
SQL: SELECT * FROM `type` WHERE ( fid=93 and state< 9 )  [ RunTime:0.000000s ]
SQL: SELECT * FROM `type` WHERE ( fid=95 and state< 9 )  [ RunTime:0.000000s ]
SQL: SELECT * FROM `type` WHERE ( fid=100 and state< 9 )  [ RunTime:0.000000s ]
SQL: SELECT * FROM `type` WHERE ( fid=6 and state< 9 )  [ RunTime:0.000000s ]
SQL: SELECT * FROM `type` WHERE ( fid=104 and state< 9 )  [ RunTime:0.000000s ]
SQL: SELECT * FROM `type` WHERE ( fid=109 and state< 9 )  [ RunTime:0.000000s ]
SQL: SELECT * FROM `type` WHERE ( fid=114 and state< 9 )  [ RunTime:0.000000s ]
SQL: SELECT * FROM `type` WHERE ( fid=117 and state< 9 )  [ RunTime:0.000000s ]
SQL: SELECT * FROM `type` WHERE ( fid=7 and state< 9 )  [ RunTime:0.001000s ]
SQL: SELECT * FROM `type` WHERE ( fid=139 and state< 9 )  [ RunTime:0.000000s ]
SQL: SELECT * FROM `type` WHERE ( fid=8 and state< 9 )  [ RunTime:0.000000s ]
SQL: SELECT * FROM `type` WHERE ( fid=123 and state< 9 )  [ RunTime:0.000000s ]
SQL: SELECT * FROM `type` WHERE ( fid=128 and state< 9 )  [ RunTime:0.000000s ]
SQL: SELECT * FROM `type` WHERE ( fid=132 and state< 9 )  [ RunTime:0.001000s ]
SQL: SHOW COLUMNS FROM `imgpath` [ RunTime:0.005000s ]
SQL: SELECT * FROM `imgpath` WHERE ( state<9 ) ORDER BY id desc LIMIT 0,4   [ RunTime:0.000000s ]
INFO: [ app_end ] --START--
INFO: Run Behavior\ShowPageTraceBehavior [ RunTime:0.000000s ]
INFO: [ app_end ] --END-- [ RunTime:0.000000s ]

[ 2018-03-15T10:26:13+08:00 ] 192.168.8.1 /index.php/Search/index/keyword/ºÃ/p/2.html
INFO: [ app_init ] --START--
INFO: Run Behavior\BuildLiteBehavior [ RunTime:0.000000s ]
INFO: [ app_init ] --END-- [ RunTime:0.001000s ]
INFO: [ app_begin ] --START--
INFO: Run Behavior\ReadHtmlCacheBehavior [ RunTime:0.001000s ]
INFO: [ app_begin ] --END-- [ RunTime:0.001000s ]
NOTIC: [8192] mysql_connect(): The mysql extension is deprecated and will be removed in the future: use mysqli or PDO instead D:\phpStudy\WWW\Farmers\library\ThinkPHP\Library\Think\Db\Driver\Mysql.class.php ç¬¬ 52 è¡Œ.
SQL: SHOW COLUMNS FROM `type` [ RunTime:0.006001s ]
SQL: SELECT * FROM `type` WHERE ( fid=0 and state< 9 )  [ RunTime:0.001000s ]
SQL: SELECT * FROM `type` WHERE ( fid=1 and state< 9 )  [ RunTime:0.001000s ]
SQL: SELECT * FROM `type` WHERE ( fid=9 and state< 9 )  [ RunTime:0.001000s ]
SQL: SELECT * FROM `type` WHERE ( fid=16 and state< 9 )  [ RunTime:0.000000s ]
SQL: SELECT * FROM `type` WHERE ( fid=20 and state< 9 )  [ RunTime:0.001000s ]
SQL: SELECT * FROM `type` WHERE ( fid=24 and state< 9 )  [ RunTime:0.000000s ]
SQL: SELECT * FROM `type` WHERE ( fid=27 and state< 9 )  [ RunTime:0.000000s ]
SQL: SELECT * FROM `type` WHERE ( fid=32 and state< 9 )  [ RunTime:0.000000s ]
SQL: SELECT * FROM `type` WHERE ( fid=35 and state< 9 )  [ RunTime:0.000000s ]
SQL: SELECT * FROM `type` WHERE ( fid=39 and state< 9 )  [ RunTime:0.001000s ]
SQL: SELECT * FROM `type` WHERE ( fid=2 and state< 9 )  [ RunTime:0.000000s ]
SQL: SELECT * FROM `type` WHERE ( fid=42 and state< 9 )  [ RunTime:0.000000s ]
SQL: SELECT * FROM `type` WHERE ( fid=48 and state< 9 )  [ RunTime:0.001000s ]
SQL: SELECT * FROM `type` WHERE ( fid=50 and state< 9 )  [ RunTime:0.000000s ]
SQL: SELECT * FROM `type` WHERE ( fid=55 and state< 9 )  [ RunTime:0.000000s ]
SQL: SELECT * FROM `type` WHERE ( fid=62 and state< 9 )  [ RunTime:0.000000s ]
SQL: SELECT * FROM `type` WHERE ( fid=3 and state< 9 )  [ RunTime:0.000000s ]
SQL: SELECT * FROM `type` WHERE ( fid=65 and state< 9 )  [ RunTime:0.000000s ]
SQL: SELECT * FROM `type` WHERE ( fid=4 and state< 9 )  [ RunTime:0.000000s ]
SQL: SELECT * FROM `type` WHERE ( fid=70 and state< 9 )  [ RunTime:0.000000s ]
SQL: SELECT * FROM `type` WHERE ( fid=74 and state< 9 )  [ RunTime:0.000000s ]
SQL: SELECT * FROM `type` WHERE ( fid=79 and state< 9 )  [ RunTime:0.000000s ]
SQL: SELECT * FROM `type` WHERE ( fid=84 and state< 9 )  [ RunTime:0.000000s ]
SQL: SELECT * FROM `type` WHERE ( fid=5 and state< 9 )  [ RunTime:0.000000s ]
SQL: SELECT * FROM `type` WHERE ( fid=87 and state< 9 )  [ RunTime:0.000000s ]
SQL: SELECT * FROM `type` WHERE ( fid=93 and state< 9 )  [ RunTime:0.000000s ]
SQL: SELECT * FROM `type` WHERE ( fid=95 and state< 9 )  [ RunTime:0.001001s ]
SQL: SELECT * FROM `type` WHERE ( fid=100 and state< 9 )  [ RunTime:0.000000s ]
SQL: SELECT * FROM `type` WHERE ( fid=6 and state< 9 )  [ RunTime:0.000000s ]
SQL: SELECT * FROM `type` WHERE ( fid=104 and state< 9 )  [ RunTime:0.000000s ]
SQL: SELECT * FROM `type` WHERE ( fid=109 and state< 9 )  [ RunTime:0.000000s ]
SQL: SELECT * FROM `type` WHERE ( fid=114 and state< 9 )  [ RunTime:0.000000s ]
SQL: SELECT * FROM `type` WHERE ( fid=117 and state< 9 )  [ RunTime:0.000000s ]
SQL: SELECT * FROM `type` WHERE ( fid=7 and state< 9 )  [ RunTime:0.000000s ]
SQL: SELECT * FROM `type` WHERE ( fid=139 and state< 9 )  [ RunTime:0.000000s ]
SQL: SELECT * FROM `type` WHERE ( fid=8 and state< 9 )  [ RunTime:0.000000s ]
SQL: SELECT * FROM `type` WHERE ( fid=123 and state< 9 )  [ RunTime:0.000000s ]
SQL: SELECT * FROM `type` WHERE ( fid=128 and state< 9 )  [ RunTime:0.000000s ]
SQL: SELECT * FROM `type` WHERE ( fid=132 and state< 9 )  [ RunTime:0.001000s ]
SQL: SHOW COLUMNS FROM `imgpath` [ RunTime:0.005000s ]
SQL: SELECT * FROM `imgpath` WHERE ( state<9 ) ORDER BY id desc LIMIT 0,4   [ RunTime:0.000000s ]
INFO: [ app_end ] --START--
INFO: Run Behavior\ShowPageTraceBehavior [ RunTime:0.001000s ]
INFO: [ app_end ] --END-- [ RunTime:0.001000s ]

[ 2018-03-15T10:26:18+08:00 ] 192.168.8.1 /index.php/Search/index/keyword/ºÃ/p/2.html
INFO: [ app_init ] --START--
INFO: Run Behavior\BuildLiteBehavior [ RunTime:0.000000s ]
INFO: [ app_init ] --END-- [ RunTime:0.001000s ]
INFO: [ app_begin ] --START--
INFO: Run Behavior\ReadHtmlCacheBehavior [ RunTime:0.000000s ]
INFO: [ app_begin ] --END-- [ RunTime:0.000000s ]
NOTIC: [8192] mysql_connect(): The mysql extension is deprecated and will be removed in the future: use mysqli or PDO instead D:\phpStudy\WWW\Farmers\library\ThinkPHP\Library\Think\Db\Driver\Mysql.class.php ç¬¬ 52 è¡Œ.
SQL: SHOW COLUMNS FROM `type` [ RunTime:0.005001s ]
SQL: SELECT * FROM `type` WHERE ( fid=0 and state< 9 )  [ RunTime:0.000000s ]
SQL: SELECT * FROM `type` WHERE ( fid=1 and state< 9 )  [ RunTime:0.000000s ]
SQL: SELECT * FROM `type` WHERE ( fid=9 and state< 9 )  [ RunTime:0.000000s ]
SQL: SELECT * FROM `type` WHERE ( fid=16 and state< 9 )  [ RunTime:0.000000s ]
SQL: SELECT * FROM `type` WHERE ( fid=20 and state< 9 )  [ RunTime:0.000000s ]
SQL: SELECT * FROM `type` WHERE ( fid=24 and state< 9 )  [ RunTime:0.000000s ]
SQL: SELECT * FROM `type` WHERE ( fid=27 and state< 9 )  [ RunTime:0.000000s ]
SQL: SELECT * FROM `type` WHERE ( fid=32 and state< 9 )  [ RunTime:0.001000s ]
SQL: SELECT * FROM `type` WHERE ( fid=35 and state< 9 )  [ RunTime:0.000000s ]
SQL: SELECT * FROM `type` WHERE ( fid=39 and state< 9 )  [ RunTime:0.000000s ]
SQL: SELECT * FROM `type` WHERE ( fid=2 and state< 9 )  [ RunTime:0.001000s ]
SQL: SELECT * FROM `type` WHERE ( fid=42 and state< 9 )  [ RunTime:0.000000s ]
SQL: SELECT * FROM `type` WHERE ( fid=48 and state< 9 )  [ RunTime:0.001000s ]
SQL: SELECT * FROM `type` WHERE ( fid=50 and state< 9 )  [ RunTime:0.000000s ]
SQL: SELECT * FROM `type` WHERE ( fid=55 and state< 9 )  [ RunTime:0.000000s ]
SQL: SELECT * FROM `type` WHERE ( fid=62 and state< 9 )  [ RunTime:0.001000s ]
SQL: SELECT * FROM `type` WHERE ( fid=3 and state< 9 )  [ RunTime:0.000000s ]
SQL: SELECT * FROM `type` WHERE ( fid=65 and state< 9 )  [ RunTime:0.000000s ]
SQL: SELECT * FROM `type` WHERE ( fid=4 and state< 9 )  [ RunTime:0.000000s ]
SQL: SELECT * FROM `type` WHERE ( fid=70 and state< 9 )  [ RunTime:0.000000s ]
SQL: SELECT * FROM `type` WHERE ( fid=74 and state< 9 )  [ RunTime:0.001000s ]
SQL: SELECT * FROM `type` WHERE ( fid=79 and state< 9 )  [ RunTime:0.000000s ]
SQL: SELECT * FROM `type` WHERE ( fid=84 and state< 9 )  [ RunTime:0.000000s ]
SQL: SELECT * FROM `type` WHERE ( fid=5 and state< 9 )  [ RunTime:0.001000s ]
SQL: SELECT * FROM `type` WHERE ( fid=87 and state< 9 )  [ RunTime:0.000000s ]
SQL: SELECT * FROM `type` WHERE ( fid=93 and state< 9 )  [ RunTime:0.000000s ]
SQL: SELECT * FROM `type` WHERE ( fid=95 and state< 9 )  [ RunTime:0.001000s ]
SQL: SELECT * FROM `type` WHERE ( fid=100 and state< 9 )  [ RunTime:0.000000s ]
SQL: SELECT * FROM `type` WHERE ( fid=6 and state< 9 )  [ RunTime:0.000000s ]
SQL: SELECT * FROM `type` WHERE ( fid=104 and state< 9 )  [ RunTime:0.001000s ]
SQL: SELECT * FROM `type` WHERE ( fid=109 and state< 9 )  [ RunTime:0.000000s ]
SQL: SELECT * FROM `type` WHERE ( fid=114 and state< 9 )  [ RunTime:0.000000s ]
SQL: SELECT * FROM `type` WHERE ( fid=117 and state< 9 )  [ RunTime:0.001000s ]
SQL: SELECT * FROM `type` WHERE ( fid=7 and state< 9 )  [ RunTime:0.000000s ]
SQL: SELECT * FROM `type` WHERE ( fid=139 and state< 9 )  [ RunTime:0.000000s ]
SQL: SELECT * FROM `type` WHERE ( fid=8 and state< 9 )  [ RunTime:0.001001s ]
SQL: SELECT * FROM `type` WHERE ( fid=123 and state< 9 )  [ RunTime:0.000000s ]
SQL: SELECT * FROM `type` WHERE ( fid=128 and state< 9 )  [ RunTime:0.000000s ]
SQL: SELECT * FROM `type` WHERE ( fid=132 and state< 9 )  [ RunTime:0.000000s ]
SQL: SHOW COLUMNS FROM `imgpath` [ RunTime:0.006000s ]
SQL: SELECT * FROM `imgpath` WHERE ( state<9 ) ORDER BY id desc LIMIT 0,4   [ RunTime:0.000000s ]
INFO: [ app_end ] --START--
INFO: Run Behavior\ShowPageTraceBehavior [ RunTime:0.001000s ]
INFO: [ app_end ] --END-- [ RunTime:0.001000s ]

[ 2018-03-15T10:26:23+08:00 ] 192.168.8.1 /index.php/News/index/articleId/66
INFO: [ app_init ] --START--
INFO: Run Behavior\BuildLiteBehavior [ RunTime:0.000000s ]
INFO: [ app_init ] --END-- [ RunTime:0.000000s ]
INFO: [ app_begin ] --START--
INFO: Run Behavior\ReadHtmlCacheBehavior [ RunTime:0.001000s ]
INFO: [ app_begin ] --END-- [ RunTime:0.001000s ]
NOTIC: [8192] mysql_connect(): The mysql extension is deprecated and will be removed in the future: use mysqli or PDO instead D:\phpStudy\WWW\Farmers\library\ThinkPHP\Library\Think\Db\Driver\Mysql.class.php ç¬¬ 52 è¡Œ.
SQL: SHOW COLUMNS FROM `type` [ RunTime:0.005000s ]
SQL: SELECT * FROM `type` WHERE ( fid=0 and state< 9 )  [ RunTime:0.000000s ]
SQL: SELECT * FROM `type` WHERE ( fid=1 and state< 9 )  [ RunTime:0.001000s ]
SQL: SELECT * FROM `type` WHERE ( fid=9 and state< 9 )  [ RunTime:0.000000s ]
SQL: SELECT * FROM `type` WHERE ( fid=16 and state< 9 )  [ RunTime:0.000000s ]
SQL: SELECT * FROM `type` WHERE ( fid=20 and state< 9 )  [ RunTime:0.000000s ]
SQL: SELECT * FROM `type` WHERE ( fid=24 and state< 9 )  [ RunTime:0.000000s ]
SQL: SELECT * FROM `type` WHERE ( fid=27 and state< 9 )  [ RunTime:0.001000s ]
SQL: SELECT * FROM `type` WHERE ( fid=32 and state< 9 )  [ RunTime:0.000000s ]
SQL: SELECT * FROM `type` WHERE ( fid=35 and state< 9 )  [ RunTime:0.000000s ]
SQL: SELECT * FROM `type` WHERE ( fid=39 and state< 9 )  [ RunTime:0.001000s ]
SQL: SELECT * FROM `type` WHERE ( fid=2 and state< 9 )  [ RunTime:0.000000s ]
SQL: SELECT * FROM `type` WHERE ( fid=42 and state< 9 )  [ RunTime:0.001001s ]
SQL: SELECT * FROM `type` WHERE ( fid=48 and state< 9 )  [ RunTime:0.000000s ]
SQL: SELECT * FROM `type` WHERE ( fid=50 and state< 9 )  [ RunTime:0.000000s ]
SQL: SELECT * FROM `type` WHERE ( fid=55 and state< 9 )  [ RunTime:0.001000s ]
SQL: SELECT * FROM `type` WHERE ( fid=62 and state< 9 )  [ RunTime:0.000000s ]
SQL: SELECT * FROM `type` WHERE ( fid=3 and state< 9 )  [ RunTime:0.000000s ]
SQL: SELECT * FROM `type` WHERE ( fid=65 and state< 9 )  [ RunTime:0.000000s ]
SQL: SELECT * FROM `type` WHERE ( fid=4 and state< 9 )  [ RunTime:0.000000s ]
SQL: SELECT * FROM `type` WHERE ( fid=70 and state< 9 )  [ RunTime:0.000000s ]
SQL: SELECT * FROM `type` WHERE ( fid=74 and state< 9 )  [ RunTime:0.000000s ]
SQL: SELECT * FROM `type` WHERE ( fid=79 and state< 9 )  [ RunTime:0.000000s ]
SQL: SELECT * FROM `type` WHERE ( fid=84 and state< 9 )  [ RunTime:0.001000s ]
SQL: SELECT * FROM `type` WHERE ( fid=5 and state< 9 )  [ RunTime:0.000000s ]
SQL: SELECT * FROM `type` WHERE ( fid=87 and state< 9 )  [ RunTime:0.000000s ]
SQL: SELECT * FROM `type` WHERE ( fid=93 and state< 9 )  [ RunTime:0.001000s ]
SQL: SELECT * FROM `type` WHERE ( fid=95 and state< 9 )  [ RunTime:0.000000s ]
SQL: SELECT * FROM `type` WHERE ( fid=100 and state< 9 )  [ RunTime:0.000000s ]
SQL: SELECT * FROM `type` WHERE ( fid=6 and state< 9 )  [ RunTime:0.001000s ]
SQL: SELECT * FROM `type` WHERE ( fid=104 and state< 9 )  [ RunTime:0.000000s ]
SQL: SELECT * FROM `type` WHERE ( fid=109 and state< 9 )  [ RunTime:0.000000s ]
SQL: SELECT * FROM `type` WHERE ( fid=114 and state< 9 )  [ RunTime:0.000000s ]
SQL: SELECT * FROM `type` WHERE ( fid=117 and state< 9 )  [ RunTime:0.000000s ]
SQL: SELECT * FROM `type` WHERE ( fid=7 and state< 9 )  [ RunTime:0.000000s ]
SQL: SELECT * FROM `type` WHERE ( fid=139 and state< 9 )  [ RunTime:0.000000s ]
SQL: SELECT * FROM `type` WHERE ( fid=8 and state< 9 )  [ RunTime:0.000000s ]
SQL: SELECT * FROM `type` WHERE ( fid=123 and state< 9 )  [ RunTime:0.000000s ]
SQL: SELECT * FROM `type` WHERE ( fid=128 and state< 9 )  [ RunTime:0.001000s ]
SQL: SELECT * FROM `type` WHERE ( fid=132 and state< 9 )  [ RunTime:0.000000s ]
SQL: SHOW COLUMNS FROM `imgpath` [ RunTime:0.005000s ]
SQL: SELECT * FROM `imgpath` WHERE ( state<9 ) ORDER BY id desc LIMIT 0,4   [ RunTime:0.001000s ]
SQL: SELECT * FROM `type` WHERE ( fid=0 and state< 9 )  [ RunTime:0.000000s ]
SQL: SELECT * FROM `type` WHERE ( fid=1 and state< 9 )  [ RunTime:0.000000s ]
SQL: SELECT * FROM `type` WHERE ( fid=9 and state< 9 )  [ RunTime:0.001000s ]
SQL: SELECT * FROM `type` WHERE ( fid=16 and state< 9 )  [ RunTime:0.000000s ]
SQL: SELECT * FROM `type` WHERE ( fid=20 and state< 9 )  [ RunTime:0.000000s ]
SQL: SELECT * FROM `type` WHERE ( fid=24 and state< 9 )  [ RunTime:0.001001s ]
SQL: SELECT * FROM `type` WHERE ( fid=27 and state< 9 )  [ RunTime:0.000000s ]
SQL: SELECT * FROM `type` WHERE ( fid=32 and state< 9 )  [ RunTime:0.000000s ]
SQL: SELECT * FROM `type` WHERE ( fid=35 and state< 9 )  [ RunTime:0.001000s ]
SQL: SELECT * FROM `type` WHERE ( fid=39 and state< 9 )  [ RunTime:0.000000s ]
SQL: SELECT * FROM `type` WHERE ( fid=2 and state< 9 )  [ RunTime:0.000000s ]
SQL: SELECT * FROM `type` WHERE ( fid=42 and state< 9 )  [ RunTime:0.000000s ]
SQL: SELECT * FROM `type` WHERE ( fid=48 and state< 9 )  [ RunTime:0.000000s ]
SQL: SELECT * FROM `type` WHERE ( fid=50 and state< 9 )  [ RunTime:0.000000s ]
SQL: SELECT * FROM `type` WHERE ( fid=55 and state< 9 )  [ RunTime:0.000000s ]
SQL: SELECT * FROM `type` WHERE ( fid=62 and state< 9 )  [ RunTime:0.001000s ]
SQL: SELECT * FROM `type` WHERE ( fid=3 and state< 9 )  [ RunTime:0.000000s ]
SQL: SELECT * FROM `type` WHERE ( fid=65 and state< 9 )  [ RunTime:0.000000s ]
SQL: SELECT * FROM `type` WHERE ( fid=4 and state< 9 )  [ RunTime:0.001000s ]
SQL: SELECT * FROM `type` WHERE ( fid=70 and state< 9 )  [ RunTime:0.000000s ]
SQL: SELECT * FROM `type` WHERE ( fid=74 and state< 9 )  [ RunTime:0.000000s ]
SQL: SELECT * FROM `type` WHERE ( fid=79 and state< 9 )  [ RunTime:0.001000s ]
SQL: SELECT * FROM `type` WHERE ( fid=84 and state< 9 )  [ RunTime:0.000000s ]
SQL: SELECT * FROM `type` WHERE ( fid=5 and state< 9 )  [ RunTime:0.000000s ]
SQL: SELECT * FROM `type` WHERE ( fid=87 and state< 9 )  [ RunTime:0.001000s ]
SQL: SELECT * FROM `type` WHERE ( fid=93 and state< 9 )  [ RunTime:0.000000s ]
SQL: SELECT * FROM `type` WHERE ( fid=95 and state< 9 )  [ RunTime:0.000000s ]
SQL: SELECT * FROM `type` WHERE ( fid=100 and state< 9 )  [ RunTime:0.001000s ]
SQL: SELECT * FROM `type` WHERE ( fid=6 and state< 9 )  [ RunTime:0.000000s ]
SQL: SELECT * FROM `type` WHERE ( fid=104 and state< 9 )  [ RunTime:0.000000s ]
SQL: SELECT * FROM `type` WHERE ( fid=109 and state< 9 )  [ RunTime:0.000000s ]
SQL: SELECT * FROM `type` WHERE ( fid=114 and state< 9 )  [ RunTime:0.000000s ]
SQL: SELECT * FROM `type` WHERE ( fid=117 and state< 9 )  [ RunTime:0.001000s ]
SQL: SELECT * FROM `type` WHERE ( fid=7 and state< 9 )  [ RunTime:0.000000s ]
SQL: SELECT * FROM `type` WHERE ( fid=139 and state< 9 )  [ RunTime:0.000000s ]
SQL: SELECT * FROM `type` WHERE ( fid=8 and state< 9 )  [ RunTime:0.000000s ]
SQL: SELECT * FROM `type` WHERE ( fid=123 and state< 9 )  [ RunTime:0.001000s ]
SQL: SELECT * FROM `type` WHERE ( fid=128 and state< 9 )  [ RunTime:0.000000s ]
SQL: SELECT * FROM `type` WHERE ( fid=132 and state< 9 )  [ RunTime:0.000000s ]
SQL: SHOW COLUMNS FROM `articles` [ RunTime:0.005000s ]
SQL: SELECT * FROM `articles` WHERE ( articleId=66 ) LIMIT 1   [ RunTime:0.000000s ]
SQL: SELECT * FROM `type` WHERE ( typeId = 130 ) LIMIT 1   [ RunTime:0.001001s ]
SQL: SELECT * FROM `type` WHERE ( typeId = 128 ) LIMIT 1   [ RunTime:0.000000s ]
SQL: SELECT * FROM `type` WHERE ( typeId = 8 ) LIMIT 1   [ RunTime:0.000000s ]
SQL: SELECT * FROM `type` WHERE ( fid = 128 )  [ RunTime:0.001000s ]
INFO: [ view_parse ] --START--
INFO: [ template_filter ] --START--
INFO: Run Behavior\ContentReplaceBehavior [ RunTime:0.000000s ]
INFO: [ template_filter ] --END-- [ RunTime:0.000000s ]
INFO: Run Behavior\ParseTemplateBehavior [ RunTime:0.011000s ]
INFO: [ view_parse ] --END-- [ RunTime:0.011000s ]
INFO: [ view_filter ] --START--
INFO: Run Behavior\WriteHtmlCacheBehavior [ RunTime:0.000000s ]
INFO: [ view_filter ] --END-- [ RunTime:0.000000s ]
INFO: [ app_end ] --START--
INFO: Run Behavior\ShowPageTraceBehavior [ RunTime:0.000000s ]
INFO: [ app_end ] --END-- [ RunTime:0.000000s ]

[ 2018-03-15T10:26:28+08:00 ] 192.168.8.1 /index.php/Search/index.html?keyword=%E6%81%A9
INFO: [ app_init ] --START--
INFO: Run Behavior\BuildLiteBehavior [ RunTime:0.000000s ]
INFO: [ app_init ] --END-- [ RunTime:0.000000s ]
INFO: [ app_begin ] --START--
INFO: Run Behavior\ReadHtmlCacheBehavior [ RunTime:0.001000s ]
INFO: [ app_begin ] --END-- [ RunTime:0.001000s ]
NOTIC: [8192] mysql_connect(): The mysql extension is deprecated and will be removed in the future: use mysqli or PDO instead D:\phpStudy\WWW\Farmers\library\ThinkPHP\Library\Think\Db\Driver\Mysql.class.php ç¬¬ 52 è¡Œ.
SQL: SHOW COLUMNS FROM `type` [ RunTime:0.005000s ]
SQL: SELECT * FROM `type` WHERE ( fid=0 and state< 9 )  [ RunTime:0.000000s ]
SQL: SELECT * FROM `type` WHERE ( fid=1 and state< 9 )  [ RunTime:0.001000s ]
SQL: SELECT * FROM `type` WHERE ( fid=9 and state< 9 )  [ RunTime:0.000000s ]
SQL: SELECT * FROM `type` WHERE ( fid=16 and state< 9 )  [ RunTime:0.001001s ]
SQL: SELECT * FROM `type` WHERE ( fid=20 and state< 9 )  [ RunTime:0.000000s ]
SQL: SELECT * FROM `type` WHERE ( fid=24 and state< 9 )  [ RunTime:0.000000s ]
SQL: SELECT * FROM `type` WHERE ( fid=27 and state< 9 )  [ RunTime:0.001000s ]
SQL: SELECT * FROM `type` WHERE ( fid=32 and state< 9 )  [ RunTime:0.000000s ]
SQL: SELECT * FROM `type` WHERE ( fid=35 and state< 9 )  [ RunTime:0.000000s ]
SQL: SELECT * FROM `type` WHERE ( fid=39 and state< 9 )  [ RunTime:0.000000s ]
SQL: SELECT * FROM `type` WHERE ( fid=2 and state< 9 )  [ RunTime:0.000000s ]
SQL: SELECT * FROM `type` WHERE ( fid=42 and state< 9 )  [ RunTime:0.001000s ]
SQL: SELECT * FROM `type` WHERE ( fid=48 and state< 9 )  [ RunTime:0.000000s ]
SQL: SELECT * FROM `type` WHERE ( fid=50 and state< 9 )  [ RunTime:0.001000s ]
SQL: SELECT * FROM `type` WHERE ( fid=55 and state< 9 )  [ RunTime:0.000000s ]
SQL: SELECT * FROM `type` WHERE ( fid=62 and state< 9 )  [ RunTime:0.001000s ]
SQL: SELECT * FROM `type` WHERE ( fid=3 and state< 9 )  [ RunTime:0.000000s ]
SQL: SELECT * FROM `type` WHERE ( fid=65 and state< 9 )  [ RunTime:0.000000s ]
SQL: SELECT * FROM `type` WHERE ( fid=4 and state< 9 )  [ RunTime:0.001000s ]
SQL: SELECT * FROM `type` WHERE ( fid=70 and state< 9 )  [ RunTime:0.000000s ]
SQL: SELECT * FROM `type` WHERE ( fid=74 and state< 9 )  [ RunTime:0.000000s ]
SQL: SELECT * FROM `type` WHERE ( fid=79 and state< 9 )  [ RunTime:0.001000s ]
SQL: SELECT * FROM `type` WHERE ( fid=84 and state< 9 )  [ RunTime:0.000000s ]
SQL: SELECT * FROM `type` WHERE ( fid=5 and state< 9 )  [ RunTime:0.000000s ]
SQL: SELECT * FROM `type` WHERE ( fid=87 and state< 9 )  [ RunTime:0.001000s ]
SQL: SELECT * FROM `type` WHERE ( fid=93 and state< 9 )  [ RunTime:0.000000s ]
SQL: SELECT * FROM `type` WHERE ( fid=95 and state< 9 )  [ RunTime:0.000000s ]
SQL: SELECT * FROM `type` WHERE ( fid=100 and state< 9 )  [ RunTime:0.001000s ]
SQL: SELECT * FROM `type` WHERE ( fid=6 and state< 9 )  [ RunTime:0.000000s ]
SQL: SELECT * FROM `type` WHERE ( fid=104 and state< 9 )  [ RunTime:0.000000s ]
SQL: SELECT * FROM `type` WHERE ( fid=109 and state< 9 )  [ RunTime:0.001000s ]
SQL: SELECT * FROM `type` WHERE ( fid=114 and state< 9 )  [ RunTime:0.000000s ]
SQL: SELECT * FROM `type` WHERE ( fid=117 and state< 9 )  [ RunTime:0.000000s ]
SQL: SELECT * FROM `type` WHERE ( fid=7 and state< 9 )  [ RunTime:0.001000s ]
SQL: SELECT * FROM `type` WHERE ( fid=139 and state< 9 )  [ RunTime:0.000000s ]
SQL: SELECT * FROM `type` WHERE ( fid=8 and state< 9 )  [ RunTime:0.000000s ]
SQL: SELECT * FROM `type` WHERE ( fid=123 and state< 9 )  [ RunTime:0.000000s ]
SQL: SELECT * FROM `type` WHERE ( fid=128 and state< 9 )  [ RunTime:0.000000s ]
SQL: SELECT * FROM `type` WHERE ( fid=132 and state< 9 )  [ RunTime:0.000000s ]
SQL: SHOW COLUMNS FROM `imgpath` [ RunTime:0.004001s ]
SQL: SELECT * FROM `imgpath` WHERE ( state<9 ) ORDER BY id desc LIMIT 0,4   [ RunTime:0.000000s ]
SQL: select * from articles where content like '%æ©%' [ RunTime:0.001000s ]
SQL: SHOW COLUMNS FROM `articles` [ RunTime:0.005000s ]
SQL: SELECT * FROM `articles` WHERE ( content like '%æ©%' ) ORDER BY articles.articleId desc LIMIT 0,10   [ RunTime:0.002000s ]
SQL: SELECT * FROM `type` WHERE ( fid=0 and state< 9 )  [ RunTime:0.001000s ]
SQL: SELECT * FROM `type` WHERE ( fid=1 and state< 9 )  [ RunTime:0.000000s ]
SQL: SELECT * FROM `type` WHERE ( fid=9 and state< 9 )  [ RunTime:0.000000s ]
SQL: SELECT * FROM `type` WHERE ( fid=16 and state< 9 )  [ RunTime:0.000000s ]
SQL: SELECT * FROM `type` WHERE ( fid=20 and state< 9 )  [ RunTime:0.000000s ]
SQL: SELECT * FROM `type` WHERE ( fid=24 and state< 9 )  [ RunTime:0.000000s ]
SQL: SELECT * FROM `type` WHERE ( fid=27 and state< 9 )  [ RunTime:0.001000s ]
SQL: SELECT * FROM `type` WHERE ( fid=32 and state< 9 )  [ RunTime:0.000000s ]
SQL: SELECT * FROM `type` WHERE ( fid=35 and state< 9 )  [ RunTime:0.000000s ]
SQL: SELECT * FROM `type` WHERE ( fid=39 and state< 9 )  [ RunTime:0.001000s ]
SQL: SELECT * FROM `type` WHERE ( fid=2 and state< 9 )  [ RunTime:0.000000s ]
SQL: SELECT * FROM `type` WHERE ( fid=42 and state< 9 )  [ RunTime:0.000000s ]
SQL: SELECT * FROM `type` WHERE ( fid=48 and state< 9 )  [ RunTime:0.001000s ]
SQL: SELECT * FROM `type` WHERE ( fid=50 and state< 9 )  [ RunTime:0.000000s ]
SQL: SELECT * FROM `type` WHERE ( fid=55 and state< 9 )  [ RunTime:0.001000s ]
SQL: SELECT * FROM `type` WHERE ( fid=62 and state< 9 )  [ RunTime:0.000000s ]
SQL: SELECT * FROM `type` WHERE ( fid=3 and state< 9 )  [ RunTime:0.000000s ]
SQL: SELECT * FROM `type` WHERE ( fid=65 and state< 9 )  [ RunTime:0.000000s ]
SQL: SELECT * FROM `type` WHERE ( fid=4 and state< 9 )  [ RunTime:0.000000s ]
SQL: SELECT * FROM `type` WHERE ( fid=70 and state< 9 )  [ RunTime:0.001000s ]
SQL: SELECT * FROM `type` WHERE ( fid=74 and state< 9 )  [ RunTime:0.000000s ]
SQL: SELECT * FROM `type` WHERE ( fid=79 and state< 9 )  [ RunTime:0.001000s ]
SQL: SELECT * FROM `type` WHERE ( fid=84 and state< 9 )  [ RunTime:0.000000s ]
SQL: SELECT * FROM `type` WHERE ( fid=5 and state< 9 )  [ RunTime:0.000000s ]
SQL: SELECT * FROM `type` WHERE ( fid=87 and state< 9 )  [ RunTime:0.001000s ]
SQL: SELECT * FROM `type` WHERE ( fid=93 and state< 9 )  [ RunTime:0.000000s ]
SQL: SELECT * FROM `type` WHERE ( fid=95 and state< 9 )  [ RunTime:0.000000s ]
SQL: SELECT * FROM `type` WHERE ( fid=100 and state< 9 )  [ RunTime:0.000000s ]
SQL: SELECT * FROM `type` WHERE ( fid=6 and state< 9 )  [ RunTime:0.000000s ]
SQL: SELECT * FROM `type` WHERE ( fid=104 and state< 9 )  [ RunTime:0.001000s ]
SQL: SELECT * FROM `type` WHERE ( fid=109 and state< 9 )  [ RunTime:0.000000s ]
SQL: SELECT * FROM `type` WHERE ( fid=114 and state< 9 )  [ RunTime:0.000000s ]
SQL: SELECT * FROM `type` WHERE ( fid=117 and state< 9 )  [ RunTime:0.000000s ]
SQL: SELECT * FROM `type` WHERE ( fid=7 and state< 9 )  [ RunTime:0.000000s ]
SQL: SELECT * FROM `type` WHERE ( fid=139 and state< 9 )  [ RunTime:0.001000s ]
SQL: SELECT * FROM `type` WHERE ( fid=8 and state< 9 )  [ RunTime:0.000000s ]
SQL: SELECT * FROM `type` WHERE ( fid=123 and state< 9 )  [ RunTime:0.001000s ]
SQL: SELECT * FROM `type` WHERE ( fid=128 and state< 9 )  [ RunTime:0.000000s ]
SQL: SELECT * FROM `type` WHERE ( fid=132 and state< 9 )  [ RunTime:0.000000s ]
INFO: [ view_parse ] --START--
INFO: [ template_filter ] --START--
INFO: Run Behavior\ContentReplaceBehavior [ RunTime:0.001000s ]
INFO: [ template_filter ] --END-- [ RunTime:0.001000s ]
INFO: Run Behavior\ParseTemplateBehavior [ RunTime:0.011001s ]
INFO: [ view_parse ] --END-- [ RunTime:0.011001s ]
INFO: [ view_filter ] --START--
INFO: Run Behavior\WriteHtmlCacheBehavior [ RunTime:0.000000s ]
INFO: [ view_filter ] --END-- [ RunTime:0.000000s ]
INFO: [ app_end ] --START--
INFO: Run Behavior\ShowPageTraceBehavior [ RunTime:0.001000s ]
INFO: [ app_end ] --END-- [ RunTime:0.001000s ]

[ 2018-03-15T10:27:03+08:00 ] 61.129.8.203 /index.php/search/index.html
INFO: [ app_init ] --START--
INFO: Run Behavior\BuildLiteBehavior [ RunTime:0.000000s ]
INFO: [ app_init ] --END-- [ RunTime:0.001000s ]
INFO: [ app_begin ] --START--
INFO: Run Behavior\ReadHtmlCacheBehavior [ RunTime:0.001000s ]
INFO: [ app_begin ] --END-- [ RunTime:0.001000s ]
NOTIC: [8192] mysql_connect(): The mysql extension is deprecated and will be removed in the future: use mysqli or PDO instead D:\phpStudy\WWW\Farmers\library\ThinkPHP\Library\Think\Db\Driver\Mysql.class.php ç¬¬ 52 è¡Œ.
SQL: SHOW COLUMNS FROM `type` [ RunTime:0.005000s ]
SQL: SELECT * FROM `type` WHERE ( fid=0 and state< 9 )  [ RunTime:0.000000s ]
SQL: SELECT * FROM `type` WHERE ( fid=1 and state< 9 )  [ RunTime:0.000000s ]
SQL: SELECT * FROM `type` WHERE ( fid=9 and state< 9 )  [ RunTime:0.001000s ]
SQL: SELECT * FROM `type` WHERE ( fid=16 and state< 9 )  [ RunTime:0.000000s ]
SQL: SELECT * FROM `type` WHERE ( fid=20 and state< 9 )  [ RunTime:0.000000s ]
SQL: SELECT * FROM `type` WHERE ( fid=24 and state< 9 )  [ RunTime:0.000000s ]
SQL: SELECT * FROM `type` WHERE ( fid=27 and state< 9 )  [ RunTime:0.000000s ]
SQL: SELECT * FROM `type` WHERE ( fid=32 and state< 9 )  [ RunTime:0.001000s ]
SQL: SELECT * FROM `type` WHERE ( fid=35 and state< 9 )  [ RunTime:0.000000s ]
SQL: SELECT * FROM `type` WHERE ( fid=39 and state< 9 )  [ RunTime:0.000000s ]
SQL: SELECT * FROM `type` WHERE ( fid=2 and state< 9 )  [ RunTime:0.001000s ]
SQL: SELECT * FROM `type` WHERE ( fid=42 and state< 9 )  [ RunTime:0.000000s ]
SQL: SELECT * FROM `type` WHERE ( fid=48 and state< 9 )  [ RunTime:0.000000s ]
SQL: SELECT * FROM `type` WHERE ( fid=50 and state< 9 )  [ RunTime:0.001000s ]
SQL: SELECT * FROM `type` WHERE ( fid=55 and state< 9 )  [ RunTime:0.000000s ]
SQL: SELECT * FROM `type` WHERE ( fid=62 and state< 9 )  [ RunTime:0.000000s ]
SQL: SELECT * FROM `type` WHERE ( fid=3 and state< 9 )  [ RunTime:0.001000s ]
SQL: SELECT * FROM `type` WHERE ( fid=65 and state< 9 )  [ RunTime:0.000000s ]
SQL: SELECT * FROM `type` WHERE ( fid=4 and state< 9 )  [ RunTime:0.000000s ]
SQL: SELECT * FROM `type` WHERE ( fid=70 and state< 9 )  [ RunTime:0.001000s ]
SQL: SELECT * FROM `type` WHERE ( fid=74 and state< 9 )  [ RunTime:0.000000s ]
SQL: SELECT * FROM `type` WHERE ( fid=79 and state< 9 )  [ RunTime:0.001001s ]
SQL: SELECT * FROM `type` WHERE ( fid=84 and state< 9 )  [ RunTime:0.000000s ]
SQL: SELECT * FROM `type` WHERE ( fid=5 and state< 9 )  [ RunTime:0.000000s ]
SQL: SELECT * FROM `type` WHERE ( fid=87 and state< 9 )  [ RunTime:0.001000s ]
SQL: SELECT * FROM `type` WHERE ( fid=93 and state< 9 )  [ RunTime:0.000000s ]
SQL: SELECT * FROM `type` WHERE ( fid=95 and state< 9 )  [ RunTime:0.001000s ]
SQL: SELECT * FROM `type` WHERE ( fid=100 and state< 9 )  [ RunTime:0.000000s ]
SQL: SELECT * FROM `type` WHERE ( fid=6 and state< 9 )  [ RunTime:0.001000s ]
SQL: SELECT * FROM `type` WHERE ( fid=104 and state< 9 )  [ RunTime:0.000000s ]
SQL: SELECT * FROM `type` WHERE ( fid=109 and state< 9 )  [ RunTime:0.000000s ]
SQL: SELECT * FROM `type` WHERE ( fid=114 and state< 9 )  [ RunTime:0.001000s ]
SQL: SELECT * FROM `type` WHERE ( fid=117 and state< 9 )  [ RunTime:0.000000s ]
SQL: SELECT * FROM `type` WHERE ( fid=7 and state< 9 )  [ RunTime:0.000000s ]
SQL: SELECT * FROM `type` WHERE ( fid=139 and state< 9 )  [ RunTime:0.001000s ]
SQL: SELECT * FROM `type` WHERE ( fid=8 and state< 9 )  [ RunTime:0.000000s ]
SQL: SELECT * FROM `type` WHERE ( fid=123 and state< 9 )  [ RunTime:0.000000s ]
SQL: SELECT * FROM `type` WHERE ( fid=128 and state< 9 )  [ RunTime:0.001000s ]
SQL: SELECT * FROM `type` WHERE ( fid=132 and state< 9 )  [ RunTime:0.000000s ]
SQL: SHOW COLUMNS FROM `imgpath` [ RunTime:0.005000s ]
SQL: SELECT * FROM `imgpath` WHERE ( state<9 ) ORDER BY id desc LIMIT 0,4   [ RunTime:0.000000s ]
INFO: [ app_end ] --START--
INFO: Run Behavior\ShowPageTraceBehavior [ RunTime:0.001000s ]
INFO: [ app_end ] --END-- [ RunTime:0.001000s ]

[ 2018-03-15T10:27:06+08:00 ] 61.151.178.176 /index.php/search/index/keyword/å¥?p/2.html
INFO: [ app_init ] --START--
INFO: Run Behavior\BuildLiteBehavior [ RunTime:0.000000s ]
INFO: [ app_init ] --END-- [ RunTime:0.001000s ]
INFO: [ app_begin ] --START--
INFO: Run Behavior\ReadHtmlCacheBehavior [ RunTime:0.001000s ]
INFO: [ app_begin ] --END-- [ RunTime:0.001000s ]
NOTIC: [8192] mysql_connect(): The mysql extension is deprecated and will be removed in the future: use mysqli or PDO instead D:\phpStudy\WWW\Farmers\library\ThinkPHP\Library\Think\Db\Driver\Mysql.class.php ç¬¬ 52 è¡Œ.
SQL: SHOW COLUMNS FROM `type` [ RunTime:0.006000s ]
SQL: SELECT * FROM `type` WHERE ( fid=0 and state< 9 )  [ RunTime:0.000000s ]
SQL: SELECT * FROM `type` WHERE ( fid=1 and state< 9 )  [ RunTime:0.001000s ]
SQL: SELECT * FROM `type` WHERE ( fid=9 and state< 9 )  [ RunTime:0.000000s ]
SQL: SELECT * FROM `type` WHERE ( fid=16 and state< 9 )  [ RunTime:0.000000s ]
SQL: SELECT * FROM `type` WHERE ( fid=20 and state< 9 )  [ RunTime:0.000000s ]
SQL: SELECT * FROM `type` WHERE ( fid=24 and state< 9 )  [ RunTime:0.001000s ]
SQL: SELECT * FROM `type` WHERE ( fid=27 and state< 9 )  [ RunTime:0.000000s ]
SQL: SELECT * FROM `type` WHERE ( fid=32 and state< 9 )  [ RunTime:0.001000s ]
SQL: SELECT * FROM `type` WHERE ( fid=35 and state< 9 )  [ RunTime:0.000000s ]
SQL: SELECT * FROM `type` WHERE ( fid=39 and state< 9 )  [ RunTime:0.000000s ]
SQL: SELECT * FROM `type` WHERE ( fid=2 and state< 9 )  [ RunTime:0.001000s ]
SQL: SELECT * FROM `type` WHERE ( fid=42 and state< 9 )  [ RunTime:0.000000s ]
SQL: SELECT * FROM `type` WHERE ( fid=48 and state< 9 )  [ RunTime:0.000000s ]
SQL: SELECT * FROM `type` WHERE ( fid=50 and state< 9 )  [ RunTime:0.000000s ]
SQL: SELECT * FROM `type` WHERE ( fid=55 and state< 9 )  [ RunTime:0.000000s ]
SQL: SELECT * FROM `type` WHERE ( fid=62 and state< 9 )  [ RunTime:0.001000s ]
SQL: SELECT * FROM `type` WHERE ( fid=3 and state< 9 )  [ RunTime:0.000000s ]
SQL: SELECT * FROM `type` WHERE ( fid=65 and state< 9 )  [ RunTime:0.000000s ]
SQL: SELECT * FROM `type` WHERE ( fid=4 and state< 9 )  [ RunTime:0.000000s ]
SQL: SELECT * FROM `type` WHERE ( fid=70 and state< 9 )  [ RunTime:0.000000s ]
SQL: SELECT * FROM `type` WHERE ( fid=74 and state< 9 )  [ RunTime:0.001000s ]
SQL: SELECT * FROM `type` WHERE ( fid=79 and state< 9 )  [ RunTime:0.000000s ]
SQL: SELECT * FROM `type` WHERE ( fid=84 and state< 9 )  [ RunTime:0.000000s ]
SQL: SELECT * FROM `type` WHERE ( fid=5 and state< 9 )  [ RunTime:0.001000s ]
SQL: SELECT * FROM `type` WHERE ( fid=87 and state< 9 )  [ RunTime:0.000000s ]
SQL: SELECT * FROM `type` WHERE ( fid=93 and state< 9 )  [ RunTime:0.000000s ]
SQL: SELECT * FROM `type` WHERE ( fid=95 and state< 9 )  [ RunTime:0.000000s ]
SQL: SELECT * FROM `type` WHERE ( fid=100 and state< 9 )  [ RunTime:0.001000s ]
SQL: SELECT * FROM `type` WHERE ( fid=6 and state< 9 )  [ RunTime:0.000000s ]
SQL: SELECT * FROM `type` WHERE ( fid=104 and state< 9 )  [ RunTime:0.000000s ]
SQL: SELECT * FROM `type` WHERE ( fid=109 and state< 9 )  [ RunTime:0.000000s ]
SQL: SELECT * FROM `type` WHERE ( fid=114 and state< 9 )  [ RunTime:0.000000s ]
SQL: SELECT * FROM `type` WHERE ( fid=117 and state< 9 )  [ RunTime:0.001000s ]
SQL: SELECT * FROM `type` WHERE ( fid=7 and state< 9 )  [ RunTime:0.000000s ]
SQL: SELECT * FROM `type` WHERE ( fid=139 and state< 9 )  [ RunTime:0.000000s ]
SQL: SELECT * FROM `type` WHERE ( fid=8 and state< 9 )  [ RunTime:0.001000s ]
SQL: SELECT * FROM `type` WHERE ( fid=123 and state< 9 )  [ RunTime:0.000000s ]
SQL: SELECT * FROM `type` WHERE ( fid=128 and state< 9 )  [ RunTime:0.000000s ]
SQL: SELECT * FROM `type` WHERE ( fid=132 and state< 9 )  [ RunTime:0.000000s ]
SQL: SHOW COLUMNS FROM `imgpath` [ RunTime:0.005000s ]
SQL: SELECT * FROM `imgpath` WHERE ( state<9 ) ORDER BY id desc LIMIT 0,4   [ RunTime:0.000000s ]
INFO: [ app_end ] --START--
INFO: Run Behavior\ShowPageTraceBehavior [ RunTime:0.000000s ]
INFO: [ app_end ] --END-- [ RunTime:0.000000s ]

[ 2018-03-15T10:27:25+08:00 ] 61.151.179.83 /index.php/news/index/articleid/66
INFO: [ app_init ] --START--
INFO: Run Behavior\BuildLiteBehavior [ RunTime:0.000000s ]
INFO: [ app_init ] --END-- [ RunTime:0.001000s ]
INFO: [ app_begin ] --START--
INFO: Run Behavior\ReadHtmlCacheBehavior [ RunTime:0.001000s ]
INFO: [ app_begin ] --END-- [ RunTime:0.001000s ]
NOTIC: [8192] mysql_connect(): The mysql extension is deprecated and will be removed in the future: use mysqli or PDO instead D:\phpStudy\WWW\Farmers\library\ThinkPHP\Library\Think\Db\Driver\Mysql.class.php ç¬¬ 52 è¡Œ.
SQL: SHOW COLUMNS FROM `type` [ RunTime:0.005000s ]
SQL: SELECT * FROM `type` WHERE ( fid=0 and state< 9 )  [ RunTime:0.001000s ]
SQL: SELECT * FROM `type` WHERE ( fid=1 and state< 9 )  [ RunTime:0.000000s ]
SQL: SELECT * FROM `type` WHERE ( fid=9 and state< 9 )  [ RunTime:0.000000s ]
SQL: SELECT * FROM `type` WHERE ( fid=16 and state< 9 )  [ RunTime:0.000000s ]
SQL: SELECT * FROM `type` WHERE ( fid=20 and state< 9 )  [ RunTime:0.000000s ]
SQL: SELECT * FROM `type` WHERE ( fid=24 and state< 9 )  [ RunTime:0.001000s ]
SQL: SELECT * FROM `type` WHERE ( fid=27 and state< 9 )  [ RunTime:0.000000s ]
SQL: SELECT * FROM `type` WHERE ( fid=32 and state< 9 )  [ RunTime:0.000000s ]
SQL: SELECT * FROM `type` WHERE ( fid=35 and state< 9 )  [ RunTime:0.001000s ]
SQL: SELECT * FROM `type` WHERE ( fid=39 and state< 9 )  [ RunTime:0.000000s ]
SQL: SELECT * FROM `type` WHERE ( fid=2 and state< 9 )  [ RunTime:0.000000s ]
SQL: SELECT * FROM `type` WHERE ( fid=42 and state< 9 )  [ RunTime:0.000000s ]
SQL: SELECT * FROM `type` WHERE ( fid=48 and state< 9 )  [ RunTime:0.000000s ]
SQL: SELECT * FROM `type` WHERE ( fid=50 and state< 9 )  [ RunTime:0.001000s ]
SQL: SELECT * FROM `type` WHERE ( fid=55 and state< 9 )  [ RunTime:0.000000s ]
SQL: SELECT * FROM `type` WHERE ( fid=62 and state< 9 )  [ RunTime:0.000000s ]
SQL: SELECT * FROM `type` WHERE ( fid=3 and state< 9 )  [ RunTime:0.000000s ]
SQL: SELECT * FROM `type` WHERE ( fid=65 and state< 9 )  [ RunTime:0.000000s ]
SQL: SELECT * FROM `type` WHERE ( fid=4 and state< 9 )  [ RunTime:0.001000s ]
SQL: SELECT * FROM `type` WHERE ( fid=70 and state< 9 )  [ RunTime:0.000000s ]
SQL: SELECT * FROM `type` WHERE ( fid=74 and state< 9 )  [ RunTime:0.000000s ]
SQL: SELECT * FROM `type` WHERE ( fid=79 and state< 9 )  [ RunTime:0.001000s ]
SQL: SELECT * FROM `type` WHERE ( fid=84 and state< 9 )  [ RunTime:0.001000s ]
SQL: SELECT * FROM `type` WHERE ( fid=5 and state< 9 )  [ RunTime:0.000000s ]
SQL: SELECT * FROM `type` WHERE ( fid=87 and state< 9 )  [ RunTime:0.000000s ]
SQL: SELECT * FROM `type` WHERE ( fid=93 and state< 9 )  [ RunTime:0.000000s ]
SQL: SELECT * FROM `type` WHERE ( fid=95 and state< 9 )  [ RunTime:0.000000s ]
SQL: SELECT * FROM `type` WHERE ( fid=100 and state< 9 )  [ RunTime:0.001000s ]
SQL: SELECT * FROM `type` WHERE ( fid=6 and state< 9 )  [ RunTime:0.000000s ]
SQL: SELECT * FROM `type` WHERE ( fid=104 and state< 9 )  [ RunTime:0.000000s ]
SQL: SELECT * FROM `type` WHERE ( fid=109 and state< 9 )  [ RunTime:0.001000s ]
SQL: SELECT * FROM `type` WHERE ( fid=114 and state< 9 )  [ RunTime:0.000000s ]
SQL: SELECT * FROM `type` WHERE ( fid=117 and state< 9 )  [ RunTime:0.000000s ]
SQL: SELECT * FROM `type` WHERE ( fid=7 and state< 9 )  [ RunTime:0.000000s ]
SQL: SELECT * FROM `type` WHERE ( fid=139 and state< 9 )  [ RunTime:0.000000s ]
SQL: SELECT * FROM `type` WHERE ( fid=8 and state< 9 )  [ RunTime:0.001000s ]
SQL: SELECT * FROM `type` WHERE ( fid=123 and state< 9 )  [ RunTime:0.000000s ]
SQL: SELECT * FROM `type` WHERE ( fid=128 and state< 9 )  [ RunTime:0.000000s ]
SQL: SELECT * FROM `type` WHERE ( fid=132 and state< 9 )  [ RunTime:0.000000s ]
SQL: SHOW COLUMNS FROM `imgpath` [ RunTime:0.005000s ]
SQL: SELECT * FROM `imgpath` WHERE ( state<9 ) ORDER BY id desc LIMIT 0,4   [ RunTime:0.001000s ]
SQL: SELECT * FROM `type` WHERE ( fid=0 and state< 9 )  [ RunTime:0.000000s ]
SQL: SELECT * FROM `type` WHERE ( fid=1 and state< 9 )  [ RunTime:0.000000s ]
SQL: SELECT * FROM `type` WHERE ( fid=9 and state< 9 )  [ RunTime:0.001000s ]
SQL: SELECT * FROM `type` WHERE ( fid=16 and state< 9 )  [ RunTime:0.000000s ]
SQL: SELECT * FROM `type` WHERE ( fid=20 and state< 9 )  [ RunTime:0.001000s ]
SQL: SELECT * FROM `type` WHERE ( fid=24 and state< 9 )  [ RunTime:0.000000s ]
SQL: SELECT * FROM `type` WHERE ( fid=27 and state< 9 )  [ RunTime:0.000000s ]
SQL: SELECT * FROM `type` WHERE ( fid=32 and state< 9 )  [ RunTime:0.001000s ]
SQL: SELECT * FROM `type` WHERE ( fid=35 and state< 9 )  [ RunTime:0.000000s ]
SQL: SELECT * FROM `type` WHERE ( fid=39 and state< 9 )  [ RunTime:0.000000s ]
SQL: SELECT * FROM `type` WHERE ( fid=2 and state< 9 )  [ RunTime:0.001000s ]
SQL: SELECT * FROM `type` WHERE ( fid=42 and state< 9 )  [ RunTime:0.000000s ]
SQL: SELECT * FROM `type` WHERE ( fid=48 and state< 9 )  [ RunTime:0.000000s ]
SQL: SELECT * FROM `type` WHERE ( fid=50 and state< 9 )  [ RunTime:0.001000s ]
SQL: SELECT * FROM `type` WHERE ( fid=55 and state< 9 )  [ RunTime:0.000000s ]
SQL: SELECT * FROM `type` WHERE ( fid=62 and state< 9 )  [ RunTime:0.000000s ]
SQL: SELECT * FROM `type` WHERE ( fid=3 and state< 9 )  [ RunTime:0.001001s ]
SQL: SELECT * FROM `type` WHERE ( fid=65 and state< 9 )  [ RunTime:0.000000s ]
SQL: SELECT * FROM `type` WHERE ( fid=4 and state< 9 )  [ RunTime:0.000000s ]
SQL: SELECT * FROM `type` WHERE ( fid=70 and state< 9 )  [ RunTime:0.001000s ]
SQL: SELECT * FROM `type` WHERE ( fid=74 and state< 9 )  [ RunTime:0.000000s ]
SQL: SELECT * FROM `type` WHERE ( fid=79 and state< 9 )  [ RunTime:0.000000s ]
SQL: SELECT * FROM `type` WHERE ( fid=84 and state< 9 )  [ RunTime:0.001000s ]
SQL: SELECT * FROM `type` WHERE ( fid=5 and state< 9 )  [ RunTime:0.000000s ]
SQL: SELECT * FROM `type` WHERE ( fid=87 and state< 9 )  [ RunTime:0.000000s ]
SQL: SELECT * FROM `type` WHERE ( fid=93 and state< 9 )  [ RunTime:0.001000s ]
SQL: SELECT * FROM `type` WHERE ( fid=95 and state< 9 )  [ RunTime:0.000000s ]
SQL: SELECT * FROM `type` WHERE ( fid=100 and state< 9 )  [ RunTime:0.000000s ]
SQL: SELECT * FROM `type` WHERE ( fid=6 and state< 9 )  [ RunTime:0.001000s ]
SQL: SELECT * FROM `type` WHERE ( fid=104 and state< 9 )  [ RunTime:0.000000s ]
SQL: SELECT * FROM `type` WHERE ( fid=109 and state< 9 )  [ RunTime:0.000000s ]
SQL: SELECT * FROM `type` WHERE ( fid=114 and state< 9 )  [ RunTime:0.000000s ]
SQL: SELECT * FROM `type` WHERE ( fid=117 and state< 9 )  [ RunTime:0.000000s ]
SQL: SELECT * FROM `type` WHERE ( fid=7 and state< 9 )  [ RunTime:0.000000s ]
SQL: SELECT * FROM `type` WHERE ( fid=139 and state< 9 )  [ RunTime:0.001000s ]
SQL: SELECT * FROM `type` WHERE ( fid=8 and state< 9 )  [ RunTime:0.000000s ]
SQL: SELECT * FROM `type` WHERE ( fid=123 and state< 9 )  [ RunTime:0.000000s ]
SQL: SELECT * FROM `type` WHERE ( fid=128 and state< 9 )  [ RunTime:0.001000s ]
SQL: SELECT * FROM `type` WHERE ( fid=132 and state< 9 )  [ RunTime:0.000000s ]
NOTIC: [8] Undefined index: articleId D:\phpStudy\WWW\Farmers\application\Home\Controller\NewsController.class.php ç¬¬ 10 è¡Œ.
INFO: [ view_parse ] --START--
INFO: [ template_filter ] --START--
INFO: Run Behavior\ContentReplaceBehavior [ RunTime:0.000000s ]
INFO: [ template_filter ] --END-- [ RunTime:0.000000s ]
NOTIC: [8] Undefined variable: typeone D:\phpStudy\WWW\Farmers\application\Runtime\Cache\Home\55bf529a67950f6749ae353469cac811.php ç¬¬ 90 è¡Œ.
NOTIC: [8] Undefined variable: typeer D:\phpStudy\WWW\Farmers\application\Runtime\Cache\Home\55bf529a67950f6749ae353469cac811.php ç¬¬ 90 è¡Œ.
NOTIC: [8] Undefined variable: typesan D:\phpStudy\WWW\Farmers\application\Runtime\Cache\Home\55bf529a67950f6749ae353469cac811.php ç¬¬ 90 è¡Œ.
NOTIC: [8] Undefined variable: typesan D:\phpStudy\WWW\Farmers\application\Runtime\Cache\Home\55bf529a67950f6749ae353469cac811.php ç¬¬ 92 è¡Œ.
NOTIC: [8] Undefined variable: listNews D:\phpStudy\WWW\Farmers\application\Runtime\Cache\Home\55bf529a67950f6749ae353469cac811.php ç¬¬ 96 è¡Œ.
NOTIC: [8] Undefined variable: new D:\phpStudy\WWW\Farmers\application\Runtime\Cache\Home\55bf529a67950f6749ae353469cac811.php ç¬¬ 104 è¡Œ.
NOTIC: [8] Undefined variable: new D:\phpStudy\WWW\Farmers\application\Runtime\Cache\Home\55bf529a67950f6749ae353469cac811.php ç¬¬ 112 è¡Œ.
NOTIC: [8] Undefined variable: new D:\phpStudy\WWW\Farmers\application\Runtime\Cache\Home\55bf529a67950f6749ae353469cac811.php ç¬¬ 113 è¡Œ.
INFO: Run Behavior\ParseTemplateBehavior [ RunTime:0.012001s ]
INFO: [ view_parse ] --END-- [ RunTime:0.012001s ]
INFO: [ view_filter ] --START--
INFO: Run Behavior\WriteHtmlCacheBehavior [ RunTime:0.001000s ]
INFO: [ view_filter ] --END-- [ RunTime:0.001000s ]
INFO: [ app_end ] --START--
INFO: Run Behavior\ShowPageTraceBehavior [ RunTime:0.000000s ]
INFO: [ app_end ] --END-- [ RunTime:0.000000s ]

