[ 2018-07-03T08:56:44+08:00 ] 172.66.66.168 /
INFO: [ app_init ] --START--
INFO: Run Behavior\BuildLiteBehavior [ RunTime:0.000000s ]
INFO: [ app_init ] --END-- [ RunTime:0.002000s ]
INFO: [ app_begin ] --START--
INFO: Run Behavior\ReadHtmlCacheBehavior [ RunTime:0.001000s ]
INFO: [ app_begin ] --END-- [ RunTime:0.001000s ]
SQL: SHOW COLUMNS FROM `type` [ RunTime:0.005000s ]
SQL: SELECT * FROM `type` WHERE ( fid=0 and state< 9 )  [ RunTime:0.001000s ]
SQL: SELECT * FROM `type` WHERE ( fid=1 and state< 9 )  [ RunTime:0.000000s ]
SQL: SELECT * FROM `type` WHERE ( fid=9 and state< 9 )  [ RunTime:0.001000s ]
SQL: SELECT * FROM `type` WHERE ( fid=16 and state< 9 )  [ RunTime:0.000000s ]
SQL: SELECT * FROM `type` WHERE ( fid=20 and state< 9 )  [ RunTime:0.001000s ]
SQL: SELECT * FROM `type` WHERE ( fid=24 and state< 9 )  [ RunTime:0.000000s ]
SQL: SELECT * FROM `type` WHERE ( fid=27 and state< 9 )  [ RunTime:0.001000s ]
SQL: SELECT * FROM `type` WHERE ( fid=32 and state< 9 )  [ RunTime:0.000000s ]
SQL: SELECT * FROM `type` WHERE ( fid=35 and state< 9 )  [ RunTime:0.000000s ]
SQL: SELECT * FROM `type` WHERE ( fid=39 and state< 9 )  [ RunTime:0.001000s ]
SQL: SELECT * FROM `type` WHERE ( fid=2 and state< 9 )  [ RunTime:0.000000s ]
SQL: SELECT * FROM `type` WHERE ( fid=42 and state< 9 )  [ RunTime:0.001000s ]
SQL: SELECT * FROM `type` WHERE ( fid=48 and state< 9 )  [ RunTime:0.000000s ]
SQL: SELECT * FROM `type` WHERE ( fid=50 and state< 9 )  [ RunTime:0.000000s ]
SQL: SELECT * FROM `type` WHERE ( fid=55 and state< 9 )  [ RunTime:0.001000s ]
SQL: SELECT * FROM `type` WHERE ( fid=62 and state< 9 )  [ RunTime:0.000000s ]
SQL: SELECT * FROM `type` WHERE ( fid=3 and state< 9 )  [ RunTime:0.000000s ]
SQL: SELECT * FROM `type` WHERE ( fid=65 and state< 9 )  [ RunTime:0.000000s ]
SQL: SELECT * FROM `type` WHERE ( fid=4 and state< 9 )  [ RunTime:0.000000s ]
SQL: SELECT * FROM `type` WHERE ( fid=70 and state< 9 )  [ RunTime:0.001000s ]
SQL: SELECT * FROM `type` WHERE ( fid=74 and state< 9 )  [ RunTime:0.000000s ]
SQL: SELECT * FROM `type` WHERE ( fid=79 and state< 9 )  [ RunTime:0.001000s ]
SQL: SELECT * FROM `type` WHERE ( fid=84 and state< 9 )  [ RunTime:0.000000s ]
SQL: SELECT * FROM `type` WHERE ( fid=5 and state< 9 )  [ RunTime:0.001000s ]
SQL: SELECT * FROM `type` WHERE ( fid=87 and state< 9 )  [ RunTime:0.001001s ]
SQL: SELECT * FROM `type` WHERE ( fid=93 and state< 9 )  [ RunTime:0.000000s ]
SQL: SELECT * FROM `type` WHERE ( fid=95 and state< 9 )  [ RunTime:0.000000s ]
SQL: SELECT * FROM `type` WHERE ( fid=100 and state< 9 )  [ RunTime:0.001000s ]
SQL: SELECT * FROM `type` WHERE ( fid=6 and state< 9 )  [ RunTime:0.000000s ]
SQL: SELECT * FROM `type` WHERE ( fid=104 and state< 9 )  [ RunTime:0.000000s ]
SQL: SELECT * FROM `type` WHERE ( fid=109 and state< 9 )  [ RunTime:0.000000s ]
SQL: SELECT * FROM `type` WHERE ( fid=114 and state< 9 )  [ RunTime:0.000000s ]
SQL: SELECT * FROM `type` WHERE ( fid=117 and state< 9 )  [ RunTime:0.001000s ]
SQL: SELECT * FROM `type` WHERE ( fid=7 and state< 9 )  [ RunTime:0.000000s ]
SQL: SELECT * FROM `type` WHERE ( fid=139 and state< 9 )  [ RunTime:0.001000s ]
SQL: SELECT * FROM `type` WHERE ( fid=8 and state< 9 )  [ RunTime:0.000000s ]
SQL: SELECT * FROM `type` WHERE ( fid=123 and state< 9 )  [ RunTime:0.000000s ]
SQL: SELECT * FROM `type` WHERE ( fid=128 and state< 9 )  [ RunTime:0.001000s ]
SQL: SELECT * FROM `type` WHERE ( fid=132 and state< 9 )  [ RunTime:0.000000s ]
SQL: SELECT * FROM `type` WHERE ( fid=0 and state< 9 )  [ RunTime:0.001000s ]
SQL: SELECT * FROM `type` WHERE ( fid=1 and state< 9 )  [ RunTime:0.000000s ]
SQL: SELECT * FROM `type` WHERE ( fid=9 and state< 9 )  [ RunTime:0.001000s ]
SQL: SELECT * FROM `type` WHERE ( fid=16 and state< 9 )  [ RunTime:0.000000s ]
SQL: SELECT * FROM `type` WHERE ( fid=20 and state< 9 )  [ RunTime:0.000000s ]
SQL: SELECT * FROM `type` WHERE ( fid=24 and state< 9 )  [ RunTime:0.001000s ]
SQL: SELECT * FROM `type` WHERE ( fid=27 and state< 9 )  [ RunTime:0.000000s ]
SQL: SELECT * FROM `type` WHERE ( fid=32 and state< 9 )  [ RunTime:0.000000s ]
SQL: SELECT * FROM `type` WHERE ( fid=35 and state< 9 )  [ RunTime:0.001000s ]
SQL: SELECT * FROM `type` WHERE ( fid=39 and state< 9 )  [ RunTime:0.000000s ]
SQL: SELECT * FROM `type` WHERE ( fid=2 and state< 9 )  [ RunTime:0.000000s ]
SQL: SELECT * FROM `type` WHERE ( fid=42 and state< 9 )  [ RunTime:0.001000s ]
SQL: SELECT * FROM `type` WHERE ( fid=48 and state< 9 )  [ RunTime:0.000000s ]
SQL: SELECT * FROM `type` WHERE ( fid=50 and state< 9 )  [ RunTime:0.000000s ]
SQL: SELECT * FROM `type` WHERE ( fid=55 and state< 9 )  [ RunTime:0.000000s ]
SQL: SELECT * FROM `type` WHERE ( fid=62 and state< 9 )  [ RunTime:0.000000s ]
SQL: SELECT * FROM `type` WHERE ( fid=3 and state< 9 )  [ RunTime:0.000000s ]
SQL: SELECT * FROM `type` WHERE ( fid=65 and state< 9 )  [ RunTime:0.000000s ]
SQL: SELECT * FROM `type` WHERE ( fid=4 and state< 9 )  [ RunTime:0.000000s ]
SQL: SELECT * FROM `type` WHERE ( fid=70 and state< 9 )  [ RunTime:0.000000s ]
SQL: SELECT * FROM `type` WHERE ( fid=74 and state< 9 )  [ RunTime:0.001000s ]
SQL: SELECT * FROM `type` WHERE ( fid=79 and state< 9 )  [ RunTime:0.000000s ]
SQL: SELECT * FROM `type` WHERE ( fid=84 and state< 9 )  [ RunTime:0.000000s ]
SQL: SELECT * FROM `type` WHERE ( fid=5 and state< 9 )  [ RunTime:0.001000s ]
SQL: SELECT * FROM `type` WHERE ( fid=87 and state< 9 )  [ RunTime:0.000000s ]
SQL: SELECT * FROM `type` WHERE ( fid=93 and state< 9 )  [ RunTime:0.000000s ]
SQL: SELECT * FROM `type` WHERE ( fid=95 and state< 9 )  [ RunTime:0.001000s ]
SQL: SELECT * FROM `type` WHERE ( fid=100 and state< 9 )  [ RunTime:0.000000s ]
SQL: SELECT * FROM `type` WHERE ( fid=6 and state< 9 )  [ RunTime:0.000000s ]
SQL: SELECT * FROM `type` WHERE ( fid=104 and state< 9 )  [ RunTime:0.001001s ]
SQL: SELECT * FROM `type` WHERE ( fid=109 and state< 9 )  [ RunTime:0.000000s ]
SQL: SELECT * FROM `type` WHERE ( fid=114 and state< 9 )  [ RunTime:0.000000s ]
SQL: SELECT * FROM `type` WHERE ( fid=117 and state< 9 )  [ RunTime:0.001000s ]
SQL: SELECT * FROM `type` WHERE ( fid=7 and state< 9 )  [ RunTime:0.000000s ]
SQL: SELECT * FROM `type` WHERE ( fid=139 and state< 9 )  [ RunTime:0.000000s ]
SQL: SELECT * FROM `type` WHERE ( fid=8 and state< 9 )  [ RunTime:0.001000s ]
SQL: SELECT * FROM `type` WHERE ( fid=123 and state< 9 )  [ RunTime:0.000000s ]
SQL: SELECT * FROM `type` WHERE ( fid=128 and state< 9 )  [ RunTime:0.000000s ]
SQL: SELECT * FROM `type` WHERE ( fid=132 and state< 9 )  [ RunTime:0.001000s ]
SQL: SHOW COLUMNS FROM `imgpath` [ RunTime:0.004000s ]
SQL: SELECT * FROM `imgpath` WHERE ( state<9 ) ORDER BY id desc LIMIT 0,4   [ RunTime:0.000000s ]
SQL: SHOW COLUMNS FROM `articles` [ RunTime:0.004000s ]
SQL: SELECT * FROM `articles` WHERE ( typeId = 116 ) ORDER BY articleId desc LIMIT 0,3   [ RunTime:0.000000s ]
SQL: SELECT * FROM `articles` WHERE ( typeId = 130 ) ORDER BY articleId desc LIMIT 0,3   [ RunTime:0.000000s ]
SQL: SELECT * FROM `articles` WHERE ( typeId = 131 ) ORDER BY articleId desc LIMIT 0,3   [ RunTime:0.000000s ]
SQL: SELECT * FROM `type` WHERE ( fid = 132 ) ORDER BY typeId desc LIMIT 0,8   [ RunTime:0.001000s ]
INFO: [ view_parse ] --START--
INFO: [ template_filter ] --START--
INFO: Run Behavior\ContentReplaceBehavior [ RunTime:0.000000s ]
INFO: [ template_filter ] --END-- [ RunTime:0.000000s ]
INFO: Run Behavior\ParseTemplateBehavior [ RunTime:0.039003s ]
INFO: [ view_parse ] --END-- [ RunTime:0.039003s ]
INFO: [ view_filter ] --START--
INFO: Run Behavior\WriteHtmlCacheBehavior [ RunTime:0.001000s ]
INFO: [ view_filter ] --END-- [ RunTime:0.001000s ]
INFO: [ app_end ] --START--
INFO: Run Behavior\ShowPageTraceBehavior [ RunTime:0.001000s ]
INFO: [ app_end ] --END-- [ RunTime:0.001000s ]

[ 2018-07-03T08:56:56+08:00 ] 172.66.66.168 /index.php
INFO: [ app_init ] --START--
INFO: Run Behavior\BuildLiteBehavior [ RunTime:0.000000s ]
INFO: [ app_init ] --END-- [ RunTime:0.000000s ]
INFO: [ app_begin ] --START--
INFO: Run Behavior\ReadHtmlCacheBehavior [ RunTime:0.000000s ]
INFO: [ app_begin ] --END-- [ RunTime:0.000000s ]
SQL: SHOW COLUMNS FROM `type` [ RunTime:0.007000s ]
SQL: SELECT * FROM `type` WHERE ( fid=0 and state< 9 )  [ RunTime:0.000000s ]
SQL: SELECT * FROM `type` WHERE ( fid=1 and state< 9 )  [ RunTime:0.000000s ]
SQL: SELECT * FROM `type` WHERE ( fid=9 and state< 9 )  [ RunTime:0.001000s ]
SQL: SELECT * FROM `type` WHERE ( fid=16 and state< 9 )  [ RunTime:0.000000s ]
SQL: SELECT * FROM `type` WHERE ( fid=20 and state< 9 )  [ RunTime:0.001000s ]
SQL: SELECT * FROM `type` WHERE ( fid=24 and state< 9 )  [ RunTime:0.000000s ]
SQL: SELECT * FROM `type` WHERE ( fid=27 and state< 9 )  [ RunTime:0.000000s ]
SQL: SELECT * FROM `type` WHERE ( fid=32 and state< 9 )  [ RunTime:0.000000s ]
SQL: SELECT * FROM `type` WHERE ( fid=35 and state< 9 )  [ RunTime:0.000000s ]
SQL: SELECT * FROM `type` WHERE ( fid=39 and state< 9 )  [ RunTime:0.001000s ]
SQL: SELECT * FROM `type` WHERE ( fid=2 and state< 9 )  [ RunTime:0.000000s ]
SQL: SELECT * FROM `type` WHERE ( fid=42 and state< 9 )  [ RunTime:0.001000s ]
SQL: SELECT * FROM `type` WHERE ( fid=48 and state< 9 )  [ RunTime:0.000000s ]
SQL: SELECT * FROM `type` WHERE ( fid=50 and state< 9 )  [ RunTime:0.000000s ]
SQL: SELECT * FROM `type` WHERE ( fid=55 and state< 9 )  [ RunTime:0.000000s ]
SQL: SELECT * FROM `type` WHERE ( fid=62 and state< 9 )  [ RunTime:0.000000s ]
SQL: SELECT * FROM `type` WHERE ( fid=3 and state< 9 )  [ RunTime:0.000000s ]
SQL: SELECT * FROM `type` WHERE ( fid=65 and state< 9 )  [ RunTime:0.001001s ]
SQL: SELECT * FROM `type` WHERE ( fid=4 and state< 9 )  [ RunTime:0.000000s ]
SQL: SELECT * FROM `type` WHERE ( fid=70 and state< 9 )  [ RunTime:0.000000s ]
SQL: SELECT * FROM `type` WHERE ( fid=74 and state< 9 )  [ RunTime:0.000000s ]
SQL: SELECT * FROM `type` WHERE ( fid=79 and state< 9 )  [ RunTime:0.000000s ]
SQL: SELECT * FROM `type` WHERE ( fid=84 and state< 9 )  [ RunTime:0.001000s ]
SQL: SELECT * FROM `type` WHERE ( fid=5 and state< 9 )  [ RunTime:0.000000s ]
SQL: SELECT * FROM `type` WHERE ( fid=87 and state< 9 )  [ RunTime:0.000000s ]
SQL: SELECT * FROM `type` WHERE ( fid=93 and state< 9 )  [ RunTime:0.000000s ]
SQL: SELECT * FROM `type` WHERE ( fid=95 and state< 9 )  [ RunTime:0.000000s ]
SQL: SELECT * FROM `type` WHERE ( fid=100 and state< 9 )  [ RunTime:0.001000s ]
SQL: SELECT * FROM `type` WHERE ( fid=6 and state< 9 )  [ RunTime:0.000000s ]
SQL: SELECT * FROM `type` WHERE ( fid=104 and state< 9 )  [ RunTime:0.001000s ]
SQL: SELECT * FROM `type` WHERE ( fid=109 and state< 9 )  [ RunTime:0.000000s ]
SQL: SELECT * FROM `type` WHERE ( fid=114 and state< 9 )  [ RunTime:0.000000s ]
SQL: SELECT * FROM `type` WHERE ( fid=117 and state< 9 )  [ RunTime:0.001000s ]
SQL: SELECT * FROM `type` WHERE ( fid=7 and state< 9 )  [ RunTime:0.000000s ]
SQL: SELECT * FROM `type` WHERE ( fid=139 and state< 9 )  [ RunTime:0.001000s ]
SQL: SELECT * FROM `type` WHERE ( fid=8 and state< 9 )  [ RunTime:0.000000s ]
SQL: SELECT * FROM `type` WHERE ( fid=123 and state< 9 )  [ RunTime:0.000000s ]
SQL: SELECT * FROM `type` WHERE ( fid=128 and state< 9 )  [ RunTime:0.001000s ]
SQL: SELECT * FROM `type` WHERE ( fid=132 and state< 9 )  [ RunTime:0.001000s ]
SQL: SELECT * FROM `type` WHERE ( fid=0 and state< 9 )  [ RunTime:0.001000s ]
SQL: SELECT * FROM `type` WHERE ( fid=1 and state< 9 )  [ RunTime:0.000000s ]
SQL: SELECT * FROM `type` WHERE ( fid=9 and state< 9 )  [ RunTime:0.000000s ]
SQL: SELECT * FROM `type` WHERE ( fid=16 and state< 9 )  [ RunTime:0.000000s ]
SQL: SELECT * FROM `type` WHERE ( fid=20 and state< 9 )  [ RunTime:0.000000s ]
SQL: SELECT * FROM `type` WHERE ( fid=24 and state< 9 )  [ RunTime:0.000000s ]
SQL: SELECT * FROM `type` WHERE ( fid=27 and state< 9 )  [ RunTime:0.000000s ]
SQL: SELECT * FROM `type` WHERE ( fid=32 and state< 9 )  [ RunTime:0.001000s ]
SQL: SELECT * FROM `type` WHERE ( fid=35 and state< 9 )  [ RunTime:0.000000s ]
SQL: SELECT * FROM `type` WHERE ( fid=39 and state< 9 )  [ RunTime:0.000000s ]
SQL: SELECT * FROM `type` WHERE ( fid=2 and state< 9 )  [ RunTime:0.000000s ]
SQL: SELECT * FROM `type` WHERE ( fid=42 and state< 9 )  [ RunTime:0.000000s ]
SQL: SELECT * FROM `type` WHERE ( fid=48 and state< 9 )  [ RunTime:0.001000s ]
SQL: SELECT * FROM `type` WHERE ( fid=50 and state< 9 )  [ RunTime:0.000000s ]
SQL: SELECT * FROM `type` WHERE ( fid=55 and state< 9 )  [ RunTime:0.001001s ]
SQL: SELECT * FROM `type` WHERE ( fid=62 and state< 9 )  [ RunTime:0.000000s ]
SQL: SELECT * FROM `type` WHERE ( fid=3 and state< 9 )  [ RunTime:0.000000s ]
SQL: SELECT * FROM `type` WHERE ( fid=65 and state< 9 )  [ RunTime:0.001000s ]
SQL: SELECT * FROM `type` WHERE ( fid=4 and state< 9 )  [ RunTime:0.000000s ]
SQL: SELECT * FROM `type` WHERE ( fid=70 and state< 9 )  [ RunTime:0.001000s ]
SQL: SELECT * FROM `type` WHERE ( fid=74 and state< 9 )  [ RunTime:0.000000s ]
SQL: SELECT * FROM `type` WHERE ( fid=79 and state< 9 )  [ RunTime:0.000000s ]
SQL: SELECT * FROM `type` WHERE ( fid=84 and state< 9 )  [ RunTime:0.001000s ]
SQL: SELECT * FROM `type` WHERE ( fid=5 and state< 9 )  [ RunTime:0.000000s ]
SQL: SELECT * FROM `type` WHERE ( fid=87 and state< 9 )  [ RunTime:0.001000s ]
SQL: SELECT * FROM `type` WHERE ( fid=93 and state< 9 )  [ RunTime:0.000000s ]
SQL: SELECT * FROM `type` WHERE ( fid=95 and state< 9 )  [ RunTime:0.000000s ]
SQL: SELECT * FROM `type` WHERE ( fid=100 and state< 9 )  [ RunTime:0.001000s ]
SQL: SELECT * FROM `type` WHERE ( fid=6 and state< 9 )  [ RunTime:0.000000s ]
SQL: SELECT * FROM `type` WHERE ( fid=104 and state< 9 )  [ RunTime:0.001000s ]
SQL: SELECT * FROM `type` WHERE ( fid=109 and state< 9 )  [ RunTime:0.000000s ]
SQL: SELECT * FROM `type` WHERE ( fid=114 and state< 9 )  [ RunTime:0.000000s ]
SQL: SELECT * FROM `type` WHERE ( fid=117 and state< 9 )  [ RunTime:0.001000s ]
SQL: SELECT * FROM `type` WHERE ( fid=7 and state< 9 )  [ RunTime:0.000000s ]
SQL: SELECT * FROM `type` WHERE ( fid=139 and state< 9 )  [ RunTime:0.001000s ]
SQL: SELECT * FROM `type` WHERE ( fid=8 and state< 9 )  [ RunTime:0.000000s ]
SQL: SELECT * FROM `type` WHERE ( fid=123 and state< 9 )  [ RunTime:0.000000s ]
SQL: SELECT * FROM `type` WHERE ( fid=128 and state< 9 )  [ RunTime:0.000000s ]
SQL: SELECT * FROM `type` WHERE ( fid=132 and state< 9 )  [ RunTime:0.000000s ]
SQL: SHOW COLUMNS FROM `imgpath` [ RunTime:0.004000s ]
SQL: SELECT * FROM `imgpath` WHERE ( state<9 ) ORDER BY id desc LIMIT 0,4   [ RunTime:0.001000s ]
SQL: SHOW COLUMNS FROM `articles` [ RunTime:0.004001s ]
SQL: SELECT * FROM `articles` WHERE ( typeId = 116 ) ORDER BY articleId desc LIMIT 0,3   [ RunTime:0.001000s ]
SQL: SELECT * FROM `articles` WHERE ( typeId = 130 ) ORDER BY articleId desc LIMIT 0,3   [ RunTime:0.000000s ]
SQL: SELECT * FROM `articles` WHERE ( typeId = 131 ) ORDER BY articleId desc LIMIT 0,3   [ RunTime:0.001000s ]
SQL: SELECT * FROM `type` WHERE ( fid = 132 ) ORDER BY typeId desc LIMIT 0,8   [ RunTime:0.000000s ]
INFO: [ view_parse ] --START--
INFO: [ template_filter ] --START--
INFO: Run Behavior\ContentReplaceBehavior [ RunTime:0.000000s ]
INFO: [ template_filter ] --END-- [ RunTime:0.000000s ]
INFO: Run Behavior\ParseTemplateBehavior [ RunTime:0.015001s ]
INFO: [ view_parse ] --END-- [ RunTime:0.015001s ]
INFO: [ view_filter ] --START--
INFO: Run Behavior\WriteHtmlCacheBehavior [ RunTime:0.000000s ]
INFO: [ view_filter ] --END-- [ RunTime:0.000000s ]
INFO: [ app_end ] --START--
INFO: Run Behavior\ShowPageTraceBehavior [ RunTime:0.001000s ]
INFO: [ app_end ] --END-- [ RunTime:0.001000s ]

[ 2018-07-03T08:57:01+08:00 ] 172.66.66.168 /index.php/Listtype/index/typeId/133
INFO: [ app_init ] --START--
INFO: Run Behavior\BuildLiteBehavior [ RunTime:0.000000s ]
INFO: [ app_init ] --END-- [ RunTime:0.001000s ]
INFO: [ app_begin ] --START--
INFO: Run Behavior\ReadHtmlCacheBehavior [ RunTime:0.001000s ]
INFO: [ app_begin ] --END-- [ RunTime:0.001000s ]
SQL: SHOW COLUMNS FROM `type` [ RunTime:0.008000s ]
SQL: SELECT * FROM `type` WHERE ( fid=0 and state< 9 )  [ RunTime:0.000000s ]
SQL: SELECT * FROM `type` WHERE ( fid=1 and state< 9 )  [ RunTime:0.000000s ]
SQL: SELECT * FROM `type` WHERE ( fid=9 and state< 9 )  [ RunTime:0.001001s ]
SQL: SELECT * FROM `type` WHERE ( fid=16 and state< 9 )  [ RunTime:0.000000s ]
SQL: SELECT * FROM `type` WHERE ( fid=20 and state< 9 )  [ RunTime:0.001000s ]
SQL: SELECT * FROM `type` WHERE ( fid=24 and state< 9 )  [ RunTime:0.000000s ]
SQL: SELECT * FROM `type` WHERE ( fid=27 and state< 9 )  [ RunTime:0.000000s ]
SQL: SELECT * FROM `type` WHERE ( fid=32 and state< 9 )  [ RunTime:0.000000s ]
SQL: SELECT * FROM `type` WHERE ( fid=35 and state< 9 )  [ RunTime:0.000000s ]
SQL: SELECT * FROM `type` WHERE ( fid=39 and state< 9 )  [ RunTime:0.001000s ]
SQL: SELECT * FROM `type` WHERE ( fid=2 and state< 9 )  [ RunTime:0.000000s ]
SQL: SELECT * FROM `type` WHERE ( fid=42 and state< 9 )  [ RunTime:0.001000s ]
SQL: SELECT * FROM `type` WHERE ( fid=48 and state< 9 )  [ RunTime:0.000000s ]
SQL: SELECT * FROM `type` WHERE ( fid=50 and state< 9 )  [ RunTime:0.000000s ]
SQL: SELECT * FROM `type` WHERE ( fid=55 and state< 9 )  [ RunTime:0.001000s ]
SQL: SELECT * FROM `type` WHERE ( fid=62 and state< 9 )  [ RunTime:0.000000s ]
SQL: SELECT * FROM `type` WHERE ( fid=3 and state< 9 )  [ RunTime:0.000000s ]
SQL: SELECT * FROM `type` WHERE ( fid=65 and state< 9 )  [ RunTime:0.000000s ]
SQL: SELECT * FROM `type` WHERE ( fid=4 and state< 9 )  [ RunTime:0.000000s ]
SQL: SELECT * FROM `type` WHERE ( fid=70 and state< 9 )  [ RunTime:0.000000s ]
SQL: SELECT * FROM `type` WHERE ( fid=74 and state< 9 )  [ RunTime:0.000000s ]
SQL: SELECT * FROM `type` WHERE ( fid=79 and state< 9 )  [ RunTime:0.000000s ]
SQL: SELECT * FROM `type` WHERE ( fid=84 and state< 9 )  [ RunTime:0.001000s ]
SQL: SELECT * FROM `type` WHERE ( fid=5 and state< 9 )  [ RunTime:0.000000s ]
SQL: SELECT * FROM `type` WHERE ( fid=87 and state< 9 )  [ RunTime:0.000000s ]
SQL: SELECT * FROM `type` WHERE ( fid=93 and state< 9 )  [ RunTime:0.001000s ]
SQL: SELECT * FROM `type` WHERE ( fid=95 and state< 9 )  [ RunTime:0.000000s ]
SQL: SELECT * FROM `type` WHERE ( fid=100 and state< 9 )  [ RunTime:0.000000s ]
SQL: SELECT * FROM `type` WHERE ( fid=6 and state< 9 )  [ RunTime:0.001000s ]
SQL: SELECT * FROM `type` WHERE ( fid=104 and state< 9 )  [ RunTime:0.000000s ]
SQL: SELECT * FROM `type` WHERE ( fid=109 and state< 9 )  [ RunTime:0.000000s ]
SQL: SELECT * FROM `type` WHERE ( fid=114 and state< 9 )  [ RunTime:0.001000s ]
SQL: SELECT * FROM `type` WHERE ( fid=117 and state< 9 )  [ RunTime:0.000000s ]
SQL: SELECT * FROM `type` WHERE ( fid=7 and state< 9 )  [ RunTime:0.000000s ]
SQL: SELECT * FROM `type` WHERE ( fid=139 and state< 9 )  [ RunTime:0.001000s ]
SQL: SELECT * FROM `type` WHERE ( fid=8 and state< 9 )  [ RunTime:0.000000s ]
SQL: SELECT * FROM `type` WHERE ( fid=123 and state< 9 )  [ RunTime:0.000000s ]
SQL: SELECT * FROM `type` WHERE ( fid=128 and state< 9 )  [ RunTime:0.001000s ]
SQL: SELECT * FROM `type` WHERE ( fid=132 and state< 9 )  [ RunTime:0.000000s ]
SQL: SELECT * FROM `type` WHERE ( fid=0 and state< 9 )  [ RunTime:0.001000s ]
SQL: SELECT * FROM `type` WHERE ( fid=1 and state< 9 )  [ RunTime:0.000000s ]
SQL: SELECT * FROM `type` WHERE ( fid=9 and state< 9 )  [ RunTime:0.001000s ]
SQL: SELECT * FROM `type` WHERE ( fid=16 and state< 9 )  [ RunTime:0.000000s ]
SQL: SELECT * FROM `type` WHERE ( fid=20 and state< 9 )  [ RunTime:0.000000s ]
SQL: SELECT * FROM `type` WHERE ( fid=24 and state< 9 )  [ RunTime:0.000000s ]
SQL: SELECT * FROM `type` WHERE ( fid=27 and state< 9 )  [ RunTime:0.000000s ]
SQL: SELECT * FROM `type` WHERE ( fid=32 and state< 9 )  [ RunTime:0.001001s ]
SQL: SELECT * FROM `type` WHERE ( fid=35 and state< 9 )  [ RunTime:0.000000s ]
SQL: SELECT * FROM `type` WHERE ( fid=39 and state< 9 )  [ RunTime:0.000000s ]
SQL: SELECT * FROM `type` WHERE ( fid=2 and state< 9 )  [ RunTime:0.001000s ]
SQL: SELECT * FROM `type` WHERE ( fid=42 and state< 9 )  [ RunTime:0.000000s ]
SQL: SELECT * FROM `type` WHERE ( fid=48 and state< 9 )  [ RunTime:0.001000s ]
SQL: SELECT * FROM `type` WHERE ( fid=50 and state< 9 )  [ RunTime:0.000000s ]
SQL: SELECT * FROM `type` WHERE ( fid=55 and state< 9 )  [ RunTime:0.000000s ]
SQL: SELECT * FROM `type` WHERE ( fid=62 and state< 9 )  [ RunTime:0.001000s ]
SQL: SELECT * FROM `type` WHERE ( fid=3 and state< 9 )  [ RunTime:0.000000s ]
SQL: SELECT * FROM `type` WHERE ( fid=65 and state< 9 )  [ RunTime:0.000000s ]
SQL: SELECT * FROM `type` WHERE ( fid=4 and state< 9 )  [ RunTime:0.001000s ]
SQL: SELECT * FROM `type` WHERE ( fid=70 and state< 9 )  [ RunTime:0.000000s ]
SQL: SELECT * FROM `type` WHERE ( fid=74 and state< 9 )  [ RunTime:0.000000s ]
SQL: SELECT * FROM `type` WHERE ( fid=79 and state< 9 )  [ RunTime:0.001000s ]
SQL: SELECT * FROM `type` WHERE ( fid=84 and state< 9 )  [ RunTime:0.000000s ]
SQL: SELECT * FROM `type` WHERE ( fid=5 and state< 9 )  [ RunTime:0.000000s ]
SQL: SELECT * FROM `type` WHERE ( fid=87 and state< 9 )  [ RunTime:0.001000s ]
SQL: SELECT * FROM `type` WHERE ( fid=93 and state< 9 )  [ RunTime:0.000000s ]
SQL: SELECT * FROM `type` WHERE ( fid=95 and state< 9 )  [ RunTime:0.000000s ]
SQL: SELECT * FROM `type` WHERE ( fid=100 and state< 9 )  [ RunTime:0.001000s ]
SQL: SELECT * FROM `type` WHERE ( fid=6 and state< 9 )  [ RunTime:0.000000s ]
SQL: SELECT * FROM `type` WHERE ( fid=104 and state< 9 )  [ RunTime:0.000000s ]
SQL: SELECT * FROM `type` WHERE ( fid=109 and state< 9 )  [ RunTime:0.001000s ]
SQL: SELECT * FROM `type` WHERE ( fid=114 and state< 9 )  [ RunTime:0.000000s ]
SQL: SELECT * FROM `type` WHERE ( fid=117 and state< 9 )  [ RunTime:0.000000s ]
SQL: SELECT * FROM `type` WHERE ( fid=7 and state< 9 )  [ RunTime:0.001000s ]
SQL: SELECT * FROM `type` WHERE ( fid=139 and state< 9 )  [ RunTime:0.000000s ]
SQL: SELECT * FROM `type` WHERE ( fid=8 and state< 9 )  [ RunTime:0.000000s ]
SQL: SELECT * FROM `type` WHERE ( fid=123 and state< 9 )  [ RunTime:0.000000s ]
SQL: SELECT * FROM `type` WHERE ( fid=128 and state< 9 )  [ RunTime:0.000000s ]
SQL: SELECT * FROM `type` WHERE ( fid=132 and state< 9 )  [ RunTime:0.000000s ]
SQL: SELECT * FROM `type` WHERE ( typeId=133 ) LIMIT 1   [ RunTime:0.000000s ]
SQL: SELECT * FROM `type` WHERE ( typeId=132 ) LIMIT 1   [ RunTime:0.000000s ]
SQL: SELECT * FROM `type` WHERE ( typeId=8 ) LIMIT 1   [ RunTime:0.000000s ]
SQL: SELECT * FROM `type` WHERE ( fid = 132 )  [ RunTime:0.000000s ]
SQL: SHOW COLUMNS FROM `articles` [ RunTime:0.005000s ]
SQL: SELECT COUNT(*) AS tp_count FROM `articles` WHERE ( typeId=133 ) LIMIT 1   [ RunTime:0.000000s ]
SQL: SELECT * FROM `articles` WHERE ( typeId=133 ) LIMIT 1   [ RunTime:0.001001s ]

[ 2018-07-03T08:57:01+08:00 ] 172.66.66.168 /index.php/News/index/articleId/68.html
INFO: [ app_init ] --START--
INFO: Run Behavior\BuildLiteBehavior [ RunTime:0.000000s ]
INFO: [ app_init ] --END-- [ RunTime:0.001000s ]
INFO: [ app_begin ] --START--
INFO: Run Behavior\ReadHtmlCacheBehavior [ RunTime:0.000000s ]
INFO: [ app_begin ] --END-- [ RunTime:0.000000s ]
SQL: SHOW COLUMNS FROM `type` [ RunTime:0.004000s ]
SQL: SELECT * FROM `type` WHERE ( fid=0 and state< 9 )  [ RunTime:0.000000s ]
SQL: SELECT * FROM `type` WHERE ( fid=1 and state< 9 )  [ RunTime:0.000000s ]
SQL: SELECT * FROM `type` WHERE ( fid=9 and state< 9 )  [ RunTime:0.000000s ]
SQL: SELECT * FROM `type` WHERE ( fid=16 and state< 9 )  [ RunTime:0.000000s ]
SQL: SELECT * FROM `type` WHERE ( fid=20 and state< 9 )  [ RunTime:0.001000s ]
SQL: SELECT * FROM `type` WHERE ( fid=24 and state< 9 )  [ RunTime:0.000000s ]
SQL: SELECT * FROM `type` WHERE ( fid=27 and state< 9 )  [ RunTime:0.000000s ]
SQL: SELECT * FROM `type` WHERE ( fid=32 and state< 9 )  [ RunTime:0.000000s ]
SQL: SELECT * FROM `type` WHERE ( fid=35 and state< 9 )  [ RunTime:0.000000s ]
SQL: SELECT * FROM `type` WHERE ( fid=39 and state< 9 )  [ RunTime:0.001000s ]
SQL: SELECT * FROM `type` WHERE ( fid=2 and state< 9 )  [ RunTime:0.000000s ]
SQL: SELECT * FROM `type` WHERE ( fid=42 and state< 9 )  [ RunTime:0.000000s ]
SQL: SELECT * FROM `type` WHERE ( fid=48 and state< 9 )  [ RunTime:0.000000s ]
SQL: SELECT * FROM `type` WHERE ( fid=50 and state< 9 )  [ RunTime:0.000000s ]
SQL: SELECT * FROM `type` WHERE ( fid=55 and state< 9 )  [ RunTime:0.001000s ]
SQL: SELECT * FROM `type` WHERE ( fid=62 and state< 9 )  [ RunTime:0.000000s ]
SQL: SELECT * FROM `type` WHERE ( fid=3 and state< 9 )  [ RunTime:0.000000s ]
SQL: SELECT * FROM `type` WHERE ( fid=65 and state< 9 )  [ RunTime:0.001000s ]
SQL: SELECT * FROM `type` WHERE ( fid=4 and state< 9 )  [ RunTime:0.000000s ]
SQL: SELECT * FROM `type` WHERE ( fid=70 and state< 9 )  [ RunTime:0.000000s ]
SQL: SELECT * FROM `type` WHERE ( fid=74 and state< 9 )  [ RunTime:0.001000s ]
SQL: SELECT * FROM `type` WHERE ( fid=79 and state< 9 )  [ RunTime:0.000000s ]
SQL: SELECT * FROM `type` WHERE ( fid=84 and state< 9 )  [ RunTime:0.000000s ]
SQL: SELECT * FROM `type` WHERE ( fid=5 and state< 9 )  [ RunTime:0.001000s ]
SQL: SELECT * FROM `type` WHERE ( fid=87 and state< 9 )  [ RunTime:0.000000s ]
SQL: SELECT * FROM `type` WHERE ( fid=93 and state< 9 )  [ RunTime:0.000000s ]
SQL: SELECT * FROM `type` WHERE ( fid=95 and state< 9 )  [ RunTime:0.001000s ]
SQL: SELECT * FROM `type` WHERE ( fid=100 and state< 9 )  [ RunTime:0.000000s ]
SQL: SELECT * FROM `type` WHERE ( fid=6 and state< 9 )  [ RunTime:0.000000s ]
SQL: SELECT * FROM `type` WHERE ( fid=104 and state< 9 )  [ RunTime:0.000000s ]
SQL: SELECT * FROM `type` WHERE ( fid=109 and state< 9 )  [ RunTime:0.000000s ]
SQL: SELECT * FROM `type` WHERE ( fid=114 and state< 9 )  [ RunTime:0.000000s ]
SQL: SELECT * FROM `type` WHERE ( fid=117 and state< 9 )  [ RunTime:0.000000s ]
SQL: SELECT * FROM `type` WHERE ( fid=7 and state< 9 )  [ RunTime:0.001001s ]
SQL: SELECT * FROM `type` WHERE ( fid=139 and state< 9 )  [ RunTime:0.000000s ]
SQL: SELECT * FROM `type` WHERE ( fid=8 and state< 9 )  [ RunTime:0.000000s ]
SQL: SELECT * FROM `type` WHERE ( fid=123 and state< 9 )  [ RunTime:0.001000s ]
SQL: SELECT * FROM `type` WHERE ( fid=128 and state< 9 )  [ RunTime:0.000000s ]
SQL: SELECT * FROM `type` WHERE ( fid=132 and state< 9 )  [ RunTime:0.000000s ]
SQL: SHOW COLUMNS FROM `imgpath` [ RunTime:0.005000s ]
SQL: SELECT * FROM `imgpath` WHERE ( state<9 ) ORDER BY id desc LIMIT 0,4   [ RunTime:0.000000s ]
SQL: SELECT * FROM `type` WHERE ( fid=0 and state< 9 )  [ RunTime:0.000000s ]
SQL: SELECT * FROM `type` WHERE ( fid=1 and state< 9 )  [ RunTime:0.000000s ]
SQL: SELECT * FROM `type` WHERE ( fid=9 and state< 9 )  [ RunTime:0.000000s ]
SQL: SELECT * FROM `type` WHERE ( fid=16 and state< 9 )  [ RunTime:0.001000s ]
SQL: SELECT * FROM `type` WHERE ( fid=20 and state< 9 )  [ RunTime:0.000000s ]
SQL: SELECT * FROM `type` WHERE ( fid=24 and state< 9 )  [ RunTime:0.000000s ]
SQL: SELECT * FROM `type` WHERE ( fid=27 and state< 9 )  [ RunTime:0.000000s ]
SQL: SELECT * FROM `type` WHERE ( fid=32 and state< 9 )  [ RunTime:0.000000s ]
SQL: SELECT * FROM `type` WHERE ( fid=35 and state< 9 )  [ RunTime:0.001000s ]
SQL: SELECT * FROM `type` WHERE ( fid=39 and state< 9 )  [ RunTime:0.000000s ]
SQL: SELECT * FROM `type` WHERE ( fid=2 and state< 9 )  [ RunTime:0.001000s ]
SQL: SELECT * FROM `type` WHERE ( fid=42 and state< 9 )  [ RunTime:0.000000s ]
SQL: SELECT * FROM `type` WHERE ( fid=48 and state< 9 )  [ RunTime:0.000000s ]
SQL: SELECT * FROM `type` WHERE ( fid=50 and state< 9 )  [ RunTime:0.001000s ]
SQL: SELECT * FROM `type` WHERE ( fid=55 and state< 9 )  [ RunTime:0.000000s ]
SQL: SELECT * FROM `type` WHERE ( fid=62 and state< 9 )  [ RunTime:0.000000s ]
SQL: SELECT * FROM `type` WHERE ( fid=3 and state< 9 )  [ RunTime:0.001000s ]
SQL: SELECT * FROM `type` WHERE ( fid=65 and state< 9 )  [ RunTime:0.000000s ]
SQL: SELECT * FROM `type` WHERE ( fid=4 and state< 9 )  [ RunTime:0.000000s ]
SQL: SELECT * FROM `type` WHERE ( fid=70 and state< 9 )  [ RunTime:0.001000s ]
SQL: SELECT * FROM `type` WHERE ( fid=74 and state< 9 )  [ RunTime:0.000000s ]
SQL: SELECT * FROM `type` WHERE ( fid=79 and state< 9 )  [ RunTime:0.000000s ]
SQL: SELECT * FROM `type` WHERE ( fid=84 and state< 9 )  [ RunTime:0.001000s ]
SQL: SELECT * FROM `type` WHERE ( fid=5 and state< 9 )  [ RunTime:0.000000s ]
SQL: SELECT * FROM `type` WHERE ( fid=87 and state< 9 )  [ RunTime:0.000000s ]
SQL: SELECT * FROM `type` WHERE ( fid=93 and state< 9 )  [ RunTime:0.001001s ]
SQL: SELECT * FROM `type` WHERE ( fid=95 and state< 9 )  [ RunTime:0.000000s ]
SQL: SELECT * FROM `type` WHERE ( fid=100 and state< 9 )  [ RunTime:0.000000s ]
SQL: SELECT * FROM `type` WHERE ( fid=6 and state< 9 )  [ RunTime:0.001000s ]
SQL: SELECT * FROM `type` WHERE ( fid=104 and state< 9 )  [ RunTime:0.000000s ]
SQL: SELECT * FROM `type` WHERE ( fid=109 and state< 9 )  [ RunTime:0.000000s ]
SQL: SELECT * FROM `type` WHERE ( fid=114 and state< 9 )  [ RunTime:0.001000s ]
SQL: SELECT * FROM `type` WHERE ( fid=117 and state< 9 )  [ RunTime:0.000000s ]
SQL: SELECT * FROM `type` WHERE ( fid=7 and state< 9 )  [ RunTime:0.000000s ]
SQL: SELECT * FROM `type` WHERE ( fid=139 and state< 9 )  [ RunTime:0.000000s ]
SQL: SELECT * FROM `type` WHERE ( fid=8 and state< 9 )  [ RunTime:0.000000s ]
SQL: SELECT * FROM `type` WHERE ( fid=123 and state< 9 )  [ RunTime:0.000000s ]
SQL: SELECT * FROM `type` WHERE ( fid=128 and state< 9 )  [ RunTime:0.000000s ]
SQL: SELECT * FROM `type` WHERE ( fid=132 and state< 9 )  [ RunTime:0.000000s ]
SQL: SHOW COLUMNS FROM `articles` [ RunTime:0.004000s ]
SQL: SELECT * FROM `articles` WHERE ( articleId=68 ) LIMIT 1   [ RunTime:0.001000s ]
SQL: SELECT * FROM `type` WHERE ( typeId = 133 ) LIMIT 1   [ RunTime:0.000000s ]
SQL: SELECT * FROM `type` WHERE ( typeId = 132 ) LIMIT 1   [ RunTime:0.000000s ]
SQL: SELECT * FROM `type` WHERE ( typeId = 8 ) LIMIT 1   [ RunTime:0.000000s ]
SQL: SELECT * FROM `type` WHERE ( fid = 132 )  [ RunTime:0.000000s ]
INFO: [ view_parse ] --START--
INFO: [ template_filter ] --START--
INFO: Run Behavior\ContentReplaceBehavior [ RunTime:0.000000s ]
INFO: [ template_filter ] --END-- [ RunTime:0.000000s ]
INFO: Run Behavior\ParseTemplateBehavior [ RunTime:0.012001s ]
INFO: [ view_parse ] --END-- [ RunTime:0.012001s ]
INFO: [ view_filter ] --START--
INFO: Run Behavior\WriteHtmlCacheBehavior [ RunTime:0.000000s ]
INFO: [ view_filter ] --END-- [ RunTime:0.000000s ]
INFO: [ app_end ] --START--
INFO: Run Behavior\ShowPageTraceBehavior [ RunTime:0.000000s ]
INFO: [ app_end ] --END-- [ RunTime:0.000000s ]

[ 2018-07-03T08:57:08+08:00 ] 172.66.66.168 /index.php/Listtype/index/typeId/56
INFO: [ app_init ] --START--
INFO: Run Behavior\BuildLiteBehavior [ RunTime:0.000000s ]
INFO: [ app_init ] --END-- [ RunTime:0.002000s ]
INFO: [ app_begin ] --START--
INFO: Run Behavior\ReadHtmlCacheBehavior [ RunTime:0.001000s ]
INFO: [ app_begin ] --END-- [ RunTime:0.001000s ]
SQL: SHOW COLUMNS FROM `type` [ RunTime:0.004001s ]
SQL: SELECT * FROM `type` WHERE ( fid=0 and state< 9 )  [ RunTime:0.001000s ]
SQL: SELECT * FROM `type` WHERE ( fid=1 and state< 9 )  [ RunTime:0.000000s ]
SQL: SELECT * FROM `type` WHERE ( fid=9 and state< 9 )  [ RunTime:0.001000s ]
SQL: SELECT * FROM `type` WHERE ( fid=16 and state< 9 )  [ RunTime:0.000000s ]
SQL: SELECT * FROM `type` WHERE ( fid=20 and state< 9 )  [ RunTime:0.000000s ]
SQL: SELECT * FROM `type` WHERE ( fid=24 and state< 9 )  [ RunTime:0.001000s ]
SQL: SELECT * FROM `type` WHERE ( fid=27 and state< 9 )  [ RunTime:0.000000s ]
SQL: SELECT * FROM `type` WHERE ( fid=32 and state< 9 )  [ RunTime:0.000000s ]
SQL: SELECT * FROM `type` WHERE ( fid=35 and state< 9 )  [ RunTime:0.000000s ]
SQL: SELECT * FROM `type` WHERE ( fid=39 and state< 9 )  [ RunTime:0.000000s ]
SQL: SELECT * FROM `type` WHERE ( fid=2 and state< 9 )  [ RunTime:0.001000s ]
SQL: SELECT * FROM `type` WHERE ( fid=42 and state< 9 )  [ RunTime:0.000000s ]
SQL: SELECT * FROM `type` WHERE ( fid=48 and state< 9 )  [ RunTime:0.000000s ]
SQL: SELECT * FROM `type` WHERE ( fid=50 and state< 9 )  [ RunTime:0.000000s ]
SQL: SELECT * FROM `type` WHERE ( fid=55 and state< 9 )  [ RunTime:0.000000s ]
SQL: SELECT * FROM `type` WHERE ( fid=62 and state< 9 )  [ RunTime:0.001000s ]
SQL: SELECT * FROM `type` WHERE ( fid=3 and state< 9 )  [ RunTime:0.000000s ]
SQL: SELECT * FROM `type` WHERE ( fid=65 and state< 9 )  [ RunTime:0.000000s ]
SQL: SELECT * FROM `type` WHERE ( fid=4 and state< 9 )  [ RunTime:0.000000s ]
SQL: SELECT * FROM `type` WHERE ( fid=70 and state< 9 )  [ RunTime:0.000000s ]
SQL: SELECT * FROM `type` WHERE ( fid=74 and state< 9 )  [ RunTime:0.000000s ]
SQL: SELECT * FROM `type` WHERE ( fid=79 and state< 9 )  [ RunTime:0.000000s ]
SQL: SELECT * FROM `type` WHERE ( fid=84 and state< 9 )  [ RunTime:0.000000s ]
SQL: SELECT * FROM `type` WHERE ( fid=5 and state< 9 )  [ RunTime:0.001000s ]
SQL: SELECT * FROM `type` WHERE ( fid=87 and state< 9 )  [ RunTime:0.000000s ]
SQL: SELECT * FROM `type` WHERE ( fid=93 and state< 9 )  [ RunTime:0.000000s ]
SQL: SELECT * FROM `type` WHERE ( fid=95 and state< 9 )  [ RunTime:0.001000s ]
SQL: SELECT * FROM `type` WHERE ( fid=100 and state< 9 )  [ RunTime:0.000000s ]
SQL: SELECT * FROM `type` WHERE ( fid=6 and state< 9 )  [ RunTime:0.001000s ]
SQL: SELECT * FROM `type` WHERE ( fid=104 and state< 9 )  [ RunTime:0.000000s ]
SQL: SELECT * FROM `type` WHERE ( fid=109 and state< 9 )  [ RunTime:0.000000s ]
SQL: SELECT * FROM `type` WHERE ( fid=114 and state< 9 )  [ RunTime:0.000000s ]
SQL: SELECT * FROM `type` WHERE ( fid=117 and state< 9 )  [ RunTime:0.000000s ]
SQL: SELECT * FROM `type` WHERE ( fid=7 and state< 9 )  [ RunTime:0.000000s ]
SQL: SELECT * FROM `type` WHERE ( fid=139 and state< 9 )  [ RunTime:0.000000s ]
SQL: SELECT * FROM `type` WHERE ( fid=8 and state< 9 )  [ RunTime:0.000000s ]
SQL: SELECT * FROM `type` WHERE ( fid=123 and state< 9 )  [ RunTime:0.000000s ]
SQL: SELECT * FROM `type` WHERE ( fid=128 and state< 9 )  [ RunTime:0.001000s ]
SQL: SELECT * FROM `type` WHERE ( fid=132 and state< 9 )  [ RunTime:0.000000s ]
SQL: SELECT * FROM `type` WHERE ( fid=0 and state< 9 )  [ RunTime:0.000000s ]
SQL: SELECT * FROM `type` WHERE ( fid=1 and state< 9 )  [ RunTime:0.001000s ]
SQL: SELECT * FROM `type` WHERE ( fid=9 and state< 9 )  [ RunTime:0.000000s ]
SQL: SELECT * FROM `type` WHERE ( fid=16 and state< 9 )  [ RunTime:0.000000s ]
SQL: SELECT * FROM `type` WHERE ( fid=20 and state< 9 )  [ RunTime:0.001000s ]
SQL: SELECT * FROM `type` WHERE ( fid=24 and state< 9 )  [ RunTime:0.000000s ]
SQL: SELECT * FROM `type` WHERE ( fid=27 and state< 9 )  [ RunTime:0.000000s ]
SQL: SELECT * FROM `type` WHERE ( fid=32 and state< 9 )  [ RunTime:0.000000s ]
SQL: SELECT * FROM `type` WHERE ( fid=35 and state< 9 )  [ RunTime:0.000000s ]
SQL: SELECT * FROM `type` WHERE ( fid=39 and state< 9 )  [ RunTime:0.000000s ]
SQL: SELECT * FROM `type` WHERE ( fid=2 and state< 9 )  [ RunTime:0.000000s ]
SQL: SELECT * FROM `type` WHERE ( fid=42 and state< 9 )  [ RunTime:0.000000s ]
SQL: SELECT * FROM `type` WHERE ( fid=48 and state< 9 )  [ RunTime:0.000000s ]
SQL: SELECT * FROM `type` WHERE ( fid=50 and state< 9 )  [ RunTime:0.000000s ]
SQL: SELECT * FROM `type` WHERE ( fid=55 and state< 9 )  [ RunTime:0.001000s ]
SQL: SELECT * FROM `type` WHERE ( fid=62 and state< 9 )  [ RunTime:0.000000s ]
SQL: SELECT * FROM `type` WHERE ( fid=3 and state< 9 )  [ RunTime:0.000000s ]
SQL: SELECT * FROM `type` WHERE ( fid=65 and state< 9 )  [ RunTime:0.001000s ]
SQL: SELECT * FROM `type` WHERE ( fid=4 and state< 9 )  [ RunTime:0.000000s ]
SQL: SELECT * FROM `type` WHERE ( fid=70 and state< 9 )  [ RunTime:0.000000s ]
SQL: SELECT * FROM `type` WHERE ( fid=74 and state< 9 )  [ RunTime:0.000000s ]
SQL: SELECT * FROM `type` WHERE ( fid=79 and state< 9 )  [ RunTime:0.000000s ]
SQL: SELECT * FROM `type` WHERE ( fid=84 and state< 9 )  [ RunTime:0.000000s ]
SQL: SELECT * FROM `type` WHERE ( fid=5 and state< 9 )  [ RunTime:0.000000s ]
SQL: SELECT * FROM `type` WHERE ( fid=87 and state< 9 )  [ RunTime:0.000000s ]
SQL: SELECT * FROM `type` WHERE ( fid=93 and state< 9 )  [ RunTime:0.000000s ]
SQL: SELECT * FROM `type` WHERE ( fid=95 and state< 9 )  [ RunTime:0.000000s ]
SQL: SELECT * FROM `type` WHERE ( fid=100 and state< 9 )  [ RunTime:0.001000s ]
SQL: SELECT * FROM `type` WHERE ( fid=6 and state< 9 )  [ RunTime:0.000000s ]
SQL: SELECT * FROM `type` WHERE ( fid=104 and state< 9 )  [ RunTime:0.000000s ]
SQL: SELECT * FROM `type` WHERE ( fid=109 and state< 9 )  [ RunTime:0.001000s ]
SQL: SELECT * FROM `type` WHERE ( fid=114 and state< 9 )  [ RunTime:0.000000s ]
SQL: SELECT * FROM `type` WHERE ( fid=117 and state< 9 )  [ RunTime:0.000000s ]
SQL: SELECT * FROM `type` WHERE ( fid=7 and state< 9 )  [ RunTime:0.001000s ]
SQL: SELECT * FROM `type` WHERE ( fid=139 and state< 9 )  [ RunTime:0.000000s ]
SQL: SELECT * FROM `type` WHERE ( fid=8 and state< 9 )  [ RunTime:0.000000s ]
SQL: SELECT * FROM `type` WHERE ( fid=123 and state< 9 )  [ RunTime:0.001000s ]
SQL: SELECT * FROM `type` WHERE ( fid=128 and state< 9 )  [ RunTime:0.000000s ]
SQL: SELECT * FROM `type` WHERE ( fid=132 and state< 9 )  [ RunTime:0.000000s ]
SQL: SELECT * FROM `type` WHERE ( typeId=56 ) LIMIT 1   [ RunTime:0.000000s ]
SQL: SELECT * FROM `type` WHERE ( typeId=55 ) LIMIT 1   [ RunTime:0.000000s ]
SQL: SELECT * FROM `type` WHERE ( typeId=2 ) LIMIT 1   [ RunTime:0.000000s ]
SQL: SELECT * FROM `type` WHERE ( fid = 55 )  [ RunTime:0.000000s ]
SQL: SHOW COLUMNS FROM `articles` [ RunTime:0.005001s ]
SQL: SELECT COUNT(*) AS tp_count FROM `articles` WHERE ( typeId=56 ) LIMIT 1   [ RunTime:0.000000s ]
SQL: SELECT * FROM `articles` WHERE ( typeId=56 ) LIMIT 1   [ RunTime:0.001000s ]

[ 2018-07-03T08:57:08+08:00 ] 172.66.66.168 /index.php/News/index/articleId/25.html
INFO: [ app_init ] --START--
INFO: Run Behavior\BuildLiteBehavior [ RunTime:0.000000s ]
INFO: [ app_init ] --END-- [ RunTime:0.000000s ]
INFO: [ app_begin ] --START--
INFO: Run Behavior\ReadHtmlCacheBehavior [ RunTime:0.001000s ]
INFO: [ app_begin ] --END-- [ RunTime:0.001000s ]
SQL: SHOW COLUMNS FROM `type` [ RunTime:0.005000s ]
SQL: SELECT * FROM `type` WHERE ( fid=0 and state< 9 )  [ RunTime:0.000000s ]
SQL: SELECT * FROM `type` WHERE ( fid=1 and state< 9 )  [ RunTime:0.000000s ]
SQL: SELECT * FROM `type` WHERE ( fid=9 and state< 9 )  [ RunTime:0.000000s ]
SQL: SELECT * FROM `type` WHERE ( fid=16 and state< 9 )  [ RunTime:0.001000s ]
SQL: SELECT * FROM `type` WHERE ( fid=20 and state< 9 )  [ RunTime:0.000000s ]
SQL: SELECT * FROM `type` WHERE ( fid=24 and state< 9 )  [ RunTime:0.000000s ]
SQL: SELECT * FROM `type` WHERE ( fid=27 and state< 9 )  [ RunTime:0.001000s ]
SQL: SELECT * FROM `type` WHERE ( fid=32 and state< 9 )  [ RunTime:0.000000s ]
SQL: SELECT * FROM `type` WHERE ( fid=35 and state< 9 )  [ RunTime:0.000000s ]
SQL: SELECT * FROM `type` WHERE ( fid=39 and state< 9 )  [ RunTime:0.000000s ]
SQL: SELECT * FROM `type` WHERE ( fid=2 and state< 9 )  [ RunTime:0.000000s ]
SQL: SELECT * FROM `type` WHERE ( fid=42 and state< 9 )  [ RunTime:0.001000s ]
SQL: SELECT * FROM `type` WHERE ( fid=48 and state< 9 )  [ RunTime:0.000000s ]
SQL: SELECT * FROM `type` WHERE ( fid=50 and state< 9 )  [ RunTime:0.000000s ]
SQL: SELECT * FROM `type` WHERE ( fid=55 and state< 9 )  [ RunTime:0.001000s ]
SQL: SELECT * FROM `type` WHERE ( fid=62 and state< 9 )  [ RunTime:0.000000s ]
SQL: SELECT * FROM `type` WHERE ( fid=3 and state< 9 )  [ RunTime:0.000000s ]
SQL: SELECT * FROM `type` WHERE ( fid=65 and state< 9 )  [ RunTime:0.001000s ]
SQL: SELECT * FROM `type` WHERE ( fid=4 and state< 9 )  [ RunTime:0.000000s ]
SQL: SELECT * FROM `type` WHERE ( fid=70 and state< 9 )  [ RunTime:0.000000s ]
SQL: SELECT * FROM `type` WHERE ( fid=74 and state< 9 )  [ RunTime:0.000000s ]
SQL: SELECT * FROM `type` WHERE ( fid=79 and state< 9 )  [ RunTime:0.000000s ]
SQL: SELECT * FROM `type` WHERE ( fid=84 and state< 9 )  [ RunTime:0.000000s ]
SQL: SELECT * FROM `type` WHERE ( fid=5 and state< 9 )  [ RunTime:0.001000s ]
SQL: SELECT * FROM `type` WHERE ( fid=87 and state< 9 )  [ RunTime:0.000000s ]
SQL: SELECT * FROM `type` WHERE ( fid=93 and state< 9 )  [ RunTime:0.000000s ]
SQL: SELECT * FROM `type` WHERE ( fid=95 and state< 9 )  [ RunTime:0.001000s ]
SQL: SELECT * FROM `type` WHERE ( fid=100 and state< 9 )  [ RunTime:0.000000s ]
SQL: SELECT * FROM `type` WHERE ( fid=6 and state< 9 )  [ RunTime:0.000000s ]
SQL: SELECT * FROM `type` WHERE ( fid=104 and state< 9 )  [ RunTime:0.001000s ]
SQL: SELECT * FROM `type` WHERE ( fid=109 and state< 9 )  [ RunTime:0.000000s ]
SQL: SELECT * FROM `type` WHERE ( fid=114 and state< 9 )  [ RunTime:0.000000s ]
SQL: SELECT * FROM `type` WHERE ( fid=117 and state< 9 )  [ RunTime:0.001000s ]
SQL: SELECT * FROM `type` WHERE ( fid=7 and state< 9 )  [ RunTime:0.000000s ]
SQL: SELECT * FROM `type` WHERE ( fid=139 and state< 9 )  [ RunTime:0.000000s ]
SQL: SELECT * FROM `type` WHERE ( fid=8 and state< 9 )  [ RunTime:0.000000s ]
SQL: SELECT * FROM `type` WHERE ( fid=123 and state< 9 )  [ RunTime:0.000000s ]
SQL: SELECT * FROM `type` WHERE ( fid=128 and state< 9 )  [ RunTime:0.000000s ]
SQL: SELECT * FROM `type` WHERE ( fid=132 and state< 9 )  [ RunTime:0.001000s ]
SQL: SHOW COLUMNS FROM `imgpath` [ RunTime:0.004000s ]
SQL: SELECT * FROM `imgpath` WHERE ( state<9 ) ORDER BY id desc LIMIT 0,4   [ RunTime:0.000000s ]
SQL: SELECT * FROM `type` WHERE ( fid=0 and state< 9 )  [ RunTime:0.001001s ]
SQL: SELECT * FROM `type` WHERE ( fid=1 and state< 9 )  [ RunTime:0.000000s ]
SQL: SELECT * FROM `type` WHERE ( fid=9 and state< 9 )  [ RunTime:0.001000s ]
SQL: SELECT * FROM `type` WHERE ( fid=16 and state< 9 )  [ RunTime:0.000000s ]
SQL: SELECT * FROM `type` WHERE ( fid=20 and state< 9 )  [ RunTime:0.000000s ]
SQL: SELECT * FROM `type` WHERE ( fid=24 and state< 9 )  [ RunTime:0.001000s ]
SQL: SELECT * FROM `type` WHERE ( fid=27 and state< 9 )  [ RunTime:0.000000s ]
SQL: SELECT * FROM `type` WHERE ( fid=32 and state< 9 )  [ RunTime:0.000000s ]
SQL: SELECT * FROM `type` WHERE ( fid=35 and state< 9 )  [ RunTime:0.001000s ]
SQL: SELECT * FROM `type` WHERE ( fid=39 and state< 9 )  [ RunTime:0.000000s ]
SQL: SELECT * FROM `type` WHERE ( fid=2 and state< 9 )  [ RunTime:0.000000s ]
SQL: SELECT * FROM `type` WHERE ( fid=42 and state< 9 )  [ RunTime:0.000000s ]
SQL: SELECT * FROM `type` WHERE ( fid=48 and state< 9 )  [ RunTime:0.000000s ]
SQL: SELECT * FROM `type` WHERE ( fid=50 and state< 9 )  [ RunTime:0.000000s ]
SQL: SELECT * FROM `type` WHERE ( fid=55 and state< 9 )  [ RunTime:0.000000s ]
SQL: SELECT * FROM `type` WHERE ( fid=62 and state< 9 )  [ RunTime:0.000000s ]
SQL: SELECT * FROM `type` WHERE ( fid=3 and state< 9 )  [ RunTime:0.000000s ]
SQL: SELECT * FROM `type` WHERE ( fid=65 and state< 9 )  [ RunTime:0.000000s ]
SQL: SELECT * FROM `type` WHERE ( fid=4 and state< 9 )  [ RunTime:0.001000s ]
SQL: SELECT * FROM `type` WHERE ( fid=70 and state< 9 )  [ RunTime:0.000000s ]
SQL: SELECT * FROM `type` WHERE ( fid=74 and state< 9 )  [ RunTime:0.000000s ]
SQL: SELECT * FROM `type` WHERE ( fid=79 and state< 9 )  [ RunTime:0.000000s ]
SQL: SELECT * FROM `type` WHERE ( fid=84 and state< 9 )  [ RunTime:0.000000s ]
SQL: SELECT * FROM `type` WHERE ( fid=5 and state< 9 )  [ RunTime:0.001000s ]
SQL: SELECT * FROM `type` WHERE ( fid=87 and state< 9 )  [ RunTime:0.000000s ]
SQL: SELECT * FROM `type` WHERE ( fid=93 and state< 9 )  [ RunTime:0.000000s ]
SQL: SELECT * FROM `type` WHERE ( fid=95 and state< 9 )  [ RunTime:0.001000s ]
SQL: SELECT * FROM `type` WHERE ( fid=100 and state< 9 )  [ RunTime:0.000000s ]
SQL: SELECT * FROM `type` WHERE ( fid=6 and state< 9 )  [ RunTime:0.001000s ]
SQL: SELECT * FROM `type` WHERE ( fid=104 and state< 9 )  [ RunTime:0.000000s ]
SQL: SELECT * FROM `type` WHERE ( fid=109 and state< 9 )  [ RunTime:0.000000s ]
SQL: SELECT * FROM `type` WHERE ( fid=114 and state< 9 )  [ RunTime:0.000000s ]
SQL: SELECT * FROM `type` WHERE ( fid=117 and state< 9 )  [ RunTime:0.001000s ]
SQL: SELECT * FROM `type` WHERE ( fid=7 and state< 9 )  [ RunTime:0.000000s ]
SQL: SELECT * FROM `type` WHERE ( fid=139 and state< 9 )  [ RunTime:0.000000s ]
SQL: SELECT * FROM `type` WHERE ( fid=8 and state< 9 )  [ RunTime:0.000000s ]
SQL: SELECT * FROM `type` WHERE ( fid=123 and state< 9 )  [ RunTime:0.000000s ]
SQL: SELECT * FROM `type` WHERE ( fid=128 and state< 9 )  [ RunTime:0.000000s ]
SQL: SELECT * FROM `type` WHERE ( fid=132 and state< 9 )  [ RunTime:0.000000s ]
SQL: SHOW COLUMNS FROM `articles` [ RunTime:0.004001s ]
SQL: SELECT * FROM `articles` WHERE ( articleId=25 ) LIMIT 1   [ RunTime:0.000000s ]
SQL: SELECT * FROM `type` WHERE ( typeId = 56 ) LIMIT 1   [ RunTime:0.000000s ]
SQL: SELECT * FROM `type` WHERE ( typeId = 55 ) LIMIT 1   [ RunTime:0.001000s ]
SQL: SELECT * FROM `type` WHERE ( typeId = 2 ) LIMIT 1   [ RunTime:0.000000s ]
SQL: SELECT * FROM `type` WHERE ( fid = 55 )  [ RunTime:0.000000s ]
INFO: [ view_parse ] --START--
INFO: [ template_filter ] --START--
INFO: Run Behavior\ContentReplaceBehavior [ RunTime:0.000000s ]
INFO: [ template_filter ] --END-- [ RunTime:0.000000s ]
INFO: Run Behavior\ParseTemplateBehavior [ RunTime:0.012000s ]
INFO: [ view_parse ] --END-- [ RunTime:0.012000s ]
INFO: [ view_filter ] --START--
INFO: Run Behavior\WriteHtmlCacheBehavior [ RunTime:0.000000s ]
INFO: [ view_filter ] --END-- [ RunTime:0.000000s ]
INFO: [ app_end ] --START--
INFO: Run Behavior\ShowPageTraceBehavior [ RunTime:0.000000s ]
INFO: [ app_end ] --END-- [ RunTime:0.000000s ]

[ 2018-07-03T08:57:12+08:00 ] 172.66.66.168 /index.php/Listtype/index/typeId/57
INFO: [ app_init ] --START--
INFO: Run Behavior\BuildLiteBehavior [ RunTime:0.000000s ]
INFO: [ app_init ] --END-- [ RunTime:0.002001s ]
INFO: [ app_begin ] --START--
INFO: Run Behavior\ReadHtmlCacheBehavior [ RunTime:0.001000s ]
INFO: [ app_begin ] --END-- [ RunTime:0.002000s ]
SQL: SHOW COLUMNS FROM `type` [ RunTime:0.005000s ]
SQL: SELECT * FROM `type` WHERE ( fid=0 and state< 9 )  [ RunTime:0.000000s ]
SQL: SELECT * FROM `type` WHERE ( fid=1 and state< 9 )  [ RunTime:0.000000s ]
SQL: SELECT * FROM `type` WHERE ( fid=9 and state< 9 )  [ RunTime:0.000000s ]
SQL: SELECT * FROM `type` WHERE ( fid=16 and state< 9 )  [ RunTime:0.000000s ]
SQL: SELECT * FROM `type` WHERE ( fid=20 and state< 9 )  [ RunTime:0.000000s ]
SQL: SELECT * FROM `type` WHERE ( fid=24 and state< 9 )  [ RunTime:0.001000s ]
SQL: SELECT * FROM `type` WHERE ( fid=27 and state< 9 )  [ RunTime:0.000000s ]
SQL: SELECT * FROM `type` WHERE ( fid=32 and state< 9 )  [ RunTime:0.000000s ]
SQL: SELECT * FROM `type` WHERE ( fid=35 and state< 9 )  [ RunTime:0.000000s ]
SQL: SELECT * FROM `type` WHERE ( fid=39 and state< 9 )  [ RunTime:0.000000s ]
SQL: SELECT * FROM `type` WHERE ( fid=2 and state< 9 )  [ RunTime:0.000000s ]
SQL: SELECT * FROM `type` WHERE ( fid=42 and state< 9 )  [ RunTime:0.000000s ]
SQL: SELECT * FROM `type` WHERE ( fid=48 and state< 9 )  [ RunTime:0.001001s ]
SQL: SELECT * FROM `type` WHERE ( fid=50 and state< 9 )  [ RunTime:0.000000s ]
SQL: SELECT * FROM `type` WHERE ( fid=55 and state< 9 )  [ RunTime:0.001000s ]
SQL: SELECT * FROM `type` WHERE ( fid=62 and state< 9 )  [ RunTime:0.000000s ]
SQL: SELECT * FROM `type` WHERE ( fid=3 and state< 9 )  [ RunTime:0.000000s ]
SQL: SELECT * FROM `type` WHERE ( fid=65 and state< 9 )  [ RunTime:0.001000s ]
SQL: SELECT * FROM `type` WHERE ( fid=4 and state< 9 )  [ RunTime:0.000000s ]
SQL: SELECT * FROM `type` WHERE ( fid=70 and state< 9 )  [ RunTime:0.000000s ]
SQL: SELECT * FROM `type` WHERE ( fid=74 and state< 9 )  [ RunTime:0.001000s ]
SQL: SELECT * FROM `type` WHERE ( fid=79 and state< 9 )  [ RunTime:0.000000s ]
SQL: SELECT * FROM `type` WHERE ( fid=84 and state< 9 )  [ RunTime:0.000000s ]
SQL: SELECT * FROM `type` WHERE ( fid=5 and state< 9 )  [ RunTime:0.000000s ]
SQL: SELECT * FROM `type` WHERE ( fid=87 and state< 9 )  [ RunTime:0.000000s ]
SQL: SELECT * FROM `type` WHERE ( fid=93 and state< 9 )  [ RunTime:0.000000s ]
SQL: SELECT * FROM `type` WHERE ( fid=95 and state< 9 )  [ RunTime:0.000000s ]
SQL: SELECT * FROM `type` WHERE ( fid=100 and state< 9 )  [ RunTime:0.000000s ]
SQL: SELECT * FROM `type` WHERE ( fid=6 and state< 9 )  [ RunTime:0.000000s ]
SQL: SELECT * FROM `type` WHERE ( fid=104 and state< 9 )  [ RunTime:0.001000s ]
SQL: SELECT * FROM `type` WHERE ( fid=109 and state< 9 )  [ RunTime:0.000000s ]
SQL: SELECT * FROM `type` WHERE ( fid=114 and state< 9 )  [ RunTime:0.000000s ]
SQL: SELECT * FROM `type` WHERE ( fid=117 and state< 9 )  [ RunTime:0.001000s ]
SQL: SELECT * FROM `type` WHERE ( fid=7 and state< 9 )  [ RunTime:0.000000s ]
SQL: SELECT * FROM `type` WHERE ( fid=139 and state< 9 )  [ RunTime:0.000000s ]
SQL: SELECT * FROM `type` WHERE ( fid=8 and state< 9 )  [ RunTime:0.001000s ]
SQL: SELECT * FROM `type` WHERE ( fid=123 and state< 9 )  [ RunTime:0.000000s ]
SQL: SELECT * FROM `type` WHERE ( fid=128 and state< 9 )  [ RunTime:0.000000s ]
SQL: SELECT * FROM `type` WHERE ( fid=132 and state< 9 )  [ RunTime:0.001000s ]
SQL: SELECT * FROM `type` WHERE ( fid=0 and state< 9 )  [ RunTime:0.000000s ]
SQL: SELECT * FROM `type` WHERE ( fid=1 and state< 9 )  [ RunTime:0.000000s ]
SQL: SELECT * FROM `type` WHERE ( fid=9 and state< 9 )  [ RunTime:0.001000s ]
SQL: SELECT * FROM `type` WHERE ( fid=16 and state< 9 )  [ RunTime:0.000000s ]
SQL: SELECT * FROM `type` WHERE ( fid=20 and state< 9 )  [ RunTime:0.000000s ]
SQL: SELECT * FROM `type` WHERE ( fid=24 and state< 9 )  [ RunTime:0.001000s ]
SQL: SELECT * FROM `type` WHERE ( fid=27 and state< 9 )  [ RunTime:0.000000s ]
SQL: SELECT * FROM `type` WHERE ( fid=32 and state< 9 )  [ RunTime:0.000000s ]
SQL: SELECT * FROM `type` WHERE ( fid=35 and state< 9 )  [ RunTime:0.000000s ]
SQL: SELECT * FROM `type` WHERE ( fid=39 and state< 9 )  [ RunTime:0.000000s ]
SQL: SELECT * FROM `type` WHERE ( fid=2 and state< 9 )  [ RunTime:0.000000s ]
SQL: SELECT * FROM `type` WHERE ( fid=42 and state< 9 )  [ RunTime:0.000000s ]
SQL: SELECT * FROM `type` WHERE ( fid=48 and state< 9 )  [ RunTime:0.000000s ]
SQL: SELECT * FROM `type` WHERE ( fid=50 and state< 9 )  [ RunTime:0.000000s ]
SQL: SELECT * FROM `type` WHERE ( fid=55 and state< 9 )  [ RunTime:0.000000s ]
SQL: SELECT * FROM `type` WHERE ( fid=62 and state< 9 )  [ RunTime:0.001000s ]
SQL: SELECT * FROM `type` WHERE ( fid=3 and state< 9 )  [ RunTime:0.000000s ]
SQL: SELECT * FROM `type` WHERE ( fid=65 and state< 9 )  [ RunTime:0.000000s ]
SQL: SELECT * FROM `type` WHERE ( fid=4 and state< 9 )  [ RunTime:0.001000s ]
SQL: SELECT * FROM `type` WHERE ( fid=70 and state< 9 )  [ RunTime:0.000000s ]
SQL: SELECT * FROM `type` WHERE ( fid=74 and state< 9 )  [ RunTime:0.000000s ]
SQL: SELECT * FROM `type` WHERE ( fid=79 and state< 9 )  [ RunTime:0.001000s ]
SQL: SELECT * FROM `type` WHERE ( fid=84 and state< 9 )  [ RunTime:0.000000s ]
SQL: SELECT * FROM `type` WHERE ( fid=5 and state< 9 )  [ RunTime:0.000000s ]
SQL: SELECT * FROM `type` WHERE ( fid=87 and state< 9 )  [ RunTime:0.001000s ]
SQL: SELECT * FROM `type` WHERE ( fid=93 and state< 9 )  [ RunTime:0.000000s ]
SQL: SELECT * FROM `type` WHERE ( fid=95 and state< 9 )  [ RunTime:0.000000s ]
SQL: SELECT * FROM `type` WHERE ( fid=100 and state< 9 )  [ RunTime:0.000000s ]
SQL: SELECT * FROM `type` WHERE ( fid=6 and state< 9 )  [ RunTime:0.000000s ]
SQL: SELECT * FROM `type` WHERE ( fid=104 and state< 9 )  [ RunTime:0.000000s ]
SQL: SELECT * FROM `type` WHERE ( fid=109 and state< 9 )  [ RunTime:0.000000s ]
SQL: SELECT * FROM `type` WHERE ( fid=114 and state< 9 )  [ RunTime:0.001000s ]
SQL: SELECT * FROM `type` WHERE ( fid=117 and state< 9 )  [ RunTime:0.000000s ]
SQL: SELECT * FROM `type` WHERE ( fid=7 and state< 9 )  [ RunTime:0.000000s ]
SQL: SELECT * FROM `type` WHERE ( fid=139 and state< 9 )  [ RunTime:0.001000s ]
SQL: SELECT * FROM `type` WHERE ( fid=8 and state< 9 )  [ RunTime:0.000000s ]
SQL: SELECT * FROM `type` WHERE ( fid=123 and state< 9 )  [ RunTime:0.000000s ]
SQL: SELECT * FROM `type` WHERE ( fid=128 and state< 9 )  [ RunTime:0.000000s ]
SQL: SELECT * FROM `type` WHERE ( fid=132 and state< 9 )  [ RunTime:0.000000s ]
SQL: SELECT * FROM `type` WHERE ( typeId=57 ) LIMIT 1   [ RunTime:0.000000s ]
SQL: SELECT * FROM `type` WHERE ( typeId=55 ) LIMIT 1   [ RunTime:0.000000s ]
SQL: SELECT * FROM `type` WHERE ( typeId=2 ) LIMIT 1   [ RunTime:0.001000s ]
SQL: SELECT * FROM `type` WHERE ( fid = 55 )  [ RunTime:0.000000s ]
SQL: SHOW COLUMNS FROM `articles` [ RunTime:0.005000s ]
SQL: SELECT COUNT(*) AS tp_count FROM `articles` WHERE ( typeId=57 ) LIMIT 1   [ RunTime:0.000000s ]
SQL: SELECT * FROM `articles` WHERE ( typeId=57 ) LIMIT 1   [ RunTime:0.000000s ]

[ 2018-07-03T08:57:12+08:00 ] 172.66.66.168 /index.php/News/index/articleId/26.html
INFO: [ app_init ] --START--
INFO: Run Behavior\BuildLiteBehavior [ RunTime:0.000000s ]
INFO: [ app_init ] --END-- [ RunTime:0.001000s ]
INFO: [ app_begin ] --START--
INFO: Run Behavior\ReadHtmlCacheBehavior [ RunTime:0.000000s ]
INFO: [ app_begin ] --END-- [ RunTime:0.000000s ]
SQL: SHOW COLUMNS FROM `type` [ RunTime:0.005000s ]
SQL: SELECT * FROM `type` WHERE ( fid=0 and state< 9 )  [ RunTime:0.001000s ]
SQL: SELECT * FROM `type` WHERE ( fid=1 and state< 9 )  [ RunTime:0.000000s ]
SQL: SELECT * FROM `type` WHERE ( fid=9 and state< 9 )  [ RunTime:0.000000s ]
SQL: SELECT * FROM `type` WHERE ( fid=16 and state< 9 )  [ RunTime:0.000000s ]
SQL: SELECT * FROM `type` WHERE ( fid=20 and state< 9 )  [ RunTime:0.000000s ]
SQL: SELECT * FROM `type` WHERE ( fid=24 and state< 9 )  [ RunTime:0.001001s ]
SQL: SELECT * FROM `type` WHERE ( fid=27 and state< 9 )  [ RunTime:0.000000s ]
SQL: SELECT * FROM `type` WHERE ( fid=32 and state< 9 )  [ RunTime:0.000000s ]
SQL: SELECT * FROM `type` WHERE ( fid=35 and state< 9 )  [ RunTime:0.001000s ]
SQL: SELECT * FROM `type` WHERE ( fid=39 and state< 9 )  [ RunTime:0.000000s ]
SQL: SELECT * FROM `type` WHERE ( fid=2 and state< 9 )  [ RunTime:0.000000s ]
SQL: SELECT * FROM `type` WHERE ( fid=42 and state< 9 )  [ RunTime:0.001000s ]
SQL: SELECT * FROM `type` WHERE ( fid=48 and state< 9 )  [ RunTime:0.000000s ]
SQL: SELECT * FROM `type` WHERE ( fid=50 and state< 9 )  [ RunTime:0.000000s ]
SQL: SELECT * FROM `type` WHERE ( fid=55 and state< 9 )  [ RunTime:0.001000s ]
SQL: SELECT * FROM `type` WHERE ( fid=62 and state< 9 )  [ RunTime:0.000000s ]
SQL: SELECT * FROM `type` WHERE ( fid=3 and state< 9 )  [ RunTime:0.000000s ]
SQL: SELECT * FROM `type` WHERE ( fid=65 and state< 9 )  [ RunTime:0.001000s ]
SQL: SELECT * FROM `type` WHERE ( fid=4 and state< 9 )  [ RunTime:0.000000s ]
SQL: SELECT * FROM `type` WHERE ( fid=70 and state< 9 )  [ RunTime:0.000000s ]
SQL: SELECT * FROM `type` WHERE ( fid=74 and state< 9 )  [ RunTime:0.000000s ]
SQL: SELECT * FROM `type` WHERE ( fid=79 and state< 9 )  [ RunTime:0.000000s ]
SQL: SELECT * FROM `type` WHERE ( fid=84 and state< 9 )  [ RunTime:0.000000s ]
SQL: SELECT * FROM `type` WHERE ( fid=5 and state< 9 )  [ RunTime:0.000000s ]
SQL: SELECT * FROM `type` WHERE ( fid=87 and state< 9 )  [ RunTime:0.000000s ]
SQL: SELECT * FROM `type` WHERE ( fid=93 and state< 9 )  [ RunTime:0.000000s ]
SQL: SELECT * FROM `type` WHERE ( fid=95 and state< 9 )  [ RunTime:0.000000s ]
SQL: SELECT * FROM `type` WHERE ( fid=100 and state< 9 )  [ RunTime:0.000000s ]
SQL: SELECT * FROM `type` WHERE ( fid=6 and state< 9 )  [ RunTime:0.000000s ]
SQL: SELECT * FROM `type` WHERE ( fid=104 and state< 9 )  [ RunTime:0.000000s ]
SQL: SELECT * FROM `type` WHERE ( fid=109 and state< 9 )  [ RunTime:0.000000s ]
SQL: SELECT * FROM `type` WHERE ( fid=114 and state< 9 )  [ RunTime:0.000000s ]
SQL: SELECT * FROM `type` WHERE ( fid=117 and state< 9 )  [ RunTime:0.000000s ]
SQL: SELECT * FROM `type` WHERE ( fid=7 and state< 9 )  [ RunTime:0.000000s ]
SQL: SELECT * FROM `type` WHERE ( fid=139 and state< 9 )  [ RunTime:0.000000s ]
SQL: SELECT * FROM `type` WHERE ( fid=8 and state< 9 )  [ RunTime:0.000000s ]
SQL: SELECT * FROM `type` WHERE ( fid=123 and state< 9 )  [ RunTime:0.000000s ]
SQL: SELECT * FROM `type` WHERE ( fid=128 and state< 9 )  [ RunTime:0.000000s ]
SQL: SELECT * FROM `type` WHERE ( fid=132 and state< 9 )  [ RunTime:0.000000s ]
SQL: SHOW COLUMNS FROM `imgpath` [ RunTime:0.005000s ]
SQL: SELECT * FROM `imgpath` WHERE ( state<9 ) ORDER BY id desc LIMIT 0,4   [ RunTime:0.000000s ]
SQL: SELECT * FROM `type` WHERE ( fid=0 and state< 9 )  [ RunTime:0.001001s ]
SQL: SELECT * FROM `type` WHERE ( fid=1 and state< 9 )  [ RunTime:0.000000s ]
SQL: SELECT * FROM `type` WHERE ( fid=9 and state< 9 )  [ RunTime:0.000000s ]
SQL: SELECT * FROM `type` WHERE ( fid=16 and state< 9 )  [ RunTime:0.000000s ]
SQL: SELECT * FROM `type` WHERE ( fid=20 and state< 9 )  [ RunTime:0.000000s ]
SQL: SELECT * FROM `type` WHERE ( fid=24 and state< 9 )  [ RunTime:0.001000s ]
SQL: SELECT * FROM `type` WHERE ( fid=27 and state< 9 )  [ RunTime:0.000000s ]
SQL: SELECT * FROM `type` WHERE ( fid=32 and state< 9 )  [ RunTime:0.000000s ]
SQL: SELECT * FROM `type` WHERE ( fid=35 and state< 9 )  [ RunTime:0.001000s ]
SQL: SELECT * FROM `type` WHERE ( fid=39 and state< 9 )  [ RunTime:0.000000s ]
SQL: SELECT * FROM `type` WHERE ( fid=2 and state< 9 )  [ RunTime:0.000000s ]
SQL: SELECT * FROM `type` WHERE ( fid=42 and state< 9 )  [ RunTime:0.001000s ]
SQL: SELECT * FROM `type` WHERE ( fid=48 and state< 9 )  [ RunTime:0.000000s ]
SQL: SELECT * FROM `type` WHERE ( fid=50 and state< 9 )  [ RunTime:0.000000s ]
SQL: SELECT * FROM `type` WHERE ( fid=55 and state< 9 )  [ RunTime:0.001000s ]
SQL: SELECT * FROM `type` WHERE ( fid=62 and state< 9 )  [ RunTime:0.000000s ]
SQL: SELECT * FROM `type` WHERE ( fid=3 and state< 9 )  [ RunTime:0.000000s ]
SQL: SELECT * FROM `type` WHERE ( fid=65 and state< 9 )  [ RunTime:0.001000s ]
SQL: SELECT * FROM `type` WHERE ( fid=4 and state< 9 )  [ RunTime:0.000000s ]
SQL: SELECT * FROM `type` WHERE ( fid=70 and state< 9 )  [ RunTime:0.000000s ]
SQL: SELECT * FROM `type` WHERE ( fid=74 and state< 9 )  [ RunTime:0.001000s ]
SQL: SELECT * FROM `type` WHERE ( fid=79 and state< 9 )  [ RunTime:0.000000s ]
SQL: SELECT * FROM `type` WHERE ( fid=84 and state< 9 )  [ RunTime:0.000000s ]
SQL: SELECT * FROM `type` WHERE ( fid=5 and state< 9 )  [ RunTime:0.001000s ]
SQL: SELECT * FROM `type` WHERE ( fid=87 and state< 9 )  [ RunTime:0.000000s ]
SQL: SELECT * FROM `type` WHERE ( fid=93 and state< 9 )  [ RunTime:0.001000s ]
SQL: SELECT * FROM `type` WHERE ( fid=95 and state< 9 )  [ RunTime:0.000000s ]
SQL: SELECT * FROM `type` WHERE ( fid=100 and state< 9 )  [ RunTime:0.001000s ]
SQL: SELECT * FROM `type` WHERE ( fid=6 and state< 9 )  [ RunTime:0.000000s ]
SQL: SELECT * FROM `type` WHERE ( fid=104 and state< 9 )  [ RunTime:0.000000s ]
SQL: SELECT * FROM `type` WHERE ( fid=109 and state< 9 )  [ RunTime:0.000000s ]
SQL: SELECT * FROM `type` WHERE ( fid=114 and state< 9 )  [ RunTime:0.000000s ]
SQL: SELECT * FROM `type` WHERE ( fid=117 and state< 9 )  [ RunTime:0.000000s ]
SQL: SELECT * FROM `type` WHERE ( fid=7 and state< 9 )  [ RunTime:0.000000s ]
SQL: SELECT * FROM `type` WHERE ( fid=139 and state< 9 )  [ RunTime:0.000000s ]
SQL: SELECT * FROM `type` WHERE ( fid=8 and state< 9 )  [ RunTime:0.000000s ]
SQL: SELECT * FROM `type` WHERE ( fid=123 and state< 9 )  [ RunTime:0.000000s ]
SQL: SELECT * FROM `type` WHERE ( fid=128 and state< 9 )  [ RunTime:0.000000s ]
SQL: SELECT * FROM `type` WHERE ( fid=132 and state< 9 )  [ RunTime:0.000000s ]
SQL: SHOW COLUMNS FROM `articles` [ RunTime:0.004001s ]
SQL: SELECT * FROM `articles` WHERE ( articleId=26 ) LIMIT 1   [ RunTime:0.000000s ]
SQL: SELECT * FROM `type` WHERE ( typeId = 57 ) LIMIT 1   [ RunTime:0.001000s ]
SQL: SELECT * FROM `type` WHERE ( typeId = 55 ) LIMIT 1   [ RunTime:0.000000s ]
SQL: SELECT * FROM `type` WHERE ( typeId = 2 ) LIMIT 1   [ RunTime:0.000000s ]
SQL: SELECT * FROM `type` WHERE ( fid = 55 )  [ RunTime:0.001000s ]
INFO: [ view_parse ] --START--
INFO: [ template_filter ] --START--
INFO: Run Behavior\ContentReplaceBehavior [ RunTime:0.000000s ]
INFO: [ template_filter ] --END-- [ RunTime:0.001000s ]
INFO: Run Behavior\ParseTemplateBehavior [ RunTime:0.012000s ]
INFO: [ view_parse ] --END-- [ RunTime:0.012000s ]
INFO: [ view_filter ] --START--
INFO: Run Behavior\WriteHtmlCacheBehavior [ RunTime:0.000000s ]
INFO: [ view_filter ] --END-- [ RunTime:0.000000s ]
INFO: [ app_end ] --START--
INFO: Run Behavior\ShowPageTraceBehavior [ RunTime:0.000000s ]
INFO: [ app_end ] --END-- [ RunTime:0.000000s ]

[ 2018-07-03T08:57:15+08:00 ] 172.66.66.168 /index.php/Listtype/index/typeId/58
INFO: [ app_init ] --START--
INFO: Run Behavior\BuildLiteBehavior [ RunTime:0.000000s ]
INFO: [ app_init ] --END-- [ RunTime:0.002000s ]
INFO: [ app_begin ] --START--
INFO: Run Behavior\ReadHtmlCacheBehavior [ RunTime:0.001000s ]
INFO: [ app_begin ] --END-- [ RunTime:0.001000s ]
SQL: SHOW COLUMNS FROM `type` [ RunTime:0.004000s ]
SQL: SELECT * FROM `type` WHERE ( fid=0 and state< 9 )  [ RunTime:0.000000s ]
SQL: SELECT * FROM `type` WHERE ( fid=1 and state< 9 )  [ RunTime:0.001000s ]
SQL: SELECT * FROM `type` WHERE ( fid=9 and state< 9 )  [ RunTime:0.000000s ]
SQL: SELECT * FROM `type` WHERE ( fid=16 and state< 9 )  [ RunTime:0.001000s ]
SQL: SELECT * FROM `type` WHERE ( fid=20 and state< 9 )  [ RunTime:0.000000s ]
SQL: SELECT * FROM `type` WHERE ( fid=24 and state< 9 )  [ RunTime:0.000000s ]
SQL: SELECT * FROM `type` WHERE ( fid=27 and state< 9 )  [ RunTime:0.000000s ]
SQL: SELECT * FROM `type` WHERE ( fid=32 and state< 9 )  [ RunTime:0.000000s ]
SQL: SELECT * FROM `type` WHERE ( fid=35 and state< 9 )  [ RunTime:0.001000s ]
SQL: SELECT * FROM `type` WHERE ( fid=39 and state< 9 )  [ RunTime:0.000000s ]
SQL: SELECT * FROM `type` WHERE ( fid=2 and state< 9 )  [ RunTime:0.001000s ]
SQL: SELECT * FROM `type` WHERE ( fid=42 and state< 9 )  [ RunTime:0.000000s ]
SQL: SELECT * FROM `type` WHERE ( fid=48 and state< 9 )  [ RunTime:0.000000s ]
SQL: SELECT * FROM `type` WHERE ( fid=50 and state< 9 )  [ RunTime:0.000000s ]
SQL: SELECT * FROM `type` WHERE ( fid=55 and state< 9 )  [ RunTime:0.000000s ]
SQL: SELECT * FROM `type` WHERE ( fid=62 and state< 9 )  [ RunTime:0.000000s ]
SQL: SELECT * FROM `type` WHERE ( fid=3 and state< 9 )  [ RunTime:0.000000s ]
SQL: SELECT * FROM `type` WHERE ( fid=65 and state< 9 )  [ RunTime:0.001000s ]
SQL: SELECT * FROM `type` WHERE ( fid=4 and state< 9 )  [ RunTime:0.000000s ]
SQL: SELECT * FROM `type` WHERE ( fid=70 and state< 9 )  [ RunTime:0.001000s ]
SQL: SELECT * FROM `type` WHERE ( fid=74 and state< 9 )  [ RunTime:0.000000s ]
SQL: SELECT * FROM `type` WHERE ( fid=79 and state< 9 )  [ RunTime:0.000000s ]
SQL: SELECT * FROM `type` WHERE ( fid=84 and state< 9 )  [ RunTime:0.000000s ]
SQL: SELECT * FROM `type` WHERE ( fid=5 and state< 9 )  [ RunTime:0.000000s ]
SQL: SELECT * FROM `type` WHERE ( fid=87 and state< 9 )  [ RunTime:0.001000s ]
SQL: SELECT * FROM `type` WHERE ( fid=93 and state< 9 )  [ RunTime:0.000000s ]
SQL: SELECT * FROM `type` WHERE ( fid=95 and state< 9 )  [ RunTime:0.000000s ]
SQL: SELECT * FROM `type` WHERE ( fid=100 and state< 9 )  [ RunTime:0.000000s ]
SQL: SELECT * FROM `type` WHERE ( fid=6 and state< 9 )  [ RunTime:0.000000s ]
SQL: SELECT * FROM `type` WHERE ( fid=104 and state< 9 )  [ RunTime:0.000000s ]
SQL: SELECT * FROM `type` WHERE ( fid=109 and state< 9 )  [ RunTime:0.001000s ]
SQL: SELECT * FROM `type` WHERE ( fid=114 and state< 9 )  [ RunTime:0.000000s ]
SQL: SELECT * FROM `type` WHERE ( fid=117 and state< 9 )  [ RunTime:0.001000s ]
SQL: SELECT * FROM `type` WHERE ( fid=7 and state< 9 )  [ RunTime:0.000000s ]
SQL: SELECT * FROM `type` WHERE ( fid=139 and state< 9 )  [ RunTime:0.001000s ]
SQL: SELECT * FROM `type` WHERE ( fid=8 and state< 9 )  [ RunTime:0.000000s ]
SQL: SELECT * FROM `type` WHERE ( fid=123 and state< 9 )  [ RunTime:0.001000s ]
SQL: SELECT * FROM `type` WHERE ( fid=128 and state< 9 )  [ RunTime:0.000000s ]
SQL: SELECT * FROM `type` WHERE ( fid=132 and state< 9 )  [ RunTime:0.000000s ]
SQL: SELECT * FROM `type` WHERE ( fid=0 and state< 9 )  [ RunTime:0.000000s ]
SQL: SELECT * FROM `type` WHERE ( fid=1 and state< 9 )  [ RunTime:0.000000s ]
SQL: SELECT * FROM `type` WHERE ( fid=9 and state< 9 )  [ RunTime:0.000000s ]
SQL: SELECT * FROM `type` WHERE ( fid=16 and state< 9 )  [ RunTime:0.000000s ]
SQL: SELECT * FROM `type` WHERE ( fid=20 and state< 9 )  [ RunTime:0.001000s ]
SQL: SELECT * FROM `type` WHERE ( fid=24 and state< 9 )  [ RunTime:0.000000s ]
SQL: SELECT * FROM `type` WHERE ( fid=27 and state< 9 )  [ RunTime:0.000000s ]
SQL: SELECT * FROM `type` WHERE ( fid=32 and state< 9 )  [ RunTime:0.001001s ]
SQL: SELECT * FROM `type` WHERE ( fid=35 and state< 9 )  [ RunTime:0.000000s ]
SQL: SELECT * FROM `type` WHERE ( fid=39 and state< 9 )  [ RunTime:0.000000s ]
SQL: SELECT * FROM `type` WHERE ( fid=2 and state< 9 )  [ RunTime:0.000000s ]
SQL: SELECT * FROM `type` WHERE ( fid=42 and state< 9 )  [ RunTime:0.001000s ]
SQL: SELECT * FROM `type` WHERE ( fid=48 and state< 9 )  [ RunTime:0.000000s ]
SQL: SELECT * FROM `type` WHERE ( fid=50 and state< 9 )  [ RunTime:0.000000s ]
SQL: SELECT * FROM `type` WHERE ( fid=55 and state< 9 )  [ RunTime:0.001000s ]
SQL: SELECT * FROM `type` WHERE ( fid=62 and state< 9 )  [ RunTime:0.000000s ]
SQL: SELECT * FROM `type` WHERE ( fid=3 and state< 9 )  [ RunTime:0.000000s ]
SQL: SELECT * FROM `type` WHERE ( fid=65 and state< 9 )  [ RunTime:0.000000s ]
SQL: SELECT * FROM `type` WHERE ( fid=4 and state< 9 )  [ RunTime:0.000000s ]
SQL: SELECT * FROM `type` WHERE ( fid=70 and state< 9 )  [ RunTime:0.001000s ]
SQL: SELECT * FROM `type` WHERE ( fid=74 and state< 9 )  [ RunTime:0.000000s ]
SQL: SELECT * FROM `type` WHERE ( fid=79 and state< 9 )  [ RunTime:0.001000s ]
SQL: SELECT * FROM `type` WHERE ( fid=84 and state< 9 )  [ RunTime:0.000000s ]
SQL: SELECT * FROM `type` WHERE ( fid=5 and state< 9 )  [ RunTime:0.000000s ]
SQL: SELECT * FROM `type` WHERE ( fid=87 and state< 9 )  [ RunTime:0.001000s ]
SQL: SELECT * FROM `type` WHERE ( fid=93 and state< 9 )  [ RunTime:0.000000s ]
SQL: SELECT * FROM `type` WHERE ( fid=95 and state< 9 )  [ RunTime:0.000000s ]
SQL: SELECT * FROM `type` WHERE ( fid=100 and state< 9 )  [ RunTime:0.001000s ]
SQL: SELECT * FROM `type` WHERE ( fid=6 and state< 9 )  [ RunTime:0.001000s ]
SQL: SELECT * FROM `type` WHERE ( fid=104 and state< 9 )  [ RunTime:0.001000s ]
SQL: SELECT * FROM `type` WHERE ( fid=109 and state< 9 )  [ RunTime:0.000000s ]
SQL: SELECT * FROM `type` WHERE ( fid=114 and state< 9 )  [ RunTime:0.000000s ]
SQL: SELECT * FROM `type` WHERE ( fid=117 and state< 9 )  [ RunTime:0.000000s ]
SQL: SELECT * FROM `type` WHERE ( fid=7 and state< 9 )  [ RunTime:0.000000s ]
SQL: SELECT * FROM `type` WHERE ( fid=139 and state< 9 )  [ RunTime:0.001000s ]
SQL: SELECT * FROM `type` WHERE ( fid=8 and state< 9 )  [ RunTime:0.000000s ]
SQL: SELECT * FROM `type` WHERE ( fid=123 and state< 9 )  [ RunTime:0.000000s ]
SQL: SELECT * FROM `type` WHERE ( fid=128 and state< 9 )  [ RunTime:0.000000s ]
SQL: SELECT * FROM `type` WHERE ( fid=132 and state< 9 )  [ RunTime:0.000000s ]
SQL: SELECT * FROM `type` WHERE ( typeId=58 ) LIMIT 1   [ RunTime:0.000000s ]
SQL: SELECT * FROM `type` WHERE ( typeId=55 ) LIMIT 1   [ RunTime:0.000000s ]
SQL: SELECT * FROM `type` WHERE ( typeId=2 ) LIMIT 1   [ RunTime:0.000000s ]
SQL: SELECT * FROM `type` WHERE ( fid = 55 )  [ RunTime:0.000000s ]
SQL: SHOW COLUMNS FROM `articles` [ RunTime:0.004001s ]
SQL: SELECT COUNT(*) AS tp_count FROM `articles` WHERE ( typeId=58 ) LIMIT 1   [ RunTime:0.001000s ]
SQL: SELECT * FROM `articles` WHERE ( typeId=58 ) LIMIT 1   [ RunTime:0.000000s ]

[ 2018-07-03T08:57:15+08:00 ] 172.66.66.168 /index.php/News/index/articleId/27.html
INFO: [ app_init ] --START--
INFO: Run Behavior\BuildLiteBehavior [ RunTime:0.000000s ]
INFO: [ app_init ] --END-- [ RunTime:0.000000s ]
INFO: [ app_begin ] --START--
INFO: Run Behavior\ReadHtmlCacheBehavior [ RunTime:0.000000s ]
INFO: [ app_begin ] --END-- [ RunTime:0.000000s ]
SQL: SHOW COLUMNS FROM `type` [ RunTime:0.004000s ]
SQL: SELECT * FROM `type` WHERE ( fid=0 and state< 9 )  [ RunTime:0.000000s ]
SQL: SELECT * FROM `type` WHERE ( fid=1 and state< 9 )  [ RunTime:0.000000s ]
SQL: SELECT * FROM `type` WHERE ( fid=9 and state< 9 )  [ RunTime:0.000000s ]
SQL: SELECT * FROM `type` WHERE ( fid=16 and state< 9 )  [ RunTime:0.001000s ]
SQL: SELECT * FROM `type` WHERE ( fid=20 and state< 9 )  [ RunTime:0.000000s ]
SQL: SELECT * FROM `type` WHERE ( fid=24 and state< 9 )  [ RunTime:0.001000s ]
SQL: SELECT * FROM `type` WHERE ( fid=27 and state< 9 )  [ RunTime:0.000000s ]
SQL: SELECT * FROM `type` WHERE ( fid=32 and state< 9 )  [ RunTime:0.000000s ]
SQL: SELECT * FROM `type` WHERE ( fid=35 and state< 9 )  [ RunTime:0.001000s ]
SQL: SELECT * FROM `type` WHERE ( fid=39 and state< 9 )  [ RunTime:0.000000s ]
SQL: SELECT * FROM `type` WHERE ( fid=2 and state< 9 )  [ RunTime:0.000000s ]
SQL: SELECT * FROM `type` WHERE ( fid=42 and state< 9 )  [ RunTime:0.000000s ]
SQL: SELECT * FROM `type` WHERE ( fid=48 and state< 9 )  [ RunTime:0.000000s ]
SQL: SELECT * FROM `type` WHERE ( fid=50 and state< 9 )  [ RunTime:0.001000s ]
SQL: SELECT * FROM `type` WHERE ( fid=55 and state< 9 )  [ RunTime:0.000000s ]
SQL: SELECT * FROM `type` WHERE ( fid=62 and state< 9 )  [ RunTime:0.000000s ]
SQL: SELECT * FROM `type` WHERE ( fid=3 and state< 9 )  [ RunTime:0.001000s ]
SQL: SELECT * FROM `type` WHERE ( fid=65 and state< 9 )  [ RunTime:0.000000s ]
SQL: SELECT * FROM `type` WHERE ( fid=4 and state< 9 )  [ RunTime:0.001000s ]
SQL: SELECT * FROM `type` WHERE ( fid=70 and state< 9 )  [ RunTime:0.000000s ]
SQL: SELECT * FROM `type` WHERE ( fid=74 and state< 9 )  [ RunTime:0.000000s ]
SQL: SELECT * FROM `type` WHERE ( fid=79 and state< 9 )  [ RunTime:0.001000s ]
SQL: SELECT * FROM `type` WHERE ( fid=84 and state< 9 )  [ RunTime:0.000000s ]
SQL: SELECT * FROM `type` WHERE ( fid=5 and state< 9 )  [ RunTime:0.000000s ]
SQL: SELECT * FROM `type` WHERE ( fid=87 and state< 9 )  [ RunTime:0.001000s ]
SQL: SELECT * FROM `type` WHERE ( fid=93 and state< 9 )  [ RunTime:0.000000s ]
SQL: SELECT * FROM `type` WHERE ( fid=95 and state< 9 )  [ RunTime:0.000000s ]
SQL: SELECT * FROM `type` WHERE ( fid=100 and state< 9 )  [ RunTime:0.001000s ]
SQL: SELECT * FROM `type` WHERE ( fid=6 and state< 9 )  [ RunTime:0.000000s ]
SQL: SELECT * FROM `type` WHERE ( fid=104 and state< 9 )  [ RunTime:0.000000s ]
SQL: SELECT * FROM `type` WHERE ( fid=109 and state< 9 )  [ RunTime:0.001000s ]
SQL: SELECT * FROM `type` WHERE ( fid=114 and state< 9 )  [ RunTime:0.000000s ]
SQL: SELECT * FROM `type` WHERE ( fid=117 and state< 9 )  [ RunTime:0.000000s ]
SQL: SELECT * FROM `type` WHERE ( fid=7 and state< 9 )  [ RunTime:0.001000s ]
SQL: SELECT * FROM `type` WHERE ( fid=139 and state< 9 )  [ RunTime:0.000000s ]
SQL: SELECT * FROM `type` WHERE ( fid=8 and state< 9 )  [ RunTime:0.000000s ]
SQL: SELECT * FROM `type` WHERE ( fid=123 and state< 9 )  [ RunTime:0.001000s ]
SQL: SELECT * FROM `type` WHERE ( fid=128 and state< 9 )  [ RunTime:0.000000s ]
SQL: SELECT * FROM `type` WHERE ( fid=132 and state< 9 )  [ RunTime:0.000000s ]
SQL: SHOW COLUMNS FROM `imgpath` [ RunTime:0.005001s ]
SQL: SELECT * FROM `imgpath` WHERE ( state<9 ) ORDER BY id desc LIMIT 0,4   [ RunTime:0.000000s ]
SQL: SELECT * FROM `type` WHERE ( fid=0 and state< 9 )  [ RunTime:0.000000s ]
SQL: SELECT * FROM `type` WHERE ( fid=1 and state< 9 )  [ RunTime:0.000000s ]
SQL: SELECT * FROM `type` WHERE ( fid=9 and state< 9 )  [ RunTime:0.000000s ]
SQL: SELECT * FROM `type` WHERE ( fid=16 and state< 9 )  [ RunTime:0.001000s ]
SQL: SELECT * FROM `type` WHERE ( fid=20 and state< 9 )  [ RunTime:0.000000s ]
SQL: SELECT * FROM `type` WHERE ( fid=24 and state< 9 )  [ RunTime:0.001000s ]
SQL: SELECT * FROM `type` WHERE ( fid=27 and state< 9 )  [ RunTime:0.000000s ]
SQL: SELECT * FROM `type` WHERE ( fid=32 and state< 9 )  [ RunTime:0.000000s ]
SQL: SELECT * FROM `type` WHERE ( fid=35 and state< 9 )  [ RunTime:0.001000s ]
SQL: SELECT * FROM `type` WHERE ( fid=39 and state< 9 )  [ RunTime:0.000000s ]
SQL: SELECT * FROM `type` WHERE ( fid=2 and state< 9 )  [ RunTime:0.000000s ]
SQL: SELECT * FROM `type` WHERE ( fid=42 and state< 9 )  [ RunTime:0.000000s ]
SQL: SELECT * FROM `type` WHERE ( fid=48 and state< 9 )  [ RunTime:0.001000s ]
SQL: SELECT * FROM `type` WHERE ( fid=50 and state< 9 )  [ RunTime:0.000000s ]
SQL: SELECT * FROM `type` WHERE ( fid=55 and state< 9 )  [ RunTime:0.001000s ]
SQL: SELECT * FROM `type` WHERE ( fid=62 and state< 9 )  [ RunTime:0.000000s ]
SQL: SELECT * FROM `type` WHERE ( fid=3 and state< 9 )  [ RunTime:0.000000s ]
SQL: SELECT * FROM `type` WHERE ( fid=65 and state< 9 )  [ RunTime:0.000000s ]
SQL: SELECT * FROM `type` WHERE ( fid=4 and state< 9 )  [ RunTime:0.000000s ]
SQL: SELECT * FROM `type` WHERE ( fid=70 and state< 9 )  [ RunTime:0.001000s ]
SQL: SELECT * FROM `type` WHERE ( fid=74 and state< 9 )  [ RunTime:0.000000s ]
SQL: SELECT * FROM `type` WHERE ( fid=79 and state< 9 )  [ RunTime:0.000000s ]
SQL: SELECT * FROM `type` WHERE ( fid=84 and state< 9 )  [ RunTime:0.001000s ]
SQL: SELECT * FROM `type` WHERE ( fid=5 and state< 9 )  [ RunTime:0.000000s ]
SQL: SELECT * FROM `type` WHERE ( fid=87 and state< 9 )  [ RunTime:0.000000s ]
SQL: SELECT * FROM `type` WHERE ( fid=93 and state< 9 )  [ RunTime:0.000000s ]
SQL: SELECT * FROM `type` WHERE ( fid=95 and state< 9 )  [ RunTime:0.000000s ]
SQL: SELECT * FROM `type` WHERE ( fid=100 and state< 9 )  [ RunTime:0.001000s ]
SQL: SELECT * FROM `type` WHERE ( fid=6 and state< 9 )  [ RunTime:0.000000s ]
SQL: SELECT * FROM `type` WHERE ( fid=104 and state< 9 )  [ RunTime:0.000000s ]
SQL: SELECT * FROM `type` WHERE ( fid=109 and state< 9 )  [ RunTime:0.001000s ]
SQL: SELECT * FROM `type` WHERE ( fid=114 and state< 9 )  [ RunTime:0.000000s ]
SQL: SELECT * FROM `type` WHERE ( fid=117 and state< 9 )  [ RunTime:0.000000s ]
SQL: SELECT * FROM `type` WHERE ( fid=7 and state< 9 )  [ RunTime:0.001000s ]
SQL: SELECT * FROM `type` WHERE ( fid=139 and state< 9 )  [ RunTime:0.000000s ]
SQL: SELECT * FROM `type` WHERE ( fid=8 and state< 9 )  [ RunTime:0.000000s ]
SQL: SELECT * FROM `type` WHERE ( fid=123 and state< 9 )  [ RunTime:0.001000s ]
SQL: SELECT * FROM `type` WHERE ( fid=128 and state< 9 )  [ RunTime:0.000000s ]
SQL: SELECT * FROM `type` WHERE ( fid=132 and state< 9 )  [ RunTime:0.000000s ]
SQL: SHOW COLUMNS FROM `articles` [ RunTime:0.004001s ]
SQL: SELECT * FROM `articles` WHERE ( articleId=27 ) LIMIT 1   [ RunTime:0.000000s ]
SQL: SELECT * FROM `type` WHERE ( typeId = 58 ) LIMIT 1   [ RunTime:0.001000s ]
SQL: SELECT * FROM `type` WHERE ( typeId = 55 ) LIMIT 1   [ RunTime:0.000000s ]
SQL: SELECT * FROM `type` WHERE ( typeId = 2 ) LIMIT 1   [ RunTime:0.001000s ]
SQL: SELECT * FROM `type` WHERE ( fid = 55 )  [ RunTime:0.000000s ]
INFO: [ view_parse ] --START--
INFO: [ template_filter ] --START--
INFO: Run Behavior\ContentReplaceBehavior [ RunTime:0.000000s ]
INFO: [ template_filter ] --END-- [ RunTime:0.000000s ]
INFO: Run Behavior\ParseTemplateBehavior [ RunTime:0.013001s ]
INFO: [ view_parse ] --END-- [ RunTime:0.013001s ]
INFO: [ view_filter ] --START--
INFO: Run Behavior\WriteHtmlCacheBehavior [ RunTime:0.000000s ]
INFO: [ view_filter ] --END-- [ RunTime:0.000000s ]
INFO: [ app_end ] --START--
INFO: Run Behavior\ShowPageTraceBehavior [ RunTime:0.001000s ]
INFO: [ app_end ] --END-- [ RunTime:0.001000s ]

[ 2018-07-03T08:57:19+08:00 ] 172.66.66.168 /index.php/Listtype/index/typeId/59
INFO: [ app_init ] --START--
INFO: Run Behavior\BuildLiteBehavior [ RunTime:0.000000s ]
INFO: [ app_init ] --END-- [ RunTime:0.000000s ]
INFO: [ app_begin ] --START--
INFO: Run Behavior\ReadHtmlCacheBehavior [ RunTime:0.001000s ]
INFO: [ app_begin ] --END-- [ RunTime:0.001000s ]
SQL: SHOW COLUMNS FROM `type` [ RunTime:0.004000s ]
SQL: SELECT * FROM `type` WHERE ( fid=0 and state< 9 )  [ RunTime:0.001000s ]
SQL: SELECT * FROM `type` WHERE ( fid=1 and state< 9 )  [ RunTime:0.000000s ]
SQL: SELECT * FROM `type` WHERE ( fid=9 and state< 9 )  [ RunTime:0.001000s ]
SQL: SELECT * FROM `type` WHERE ( fid=16 and state< 9 )  [ RunTime:0.000000s ]
SQL: SELECT * FROM `type` WHERE ( fid=20 and state< 9 )  [ RunTime:0.000000s ]
SQL: SELECT * FROM `type` WHERE ( fid=24 and state< 9 )  [ RunTime:0.000000s ]
SQL: SELECT * FROM `type` WHERE ( fid=27 and state< 9 )  [ RunTime:0.000000s ]
SQL: SELECT * FROM `type` WHERE ( fid=32 and state< 9 )  [ RunTime:0.001000s ]
SQL: SELECT * FROM `type` WHERE ( fid=35 and state< 9 )  [ RunTime:0.000000s ]
SQL: SELECT * FROM `type` WHERE ( fid=39 and state< 9 )  [ RunTime:0.000000s ]
SQL: SELECT * FROM `type` WHERE ( fid=2 and state< 9 )  [ RunTime:0.001000s ]
SQL: SELECT * FROM `type` WHERE ( fid=42 and state< 9 )  [ RunTime:0.000000s ]
SQL: SELECT * FROM `type` WHERE ( fid=48 and state< 9 )  [ RunTime:0.000000s ]
SQL: SELECT * FROM `type` WHERE ( fid=50 and state< 9 )  [ RunTime:0.001000s ]
SQL: SELECT * FROM `type` WHERE ( fid=55 and state< 9 )  [ RunTime:0.000000s ]
SQL: SELECT * FROM `type` WHERE ( fid=62 and state< 9 )  [ RunTime:0.001000s ]
SQL: SELECT * FROM `type` WHERE ( fid=3 and state< 9 )  [ RunTime:0.000000s ]
SQL: SELECT * FROM `type` WHERE ( fid=65 and state< 9 )  [ RunTime:0.000000s ]
SQL: SELECT * FROM `type` WHERE ( fid=4 and state< 9 )  [ RunTime:0.001000s ]
SQL: SELECT * FROM `type` WHERE ( fid=70 and state< 9 )  [ RunTime:0.000000s ]
SQL: SELECT * FROM `type` WHERE ( fid=74 and state< 9 )  [ RunTime:0.000000s ]
SQL: SELECT * FROM `type` WHERE ( fid=79 and state< 9 )  [ RunTime:0.000000s ]
SQL: SELECT * FROM `type` WHERE ( fid=84 and state< 9 )  [ RunTime:0.001000s ]
SQL: SELECT * FROM `type` WHERE ( fid=5 and state< 9 )  [ RunTime:0.000000s ]
SQL: SELECT * FROM `type` WHERE ( fid=87 and state< 9 )  [ RunTime:0.001000s ]
SQL: SELECT * FROM `type` WHERE ( fid=93 and state< 9 )  [ RunTime:0.000000s ]
SQL: SELECT * FROM `type` WHERE ( fid=95 and state< 9 )  [ RunTime:0.001000s ]
SQL: SELECT * FROM `type` WHERE ( fid=100 and state< 9 )  [ RunTime:0.000000s ]
SQL: SELECT * FROM `type` WHERE ( fid=6 and state< 9 )  [ RunTime:0.000000s ]
SQL: SELECT * FROM `type` WHERE ( fid=104 and state< 9 )  [ RunTime:0.000000s ]
SQL: SELECT * FROM `type` WHERE ( fid=109 and state< 9 )  [ RunTime:0.000000s ]
SQL: SELECT * FROM `type` WHERE ( fid=114 and state< 9 )  [ RunTime:0.001000s ]
SQL: SELECT * FROM `type` WHERE ( fid=117 and state< 9 )  [ RunTime:0.000000s ]
SQL: SELECT * FROM `type` WHERE ( fid=7 and state< 9 )  [ RunTime:0.000000s ]
SQL: SELECT * FROM `type` WHERE ( fid=139 and state< 9 )  [ RunTime:0.000000s ]
SQL: SELECT * FROM `type` WHERE ( fid=8 and state< 9 )  [ RunTime:0.000000s ]
SQL: SELECT * FROM `type` WHERE ( fid=123 and state< 9 )  [ RunTime:0.001000s ]
SQL: SELECT * FROM `type` WHERE ( fid=128 and state< 9 )  [ RunTime:0.000000s ]
SQL: SELECT * FROM `type` WHERE ( fid=132 and state< 9 )  [ RunTime:0.000000s ]
SQL: SELECT * FROM `type` WHERE ( fid=0 and state< 9 )  [ RunTime:0.000000s ]
SQL: SELECT * FROM `type` WHERE ( fid=1 and state< 9 )  [ RunTime:0.000000s ]
SQL: SELECT * FROM `type` WHERE ( fid=9 and state< 9 )  [ RunTime:0.000000s ]
SQL: SELECT * FROM `type` WHERE ( fid=16 and state< 9 )  [ RunTime:0.000000s ]
SQL: SELECT * FROM `type` WHERE ( fid=20 and state< 9 )  [ RunTime:0.000000s ]
SQL: SELECT * FROM `type` WHERE ( fid=24 and state< 9 )  [ RunTime:0.000000s ]
SQL: SELECT * FROM `type` WHERE ( fid=27 and state< 9 )  [ RunTime:0.000000s ]
SQL: SELECT * FROM `type` WHERE ( fid=32 and state< 9 )  [ RunTime:0.000000s ]
SQL: SELECT * FROM `type` WHERE ( fid=35 and state< 9 )  [ RunTime:0.000000s ]
SQL: SELECT * FROM `type` WHERE ( fid=39 and state< 9 )  [ RunTime:0.001001s ]
SQL: SELECT * FROM `type` WHERE ( fid=2 and state< 9 )  [ RunTime:0.000000s ]
SQL: SELECT * FROM `type` WHERE ( fid=42 and state< 9 )  [ RunTime:0.000000s ]
SQL: SELECT * FROM `type` WHERE ( fid=48 and state< 9 )  [ RunTime:0.001000s ]
SQL: SELECT * FROM `type` WHERE ( fid=50 and state< 9 )  [ RunTime:0.000000s ]
SQL: SELECT * FROM `type` WHERE ( fid=55 and state< 9 )  [ RunTime:0.000000s ]
SQL: SELECT * FROM `type` WHERE ( fid=62 and state< 9 )  [ RunTime:0.001000s ]
SQL: SELECT * FROM `type` WHERE ( fid=3 and state< 9 )  [ RunTime:0.000000s ]
SQL: SELECT * FROM `type` WHERE ( fid=65 and state< 9 )  [ RunTime:0.000000s ]
SQL: SELECT * FROM `type` WHERE ( fid=4 and state< 9 )  [ RunTime:0.001000s ]
SQL: SELECT * FROM `type` WHERE ( fid=70 and state< 9 )  [ RunTime:0.000000s ]
SQL: SELECT * FROM `type` WHERE ( fid=74 and state< 9 )  [ RunTime:0.000000s ]
SQL: SELECT * FROM `type` WHERE ( fid=79 and state< 9 )  [ RunTime:0.001000s ]
SQL: SELECT * FROM `type` WHERE ( fid=84 and state< 9 )  [ RunTime:0.000000s ]
SQL: SELECT * FROM `type` WHERE ( fid=5 and state< 9 )  [ RunTime:0.000000s ]
SQL: SELECT * FROM `type` WHERE ( fid=87 and state< 9 )  [ RunTime:0.001000s ]
SQL: SELECT * FROM `type` WHERE ( fid=93 and state< 9 )  [ RunTime:0.000000s ]
SQL: SELECT * FROM `type` WHERE ( fid=95 and state< 9 )  [ RunTime:0.000000s ]
SQL: SELECT * FROM `type` WHERE ( fid=100 and state< 9 )  [ RunTime:0.000000s ]
SQL: SELECT * FROM `type` WHERE ( fid=6 and state< 9 )  [ RunTime:0.000000s ]
SQL: SELECT * FROM `type` WHERE ( fid=104 and state< 9 )  [ RunTime:0.000000s ]
SQL: SELECT * FROM `type` WHERE ( fid=109 and state< 9 )  [ RunTime:0.000000s ]
SQL: SELECT * FROM `type` WHERE ( fid=114 and state< 9 )  [ RunTime:0.000000s ]
SQL: SELECT * FROM `type` WHERE ( fid=117 and state< 9 )  [ RunTime:0.000000s ]
SQL: SELECT * FROM `type` WHERE ( fid=7 and state< 9 )  [ RunTime:0.000000s ]
SQL: SELECT * FROM `type` WHERE ( fid=139 and state< 9 )  [ RunTime:0.000000s ]
SQL: SELECT * FROM `type` WHERE ( fid=8 and state< 9 )  [ RunTime:0.000000s ]
SQL: SELECT * FROM `type` WHERE ( fid=123 and state< 9 )  [ RunTime:0.001000s ]
SQL: SELECT * FROM `type` WHERE ( fid=128 and state< 9 )  [ RunTime:0.000000s ]
SQL: SELECT * FROM `type` WHERE ( fid=132 and state< 9 )  [ RunTime:0.000000s ]
SQL: SELECT * FROM `type` WHERE ( typeId=59 ) LIMIT 1   [ RunTime:0.001000s ]
SQL: SELECT * FROM `type` WHERE ( typeId=55 ) LIMIT 1   [ RunTime:0.000000s ]
SQL: SELECT * FROM `type` WHERE ( typeId=2 ) LIMIT 1   [ RunTime:0.000000s ]
SQL: SELECT * FROM `type` WHERE ( fid = 55 )  [ RunTime:0.001000s ]
SQL: SHOW COLUMNS FROM `articles` [ RunTime:0.004000s ]
SQL: SELECT COUNT(*) AS tp_count FROM `articles` WHERE ( typeId=59 ) LIMIT 1   [ RunTime:0.001000s ]
SQL: SELECT * FROM `articles` WHERE ( typeId=59 ) LIMIT 1   [ RunTime:0.000000s ]

[ 2018-07-03T08:57:19+08:00 ] 172.66.66.168 /index.php/News/index/articleId/28.html
INFO: [ app_init ] --START--
INFO: Run Behavior\BuildLiteBehavior [ RunTime:0.000000s ]
INFO: [ app_init ] --END-- [ RunTime:0.000000s ]
INFO: [ app_begin ] --START--
INFO: Run Behavior\ReadHtmlCacheBehavior [ RunTime:0.001000s ]
INFO: [ app_begin ] --END-- [ RunTime:0.001000s ]
SQL: SHOW COLUMNS FROM `type` [ RunTime:0.004000s ]
SQL: SELECT * FROM `type` WHERE ( fid=0 and state< 9 )  [ RunTime:0.001000s ]
SQL: SELECT * FROM `type` WHERE ( fid=1 and state< 9 )  [ RunTime:0.000000s ]
SQL: SELECT * FROM `type` WHERE ( fid=9 and state< 9 )  [ RunTime:0.001000s ]
SQL: SELECT * FROM `type` WHERE ( fid=16 and state< 9 )  [ RunTime:0.000000s ]
SQL: SELECT * FROM `type` WHERE ( fid=20 and state< 9 )  [ RunTime:0.000000s ]
SQL: SELECT * FROM `type` WHERE ( fid=24 and state< 9 )  [ RunTime:0.000000s ]
SQL: SELECT * FROM `type` WHERE ( fid=27 and state< 9 )  [ RunTime:0.000000s ]
SQL: SELECT * FROM `type` WHERE ( fid=32 and state< 9 )  [ RunTime:0.001000s ]
SQL: SELECT * FROM `type` WHERE ( fid=35 and state< 9 )  [ RunTime:0.000000s ]
SQL: SELECT * FROM `type` WHERE ( fid=39 and state< 9 )  [ RunTime:0.000000s ]
SQL: SELECT * FROM `type` WHERE ( fid=2 and state< 9 )  [ RunTime:0.001000s ]
SQL: SELECT * FROM `type` WHERE ( fid=42 and state< 9 )  [ RunTime:0.000000s ]
SQL: SELECT * FROM `type` WHERE ( fid=48 and state< 9 )  [ RunTime:0.000000s ]
SQL: SELECT * FROM `type` WHERE ( fid=50 and state< 9 )  [ RunTime:0.000000s ]
SQL: SELECT * FROM `type` WHERE ( fid=55 and state< 9 )  [ RunTime:0.000000s ]
SQL: SELECT * FROM `type` WHERE ( fid=62 and state< 9 )  [ RunTime:0.001000s ]
SQL: SELECT * FROM `type` WHERE ( fid=3 and state< 9 )  [ RunTime:0.000000s ]
SQL: SELECT * FROM `type` WHERE ( fid=65 and state< 9 )  [ RunTime:0.000000s ]
SQL: SELECT * FROM `type` WHERE ( fid=4 and state< 9 )  [ RunTime:0.001000s ]
SQL: SELECT * FROM `type` WHERE ( fid=70 and state< 9 )  [ RunTime:0.000000s ]
SQL: SELECT * FROM `type` WHERE ( fid=74 and state< 9 )  [ RunTime:0.000000s ]
SQL: SELECT * FROM `type` WHERE ( fid=79 and state< 9 )  [ RunTime:0.001000s ]
SQL: SELECT * FROM `type` WHERE ( fid=84 and state< 9 )  [ RunTime:0.000000s ]
SQL: SELECT * FROM `type` WHERE ( fid=5 and state< 9 )  [ RunTime:0.001000s ]
SQL: SELECT * FROM `type` WHERE ( fid=87 and state< 9 )  [ RunTime:0.000000s ]
SQL: SELECT * FROM `type` WHERE ( fid=93 and state< 9 )  [ RunTime:0.000000s ]
SQL: SELECT * FROM `type` WHERE ( fid=95 and state< 9 )  [ RunTime:0.001001s ]
SQL: SELECT * FROM `type` WHERE ( fid=100 and state< 9 )  [ RunTime:0.000000s ]
SQL: SELECT * FROM `type` WHERE ( fid=6 and state< 9 )  [ RunTime:0.000000s ]
SQL: SELECT * FROM `type` WHERE ( fid=104 and state< 9 )  [ RunTime:0.000000s ]
SQL: SELECT * FROM `type` WHERE ( fid=109 and state< 9 )  [ RunTime:0.000000s ]
SQL: SELECT * FROM `type` WHERE ( fid=114 and state< 9 )  [ RunTime:0.001000s ]
SQL: SELECT * FROM `type` WHERE ( fid=117 and state< 9 )  [ RunTime:0.000000s ]
SQL: SELECT * FROM `type` WHERE ( fid=7 and state< 9 )  [ RunTime:0.000000s ]
SQL: SELECT * FROM `type` WHERE ( fid=139 and state< 9 )  [ RunTime:0.000000s ]
SQL: SELECT * FROM `type` WHERE ( fid=8 and state< 9 )  [ RunTime:0.000000s ]
SQL: SELECT * FROM `type` WHERE ( fid=123 and state< 9 )  [ RunTime:0.000000s ]
SQL: SELECT * FROM `type` WHERE ( fid=128 and state< 9 )  [ RunTime:0.000000s ]
SQL: SELECT * FROM `type` WHERE ( fid=132 and state< 9 )  [ RunTime:0.001000s ]
SQL: SHOW COLUMNS FROM `imgpath` [ RunTime:0.004000s ]
SQL: SELECT * FROM `imgpath` WHERE ( state<9 ) ORDER BY id desc LIMIT 0,4   [ RunTime:0.001000s ]
SQL: SELECT * FROM `type` WHERE ( fid=0 and state< 9 )  [ RunTime:0.000000s ]
SQL: SELECT * FROM `type` WHERE ( fid=1 and state< 9 )  [ RunTime:0.001000s ]
SQL: SELECT * FROM `type` WHERE ( fid=9 and state< 9 )  [ RunTime:0.000000s ]
SQL: SELECT * FROM `type` WHERE ( fid=16 and state< 9 )  [ RunTime:0.000000s ]
SQL: SELECT * FROM `type` WHERE ( fid=20 and state< 9 )  [ RunTime:0.000000s ]
SQL: SELECT * FROM `type` WHERE ( fid=24 and state< 9 )  [ RunTime:0.000000s ]
SQL: SELECT * FROM `type` WHERE ( fid=27 and state< 9 )  [ RunTime:0.000000s ]
SQL: SELECT * FROM `type` WHERE ( fid=32 and state< 9 )  [ RunTime:0.001000s ]
SQL: SELECT * FROM `type` WHERE ( fid=35 and state< 9 )  [ RunTime:0.000000s ]
SQL: SELECT * FROM `type` WHERE ( fid=39 and state< 9 )  [ RunTime:0.001000s ]
SQL: SELECT * FROM `type` WHERE ( fid=2 and state< 9 )  [ RunTime:0.000000s ]
SQL: SELECT * FROM `type` WHERE ( fid=42 and state< 9 )  [ RunTime:0.000000s ]
SQL: SELECT * FROM `type` WHERE ( fid=48 and state< 9 )  [ RunTime:0.000000s ]
SQL: SELECT * FROM `type` WHERE ( fid=50 and state< 9 )  [ RunTime:0.000000s ]
SQL: SELECT * FROM `type` WHERE ( fid=55 and state< 9 )  [ RunTime:0.001000s ]
SQL: SELECT * FROM `type` WHERE ( fid=62 and state< 9 )  [ RunTime:0.000000s ]
SQL: SELECT * FROM `type` WHERE ( fid=3 and state< 9 )  [ RunTime:0.000000s ]
SQL: SELECT * FROM `type` WHERE ( fid=65 and state< 9 )  [ RunTime:0.001000s ]
SQL: SELECT * FROM `type` WHERE ( fid=4 and state< 9 )  [ RunTime:0.000000s ]
SQL: SELECT * FROM `type` WHERE ( fid=70 and state< 9 )  [ RunTime:0.000000s ]
SQL: SELECT * FROM `type` WHERE ( fid=74 and state< 9 )  [ RunTime:0.001001s ]
SQL: SELECT * FROM `type` WHERE ( fid=79 and state< 9 )  [ RunTime:0.000000s ]
SQL: SELECT * FROM `type` WHERE ( fid=84 and state< 9 )  [ RunTime:0.000000s ]
SQL: SELECT * FROM `type` WHERE ( fid=5 and state< 9 )  [ RunTime:0.000000s ]
SQL: SELECT * FROM `type` WHERE ( fid=87 and state< 9 )  [ RunTime:0.000000s ]
SQL: SELECT * FROM `type` WHERE ( fid=93 and state< 9 )  [ RunTime:0.000000s ]
SQL: SELECT * FROM `type` WHERE ( fid=95 and state< 9 )  [ RunTime:0.000000s ]
SQL: SELECT * FROM `type` WHERE ( fid=100 and state< 9 )  [ RunTime:0.000000s ]
SQL: SELECT * FROM `type` WHERE ( fid=6 and state< 9 )  [ RunTime:0.000000s ]
SQL: SELECT * FROM `type` WHERE ( fid=104 and state< 9 )  [ RunTime:0.000000s ]
SQL: SELECT * FROM `type` WHERE ( fid=109 and state< 9 )  [ RunTime:0.000000s ]
SQL: SELECT * FROM `type` WHERE ( fid=114 and state< 9 )  [ RunTime:0.000000s ]
SQL: SELECT * FROM `type` WHERE ( fid=117 and state< 9 )  [ RunTime:0.000000s ]
SQL: SELECT * FROM `type` WHERE ( fid=7 and state< 9 )  [ RunTime:0.001000s ]
SQL: SELECT * FROM `type` WHERE ( fid=139 and state< 9 )  [ RunTime:0.000000s ]
SQL: SELECT * FROM `type` WHERE ( fid=8 and state< 9 )  [ RunTime:0.000000s ]
SQL: SELECT * FROM `type` WHERE ( fid=123 and state< 9 )  [ RunTime:0.001000s ]
SQL: SELECT * FROM `type` WHERE ( fid=128 and state< 9 )  [ RunTime:0.000000s ]
SQL: SELECT * FROM `type` WHERE ( fid=132 and state< 9 )  [ RunTime:0.000000s ]
SQL: SHOW COLUMNS FROM `articles` [ RunTime:0.005000s ]
SQL: SELECT * FROM `articles` WHERE ( articleId=28 ) LIMIT 1   [ RunTime:0.000000s ]
SQL: SELECT * FROM `type` WHERE ( typeId = 59 ) LIMIT 1   [ RunTime:0.001000s ]
SQL: SELECT * FROM `type` WHERE ( typeId = 55 ) LIMIT 1   [ RunTime:0.000000s ]
SQL: SELECT * FROM `type` WHERE ( typeId = 2 ) LIMIT 1   [ RunTime:0.000000s ]
SQL: SELECT * FROM `type` WHERE ( fid = 55 )  [ RunTime:0.000000s ]
INFO: [ view_parse ] --START--
INFO: [ template_filter ] --START--
INFO: Run Behavior\ContentReplaceBehavior [ RunTime:0.001000s ]
INFO: [ template_filter ] --END-- [ RunTime:0.001000s ]
INFO: Run Behavior\ParseTemplateBehavior [ RunTime:0.012001s ]
INFO: [ view_parse ] --END-- [ RunTime:0.012001s ]
INFO: [ view_filter ] --START--
INFO: Run Behavior\WriteHtmlCacheBehavior [ RunTime:0.001000s ]
INFO: [ view_filter ] --END-- [ RunTime:0.001000s ]
INFO: [ app_end ] --START--
INFO: Run Behavior\ShowPageTraceBehavior [ RunTime:0.001000s ]
INFO: [ app_end ] --END-- [ RunTime:0.001000s ]

