[ 2018-05-16T17:43:02+08:00 ] 101.226.225.84 /index.php/News/char?nsukey=9Zk7GGVIWFtm9SMGuXo2txYc2aBpkqF8P5xg03vP2KI71MTvW84IIfZ0tJ7f416xwB2Fi2Fz2FRMw1M2Y6WyKjmwE2BtvIgXBi2BO7NDU6icmDfpjUI2FVGQx572N2FlsHL72BsfOr60u7EvkeN6gGOLLPTlX9G8ZMNlJ4lL5MrTdCmMbTNpAf4vO0pNLe5JJJo9g12BGhImQsIwx2o2BumCPTu2FHT9w3D3D
INFO: [ app_init ] --START--
INFO: Run Behavior\BuildLiteBehavior [ RunTime:0.000000s ]
INFO: [ app_init ] --END-- [ RunTime:0.000000s ]
INFO: [ app_begin ] --START--
INFO: Run Behavior\ReadHtmlCacheBehavior [ RunTime:0.000000s ]
INFO: [ app_begin ] --END-- [ RunTime:0.000000s ]
NOTIC: [8192] mysql_connect(): The mysql extension is deprecated and will be removed in the future: use mysqli or PDO instead E:\phpStudy\WWW\Farmers\library\ThinkPHP\Library\Think\Db\Driver\Mysql.class.php 第 52 行.
SQL: SHOW COLUMNS FROM `type` [ RunTime:0.015600s ]
SQL: SELECT * FROM `type` WHERE ( fid=0 and state< 9 )  [ RunTime:0.000000s ]
SQL: SELECT * FROM `type` WHERE ( fid=1 and state< 9 )  [ RunTime:0.000000s ]
SQL: SELECT * FROM `type` WHERE ( fid=9 and state< 9 )  [ RunTime:0.000000s ]
SQL: SELECT * FROM `type` WHERE ( fid=16 and state< 9 )  [ RunTime:0.000000s ]
SQL: SELECT * FROM `type` WHERE ( fid=20 and state< 9 )  [ RunTime:0.000000s ]
SQL: SELECT * FROM `type` WHERE ( fid=24 and state< 9 )  [ RunTime:0.000000s ]
SQL: SELECT * FROM `type` WHERE ( fid=27 and state< 9 )  [ RunTime:0.000000s ]
SQL: SELECT * FROM `type` WHERE ( fid=32 and state< 9 )  [ RunTime:0.000000s ]
SQL: SELECT * FROM `type` WHERE ( fid=35 and state< 9 )  [ RunTime:0.000000s ]
SQL: SELECT * FROM `type` WHERE ( fid=39 and state< 9 )  [ RunTime:0.000000s ]
SQL: SELECT * FROM `type` WHERE ( fid=2 and state< 9 )  [ RunTime:0.000000s ]
SQL: SELECT * FROM `type` WHERE ( fid=42 and state< 9 )  [ RunTime:0.000000s ]
SQL: SELECT * FROM `type` WHERE ( fid=48 and state< 9 )  [ RunTime:0.000000s ]
SQL: SELECT * FROM `type` WHERE ( fid=50 and state< 9 )  [ RunTime:0.000000s ]
SQL: SELECT * FROM `type` WHERE ( fid=55 and state< 9 )  [ RunTime:0.000000s ]
SQL: SELECT * FROM `type` WHERE ( fid=62 and state< 9 )  [ RunTime:0.000000s ]
SQL: SELECT * FROM `type` WHERE ( fid=3 and state< 9 )  [ RunTime:0.000000s ]
SQL: SELECT * FROM `type` WHERE ( fid=65 and state< 9 )  [ RunTime:0.000000s ]
SQL: SELECT * FROM `type` WHERE ( fid=4 and state< 9 )  [ RunTime:0.000000s ]
SQL: SELECT * FROM `type` WHERE ( fid=70 and state< 9 )  [ RunTime:0.000000s ]
SQL: SELECT * FROM `type` WHERE ( fid=74 and state< 9 )  [ RunTime:0.000000s ]
SQL: SELECT * FROM `type` WHERE ( fid=79 and state< 9 )  [ RunTime:0.000000s ]
SQL: SELECT * FROM `type` WHERE ( fid=84 and state< 9 )  [ RunTime:0.000000s ]
SQL: SELECT * FROM `type` WHERE ( fid=5 and state< 9 )  [ RunTime:0.000000s ]
SQL: SELECT * FROM `type` WHERE ( fid=87 and state< 9 )  [ RunTime:0.000000s ]
SQL: SELECT * FROM `type` WHERE ( fid=93 and state< 9 )  [ RunTime:0.000000s ]
SQL: SELECT * FROM `type` WHERE ( fid=95 and state< 9 )  [ RunTime:0.000000s ]
SQL: SELECT * FROM `type` WHERE ( fid=100 and state< 9 )  [ RunTime:0.000000s ]
SQL: SELECT * FROM `type` WHERE ( fid=6 and state< 9 )  [ RunTime:0.000000s ]
SQL: SELECT * FROM `type` WHERE ( fid=104 and state< 9 )  [ RunTime:0.000000s ]
SQL: SELECT * FROM `type` WHERE ( fid=109 and state< 9 )  [ RunTime:0.000000s ]
SQL: SELECT * FROM `type` WHERE ( fid=114 and state< 9 )  [ RunTime:0.000000s ]
SQL: SELECT * FROM `type` WHERE ( fid=117 and state< 9 )  [ RunTime:0.000000s ]
SQL: SELECT * FROM `type` WHERE ( fid=7 and state< 9 )  [ RunTime:0.000000s ]
SQL: SELECT * FROM `type` WHERE ( fid=139 and state< 9 )  [ RunTime:0.000000s ]
SQL: SELECT * FROM `type` WHERE ( fid=8 and state< 9 )  [ RunTime:0.000000s ]
SQL: SELECT * FROM `type` WHERE ( fid=123 and state< 9 )  [ RunTime:0.000000s ]
SQL: SELECT * FROM `type` WHERE ( fid=128 and state< 9 )  [ RunTime:0.000000s ]
SQL: SELECT * FROM `type` WHERE ( fid=132 and state< 9 )  [ RunTime:0.000000s ]
ERR: 非法操作:char

[ 2018-05-16T17:43:03+08:00 ] 117.136.90.116 /index.php/News/char?nsukey=9Zk7GGVIWFtm9SMGuXo2txYc2aBpkqF8P5xg03vP2KI71MTvW84IIfZ0tJ7f416xwB%2Fi%2Fz%2FRMw1M2Y6WyKjmwE%2BtvIgXBi%2BO7NDU6icmDfpjUI%2FVGQx572N%2FlsHL7%2BsfOr60u7EvkeN6gGOLLPTlX9G8ZMNlJ4lL5MrTdCmMbTNpAf4vO0pNLe5JJJo9g1%2BGhImQsIwx2o%2BumCPTu%2FHT9w%3D%3D
INFO: [ app_init ] --START--
INFO: Run Behavior\BuildLiteBehavior [ RunTime:0.000000s ]
INFO: [ app_init ] --END-- [ RunTime:0.000000s ]
INFO: [ app_begin ] --START--
INFO: Run Behavior\ReadHtmlCacheBehavior [ RunTime:0.000000s ]
INFO: [ app_begin ] --END-- [ RunTime:0.000000s ]
NOTIC: [8192] mysql_connect(): The mysql extension is deprecated and will be removed in the future: use mysqli or PDO instead E:\phpStudy\WWW\Farmers\library\ThinkPHP\Library\Think\Db\Driver\Mysql.class.php 第 52 行.
SQL: SHOW COLUMNS FROM `type` [ RunTime:0.015600s ]
SQL: SELECT * FROM `type` WHERE ( fid=0 and state< 9 )  [ RunTime:0.000000s ]
SQL: SELECT * FROM `type` WHERE ( fid=1 and state< 9 )  [ RunTime:0.000000s ]
SQL: SELECT * FROM `type` WHERE ( fid=9 and state< 9 )  [ RunTime:0.000000s ]
SQL: SELECT * FROM `type` WHERE ( fid=16 and state< 9 )  [ RunTime:0.000000s ]
SQL: SELECT * FROM `type` WHERE ( fid=20 and state< 9 )  [ RunTime:0.000000s ]
SQL: SELECT * FROM `type` WHERE ( fid=24 and state< 9 )  [ RunTime:0.000000s ]
SQL: SELECT * FROM `type` WHERE ( fid=27 and state< 9 )  [ RunTime:0.000000s ]
SQL: SELECT * FROM `type` WHERE ( fid=32 and state< 9 )  [ RunTime:0.000000s ]
SQL: SELECT * FROM `type` WHERE ( fid=35 and state< 9 )  [ RunTime:0.000000s ]
SQL: SELECT * FROM `type` WHERE ( fid=39 and state< 9 )  [ RunTime:0.000000s ]
SQL: SELECT * FROM `type` WHERE ( fid=2 and state< 9 )  [ RunTime:0.000000s ]
SQL: SELECT * FROM `type` WHERE ( fid=42 and state< 9 )  [ RunTime:0.000000s ]
SQL: SELECT * FROM `type` WHERE ( fid=48 and state< 9 )  [ RunTime:0.000000s ]
SQL: SELECT * FROM `type` WHERE ( fid=50 and state< 9 )  [ RunTime:0.000000s ]
SQL: SELECT * FROM `type` WHERE ( fid=55 and state< 9 )  [ RunTime:0.000000s ]
SQL: SELECT * FROM `type` WHERE ( fid=62 and state< 9 )  [ RunTime:0.000000s ]
SQL: SELECT * FROM `type` WHERE ( fid=3 and state< 9 )  [ RunTime:0.000000s ]
SQL: SELECT * FROM `type` WHERE ( fid=65 and state< 9 )  [ RunTime:0.000000s ]
SQL: SELECT * FROM `type` WHERE ( fid=4 and state< 9 )  [ RunTime:0.000000s ]
SQL: SELECT * FROM `type` WHERE ( fid=70 and state< 9 )  [ RunTime:0.000000s ]
SQL: SELECT * FROM `type` WHERE ( fid=74 and state< 9 )  [ RunTime:0.000000s ]
SQL: SELECT * FROM `type` WHERE ( fid=79 and state< 9 )  [ RunTime:0.000000s ]
SQL: SELECT * FROM `type` WHERE ( fid=84 and state< 9 )  [ RunTime:0.000000s ]
SQL: SELECT * FROM `type` WHERE ( fid=5 and state< 9 )  [ RunTime:0.000000s ]
SQL: SELECT * FROM `type` WHERE ( fid=87 and state< 9 )  [ RunTime:0.015600s ]
SQL: SELECT * FROM `type` WHERE ( fid=93 and state< 9 )  [ RunTime:0.000000s ]
SQL: SELECT * FROM `type` WHERE ( fid=95 and state< 9 )  [ RunTime:0.000000s ]
SQL: SELECT * FROM `type` WHERE ( fid=100 and state< 9 )  [ RunTime:0.000000s ]
SQL: SELECT * FROM `type` WHERE ( fid=6 and state< 9 )  [ RunTime:0.000000s ]
SQL: SELECT * FROM `type` WHERE ( fid=104 and state< 9 )  [ RunTime:0.000000s ]
SQL: SELECT * FROM `type` WHERE ( fid=109 and state< 9 )  [ RunTime:0.000000s ]
SQL: SELECT * FROM `type` WHERE ( fid=114 and state< 9 )  [ RunTime:0.000000s ]
SQL: SELECT * FROM `type` WHERE ( fid=117 and state< 9 )  [ RunTime:0.000000s ]
SQL: SELECT * FROM `type` WHERE ( fid=7 and state< 9 )  [ RunTime:0.000000s ]
SQL: SELECT * FROM `type` WHERE ( fid=139 and state< 9 )  [ RunTime:0.000000s ]
SQL: SELECT * FROM `type` WHERE ( fid=8 and state< 9 )  [ RunTime:0.000000s ]
SQL: SELECT * FROM `type` WHERE ( fid=123 and state< 9 )  [ RunTime:0.000000s ]
SQL: SELECT * FROM `type` WHERE ( fid=128 and state< 9 )  [ RunTime:0.000000s ]
SQL: SELECT * FROM `type` WHERE ( fid=132 and state< 9 )  [ RunTime:0.000000s ]
ERR: 非法操作:char

[ 2018-05-16T17:44:01+08:00 ] 101.226.113.48 /index.php/News/char?nsukey=9Zk7GGVIWFtm9SMGuXo2txYc2aBpkqF8P5xg03vP2KI71MTvW84IIfZ0tJ7f416xwB%2Fi%2Fz%2FRMw1M2Y6WyKjmwE%2BtvIgXBi%2BO7NDU6icmDfpjUI%2FVGQx572N%2FlsHL7%2BsfOr60u7EvkeN6gGOLLPTlX9G8ZMNlJ4lL5MrTdCmMbTNpAf4vO0pNLe5JJJo9g1%2BGhImQsIwx2o%2BumCPTu%2FHT9w%3D%3D
INFO: [ app_init ] --START--
INFO: Run Behavior\BuildLiteBehavior [ RunTime:0.000000s ]
INFO: [ app_init ] --END-- [ RunTime:0.000000s ]
INFO: [ app_begin ] --START--
INFO: Run Behavior\ReadHtmlCacheBehavior [ RunTime:0.000000s ]
INFO: [ app_begin ] --END-- [ RunTime:0.000000s ]
NOTIC: [8192] mysql_connect(): The mysql extension is deprecated and will be removed in the future: use mysqli or PDO instead E:\phpStudy\WWW\Farmers\library\ThinkPHP\Library\Think\Db\Driver\Mysql.class.php 第 52 行.
SQL: SHOW COLUMNS FROM `type` [ RunTime:0.000000s ]
SQL: SELECT * FROM `type` WHERE ( fid=0 and state< 9 )  [ RunTime:0.000000s ]
SQL: SELECT * FROM `type` WHERE ( fid=1 and state< 9 )  [ RunTime:0.000000s ]
SQL: SELECT * FROM `type` WHERE ( fid=9 and state< 9 )  [ RunTime:0.000000s ]
SQL: SELECT * FROM `type` WHERE ( fid=16 and state< 9 )  [ RunTime:0.000000s ]
SQL: SELECT * FROM `type` WHERE ( fid=20 and state< 9 )  [ RunTime:0.000000s ]
SQL: SELECT * FROM `type` WHERE ( fid=24 and state< 9 )  [ RunTime:0.000000s ]
SQL: SELECT * FROM `type` WHERE ( fid=27 and state< 9 )  [ RunTime:0.000000s ]
SQL: SELECT * FROM `type` WHERE ( fid=32 and state< 9 )  [ RunTime:0.000000s ]
SQL: SELECT * FROM `type` WHERE ( fid=35 and state< 9 )  [ RunTime:0.000000s ]
SQL: SELECT * FROM `type` WHERE ( fid=39 and state< 9 )  [ RunTime:0.015600s ]
SQL: SELECT * FROM `type` WHERE ( fid=2 and state< 9 )  [ RunTime:0.000000s ]
SQL: SELECT * FROM `type` WHERE ( fid=42 and state< 9 )  [ RunTime:0.000000s ]
SQL: SELECT * FROM `type` WHERE ( fid=48 and state< 9 )  [ RunTime:0.000000s ]
SQL: SELECT * FROM `type` WHERE ( fid=50 and state< 9 )  [ RunTime:0.000000s ]
SQL: SELECT * FROM `type` WHERE ( fid=55 and state< 9 )  [ RunTime:0.000000s ]
SQL: SELECT * FROM `type` WHERE ( fid=62 and state< 9 )  [ RunTime:0.000000s ]
SQL: SELECT * FROM `type` WHERE ( fid=3 and state< 9 )  [ RunTime:0.000000s ]
SQL: SELECT * FROM `type` WHERE ( fid=65 and state< 9 )  [ RunTime:0.000000s ]
SQL: SELECT * FROM `type` WHERE ( fid=4 and state< 9 )  [ RunTime:0.000000s ]
SQL: SELECT * FROM `type` WHERE ( fid=70 and state< 9 )  [ RunTime:0.000000s ]
SQL: SELECT * FROM `type` WHERE ( fid=74 and state< 9 )  [ RunTime:0.000000s ]
SQL: SELECT * FROM `type` WHERE ( fid=79 and state< 9 )  [ RunTime:0.000000s ]
SQL: SELECT * FROM `type` WHERE ( fid=84 and state< 9 )  [ RunTime:0.000000s ]
SQL: SELECT * FROM `type` WHERE ( fid=5 and state< 9 )  [ RunTime:0.000000s ]
SQL: SELECT * FROM `type` WHERE ( fid=87 and state< 9 )  [ RunTime:0.000000s ]
SQL: SELECT * FROM `type` WHERE ( fid=93 and state< 9 )  [ RunTime:0.000000s ]
SQL: SELECT * FROM `type` WHERE ( fid=95 and state< 9 )  [ RunTime:0.000000s ]
SQL: SELECT * FROM `type` WHERE ( fid=100 and state< 9 )  [ RunTime:0.000000s ]
SQL: SELECT * FROM `type` WHERE ( fid=6 and state< 9 )  [ RunTime:0.000000s ]
SQL: SELECT * FROM `type` WHERE ( fid=104 and state< 9 )  [ RunTime:0.000000s ]
SQL: SELECT * FROM `type` WHERE ( fid=109 and state< 9 )  [ RunTime:0.000000s ]
SQL: SELECT * FROM `type` WHERE ( fid=114 and state< 9 )  [ RunTime:0.000000s ]
SQL: SELECT * FROM `type` WHERE ( fid=117 and state< 9 )  [ RunTime:0.000000s ]
SQL: SELECT * FROM `type` WHERE ( fid=7 and state< 9 )  [ RunTime:0.000000s ]
SQL: SELECT * FROM `type` WHERE ( fid=139 and state< 9 )  [ RunTime:0.000000s ]
SQL: SELECT * FROM `type` WHERE ( fid=8 and state< 9 )  [ RunTime:0.000000s ]
SQL: SELECT * FROM `type` WHERE ( fid=123 and state< 9 )  [ RunTime:0.015600s ]
SQL: SELECT * FROM `type` WHERE ( fid=128 and state< 9 )  [ RunTime:0.000000s ]
SQL: SELECT * FROM `type` WHERE ( fid=132 and state< 9 )  [ RunTime:0.000000s ]
ERR: 非法操作:char

[ 2018-05-16T17:48:23+08:00 ] 223.104.14.82 /
INFO: [ app_init ] --START--
INFO: Run Behavior\BuildLiteBehavior [ RunTime:0.000000s ]
INFO: [ app_init ] --END-- [ RunTime:0.000000s ]
INFO: [ app_begin ] --START--
INFO: Run Behavior\ReadHtmlCacheBehavior [ RunTime:0.000000s ]
INFO: [ app_begin ] --END-- [ RunTime:0.000000s ]
NOTIC: [8192] mysql_connect(): The mysql extension is deprecated and will be removed in the future: use mysqli or PDO instead E:\phpStudy\WWW\Farmers\library\ThinkPHP\Library\Think\Db\Driver\Mysql.class.php 第 52 行.
SQL: SHOW COLUMNS FROM `type` [ RunTime:0.000000s ]
SQL: SELECT * FROM `type` WHERE ( fid=0 and state< 9 )  [ RunTime:0.000000s ]
SQL: SELECT * FROM `type` WHERE ( fid=1 and state< 9 )  [ RunTime:0.000000s ]
SQL: SELECT * FROM `type` WHERE ( fid=9 and state< 9 )  [ RunTime:0.015600s ]
SQL: SELECT * FROM `type` WHERE ( fid=16 and state< 9 )  [ RunTime:0.000000s ]
SQL: SELECT * FROM `type` WHERE ( fid=20 and state< 9 )  [ RunTime:0.000000s ]
SQL: SELECT * FROM `type` WHERE ( fid=24 and state< 9 )  [ RunTime:0.000000s ]
SQL: SELECT * FROM `type` WHERE ( fid=27 and state< 9 )  [ RunTime:0.000000s ]
SQL: SELECT * FROM `type` WHERE ( fid=32 and state< 9 )  [ RunTime:0.000000s ]
SQL: SELECT * FROM `type` WHERE ( fid=35 and state< 9 )  [ RunTime:0.000000s ]
SQL: SELECT * FROM `type` WHERE ( fid=39 and state< 9 )  [ RunTime:0.000000s ]
SQL: SELECT * FROM `type` WHERE ( fid=2 and state< 9 )  [ RunTime:0.000000s ]
SQL: SELECT * FROM `type` WHERE ( fid=42 and state< 9 )  [ RunTime:0.000000s ]
SQL: SELECT * FROM `type` WHERE ( fid=48 and state< 9 )  [ RunTime:0.000000s ]
SQL: SELECT * FROM `type` WHERE ( fid=50 and state< 9 )  [ RunTime:0.000000s ]
SQL: SELECT * FROM `type` WHERE ( fid=55 and state< 9 )  [ RunTime:0.000000s ]
SQL: SELECT * FROM `type` WHERE ( fid=62 and state< 9 )  [ RunTime:0.000000s ]
SQL: SELECT * FROM `type` WHERE ( fid=3 and state< 9 )  [ RunTime:0.000000s ]
SQL: SELECT * FROM `type` WHERE ( fid=65 and state< 9 )  [ RunTime:0.000000s ]
SQL: SELECT * FROM `type` WHERE ( fid=4 and state< 9 )  [ RunTime:0.000000s ]
SQL: SELECT * FROM `type` WHERE ( fid=70 and state< 9 )  [ RunTime:0.000000s ]
SQL: SELECT * FROM `type` WHERE ( fid=74 and state< 9 )  [ RunTime:0.000000s ]
SQL: SELECT * FROM `type` WHERE ( fid=79 and state< 9 )  [ RunTime:0.000000s ]
SQL: SELECT * FROM `type` WHERE ( fid=84 and state< 9 )  [ RunTime:0.000000s ]
SQL: SELECT * FROM `type` WHERE ( fid=5 and state< 9 )  [ RunTime:0.000000s ]
SQL: SELECT * FROM `type` WHERE ( fid=87 and state< 9 )  [ RunTime:0.000000s ]
SQL: SELECT * FROM `type` WHERE ( fid=93 and state< 9 )  [ RunTime:0.000000s ]
SQL: SELECT * FROM `type` WHERE ( fid=95 and state< 9 )  [ RunTime:0.000000s ]
SQL: SELECT * FROM `type` WHERE ( fid=100 and state< 9 )  [ RunTime:0.000000s ]
SQL: SELECT * FROM `type` WHERE ( fid=6 and state< 9 )  [ RunTime:0.000000s ]
SQL: SELECT * FROM `type` WHERE ( fid=104 and state< 9 )  [ RunTime:0.000000s ]
SQL: SELECT * FROM `type` WHERE ( fid=109 and state< 9 )  [ RunTime:0.000000s ]
SQL: SELECT * FROM `type` WHERE ( fid=114 and state< 9 )  [ RunTime:0.000000s ]
SQL: SELECT * FROM `type` WHERE ( fid=117 and state< 9 )  [ RunTime:0.000000s ]
SQL: SELECT * FROM `type` WHERE ( fid=7 and state< 9 )  [ RunTime:0.000000s ]
SQL: SELECT * FROM `type` WHERE ( fid=139 and state< 9 )  [ RunTime:0.000000s ]
SQL: SELECT * FROM `type` WHERE ( fid=8 and state< 9 )  [ RunTime:0.000000s ]
SQL: SELECT * FROM `type` WHERE ( fid=123 and state< 9 )  [ RunTime:0.000000s ]
SQL: SELECT * FROM `type` WHERE ( fid=128 and state< 9 )  [ RunTime:0.000000s ]
SQL: SELECT * FROM `type` WHERE ( fid=132 and state< 9 )  [ RunTime:0.000000s ]
SQL: SELECT * FROM `type` WHERE ( fid=0 and state< 9 )  [ RunTime:0.000000s ]
SQL: SELECT * FROM `type` WHERE ( fid=1 and state< 9 )  [ RunTime:0.000000s ]
SQL: SELECT * FROM `type` WHERE ( fid=9 and state< 9 )  [ RunTime:0.000000s ]
SQL: SELECT * FROM `type` WHERE ( fid=16 and state< 9 )  [ RunTime:0.000000s ]
SQL: SELECT * FROM `type` WHERE ( fid=20 and state< 9 )  [ RunTime:0.000000s ]
SQL: SELECT * FROM `type` WHERE ( fid=24 and state< 9 )  [ RunTime:0.000000s ]
SQL: SELECT * FROM `type` WHERE ( fid=27 and state< 9 )  [ RunTime:0.000000s ]
SQL: SELECT * FROM `type` WHERE ( fid=32 and state< 9 )  [ RunTime:0.000000s ]
SQL: SELECT * FROM `type` WHERE ( fid=35 and state< 9 )  [ RunTime:0.000000s ]
SQL: SELECT * FROM `type` WHERE ( fid=39 and state< 9 )  [ RunTime:0.000000s ]
SQL: SELECT * FROM `type` WHERE ( fid=2 and state< 9 )  [ RunTime:0.000000s ]
SQL: SELECT * FROM `type` WHERE ( fid=42 and state< 9 )  [ RunTime:0.000000s ]
SQL: SELECT * FROM `type` WHERE ( fid=48 and state< 9 )  [ RunTime:0.015601s ]
SQL: SELECT * FROM `type` WHERE ( fid=50 and state< 9 )  [ RunTime:0.000000s ]
SQL: SELECT * FROM `type` WHERE ( fid=55 and state< 9 )  [ RunTime:0.000000s ]
SQL: SELECT * FROM `type` WHERE ( fid=62 and state< 9 )  [ RunTime:0.000000s ]
SQL: SELECT * FROM `type` WHERE ( fid=3 and state< 9 )  [ RunTime:0.000000s ]
SQL: SELECT * FROM `type` WHERE ( fid=65 and state< 9 )  [ RunTime:0.000000s ]
SQL: SELECT * FROM `type` WHERE ( fid=4 and state< 9 )  [ RunTime:0.000000s ]
SQL: SELECT * FROM `type` WHERE ( fid=70 and state< 9 )  [ RunTime:0.000000s ]
SQL: SELECT * FROM `type` WHERE ( fid=74 and state< 9 )  [ RunTime:0.000000s ]
SQL: SELECT * FROM `type` WHERE ( fid=79 and state< 9 )  [ RunTime:0.000000s ]
SQL: SELECT * FROM `type` WHERE ( fid=84 and state< 9 )  [ RunTime:0.000000s ]
SQL: SELECT * FROM `type` WHERE ( fid=5 and state< 9 )  [ RunTime:0.000000s ]
SQL: SELECT * FROM `type` WHERE ( fid=87 and state< 9 )  [ RunTime:0.000000s ]
SQL: SELECT * FROM `type` WHERE ( fid=93 and state< 9 )  [ RunTime:0.000000s ]
SQL: SELECT * FROM `type` WHERE ( fid=95 and state< 9 )  [ RunTime:0.000000s ]
SQL: SELECT * FROM `type` WHERE ( fid=100 and state< 9 )  [ RunTime:0.000000s ]
SQL: SELECT * FROM `type` WHERE ( fid=6 and state< 9 )  [ RunTime:0.000000s ]
SQL: SELECT * FROM `type` WHERE ( fid=104 and state< 9 )  [ RunTime:0.000000s ]
SQL: SELECT * FROM `type` WHERE ( fid=109 and state< 9 )  [ RunTime:0.000000s ]
SQL: SELECT * FROM `type` WHERE ( fid=114 and state< 9 )  [ RunTime:0.000000s ]
SQL: SELECT * FROM `type` WHERE ( fid=117 and state< 9 )  [ RunTime:0.000000s ]
SQL: SELECT * FROM `type` WHERE ( fid=7 and state< 9 )  [ RunTime:0.000000s ]
SQL: SELECT * FROM `type` WHERE ( fid=139 and state< 9 )  [ RunTime:0.000000s ]
SQL: SELECT * FROM `type` WHERE ( fid=8 and state< 9 )  [ RunTime:0.000000s ]
SQL: SELECT * FROM `type` WHERE ( fid=123 and state< 9 )  [ RunTime:0.000000s ]
SQL: SELECT * FROM `type` WHERE ( fid=128 and state< 9 )  [ RunTime:0.015600s ]
SQL: SELECT * FROM `type` WHERE ( fid=132 and state< 9 )  [ RunTime:0.000000s ]
SQL: SHOW COLUMNS FROM `imgpath` [ RunTime:0.000000s ]
SQL: SELECT * FROM `imgpath` WHERE ( state<9 ) ORDER BY id desc LIMIT 0,4   [ RunTime:0.000000s ]
SQL: SHOW COLUMNS FROM `articles` [ RunTime:0.015600s ]
SQL: SELECT * FROM `articles` WHERE ( typeId = 116 ) ORDER BY articleId desc LIMIT 0,3   [ RunTime:0.000000s ]
SQL: SELECT * FROM `articles` WHERE ( typeId = 130 ) ORDER BY articleId desc LIMIT 0,3   [ RunTime:0.000000s ]
SQL: SELECT * FROM `articles` WHERE ( typeId = 131 ) ORDER BY articleId desc LIMIT 0,3   [ RunTime:0.000000s ]
SQL: SELECT * FROM `type` WHERE ( fid = 132 ) ORDER BY typeId desc LIMIT 0,8   [ RunTime:0.000000s ]
INFO: [ view_parse ] --START--
INFO: [ template_filter ] --START--
INFO: Run Behavior\ContentReplaceBehavior [ RunTime:0.000000s ]
INFO: [ template_filter ] --END-- [ RunTime:0.000000s ]
INFO: Run Behavior\ParseTemplateBehavior [ RunTime:0.046800s ]
INFO: [ view_parse ] --END-- [ RunTime:0.046800s ]
INFO: [ view_filter ] --START--
INFO: Run Behavior\WriteHtmlCacheBehavior [ RunTime:0.000000s ]
INFO: [ view_filter ] --END-- [ RunTime:0.000000s ]
INFO: [ app_end ] --START--
INFO: Run Behavior\ShowPageTraceBehavior [ RunTime:0.000000s ]
INFO: [ app_end ] --END-- [ RunTime:0.000000s ]

[ 2018-05-16T17:53:12+08:00 ] 223.104.14.82 /
INFO: [ app_init ] --START--
INFO: Run Behavior\BuildLiteBehavior [ RunTime:0.000000s ]
INFO: [ app_init ] --END-- [ RunTime:0.000000s ]
INFO: [ app_begin ] --START--
INFO: Run Behavior\ReadHtmlCacheBehavior [ RunTime:0.000000s ]
INFO: [ app_begin ] --END-- [ RunTime:0.000000s ]
NOTIC: [8192] mysql_connect(): The mysql extension is deprecated and will be removed in the future: use mysqli or PDO instead E:\phpStudy\WWW\Farmers\library\ThinkPHP\Library\Think\Db\Driver\Mysql.class.php 第 52 行.
SQL: SHOW COLUMNS FROM `type` [ RunTime:0.015600s ]
SQL: SELECT * FROM `type` WHERE ( fid=0 and state< 9 )  [ RunTime:0.000000s ]
SQL: SELECT * FROM `type` WHERE ( fid=1 and state< 9 )  [ RunTime:0.000000s ]
SQL: SELECT * FROM `type` WHERE ( fid=9 and state< 9 )  [ RunTime:0.000000s ]
SQL: SELECT * FROM `type` WHERE ( fid=16 and state< 9 )  [ RunTime:0.000000s ]
SQL: SELECT * FROM `type` WHERE ( fid=20 and state< 9 )  [ RunTime:0.000000s ]
SQL: SELECT * FROM `type` WHERE ( fid=24 and state< 9 )  [ RunTime:0.000000s ]
SQL: SELECT * FROM `type` WHERE ( fid=27 and state< 9 )  [ RunTime:0.000000s ]
SQL: SELECT * FROM `type` WHERE ( fid=32 and state< 9 )  [ RunTime:0.000000s ]
SQL: SELECT * FROM `type` WHERE ( fid=35 and state< 9 )  [ RunTime:0.000000s ]
SQL: SELECT * FROM `type` WHERE ( fid=39 and state< 9 )  [ RunTime:0.000000s ]
SQL: SELECT * FROM `type` WHERE ( fid=2 and state< 9 )  [ RunTime:0.000000s ]
SQL: SELECT * FROM `type` WHERE ( fid=42 and state< 9 )  [ RunTime:0.000000s ]
SQL: SELECT * FROM `type` WHERE ( fid=48 and state< 9 )  [ RunTime:0.000000s ]
SQL: SELECT * FROM `type` WHERE ( fid=50 and state< 9 )  [ RunTime:0.000000s ]
SQL: SELECT * FROM `type` WHERE ( fid=55 and state< 9 )  [ RunTime:0.000000s ]
SQL: SELECT * FROM `type` WHERE ( fid=62 and state< 9 )  [ RunTime:0.000000s ]
SQL: SELECT * FROM `type` WHERE ( fid=3 and state< 9 )  [ RunTime:0.000000s ]
SQL: SELECT * FROM `type` WHERE ( fid=65 and state< 9 )  [ RunTime:0.000000s ]
SQL: SELECT * FROM `type` WHERE ( fid=4 and state< 9 )  [ RunTime:0.000000s ]
SQL: SELECT * FROM `type` WHERE ( fid=70 and state< 9 )  [ RunTime:0.000000s ]
SQL: SELECT * FROM `type` WHERE ( fid=74 and state< 9 )  [ RunTime:0.000000s ]
SQL: SELECT * FROM `type` WHERE ( fid=79 and state< 9 )  [ RunTime:0.000000s ]
SQL: SELECT * FROM `type` WHERE ( fid=84 and state< 9 )  [ RunTime:0.000000s ]
SQL: SELECT * FROM `type` WHERE ( fid=5 and state< 9 )  [ RunTime:0.000000s ]
SQL: SELECT * FROM `type` WHERE ( fid=87 and state< 9 )  [ RunTime:0.000000s ]
SQL: SELECT * FROM `type` WHERE ( fid=93 and state< 9 )  [ RunTime:0.000000s ]
SQL: SELECT * FROM `type` WHERE ( fid=95 and state< 9 )  [ RunTime:0.000000s ]
SQL: SELECT * FROM `type` WHERE ( fid=100 and state< 9 )  [ RunTime:0.000000s ]
SQL: SELECT * FROM `type` WHERE ( fid=6 and state< 9 )  [ RunTime:0.000000s ]
SQL: SELECT * FROM `type` WHERE ( fid=104 and state< 9 )  [ RunTime:0.000000s ]
SQL: SELECT * FROM `type` WHERE ( fid=109 and state< 9 )  [ RunTime:0.000000s ]
SQL: SELECT * FROM `type` WHERE ( fid=114 and state< 9 )  [ RunTime:0.000000s ]
SQL: SELECT * FROM `type` WHERE ( fid=117 and state< 9 )  [ RunTime:0.000000s ]
SQL: SELECT * FROM `type` WHERE ( fid=7 and state< 9 )  [ RunTime:0.000000s ]
SQL: SELECT * FROM `type` WHERE ( fid=139 and state< 9 )  [ RunTime:0.000000s ]
SQL: SELECT * FROM `type` WHERE ( fid=8 and state< 9 )  [ RunTime:0.000000s ]
SQL: SELECT * FROM `type` WHERE ( fid=123 and state< 9 )  [ RunTime:0.000000s ]
SQL: SELECT * FROM `type` WHERE ( fid=128 and state< 9 )  [ RunTime:0.000000s ]
SQL: SELECT * FROM `type` WHERE ( fid=132 and state< 9 )  [ RunTime:0.000000s ]
SQL: SELECT * FROM `type` WHERE ( fid=0 and state< 9 )  [ RunTime:0.000000s ]
SQL: SELECT * FROM `type` WHERE ( fid=1 and state< 9 )  [ RunTime:0.000000s ]
SQL: SELECT * FROM `type` WHERE ( fid=9 and state< 9 )  [ RunTime:0.000000s ]
SQL: SELECT * FROM `type` WHERE ( fid=16 and state< 9 )  [ RunTime:0.015601s ]
SQL: SELECT * FROM `type` WHERE ( fid=20 and state< 9 )  [ RunTime:0.000000s ]
SQL: SELECT * FROM `type` WHERE ( fid=24 and state< 9 )  [ RunTime:0.000000s ]
SQL: SELECT * FROM `type` WHERE ( fid=27 and state< 9 )  [ RunTime:0.000000s ]
SQL: SELECT * FROM `type` WHERE ( fid=32 and state< 9 )  [ RunTime:0.000000s ]
SQL: SELECT * FROM `type` WHERE ( fid=35 and state< 9 )  [ RunTime:0.000000s ]
SQL: SELECT * FROM `type` WHERE ( fid=39 and state< 9 )  [ RunTime:0.000000s ]
SQL: SELECT * FROM `type` WHERE ( fid=2 and state< 9 )  [ RunTime:0.000000s ]
SQL: SELECT * FROM `type` WHERE ( fid=42 and state< 9 )  [ RunTime:0.000000s ]
SQL: SELECT * FROM `type` WHERE ( fid=48 and state< 9 )  [ RunTime:0.000000s ]
SQL: SELECT * FROM `type` WHERE ( fid=50 and state< 9 )  [ RunTime:0.000000s ]
SQL: SELECT * FROM `type` WHERE ( fid=55 and state< 9 )  [ RunTime:0.000000s ]
SQL: SELECT * FROM `type` WHERE ( fid=62 and state< 9 )  [ RunTime:0.000000s ]
SQL: SELECT * FROM `type` WHERE ( fid=3 and state< 9 )  [ RunTime:0.000000s ]
SQL: SELECT * FROM `type` WHERE ( fid=65 and state< 9 )  [ RunTime:0.000000s ]
SQL: SELECT * FROM `type` WHERE ( fid=4 and state< 9 )  [ RunTime:0.000000s ]
SQL: SELECT * FROM `type` WHERE ( fid=70 and state< 9 )  [ RunTime:0.000000s ]
SQL: SELECT * FROM `type` WHERE ( fid=74 and state< 9 )  [ RunTime:0.000000s ]
SQL: SELECT * FROM `type` WHERE ( fid=79 and state< 9 )  [ RunTime:0.000000s ]
SQL: SELECT * FROM `type` WHERE ( fid=84 and state< 9 )  [ RunTime:0.000000s ]
SQL: SELECT * FROM `type` WHERE ( fid=5 and state< 9 )  [ RunTime:0.000000s ]
SQL: SELECT * FROM `type` WHERE ( fid=87 and state< 9 )  [ RunTime:0.000000s ]
SQL: SELECT * FROM `type` WHERE ( fid=93 and state< 9 )  [ RunTime:0.000000s ]
SQL: SELECT * FROM `type` WHERE ( fid=95 and state< 9 )  [ RunTime:0.000000s ]
SQL: SELECT * FROM `type` WHERE ( fid=100 and state< 9 )  [ RunTime:0.000000s ]
SQL: SELECT * FROM `type` WHERE ( fid=6 and state< 9 )  [ RunTime:0.000000s ]
SQL: SELECT * FROM `type` WHERE ( fid=104 and state< 9 )  [ RunTime:0.000000s ]
SQL: SELECT * FROM `type` WHERE ( fid=109 and state< 9 )  [ RunTime:0.000000s ]
SQL: SELECT * FROM `type` WHERE ( fid=114 and state< 9 )  [ RunTime:0.015600s ]
SQL: SELECT * FROM `type` WHERE ( fid=117 and state< 9 )  [ RunTime:0.000000s ]
SQL: SELECT * FROM `type` WHERE ( fid=7 and state< 9 )  [ RunTime:0.000000s ]
SQL: SELECT * FROM `type` WHERE ( fid=139 and state< 9 )  [ RunTime:0.000000s ]
SQL: SELECT * FROM `type` WHERE ( fid=8 and state< 9 )  [ RunTime:0.000000s ]
SQL: SELECT * FROM `type` WHERE ( fid=123 and state< 9 )  [ RunTime:0.000000s ]
SQL: SELECT * FROM `type` WHERE ( fid=128 and state< 9 )  [ RunTime:0.000000s ]
SQL: SELECT * FROM `type` WHERE ( fid=132 and state< 9 )  [ RunTime:0.000000s ]
SQL: SHOW COLUMNS FROM `imgpath` [ RunTime:0.000000s ]
SQL: SELECT * FROM `imgpath` WHERE ( state<9 ) ORDER BY id desc LIMIT 0,4   [ RunTime:0.000000s ]
SQL: SHOW COLUMNS FROM `articles` [ RunTime:0.015600s ]
SQL: SELECT * FROM `articles` WHERE ( typeId = 116 ) ORDER BY articleId desc LIMIT 0,3   [ RunTime:0.000000s ]
SQL: SELECT * FROM `articles` WHERE ( typeId = 130 ) ORDER BY articleId desc LIMIT 0,3   [ RunTime:0.000000s ]
SQL: SELECT * FROM `articles` WHERE ( typeId = 131 ) ORDER BY articleId desc LIMIT 0,3   [ RunTime:0.000000s ]
SQL: SELECT * FROM `type` WHERE ( fid = 132 ) ORDER BY typeId desc LIMIT 0,8   [ RunTime:0.000000s ]
INFO: [ view_parse ] --START--
INFO: [ template_filter ] --START--
INFO: Run Behavior\ContentReplaceBehavior [ RunTime:0.000000s ]
INFO: [ template_filter ] --END-- [ RunTime:0.000000s ]
INFO: Run Behavior\ParseTemplateBehavior [ RunTime:0.031200s ]
INFO: [ view_parse ] --END-- [ RunTime:0.031200s ]
INFO: [ view_filter ] --START--
INFO: Run Behavior\WriteHtmlCacheBehavior [ RunTime:0.000000s ]
INFO: [ view_filter ] --END-- [ RunTime:0.000000s ]
INFO: [ app_end ] --START--
INFO: Run Behavior\ShowPageTraceBehavior [ RunTime:0.000000s ]
INFO: [ app_end ] --END-- [ RunTime:0.000000s ]

[ 2018-05-16T17:53:16+08:00 ] 223.104.14.82 /admin.php
INFO: [ app_init ] --START--
INFO: Run Behavior\BuildLiteBehavior [ RunTime:0.000000s ]
INFO: [ app_init ] --END-- [ RunTime:0.000000s ]
INFO: [ app_begin ] --START--
INFO: Run Behavior\ReadHtmlCacheBehavior [ RunTime:0.000000s ]
INFO: [ app_begin ] --END-- [ RunTime:0.000000s ]

[ 2018-05-16T17:53:16+08:00 ] 223.104.14.82 /admin.php/Login/login.html
INFO: [ app_init ] --START--
INFO: Run Behavior\BuildLiteBehavior [ RunTime:0.000000s ]
INFO: [ app_init ] --END-- [ RunTime:0.000000s ]
INFO: [ app_begin ] --START--
INFO: Run Behavior\ReadHtmlCacheBehavior [ RunTime:0.000000s ]
INFO: [ app_begin ] --END-- [ RunTime:0.000000s ]
INFO: [ view_parse ] --START--
INFO: [ template_filter ] --START--
INFO: Run Behavior\ContentReplaceBehavior [ RunTime:0.015600s ]
INFO: [ template_filter ] --END-- [ RunTime:0.015600s ]
INFO: Run Behavior\ParseTemplateBehavior [ RunTime:0.015600s ]
INFO: [ view_parse ] --END-- [ RunTime:0.015600s ]
INFO: [ view_filter ] --START--
INFO: Run Behavior\WriteHtmlCacheBehavior [ RunTime:0.000000s ]
INFO: [ view_filter ] --END-- [ RunTime:0.000000s ]
INFO: [ app_end ] --START--
INFO: Run Behavior\ShowPageTraceBehavior [ RunTime:0.000000s ]
INFO: [ app_end ] --END-- [ RunTime:0.000000s ]

[ 2018-05-16T17:53:26+08:00 ] 223.104.14.82 /admin.php/Login/check.html
INFO: [ app_init ] --START--
INFO: Run Behavior\BuildLiteBehavior [ RunTime:0.000000s ]
INFO: [ app_init ] --END-- [ RunTime:0.000000s ]
INFO: [ app_begin ] --START--
INFO: Run Behavior\ReadHtmlCacheBehavior [ RunTime:0.000000s ]
INFO: [ app_begin ] --END-- [ RunTime:0.000000s ]
NOTIC: [8192] mysql_connect(): The mysql extension is deprecated and will be removed in the future: use mysqli or PDO instead E:\phpStudy\WWW\Farmers\library\ThinkPHP\Library\Think\Db\Driver\Mysql.class.php 第 52 行.
SQL: SHOW COLUMNS FROM `admin` [ RunTime:0.000000s ]
SQL: SELECT * FROM `admin` WHERE ( username='admin' and password='21232f297a57a5a743894a0e4a801fc3' ) LIMIT 1   [ RunTime:0.000000s ]

[ 2018-05-16T17:53:26+08:00 ] 223.104.14.82 /admin.php/Index/main.html
INFO: [ app_init ] --START--
INFO: Run Behavior\BuildLiteBehavior [ RunTime:0.000000s ]
INFO: [ app_init ] --END-- [ RunTime:0.015600s ]
INFO: [ app_begin ] --START--
INFO: Run Behavior\ReadHtmlCacheBehavior [ RunTime:0.000000s ]
INFO: [ app_begin ] --END-- [ RunTime:0.000000s ]
INFO: [ view_parse ] --START--
INFO: [ template_filter ] --START--
INFO: Run Behavior\ContentReplaceBehavior [ RunTime:0.000000s ]
INFO: [ template_filter ] --END-- [ RunTime:0.000000s ]
INFO: Run Behavior\ParseTemplateBehavior [ RunTime:0.000000s ]
INFO: [ view_parse ] --END-- [ RunTime:0.000000s ]
INFO: [ view_filter ] --START--
INFO: Run Behavior\WriteHtmlCacheBehavior [ RunTime:0.000000s ]
INFO: [ view_filter ] --END-- [ RunTime:0.000000s ]
INFO: [ app_end ] --START--
INFO: Run Behavior\ShowPageTraceBehavior [ RunTime:0.015600s ]
INFO: [ app_end ] --END-- [ RunTime:0.015600s ]

[ 2018-05-16T17:53:27+08:00 ] 223.104.14.82 /admin.php/Index/top.html
INFO: [ app_init ] --START--
INFO: Run Behavior\BuildLiteBehavior [ RunTime:0.000000s ]
INFO: [ app_init ] --END-- [ RunTime:0.015600s ]
INFO: [ app_begin ] --START--
INFO: Run Behavior\ReadHtmlCacheBehavior [ RunTime:0.000000s ]
INFO: [ app_begin ] --END-- [ RunTime:0.000000s ]
INFO: [ view_parse ] --START--
INFO: [ template_filter ] --START--
INFO: Run Behavior\ContentReplaceBehavior [ RunTime:0.000000s ]
INFO: [ template_filter ] --END-- [ RunTime:0.000000s ]
INFO: Run Behavior\ParseTemplateBehavior [ RunTime:0.015600s ]
INFO: [ view_parse ] --END-- [ RunTime:0.015600s ]
INFO: [ view_filter ] --START--
INFO: Run Behavior\WriteHtmlCacheBehavior [ RunTime:0.000000s ]
INFO: [ view_filter ] --END-- [ RunTime:0.000000s ]
INFO: [ app_end ] --START--
INFO: Run Behavior\ShowPageTraceBehavior [ RunTime:0.000000s ]
INFO: [ app_end ] --END-- [ RunTime:0.000000s ]

[ 2018-05-16T17:53:27+08:00 ] 223.104.14.82 /admin.php/Index/left.html
INFO: [ app_init ] --START--
INFO: Run Behavior\BuildLiteBehavior [ RunTime:0.000000s ]
INFO: [ app_init ] --END-- [ RunTime:0.000000s ]
INFO: [ app_begin ] --START--
INFO: Run Behavior\ReadHtmlCacheBehavior [ RunTime:0.000000s ]
INFO: [ app_begin ] --END-- [ RunTime:0.000000s ]
INFO: [ view_parse ] --START--
INFO: [ template_filter ] --START--
INFO: Run Behavior\ContentReplaceBehavior [ RunTime:0.000000s ]
INFO: [ template_filter ] --END-- [ RunTime:0.000000s ]
INFO: Run Behavior\ParseTemplateBehavior [ RunTime:0.015600s ]
INFO: [ view_parse ] --END-- [ RunTime:0.015600s ]
INFO: [ view_filter ] --START--
INFO: Run Behavior\WriteHtmlCacheBehavior [ RunTime:0.015600s ]
INFO: [ view_filter ] --END-- [ RunTime:0.015600s ]
INFO: [ app_end ] --START--
INFO: Run Behavior\ShowPageTraceBehavior [ RunTime:0.000000s ]
INFO: [ app_end ] --END-- [ RunTime:0.000000s ]

[ 2018-05-16T17:53:27+08:00 ] 223.104.14.82 /admin.php/Index/index.html
INFO: [ app_init ] --START--
INFO: Run Behavior\BuildLiteBehavior [ RunTime:0.000000s ]
INFO: [ app_init ] --END-- [ RunTime:0.000000s ]
INFO: [ app_begin ] --START--
INFO: Run Behavior\ReadHtmlCacheBehavior [ RunTime:0.000000s ]
INFO: [ app_begin ] --END-- [ RunTime:0.000000s ]
INFO: [ view_parse ] --START--
INFO: [ template_filter ] --START--
INFO: Run Behavior\ContentReplaceBehavior [ RunTime:0.000000s ]
INFO: [ template_filter ] --END-- [ RunTime:0.000000s ]
INFO: Run Behavior\ParseTemplateBehavior [ RunTime:0.031200s ]
INFO: [ view_parse ] --END-- [ RunTime:0.031200s ]
INFO: [ view_filter ] --START--
INFO: Run Behavior\WriteHtmlCacheBehavior [ RunTime:0.000000s ]
INFO: [ view_filter ] --END-- [ RunTime:0.000000s ]
INFO: [ app_end ] --START--
INFO: Run Behavior\ShowPageTraceBehavior [ RunTime:0.000000s ]
INFO: [ app_end ] --END-- [ RunTime:0.000000s ]

[ 2018-05-16T18:26:38+08:00 ] 60.223.234.178 /index.php/News/char
INFO: [ app_init ] --START--
INFO: Run Behavior\BuildLiteBehavior [ RunTime:0.000000s ]
INFO: [ app_init ] --END-- [ RunTime:0.015600s ]
INFO: [ app_begin ] --START--
INFO: Run Behavior\ReadHtmlCacheBehavior [ RunTime:0.000000s ]
INFO: [ app_begin ] --END-- [ RunTime:0.000000s ]
NOTIC: [8192] mysql_connect(): The mysql extension is deprecated and will be removed in the future: use mysqli or PDO instead E:\phpStudy\WWW\Farmers\library\ThinkPHP\Library\Think\Db\Driver\Mysql.class.php 第 52 行.
SQL: SHOW COLUMNS FROM `type` [ RunTime:0.000000s ]
SQL: SELECT * FROM `type` WHERE ( fid=0 and state< 9 )  [ RunTime:0.000000s ]
SQL: SELECT * FROM `type` WHERE ( fid=1 and state< 9 )  [ RunTime:0.000000s ]
SQL: SELECT * FROM `type` WHERE ( fid=9 and state< 9 )  [ RunTime:0.000000s ]
SQL: SELECT * FROM `type` WHERE ( fid=16 and state< 9 )  [ RunTime:0.000000s ]
SQL: SELECT * FROM `type` WHERE ( fid=20 and state< 9 )  [ RunTime:0.000000s ]
SQL: SELECT * FROM `type` WHERE ( fid=24 and state< 9 )  [ RunTime:0.000000s ]
SQL: SELECT * FROM `type` WHERE ( fid=27 and state< 9 )  [ RunTime:0.015600s ]
SQL: SELECT * FROM `type` WHERE ( fid=32 and state< 9 )  [ RunTime:0.000000s ]
SQL: SELECT * FROM `type` WHERE ( fid=35 and state< 9 )  [ RunTime:0.000000s ]
SQL: SELECT * FROM `type` WHERE ( fid=39 and state< 9 )  [ RunTime:0.000000s ]
SQL: SELECT * FROM `type` WHERE ( fid=2 and state< 9 )  [ RunTime:0.000000s ]
SQL: SELECT * FROM `type` WHERE ( fid=42 and state< 9 )  [ RunTime:0.000000s ]
SQL: SELECT * FROM `type` WHERE ( fid=48 and state< 9 )  [ RunTime:0.000000s ]
SQL: SELECT * FROM `type` WHERE ( fid=50 and state< 9 )  [ RunTime:0.000000s ]
SQL: SELECT * FROM `type` WHERE ( fid=55 and state< 9 )  [ RunTime:0.000000s ]
SQL: SELECT * FROM `type` WHERE ( fid=62 and state< 9 )  [ RunTime:0.000000s ]
SQL: SELECT * FROM `type` WHERE ( fid=3 and state< 9 )  [ RunTime:0.000000s ]
SQL: SELECT * FROM `type` WHERE ( fid=65 and state< 9 )  [ RunTime:0.000000s ]
SQL: SELECT * FROM `type` WHERE ( fid=4 and state< 9 )  [ RunTime:0.000000s ]
SQL: SELECT * FROM `type` WHERE ( fid=70 and state< 9 )  [ RunTime:0.000000s ]
SQL: SELECT * FROM `type` WHERE ( fid=74 and state< 9 )  [ RunTime:0.000000s ]
SQL: SELECT * FROM `type` WHERE ( fid=79 and state< 9 )  [ RunTime:0.000000s ]
SQL: SELECT * FROM `type` WHERE ( fid=84 and state< 9 )  [ RunTime:0.000000s ]
SQL: SELECT * FROM `type` WHERE ( fid=5 and state< 9 )  [ RunTime:0.000000s ]
SQL: SELECT * FROM `type` WHERE ( fid=87 and state< 9 )  [ RunTime:0.000000s ]
SQL: SELECT * FROM `type` WHERE ( fid=93 and state< 9 )  [ RunTime:0.000000s ]
SQL: SELECT * FROM `type` WHERE ( fid=95 and state< 9 )  [ RunTime:0.000000s ]
SQL: SELECT * FROM `type` WHERE ( fid=100 and state< 9 )  [ RunTime:0.000000s ]
SQL: SELECT * FROM `type` WHERE ( fid=6 and state< 9 )  [ RunTime:0.000000s ]
SQL: SELECT * FROM `type` WHERE ( fid=104 and state< 9 )  [ RunTime:0.000000s ]
SQL: SELECT * FROM `type` WHERE ( fid=109 and state< 9 )  [ RunTime:0.000000s ]
SQL: SELECT * FROM `type` WHERE ( fid=114 and state< 9 )  [ RunTime:0.000000s ]
SQL: SELECT * FROM `type` WHERE ( fid=117 and state< 9 )  [ RunTime:0.000000s ]
SQL: SELECT * FROM `type` WHERE ( fid=7 and state< 9 )  [ RunTime:0.000000s ]
SQL: SELECT * FROM `type` WHERE ( fid=139 and state< 9 )  [ RunTime:0.000000s ]
SQL: SELECT * FROM `type` WHERE ( fid=8 and state< 9 )  [ RunTime:0.000000s ]
SQL: SELECT * FROM `type` WHERE ( fid=123 and state< 9 )  [ RunTime:0.000000s ]
SQL: SELECT * FROM `type` WHERE ( fid=128 and state< 9 )  [ RunTime:0.000000s ]
SQL: SELECT * FROM `type` WHERE ( fid=132 and state< 9 )  [ RunTime:0.000000s ]
ERR: 非法操作:char

[ 2018-05-16T18:28:52+08:00 ] 60.223.234.178 /index.php/News/char
INFO: [ app_init ] --START--
INFO: Run Behavior\BuildLiteBehavior [ RunTime:0.000000s ]
INFO: [ app_init ] --END-- [ RunTime:0.000000s ]
INFO: [ app_begin ] --START--
INFO: Run Behavior\ReadHtmlCacheBehavior [ RunTime:0.000000s ]
INFO: [ app_begin ] --END-- [ RunTime:0.000000s ]
NOTIC: [8192] mysql_connect(): The mysql extension is deprecated and will be removed in the future: use mysqli or PDO instead E:\phpStudy\WWW\Farmers\library\ThinkPHP\Library\Think\Db\Driver\Mysql.class.php 第 52 行.
SQL: SHOW COLUMNS FROM `type` [ RunTime:0.000000s ]
SQL: SELECT * FROM `type` WHERE ( fid=0 and state< 9 )  [ RunTime:0.000000s ]
SQL: SELECT * FROM `type` WHERE ( fid=1 and state< 9 )  [ RunTime:0.000000s ]
SQL: SELECT * FROM `type` WHERE ( fid=9 and state< 9 )  [ RunTime:0.000000s ]
SQL: SELECT * FROM `type` WHERE ( fid=16 and state< 9 )  [ RunTime:0.000000s ]
SQL: SELECT * FROM `type` WHERE ( fid=20 and state< 9 )  [ RunTime:0.000000s ]
SQL: SELECT * FROM `type` WHERE ( fid=24 and state< 9 )  [ RunTime:0.000000s ]
SQL: SELECT * FROM `type` WHERE ( fid=27 and state< 9 )  [ RunTime:0.000000s ]
SQL: SELECT * FROM `type` WHERE ( fid=32 and state< 9 )  [ RunTime:0.000000s ]
SQL: SELECT * FROM `type` WHERE ( fid=35 and state< 9 )  [ RunTime:0.000000s ]
SQL: SELECT * FROM `type` WHERE ( fid=39 and state< 9 )  [ RunTime:0.015600s ]
SQL: SELECT * FROM `type` WHERE ( fid=2 and state< 9 )  [ RunTime:0.000000s ]
SQL: SELECT * FROM `type` WHERE ( fid=42 and state< 9 )  [ RunTime:0.000000s ]
SQL: SELECT * FROM `type` WHERE ( fid=48 and state< 9 )  [ RunTime:0.000000s ]
SQL: SELECT * FROM `type` WHERE ( fid=50 and state< 9 )  [ RunTime:0.000000s ]
SQL: SELECT * FROM `type` WHERE ( fid=55 and state< 9 )  [ RunTime:0.000000s ]
SQL: SELECT * FROM `type` WHERE ( fid=62 and state< 9 )  [ RunTime:0.000000s ]
SQL: SELECT * FROM `type` WHERE ( fid=3 and state< 9 )  [ RunTime:0.000000s ]
SQL: SELECT * FROM `type` WHERE ( fid=65 and state< 9 )  [ RunTime:0.000000s ]
SQL: SELECT * FROM `type` WHERE ( fid=4 and state< 9 )  [ RunTime:0.000000s ]
SQL: SELECT * FROM `type` WHERE ( fid=70 and state< 9 )  [ RunTime:0.000000s ]
SQL: SELECT * FROM `type` WHERE ( fid=74 and state< 9 )  [ RunTime:0.000000s ]
SQL: SELECT * FROM `type` WHERE ( fid=79 and state< 9 )  [ RunTime:0.000000s ]
SQL: SELECT * FROM `type` WHERE ( fid=84 and state< 9 )  [ RunTime:0.000000s ]
SQL: SELECT * FROM `type` WHERE ( fid=5 and state< 9 )  [ RunTime:0.000000s ]
SQL: SELECT * FROM `type` WHERE ( fid=87 and state< 9 )  [ RunTime:0.000000s ]
SQL: SELECT * FROM `type` WHERE ( fid=93 and state< 9 )  [ RunTime:0.000000s ]
SQL: SELECT * FROM `type` WHERE ( fid=95 and state< 9 )  [ RunTime:0.000000s ]
SQL: SELECT * FROM `type` WHERE ( fid=100 and state< 9 )  [ RunTime:0.000000s ]
SQL: SELECT * FROM `type` WHERE ( fid=6 and state< 9 )  [ RunTime:0.000000s ]
SQL: SELECT * FROM `type` WHERE ( fid=104 and state< 9 )  [ RunTime:0.000000s ]
SQL: SELECT * FROM `type` WHERE ( fid=109 and state< 9 )  [ RunTime:0.000000s ]
SQL: SELECT * FROM `type` WHERE ( fid=114 and state< 9 )  [ RunTime:0.000000s ]
SQL: SELECT * FROM `type` WHERE ( fid=117 and state< 9 )  [ RunTime:0.000000s ]
SQL: SELECT * FROM `type` WHERE ( fid=7 and state< 9 )  [ RunTime:0.000000s ]
SQL: SELECT * FROM `type` WHERE ( fid=139 and state< 9 )  [ RunTime:0.015600s ]
SQL: SELECT * FROM `type` WHERE ( fid=8 and state< 9 )  [ RunTime:0.000000s ]
SQL: SELECT * FROM `type` WHERE ( fid=123 and state< 9 )  [ RunTime:0.000000s ]
SQL: SELECT * FROM `type` WHERE ( fid=128 and state< 9 )  [ RunTime:0.000000s ]
SQL: SELECT * FROM `type` WHERE ( fid=132 and state< 9 )  [ RunTime:0.000000s ]
ERR: 非法操作:char

[ 2018-05-16T18:32:45+08:00 ] 117.136.90.54 /admin.php/Login/login.html
INFO: [ app_init ] --START--
INFO: Run Behavior\BuildLiteBehavior [ RunTime:0.000000s ]
INFO: [ app_init ] --END-- [ RunTime:0.000000s ]
INFO: [ app_begin ] --START--
INFO: Run Behavior\ReadHtmlCacheBehavior [ RunTime:0.000000s ]
INFO: [ app_begin ] --END-- [ RunTime:0.000000s ]
INFO: [ view_parse ] --START--
INFO: [ template_filter ] --START--
INFO: Run Behavior\ContentReplaceBehavior [ RunTime:0.000000s ]
INFO: [ template_filter ] --END-- [ RunTime:0.000000s ]
INFO: Run Behavior\ParseTemplateBehavior [ RunTime:0.031200s ]
INFO: [ view_parse ] --END-- [ RunTime:0.031200s ]
INFO: [ view_filter ] --START--
INFO: Run Behavior\WriteHtmlCacheBehavior [ RunTime:0.000000s ]
INFO: [ view_filter ] --END-- [ RunTime:0.000000s ]
INFO: [ app_end ] --START--
INFO: Run Behavior\ShowPageTraceBehavior [ RunTime:0.000000s ]
INFO: [ app_end ] --END-- [ RunTime:0.000000s ]

[ 2018-05-16T18:32:55+08:00 ] 117.136.90.54 /
INFO: [ app_init ] --START--
INFO: Run Behavior\BuildLiteBehavior [ RunTime:0.000000s ]
INFO: [ app_init ] --END-- [ RunTime:0.000000s ]
INFO: [ app_begin ] --START--
INFO: Run Behavior\ReadHtmlCacheBehavior [ RunTime:0.000000s ]
INFO: [ app_begin ] --END-- [ RunTime:0.000000s ]
NOTIC: [8192] mysql_connect(): The mysql extension is deprecated and will be removed in the future: use mysqli or PDO instead E:\phpStudy\WWW\Farmers\library\ThinkPHP\Library\Think\Db\Driver\Mysql.class.php 第 52 行.
SQL: SHOW COLUMNS FROM `type` [ RunTime:0.000000s ]
SQL: SELECT * FROM `type` WHERE ( fid=0 and state< 9 )  [ RunTime:0.000000s ]
SQL: SELECT * FROM `type` WHERE ( fid=1 and state< 9 )  [ RunTime:0.000000s ]
SQL: SELECT * FROM `type` WHERE ( fid=9 and state< 9 )  [ RunTime:0.000000s ]
SQL: SELECT * FROM `type` WHERE ( fid=16 and state< 9 )  [ RunTime:0.000000s ]
SQL: SELECT * FROM `type` WHERE ( fid=20 and state< 9 )  [ RunTime:0.000000s ]
SQL: SELECT * FROM `type` WHERE ( fid=24 and state< 9 )  [ RunTime:0.000000s ]
SQL: SELECT * FROM `type` WHERE ( fid=27 and state< 9 )  [ RunTime:0.000000s ]
SQL: SELECT * FROM `type` WHERE ( fid=32 and state< 9 )  [ RunTime:0.000000s ]
SQL: SELECT * FROM `type` WHERE ( fid=35 and state< 9 )  [ RunTime:0.000000s ]
SQL: SELECT * FROM `type` WHERE ( fid=39 and state< 9 )  [ RunTime:0.000000s ]
SQL: SELECT * FROM `type` WHERE ( fid=2 and state< 9 )  [ RunTime:0.000000s ]
SQL: SELECT * FROM `type` WHERE ( fid=42 and state< 9 )  [ RunTime:0.000000s ]
SQL: SELECT * FROM `type` WHERE ( fid=48 and state< 9 )  [ RunTime:0.000000s ]
SQL: SELECT * FROM `type` WHERE ( fid=50 and state< 9 )  [ RunTime:0.000000s ]
SQL: SELECT * FROM `type` WHERE ( fid=55 and state< 9 )  [ RunTime:0.000000s ]
SQL: SELECT * FROM `type` WHERE ( fid=62 and state< 9 )  [ RunTime:0.000000s ]
SQL: SELECT * FROM `type` WHERE ( fid=3 and state< 9 )  [ RunTime:0.000000s ]
SQL: SELECT * FROM `type` WHERE ( fid=65 and state< 9 )  [ RunTime:0.000000s ]
SQL: SELECT * FROM `type` WHERE ( fid=4 and state< 9 )  [ RunTime:0.000000s ]
SQL: SELECT * FROM `type` WHERE ( fid=70 and state< 9 )  [ RunTime:0.000000s ]
SQL: SELECT * FROM `type` WHERE ( fid=74 and state< 9 )  [ RunTime:0.000000s ]
SQL: SELECT * FROM `type` WHERE ( fid=79 and state< 9 )  [ RunTime:0.000000s ]
SQL: SELECT * FROM `type` WHERE ( fid=84 and state< 9 )  [ RunTime:0.000000s ]
SQL: SELECT * FROM `type` WHERE ( fid=5 and state< 9 )  [ RunTime:0.000000s ]
SQL: SELECT * FROM `type` WHERE ( fid=87 and state< 9 )  [ RunTime:0.000000s ]
SQL: SELECT * FROM `type` WHERE ( fid=93 and state< 9 )  [ RunTime:0.000000s ]
SQL: SELECT * FROM `type` WHERE ( fid=95 and state< 9 )  [ RunTime:0.000000s ]
SQL: SELECT * FROM `type` WHERE ( fid=100 and state< 9 )  [ RunTime:0.000000s ]
SQL: SELECT * FROM `type` WHERE ( fid=6 and state< 9 )  [ RunTime:0.000000s ]
SQL: SELECT * FROM `type` WHERE ( fid=104 and state< 9 )  [ RunTime:0.000000s ]
SQL: SELECT * FROM `type` WHERE ( fid=109 and state< 9 )  [ RunTime:0.000000s ]
SQL: SELECT * FROM `type` WHERE ( fid=114 and state< 9 )  [ RunTime:0.000000s ]
SQL: SELECT * FROM `type` WHERE ( fid=117 and state< 9 )  [ RunTime:0.000000s ]
SQL: SELECT * FROM `type` WHERE ( fid=7 and state< 9 )  [ RunTime:0.000000s ]
SQL: SELECT * FROM `type` WHERE ( fid=139 and state< 9 )  [ RunTime:0.015600s ]
SQL: SELECT * FROM `type` WHERE ( fid=8 and state< 9 )  [ RunTime:0.000000s ]
SQL: SELECT * FROM `type` WHERE ( fid=123 and state< 9 )  [ RunTime:0.000000s ]
SQL: SELECT * FROM `type` WHERE ( fid=128 and state< 9 )  [ RunTime:0.000000s ]
SQL: SELECT * FROM `type` WHERE ( fid=132 and state< 9 )  [ RunTime:0.000000s ]
SQL: SELECT * FROM `type` WHERE ( fid=0 and state< 9 )  [ RunTime:0.000000s ]
SQL: SELECT * FROM `type` WHERE ( fid=1 and state< 9 )  [ RunTime:0.000000s ]
SQL: SELECT * FROM `type` WHERE ( fid=9 and state< 9 )  [ RunTime:0.000000s ]
SQL: SELECT * FROM `type` WHERE ( fid=16 and state< 9 )  [ RunTime:0.000000s ]
SQL: SELECT * FROM `type` WHERE ( fid=20 and state< 9 )  [ RunTime:0.000000s ]
SQL: SELECT * FROM `type` WHERE ( fid=24 and state< 9 )  [ RunTime:0.000000s ]
SQL: SELECT * FROM `type` WHERE ( fid=27 and state< 9 )  [ RunTime:0.000000s ]
SQL: SELECT * FROM `type` WHERE ( fid=32 and state< 9 )  [ RunTime:0.000000s ]
SQL: SELECT * FROM `type` WHERE ( fid=35 and state< 9 )  [ RunTime:0.000000s ]
SQL: SELECT * FROM `type` WHERE ( fid=39 and state< 9 )  [ RunTime:0.000000s ]
SQL: SELECT * FROM `type` WHERE ( fid=2 and state< 9 )  [ RunTime:0.000000s ]
SQL: SELECT * FROM `type` WHERE ( fid=42 and state< 9 )  [ RunTime:0.000000s ]
SQL: SELECT * FROM `type` WHERE ( fid=48 and state< 9 )  [ RunTime:0.000000s ]
SQL: SELECT * FROM `type` WHERE ( fid=50 and state< 9 )  [ RunTime:0.000000s ]
SQL: SELECT * FROM `type` WHERE ( fid=55 and state< 9 )  [ RunTime:0.000000s ]
SQL: SELECT * FROM `type` WHERE ( fid=62 and state< 9 )  [ RunTime:0.000000s ]
SQL: SELECT * FROM `type` WHERE ( fid=3 and state< 9 )  [ RunTime:0.000000s ]
SQL: SELECT * FROM `type` WHERE ( fid=65 and state< 9 )  [ RunTime:0.000000s ]
SQL: SELECT * FROM `type` WHERE ( fid=4 and state< 9 )  [ RunTime:0.000000s ]
SQL: SELECT * FROM `type` WHERE ( fid=70 and state< 9 )  [ RunTime:0.000000s ]
SQL: SELECT * FROM `type` WHERE ( fid=74 and state< 9 )  [ RunTime:0.015600s ]
SQL: SELECT * FROM `type` WHERE ( fid=79 and state< 9 )  [ RunTime:0.000000s ]
SQL: SELECT * FROM `type` WHERE ( fid=84 and state< 9 )  [ RunTime:0.000000s ]
SQL: SELECT * FROM `type` WHERE ( fid=5 and state< 9 )  [ RunTime:0.000000s ]
SQL: SELECT * FROM `type` WHERE ( fid=87 and state< 9 )  [ RunTime:0.000000s ]
SQL: SELECT * FROM `type` WHERE ( fid=93 and state< 9 )  [ RunTime:0.000000s ]
SQL: SELECT * FROM `type` WHERE ( fid=95 and state< 9 )  [ RunTime:0.000000s ]
SQL: SELECT * FROM `type` WHERE ( fid=100 and state< 9 )  [ RunTime:0.000000s ]
SQL: SELECT * FROM `type` WHERE ( fid=6 and state< 9 )  [ RunTime:0.000000s ]
SQL: SELECT * FROM `type` WHERE ( fid=104 and state< 9 )  [ RunTime:0.000000s ]
SQL: SELECT * FROM `type` WHERE ( fid=109 and state< 9 )  [ RunTime:0.000000s ]
SQL: SELECT * FROM `type` WHERE ( fid=114 and state< 9 )  [ RunTime:0.000000s ]
SQL: SELECT * FROM `type` WHERE ( fid=117 and state< 9 )  [ RunTime:0.000000s ]
SQL: SELECT * FROM `type` WHERE ( fid=7 and state< 9 )  [ RunTime:0.000000s ]
SQL: SELECT * FROM `type` WHERE ( fid=139 and state< 9 )  [ RunTime:0.000000s ]
SQL: SELECT * FROM `type` WHERE ( fid=8 and state< 9 )  [ RunTime:0.000000s ]
SQL: SELECT * FROM `type` WHERE ( fid=123 and state< 9 )  [ RunTime:0.000000s ]
SQL: SELECT * FROM `type` WHERE ( fid=128 and state< 9 )  [ RunTime:0.000000s ]
SQL: SELECT * FROM `type` WHERE ( fid=132 and state< 9 )  [ RunTime:0.000000s ]
SQL: SHOW COLUMNS FROM `imgpath` [ RunTime:0.015600s ]
SQL: SELECT * FROM `imgpath` WHERE ( state<9 ) ORDER BY id desc LIMIT 0,4   [ RunTime:0.000000s ]
SQL: SHOW COLUMNS FROM `articles` [ RunTime:0.015600s ]
SQL: SELECT * FROM `articles` WHERE ( typeId = 116 ) ORDER BY articleId desc LIMIT 0,3   [ RunTime:0.000000s ]
SQL: SELECT * FROM `articles` WHERE ( typeId = 130 ) ORDER BY articleId desc LIMIT 0,3   [ RunTime:0.000000s ]
SQL: SELECT * FROM `articles` WHERE ( typeId = 131 ) ORDER BY articleId desc LIMIT 0,3   [ RunTime:0.000000s ]
SQL: SELECT * FROM `type` WHERE ( fid = 132 ) ORDER BY typeId desc LIMIT 0,8   [ RunTime:0.000000s ]
INFO: [ view_parse ] --START--
INFO: [ template_filter ] --START--
INFO: Run Behavior\ContentReplaceBehavior [ RunTime:0.000000s ]
INFO: [ template_filter ] --END-- [ RunTime:0.000000s ]
INFO: Run Behavior\ParseTemplateBehavior [ RunTime:0.031200s ]
INFO: [ view_parse ] --END-- [ RunTime:0.031200s ]
INFO: [ view_filter ] --START--
INFO: Run Behavior\WriteHtmlCacheBehavior [ RunTime:0.000000s ]
INFO: [ view_filter ] --END-- [ RunTime:0.000000s ]
INFO: [ app_end ] --START--
INFO: Run Behavior\ShowPageTraceBehavior [ RunTime:0.000000s ]
INFO: [ app_end ] --END-- [ RunTime:0.000000s ]

[ 2018-05-16T18:33:55+08:00 ] 117.136.90.54 /
INFO: [ app_init ] --START--
INFO: Run Behavior\BuildLiteBehavior [ RunTime:0.000000s ]
INFO: [ app_init ] --END-- [ RunTime:0.000000s ]
INFO: [ app_begin ] --START--
INFO: Run Behavior\ReadHtmlCacheBehavior [ RunTime:0.000000s ]
INFO: [ app_begin ] --END-- [ RunTime:0.000000s ]
NOTIC: [8192] mysql_connect(): The mysql extension is deprecated and will be removed in the future: use mysqli or PDO instead E:\phpStudy\WWW\Farmers\library\ThinkPHP\Library\Think\Db\Driver\Mysql.class.php 第 52 行.
SQL: SHOW COLUMNS FROM `type` [ RunTime:0.000000s ]
SQL: SELECT * FROM `type` WHERE ( fid=0 and state< 9 )  [ RunTime:0.000000s ]
SQL: SELECT * FROM `type` WHERE ( fid=1 and state< 9 )  [ RunTime:0.000000s ]
SQL: SELECT * FROM `type` WHERE ( fid=9 and state< 9 )  [ RunTime:0.000000s ]
SQL: SELECT * FROM `type` WHERE ( fid=16 and state< 9 )  [ RunTime:0.000000s ]
SQL: SELECT * FROM `type` WHERE ( fid=20 and state< 9 )  [ RunTime:0.000000s ]
SQL: SELECT * FROM `type` WHERE ( fid=24 and state< 9 )  [ RunTime:0.000000s ]
SQL: SELECT * FROM `type` WHERE ( fid=27 and state< 9 )  [ RunTime:0.015600s ]
SQL: SELECT * FROM `type` WHERE ( fid=32 and state< 9 )  [ RunTime:0.000000s ]
SQL: SELECT * FROM `type` WHERE ( fid=35 and state< 9 )  [ RunTime:0.000000s ]
SQL: SELECT * FROM `type` WHERE ( fid=39 and state< 9 )  [ RunTime:0.000000s ]
SQL: SELECT * FROM `type` WHERE ( fid=2 and state< 9 )  [ RunTime:0.000000s ]
SQL: SELECT * FROM `type` WHERE ( fid=42 and state< 9 )  [ RunTime:0.000000s ]
SQL: SELECT * FROM `type` WHERE ( fid=48 and state< 9 )  [ RunTime:0.000000s ]
SQL: SELECT * FROM `type` WHERE ( fid=50 and state< 9 )  [ RunTime:0.000000s ]
SQL: SELECT * FROM `type` WHERE ( fid=55 and state< 9 )  [ RunTime:0.000000s ]
SQL: SELECT * FROM `type` WHERE ( fid=62 and state< 9 )  [ RunTime:0.000000s ]
SQL: SELECT * FROM `type` WHERE ( fid=3 and state< 9 )  [ RunTime:0.000000s ]
SQL: SELECT * FROM `type` WHERE ( fid=65 and state< 9 )  [ RunTime:0.000000s ]
SQL: SELECT * FROM `type` WHERE ( fid=4 and state< 9 )  [ RunTime:0.000000s ]
SQL: SELECT * FROM `type` WHERE ( fid=70 and state< 9 )  [ RunTime:0.000000s ]
SQL: SELECT * FROM `type` WHERE ( fid=74 and state< 9 )  [ RunTime:0.000000s ]
SQL: SELECT * FROM `type` WHERE ( fid=79 and state< 9 )  [ RunTime:0.000000s ]
SQL: SELECT * FROM `type` WHERE ( fid=84 and state< 9 )  [ RunTime:0.000000s ]
SQL: SELECT * FROM `type` WHERE ( fid=5 and state< 9 )  [ RunTime:0.000000s ]
SQL: SELECT * FROM `type` WHERE ( fid=87 and state< 9 )  [ RunTime:0.000000s ]
SQL: SELECT * FROM `type` WHERE ( fid=93 and state< 9 )  [ RunTime:0.000000s ]
SQL: SELECT * FROM `type` WHERE ( fid=95 and state< 9 )  [ RunTime:0.000000s ]
SQL: SELECT * FROM `type` WHERE ( fid=100 and state< 9 )  [ RunTime:0.000000s ]
SQL: SELECT * FROM `type` WHERE ( fid=6 and state< 9 )  [ RunTime:0.000000s ]
SQL: SELECT * FROM `type` WHERE ( fid=104 and state< 9 )  [ RunTime:0.000000s ]
SQL: SELECT * FROM `type` WHERE ( fid=109 and state< 9 )  [ RunTime:0.000000s ]
SQL: SELECT * FROM `type` WHERE ( fid=114 and state< 9 )  [ RunTime:0.000000s ]
SQL: SELECT * FROM `type` WHERE ( fid=117 and state< 9 )  [ RunTime:0.000000s ]
SQL: SELECT * FROM `type` WHERE ( fid=7 and state< 9 )  [ RunTime:0.000000s ]
SQL: SELECT * FROM `type` WHERE ( fid=139 and state< 9 )  [ RunTime:0.000000s ]
SQL: SELECT * FROM `type` WHERE ( fid=8 and state< 9 )  [ RunTime:0.000000s ]
SQL: SELECT * FROM `type` WHERE ( fid=123 and state< 9 )  [ RunTime:0.000000s ]
SQL: SELECT * FROM `type` WHERE ( fid=128 and state< 9 )  [ RunTime:0.000000s ]
SQL: SELECT * FROM `type` WHERE ( fid=132 and state< 9 )  [ RunTime:0.000000s ]
SQL: SELECT * FROM `type` WHERE ( fid=0 and state< 9 )  [ RunTime:0.000000s ]
SQL: SELECT * FROM `type` WHERE ( fid=1 and state< 9 )  [ RunTime:0.000000s ]
SQL: SELECT * FROM `type` WHERE ( fid=9 and state< 9 )  [ RunTime:0.000000s ]
SQL: SELECT * FROM `type` WHERE ( fid=16 and state< 9 )  [ RunTime:0.000000s ]
SQL: SELECT * FROM `type` WHERE ( fid=20 and state< 9 )  [ RunTime:0.000000s ]
SQL: SELECT * FROM `type` WHERE ( fid=24 and state< 9 )  [ RunTime:0.000000s ]
SQL: SELECT * FROM `type` WHERE ( fid=27 and state< 9 )  [ RunTime:0.000000s ]
SQL: SELECT * FROM `type` WHERE ( fid=32 and state< 9 )  [ RunTime:0.000000s ]
SQL: SELECT * FROM `type` WHERE ( fid=35 and state< 9 )  [ RunTime:0.000000s ]
SQL: SELECT * FROM `type` WHERE ( fid=39 and state< 9 )  [ RunTime:0.000000s ]
SQL: SELECT * FROM `type` WHERE ( fid=2 and state< 9 )  [ RunTime:0.000000s ]
SQL: SELECT * FROM `type` WHERE ( fid=42 and state< 9 )  [ RunTime:0.000000s ]
SQL: SELECT * FROM `type` WHERE ( fid=48 and state< 9 )  [ RunTime:0.000000s ]
SQL: SELECT * FROM `type` WHERE ( fid=50 and state< 9 )  [ RunTime:0.015600s ]
SQL: SELECT * FROM `type` WHERE ( fid=55 and state< 9 )  [ RunTime:0.000000s ]
SQL: SELECT * FROM `type` WHERE ( fid=62 and state< 9 )  [ RunTime:0.000000s ]
SQL: SELECT * FROM `type` WHERE ( fid=3 and state< 9 )  [ RunTime:0.000000s ]
SQL: SELECT * FROM `type` WHERE ( fid=65 and state< 9 )  [ RunTime:0.000000s ]
SQL: SELECT * FROM `type` WHERE ( fid=4 and state< 9 )  [ RunTime:0.000000s ]
SQL: SELECT * FROM `type` WHERE ( fid=70 and state< 9 )  [ RunTime:0.000000s ]
SQL: SELECT * FROM `type` WHERE ( fid=74 and state< 9 )  [ RunTime:0.000000s ]
SQL: SELECT * FROM `type` WHERE ( fid=79 and state< 9 )  [ RunTime:0.000000s ]
SQL: SELECT * FROM `type` WHERE ( fid=84 and state< 9 )  [ RunTime:0.000000s ]
SQL: SELECT * FROM `type` WHERE ( fid=5 and state< 9 )  [ RunTime:0.000000s ]
SQL: SELECT * FROM `type` WHERE ( fid=87 and state< 9 )  [ RunTime:0.000000s ]
SQL: SELECT * FROM `type` WHERE ( fid=93 and state< 9 )  [ RunTime:0.000000s ]
SQL: SELECT * FROM `type` WHERE ( fid=95 and state< 9 )  [ RunTime:0.000000s ]
SQL: SELECT * FROM `type` WHERE ( fid=100 and state< 9 )  [ RunTime:0.000000s ]
SQL: SELECT * FROM `type` WHERE ( fid=6 and state< 9 )  [ RunTime:0.000000s ]
SQL: SELECT * FROM `type` WHERE ( fid=104 and state< 9 )  [ RunTime:0.000000s ]
SQL: SELECT * FROM `type` WHERE ( fid=109 and state< 9 )  [ RunTime:0.000000s ]
SQL: SELECT * FROM `type` WHERE ( fid=114 and state< 9 )  [ RunTime:0.000000s ]
SQL: SELECT * FROM `type` WHERE ( fid=117 and state< 9 )  [ RunTime:0.000000s ]
SQL: SELECT * FROM `type` WHERE ( fid=7 and state< 9 )  [ RunTime:0.000000s ]
SQL: SELECT * FROM `type` WHERE ( fid=139 and state< 9 )  [ RunTime:0.000000s ]
SQL: SELECT * FROM `type` WHERE ( fid=8 and state< 9 )  [ RunTime:0.000000s ]
SQL: SELECT * FROM `type` WHERE ( fid=123 and state< 9 )  [ RunTime:0.000000s ]
SQL: SELECT * FROM `type` WHERE ( fid=128 and state< 9 )  [ RunTime:0.015600s ]
SQL: SELECT * FROM `type` WHERE ( fid=132 and state< 9 )  [ RunTime:0.000000s ]
SQL: SHOW COLUMNS FROM `imgpath` [ RunTime:0.000000s ]
SQL: SELECT * FROM `imgpath` WHERE ( state<9 ) ORDER BY id desc LIMIT 0,4   [ RunTime:0.000000s ]
SQL: SHOW COLUMNS FROM `articles` [ RunTime:0.015600s ]
SQL: SELECT * FROM `articles` WHERE ( typeId = 116 ) ORDER BY articleId desc LIMIT 0,3   [ RunTime:0.000000s ]
SQL: SELECT * FROM `articles` WHERE ( typeId = 130 ) ORDER BY articleId desc LIMIT 0,3   [ RunTime:0.000000s ]
SQL: SELECT * FROM `articles` WHERE ( typeId = 131 ) ORDER BY articleId desc LIMIT 0,3   [ RunTime:0.000000s ]
SQL: SELECT * FROM `type` WHERE ( fid = 132 ) ORDER BY typeId desc LIMIT 0,8   [ RunTime:0.000000s ]
INFO: [ view_parse ] --START--
INFO: [ template_filter ] --START--
INFO: Run Behavior\ContentReplaceBehavior [ RunTime:0.000000s ]
INFO: [ template_filter ] --END-- [ RunTime:0.000000s ]
INFO: Run Behavior\ParseTemplateBehavior [ RunTime:0.015600s ]
INFO: [ view_parse ] --END-- [ RunTime:0.015600s ]
INFO: [ view_filter ] --START--
INFO: Run Behavior\WriteHtmlCacheBehavior [ RunTime:0.000000s ]
INFO: [ view_filter ] --END-- [ RunTime:0.000000s ]
INFO: [ app_end ] --START--
INFO: Run Behavior\ShowPageTraceBehavior [ RunTime:0.000000s ]
INFO: [ app_end ] --END-- [ RunTime:0.000000s ]

[ 2018-05-16T23:10:45+08:00 ] 60.223.106.215 /
INFO: [ app_init ] --START--
INFO: Run Behavior\BuildLiteBehavior [ RunTime:0.000000s ]
INFO: [ app_init ] --END-- [ RunTime:0.000000s ]
INFO: [ app_begin ] --START--
INFO: Run Behavior\ReadHtmlCacheBehavior [ RunTime:0.000000s ]
INFO: [ app_begin ] --END-- [ RunTime:0.000000s ]
NOTIC: [8192] mysql_connect(): The mysql extension is deprecated and will be removed in the future: use mysqli or PDO instead E:\phpStudy\WWW\Farmers\library\ThinkPHP\Library\Think\Db\Driver\Mysql.class.php 第 52 行.
SQL: SHOW COLUMNS FROM `type` [ RunTime:0.015600s ]
SQL: SELECT * FROM `type` WHERE ( fid=0 and state< 9 )  [ RunTime:0.000000s ]
SQL: SELECT * FROM `type` WHERE ( fid=1 and state< 9 )  [ RunTime:0.000000s ]
SQL: SELECT * FROM `type` WHERE ( fid=9 and state< 9 )  [ RunTime:0.000000s ]
SQL: SELECT * FROM `type` WHERE ( fid=16 and state< 9 )  [ RunTime:0.000000s ]
SQL: SELECT * FROM `type` WHERE ( fid=20 and state< 9 )  [ RunTime:0.000000s ]
SQL: SELECT * FROM `type` WHERE ( fid=24 and state< 9 )  [ RunTime:0.000000s ]
SQL: SELECT * FROM `type` WHERE ( fid=27 and state< 9 )  [ RunTime:0.000000s ]
SQL: SELECT * FROM `type` WHERE ( fid=32 and state< 9 )  [ RunTime:0.000000s ]
SQL: SELECT * FROM `type` WHERE ( fid=35 and state< 9 )  [ RunTime:0.000000s ]
SQL: SELECT * FROM `type` WHERE ( fid=39 and state< 9 )  [ RunTime:0.000000s ]
SQL: SELECT * FROM `type` WHERE ( fid=2 and state< 9 )  [ RunTime:0.000000s ]
SQL: SELECT * FROM `type` WHERE ( fid=42 and state< 9 )  [ RunTime:0.000000s ]
SQL: SELECT * FROM `type` WHERE ( fid=48 and state< 9 )  [ RunTime:0.000000s ]
SQL: SELECT * FROM `type` WHERE ( fid=50 and state< 9 )  [ RunTime:0.000000s ]
SQL: SELECT * FROM `type` WHERE ( fid=55 and state< 9 )  [ RunTime:0.000000s ]
SQL: SELECT * FROM `type` WHERE ( fid=62 and state< 9 )  [ RunTime:0.000000s ]
SQL: SELECT * FROM `type` WHERE ( fid=3 and state< 9 )  [ RunTime:0.000000s ]
SQL: SELECT * FROM `type` WHERE ( fid=65 and state< 9 )  [ RunTime:0.015600s ]
SQL: SELECT * FROM `type` WHERE ( fid=4 and state< 9 )  [ RunTime:0.000000s ]
SQL: SELECT * FROM `type` WHERE ( fid=70 and state< 9 )  [ RunTime:0.000000s ]
SQL: SELECT * FROM `type` WHERE ( fid=74 and state< 9 )  [ RunTime:0.000000s ]
SQL: SELECT * FROM `type` WHERE ( fid=79 and state< 9 )  [ RunTime:0.000000s ]
SQL: SELECT * FROM `type` WHERE ( fid=84 and state< 9 )  [ RunTime:0.000000s ]
SQL: SELECT * FROM `type` WHERE ( fid=5 and state< 9 )  [ RunTime:0.000000s ]
SQL: SELECT * FROM `type` WHERE ( fid=87 and state< 9 )  [ RunTime:0.000000s ]
SQL: SELECT * FROM `type` WHERE ( fid=93 and state< 9 )  [ RunTime:0.000000s ]
SQL: SELECT * FROM `type` WHERE ( fid=95 and state< 9 )  [ RunTime:0.000000s ]
SQL: SELECT * FROM `type` WHERE ( fid=100 and state< 9 )  [ RunTime:0.000000s ]
SQL: SELECT * FROM `type` WHERE ( fid=6 and state< 9 )  [ RunTime:0.000000s ]
SQL: SELECT * FROM `type` WHERE ( fid=104 and state< 9 )  [ RunTime:0.000000s ]
SQL: SELECT * FROM `type` WHERE ( fid=109 and state< 9 )  [ RunTime:0.000000s ]
SQL: SELECT * FROM `type` WHERE ( fid=114 and state< 9 )  [ RunTime:0.000000s ]
SQL: SELECT * FROM `type` WHERE ( fid=117 and state< 9 )  [ RunTime:0.000000s ]
SQL: SELECT * FROM `type` WHERE ( fid=7 and state< 9 )  [ RunTime:0.000000s ]
SQL: SELECT * FROM `type` WHERE ( fid=139 and state< 9 )  [ RunTime:0.000000s ]
SQL: SELECT * FROM `type` WHERE ( fid=8 and state< 9 )  [ RunTime:0.000000s ]
SQL: SELECT * FROM `type` WHERE ( fid=123 and state< 9 )  [ RunTime:0.000000s ]
SQL: SELECT * FROM `type` WHERE ( fid=128 and state< 9 )  [ RunTime:0.000000s ]
SQL: SELECT * FROM `type` WHERE ( fid=132 and state< 9 )  [ RunTime:0.000000s ]
SQL: SELECT * FROM `type` WHERE ( fid=0 and state< 9 )  [ RunTime:0.000000s ]
SQL: SELECT * FROM `type` WHERE ( fid=1 and state< 9 )  [ RunTime:0.000000s ]
SQL: SELECT * FROM `type` WHERE ( fid=9 and state< 9 )  [ RunTime:0.000000s ]
SQL: SELECT * FROM `type` WHERE ( fid=16 and state< 9 )  [ RunTime:0.000000s ]
SQL: SELECT * FROM `type` WHERE ( fid=20 and state< 9 )  [ RunTime:0.015600s ]
SQL: SELECT * FROM `type` WHERE ( fid=24 and state< 9 )  [ RunTime:0.000000s ]
SQL: SELECT * FROM `type` WHERE ( fid=27 and state< 9 )  [ RunTime:0.000000s ]
SQL: SELECT * FROM `type` WHERE ( fid=32 and state< 9 )  [ RunTime:0.000000s ]
SQL: SELECT * FROM `type` WHERE ( fid=35 and state< 9 )  [ RunTime:0.000000s ]
SQL: SELECT * FROM `type` WHERE ( fid=39 and state< 9 )  [ RunTime:0.000000s ]
SQL: SELECT * FROM `type` WHERE ( fid=2 and state< 9 )  [ RunTime:0.000000s ]
SQL: SELECT * FROM `type` WHERE ( fid=42 and state< 9 )  [ RunTime:0.000000s ]
SQL: SELECT * FROM `type` WHERE ( fid=48 and state< 9 )  [ RunTime:0.000000s ]
SQL: SELECT * FROM `type` WHERE ( fid=50 and state< 9 )  [ RunTime:0.000000s ]
SQL: SELECT * FROM `type` WHERE ( fid=55 and state< 9 )  [ RunTime:0.000000s ]
SQL: SELECT * FROM `type` WHERE ( fid=62 and state< 9 )  [ RunTime:0.000000s ]
SQL: SELECT * FROM `type` WHERE ( fid=3 and state< 9 )  [ RunTime:0.000000s ]
SQL: SELECT * FROM `type` WHERE ( fid=65 and state< 9 )  [ RunTime:0.000000s ]
SQL: SELECT * FROM `type` WHERE ( fid=4 and state< 9 )  [ RunTime:0.000000s ]
SQL: SELECT * FROM `type` WHERE ( fid=70 and state< 9 )  [ RunTime:0.000000s ]
SQL: SELECT * FROM `type` WHERE ( fid=74 and state< 9 )  [ RunTime:0.000000s ]
SQL: SELECT * FROM `type` WHERE ( fid=79 and state< 9 )  [ RunTime:0.000000s ]
SQL: SELECT * FROM `type` WHERE ( fid=84 and state< 9 )  [ RunTime:0.000000s ]
SQL: SELECT * FROM `type` WHERE ( fid=5 and state< 9 )  [ RunTime:0.000000s ]
SQL: SELECT * FROM `type` WHERE ( fid=87 and state< 9 )  [ RunTime:0.000000s ]
SQL: SELECT * FROM `type` WHERE ( fid=93 and state< 9 )  [ RunTime:0.000000s ]
SQL: SELECT * FROM `type` WHERE ( fid=95 and state< 9 )  [ RunTime:0.000000s ]
SQL: SELECT * FROM `type` WHERE ( fid=100 and state< 9 )  [ RunTime:0.000000s ]
SQL: SELECT * FROM `type` WHERE ( fid=6 and state< 9 )  [ RunTime:0.000000s ]
SQL: SELECT * FROM `type` WHERE ( fid=104 and state< 9 )  [ RunTime:0.000000s ]
SQL: SELECT * FROM `type` WHERE ( fid=109 and state< 9 )  [ RunTime:0.000000s ]
SQL: SELECT * FROM `type` WHERE ( fid=114 and state< 9 )  [ RunTime:0.015600s ]
SQL: SELECT * FROM `type` WHERE ( fid=117 and state< 9 )  [ RunTime:0.000000s ]
SQL: SELECT * FROM `type` WHERE ( fid=7 and state< 9 )  [ RunTime:0.000000s ]
SQL: SELECT * FROM `type` WHERE ( fid=139 and state< 9 )  [ RunTime:0.000000s ]
SQL: SELECT * FROM `type` WHERE ( fid=8 and state< 9 )  [ RunTime:0.000000s ]
SQL: SELECT * FROM `type` WHERE ( fid=123 and state< 9 )  [ RunTime:0.000000s ]
SQL: SELECT * FROM `type` WHERE ( fid=128 and state< 9 )  [ RunTime:0.000000s ]
SQL: SELECT * FROM `type` WHERE ( fid=132 and state< 9 )  [ RunTime:0.000000s ]
SQL: SHOW COLUMNS FROM `imgpath` [ RunTime:0.000000s ]
SQL: SELECT * FROM `imgpath` WHERE ( state<9 ) ORDER BY id desc LIMIT 0,4   [ RunTime:0.000000s ]
SQL: SHOW COLUMNS FROM `articles` [ RunTime:0.015600s ]
SQL: SELECT * FROM `articles` WHERE ( typeId = 116 ) ORDER BY articleId desc LIMIT 0,3   [ RunTime:0.000000s ]
SQL: SELECT * FROM `articles` WHERE ( typeId = 130 ) ORDER BY articleId desc LIMIT 0,3   [ RunTime:0.000000s ]
SQL: SELECT * FROM `articles` WHERE ( typeId = 131 ) ORDER BY articleId desc LIMIT 0,3   [ RunTime:0.000000s ]
SQL: SELECT * FROM `type` WHERE ( fid = 132 ) ORDER BY typeId desc LIMIT 0,8   [ RunTime:0.000000s ]
INFO: [ view_parse ] --START--
INFO: [ template_filter ] --START--
INFO: Run Behavior\ContentReplaceBehavior [ RunTime:0.000000s ]
INFO: [ template_filter ] --END-- [ RunTime:0.000000s ]
INFO: Run Behavior\ParseTemplateBehavior [ RunTime:0.046800s ]
INFO: [ view_parse ] --END-- [ RunTime:0.046800s ]
INFO: [ view_filter ] --START--
INFO: Run Behavior\WriteHtmlCacheBehavior [ RunTime:0.000000s ]
INFO: [ view_filter ] --END-- [ RunTime:0.000000s ]
INFO: [ app_end ] --START--
INFO: Run Behavior\ShowPageTraceBehavior [ RunTime:0.000000s ]
INFO: [ app_end ] --END-- [ RunTime:0.000000s ]

